==========================================================================================
Information: 
Exchange parameters generated by TB2J 0.8.2.1
Generation time: 24/04/08 18:25:37
 Input from collinear Wannier90 data.
 Tight binding data from ./. 
 Prefix of wannier function files:FeO_up and FeO_down.
Warning: Please check if the noise level of Wannier function Hamiltonian to make sure it is much smaller than the exchange values.

==========================================================================================
Cell (Angstrom):
2.16698067  2.16698067  4.33396134
2.16698067  4.33396134  2.16698067
4.33396134  2.16698067  2.16698067

==========================================================================================
Atoms:  
(Note: charge and magmoms only count the wannier functions.)
Atom number        x             y             z       w_charge  w_magmom 
O1              2.16698067    2.16698067    2.16698067    5.8503   -0.0001
O2              6.50094200    6.50094200    6.50094200    5.8503    0.0001
Fe1             0.00000000    0.00000000    0.00000000    8.0995    3.7586
Fe2             4.33396134    4.33396134    4.33396134    8.0995   -3.7586
Total                                                    27.8997    0.0000

==========================================================================================
Orbitals used in decomposition: 
The name of the orbitals for the decomposition: 
Fe1 : ['orb_1', 'orb_2', 'orb_3', 'orb_4', 'orb_5', 'orb_6']
Fe2 : ['orb_1', 'orb_2', 'orb_3', 'orb_4', 'orb_5', 'orb_6']

==========================================================================================
Exchange: 
    i      j          R        J_iso(meV)          vector          distance(A) 
----------------------------------------------------------------------------------------
   Fe1   Fe2   ( -1,   0,   0) -0.5034   ( 2.167,  2.167,  0.000)  3.065 
J_iso: -0.5034 
----------------------------------------------------------------------------------------
   Fe1   Fe1   ( -1,   0,   1) -0.3723   ( 2.167,  0.000, -2.167)  3.065 
J_iso: -0.3723 
----------------------------------------------------------------------------------------
   Fe1   Fe1   ( -1,   1,   0) -0.4143   ( 0.000,  2.167, -2.167)  3.065 
J_iso: -0.4143 
----------------------------------------------------------------------------------------
   Fe1   Fe2   (  0,  -1,   0) -0.5035   ( 2.167,  0.000,  2.167)  3.065 
J_iso: -0.5035 
----------------------------------------------------------------------------------------
   Fe1   Fe1   (  0,  -1,   1) -0.3718   ( 2.167, -2.167,  0.000)  3.065 
J_iso: -0.3718 
----------------------------------------------------------------------------------------
   Fe1   Fe2   (  0,   0,  -1) -0.5024   ( 0.000,  2.167,  2.167)  3.065 
J_iso: -0.5024 
----------------------------------------------------------------------------------------
   Fe2   Fe1   (  0,   0,   1) -0.5024   ( 0.000, -2.167, -2.167)  3.065 
J_iso: -0.5024 
----------------------------------------------------------------------------------------
   Fe1   Fe1   (  0,   1,  -1) -0.3718   (-2.167,  2.167,  0.000)  3.065 
J_iso: -0.3718 
----------------------------------------------------------------------------------------
   Fe2   Fe1   (  0,   1,   0) -0.5035   (-2.167,  0.000, -2.167)  3.065 
J_iso: -0.5035 
----------------------------------------------------------------------------------------
   Fe1   Fe1   (  1,  -1,   0) -0.4143   ( 0.000, -2.167,  2.167)  3.065 
J_iso: -0.4143 
----------------------------------------------------------------------------------------
   Fe1   Fe1   (  1,   0,  -1) -0.3723   (-2.167,  0.000,  2.167)  3.065 
J_iso: -0.3723 
----------------------------------------------------------------------------------------
   Fe2   Fe1   (  1,   0,   0) -0.5034   (-2.167, -2.167,  0.000)  3.065 
J_iso: -0.5034 
----------------------------------------------------------------------------------------
   Fe1   Fe2   ( -1,  -1,   0) -0.5024   ( 0.000, -2.167, -2.167)  3.065 
J_iso: -0.5024 
----------------------------------------------------------------------------------------
   Fe1   Fe2   ( -1,   0,  -1) -0.5035   (-2.167,  0.000, -2.167)  3.065 
J_iso: -0.5035 
----------------------------------------------------------------------------------------
   Fe2   Fe2   ( -1,   0,   1) -0.3724   ( 2.167,  0.000, -2.167)  3.065 
J_iso: -0.3724 
----------------------------------------------------------------------------------------
   Fe2   Fe2   ( -1,   1,   0) -0.4144   ( 0.000,  2.167, -2.167)  3.065 
J_iso: -0.4144 
----------------------------------------------------------------------------------------
   Fe1   Fe2   (  0,  -1,  -1) -0.5034   (-2.167, -2.167,  0.000)  3.065 
J_iso: -0.5034 
----------------------------------------------------------------------------------------
   Fe2   Fe2   (  0,  -1,   1) -0.3719   ( 2.167, -2.167,  0.000)  3.065 
J_iso: -0.3719 
----------------------------------------------------------------------------------------
   Fe2   Fe2   (  0,   1,  -1) -0.3719   (-2.167,  2.167,  0.000)  3.065 
J_iso: -0.3719 
----------------------------------------------------------------------------------------
   Fe2   Fe1   (  0,   1,   1) -0.5034   ( 2.167,  2.167,  0.000)  3.065 
J_iso: -0.5034 
----------------------------------------------------------------------------------------
   Fe2   Fe2   (  1,  -1,   0) -0.4144   ( 0.000, -2.167,  2.167)  3.065 
J_iso: -0.4144 
----------------------------------------------------------------------------------------
   Fe2   Fe2   (  1,   0,  -1) -0.3724   (-2.167,  0.000,  2.167)  3.065 
J_iso: -0.3724 
----------------------------------------------------------------------------------------
   Fe2   Fe1   (  1,   0,   1) -0.5035   ( 2.167,  0.000,  2.167)  3.065 
J_iso: -0.5035 
----------------------------------------------------------------------------------------
   Fe2   Fe1   (  1,   1,   0) -0.5024   ( 0.000,  2.167,  2.167)  3.065 
J_iso: -0.5024 
----------------------------------------------------------------------------------------
   Fe1   Fe2   ( -2,   0,   0) -13.6581   ( 0.000,  0.000, -4.334)  4.334 
J_iso: -13.6581 
----------------------------------------------------------------------------------------
   Fe1   Fe2   ( -1,  -1,   1) -13.4407   ( 4.334, -0.000, -0.000)  4.334 
J_iso: -13.4407 
----------------------------------------------------------------------------------------
   Fe1   Fe2   ( -1,   1,  -1) -13.6576   ( 0.000,  4.334,  0.000)  4.334 
J_iso: -13.6576 
----------------------------------------------------------------------------------------
   Fe2   Fe1   ( -1,   1,   1) -13.6581   ( 0.000,  0.000, -4.334)  4.334 
J_iso: -13.6581 
----------------------------------------------------------------------------------------
   Fe1   Fe2   (  0,  -2,   0) -13.6576   ( 0.000, -4.334,  0.000)  4.334 
J_iso: -13.6576 
----------------------------------------------------------------------------------------
   Fe1   Fe2   (  0,   0,  -2) -13.4407   (-4.334,  0.000,  0.000)  4.334 
J_iso: -13.4407 
----------------------------------------------------------------------------------------
   Fe2   Fe1   (  0,   0,   2) -13.4407   ( 4.334,  0.000,  0.000)  4.334 
J_iso: -13.4407 
----------------------------------------------------------------------------------------
   Fe2   Fe1   (  0,   2,   0) -13.6576   ( 0.000,  4.334,  0.000)  4.334 
J_iso: -13.6576 
----------------------------------------------------------------------------------------
   Fe1   Fe2   (  1,  -1,  -1) -13.6581   ( 0.000,  0.000,  4.334)  4.334 
J_iso: -13.6581 
----------------------------------------------------------------------------------------
   Fe2   Fe1   (  1,  -1,   1) -13.6576   ( 0.000, -4.334,  0.000)  4.334 
J_iso: -13.6576 
----------------------------------------------------------------------------------------
   Fe2   Fe1   (  1,   1,  -1) -13.4407   (-4.334,  0.000,  0.000)  4.334 
J_iso: -13.4407 
----------------------------------------------------------------------------------------
   Fe2   Fe1   (  2,   0,   0) -13.6581   ( 0.000,  0.000,  4.334)  4.334 
J_iso: -13.6581 
----------------------------------------------------------------------------------------
   Fe1   Fe2   ( -2,  -1,   1) -0.0708   ( 2.167, -2.167, -4.334)  5.308 
J_iso: -0.0708 
----------------------------------------------------------------------------------------
   Fe1   Fe2   ( -1,  -2,   1) -0.0709   ( 2.167, -4.334, -2.167)  5.308 
J_iso: -0.0709 
----------------------------------------------------------------------------------------
   Fe1   Fe1   (  0,  -1,   0) -0.0557   (-2.167, -4.334, -2.167)  5.308 
J_iso: -0.0557 
----------------------------------------------------------------------------------------
   Fe2   Fe2   (  0,  -1,   0) -0.0557   (-2.167, -4.334, -2.167)  5.308 
J_iso: -0.0557 
----------------------------------------------------------------------------------------
   Fe1   Fe1   (  0,   0,  -1) -0.0554   (-4.334, -2.167, -2.167)  5.308 
J_iso: -0.0554 
----------------------------------------------------------------------------------------
   Fe2   Fe2   (  0,   0,  -1) -0.0554   (-4.334, -2.167, -2.167)  5.308 
J_iso: -0.0554 
----------------------------------------------------------------------------------------
   Fe1   Fe1   (  0,   0,   1) -0.0554   ( 4.334,  2.167,  2.167)  5.308 
J_iso: -0.0554 
----------------------------------------------------------------------------------------
   Fe1   Fe1   (  0,   1,   0) -0.0557   ( 2.167,  4.334,  2.167)  5.308 
J_iso: -0.0557 
----------------------------------------------------------------------------------------
   Fe2   Fe1   (  1,   2,  -1) -0.0709   (-2.167,  4.334,  2.167)  5.308 
J_iso: -0.0709 
----------------------------------------------------------------------------------------
   Fe2   Fe1   (  2,   1,  -1) -0.0708   (-2.167,  2.167,  4.334)  5.308 
J_iso: -0.0708 
----------------------------------------------------------------------------------------
   Fe1   Fe2   ( -2,   0,   1) -0.0650   ( 4.334,  2.167, -2.167)  5.308 
J_iso: -0.0650 
----------------------------------------------------------------------------------------
   Fe1   Fe2   ( -2,   1,  -1) -0.0656   (-2.167,  2.167, -4.334)  5.308 
J_iso: -0.0656 
----------------------------------------------------------------------------------------
   Fe1   Fe2   ( -2,   1,   0) -0.0656   ( 2.167,  4.334, -2.167)  5.308 
J_iso: -0.0656 
----------------------------------------------------------------------------------------
   Fe1   Fe1   ( -2,   1,   1)  0.0445   ( 2.167,  2.167, -4.334)  5.308 
J_iso:  0.0445 
----------------------------------------------------------------------------------------
   Fe2   Fe2   ( -2,   1,   1)  0.0445   ( 2.167,  2.167, -4.334)  5.308 
J_iso:  0.0445 
----------------------------------------------------------------------------------------
   Fe1   Fe1   ( -1,  -1,   2)  0.0441   ( 4.334, -2.167, -2.167)  5.308 
J_iso:  0.0441 
----------------------------------------------------------------------------------------
   Fe2   Fe2   ( -1,  -1,   2)  0.0441   ( 4.334, -2.167, -2.167)  5.308 
J_iso:  0.0441 
----------------------------------------------------------------------------------------
   Fe1   Fe1   ( -1,   0,   0) -0.0557   (-2.167, -2.167, -4.334)  5.308 
J_iso: -0.0557 
----------------------------------------------------------------------------------------
   Fe2   Fe2   ( -1,   0,   0) -0.0557   (-2.167, -2.167, -4.334)  5.308 
J_iso: -0.0557 
----------------------------------------------------------------------------------------
   Fe2   Fe1   ( -1,   0,   2) -0.0708   ( 2.167, -2.167, -4.334)  5.308 
J_iso: -0.0708 
----------------------------------------------------------------------------------------
   Fe1   Fe2   ( -1,   1,  -2) -0.0650   (-4.334,  2.167, -2.167)  5.308 
J_iso: -0.0650 
----------------------------------------------------------------------------------------
   Fe2   Fe1   ( -1,   1,   2) -0.0650   ( 4.334,  2.167, -2.167)  5.308 
J_iso: -0.0650 
----------------------------------------------------------------------------------------
   Fe1   Fe1   ( -1,   2,  -1)  0.0445   (-2.167,  4.334, -2.167)  5.308 
J_iso:  0.0445 
----------------------------------------------------------------------------------------
   Fe2   Fe1   ( -1,   2,   0) -0.0656   (-2.167,  2.167, -4.334)  5.308 
J_iso: -0.0656 
----------------------------------------------------------------------------------------
   Fe2   Fe1   ( -1,   2,   1) -0.0656   ( 2.167,  4.334, -2.167)  5.308 
J_iso: -0.0656 
----------------------------------------------------------------------------------------
   Fe1   Fe2   (  0,  -2,   1) -0.0650   ( 4.334, -2.167,  2.167)  5.308 
J_iso: -0.0650 
----------------------------------------------------------------------------------------
   Fe2   Fe1   (  0,  -1,   2) -0.0709   ( 2.167, -4.334, -2.167)  5.308 
J_iso: -0.0709 
----------------------------------------------------------------------------------------
   Fe2   Fe2   (  0,   0,   1) -0.0554   ( 4.334,  2.167,  2.167)  5.308 
J_iso: -0.0554 
----------------------------------------------------------------------------------------
   Fe1   Fe2   (  0,   1,  -2) -0.0709   (-2.167,  4.334,  2.167)  5.308 
J_iso: -0.0709 
----------------------------------------------------------------------------------------
   Fe2   Fe2   (  0,   1,   0) -0.0557   ( 2.167,  4.334,  2.167)  5.308 
J_iso: -0.0557 
----------------------------------------------------------------------------------------
   Fe2   Fe1   (  0,   2,  -1) -0.0650   (-4.334,  2.167, -2.167)  5.308 
J_iso: -0.0650 
----------------------------------------------------------------------------------------
   Fe1   Fe2   (  1,  -2,  -1) -0.0656   (-2.167, -4.334,  2.167)  5.308 
J_iso: -0.0656 
----------------------------------------------------------------------------------------
   Fe1   Fe2   (  1,  -2,   0) -0.0656   ( 2.167, -2.167,  4.334)  5.308 
J_iso: -0.0656 
----------------------------------------------------------------------------------------
   Fe1   Fe1   (  1,  -2,   1)  0.0445   ( 2.167, -4.334,  2.167)  5.308 
J_iso:  0.0445 
----------------------------------------------------------------------------------------
   Fe1   Fe2   (  1,  -1,  -2) -0.0650   (-4.334, -2.167,  2.167)  5.308 
J_iso: -0.0650 
----------------------------------------------------------------------------------------
   Fe2   Fe1   (  1,  -1,   2) -0.0650   ( 4.334, -2.167,  2.167)  5.308 
J_iso: -0.0650 
----------------------------------------------------------------------------------------
   Fe1   Fe2   (  1,   0,  -2) -0.0708   (-2.167,  2.167,  4.334)  5.308 
J_iso: -0.0708 
----------------------------------------------------------------------------------------
   Fe1   Fe1   (  1,   0,   0) -0.0557   ( 2.167,  2.167,  4.334)  5.308 
J_iso: -0.0557 
----------------------------------------------------------------------------------------
   Fe2   Fe2   (  1,   0,   0) -0.0557   ( 2.167,  2.167,  4.334)  5.308 
J_iso: -0.0557 
----------------------------------------------------------------------------------------
   Fe1   Fe1   (  1,   1,  -2)  0.0441   (-4.334,  2.167,  2.167)  5.308 
J_iso:  0.0441 
----------------------------------------------------------------------------------------
   Fe2   Fe2   (  1,   1,  -2)  0.0441   (-4.334,  2.167,  2.167)  5.308 
J_iso:  0.0441 
----------------------------------------------------------------------------------------
   Fe1   Fe1   (  2,  -1,  -1)  0.0445   (-2.167, -2.167,  4.334)  5.308 
J_iso:  0.0445 
----------------------------------------------------------------------------------------
   Fe2   Fe1   (  2,  -1,   0) -0.0656   (-2.167, -4.334,  2.167)  5.308 
J_iso: -0.0656 
----------------------------------------------------------------------------------------
   Fe2   Fe1   (  2,  -1,   1) -0.0656   ( 2.167, -2.167,  4.334)  5.308 
J_iso: -0.0656 
----------------------------------------------------------------------------------------
   Fe2   Fe1   (  2,   0,  -1) -0.0650   (-4.334, -2.167,  2.167)  5.308 
J_iso: -0.0650 
----------------------------------------------------------------------------------------
   Fe2   Fe2   ( -1,   2,  -1)  0.0445   (-2.167,  4.334, -2.167)  5.308 
J_iso:  0.0445 
----------------------------------------------------------------------------------------
   Fe2   Fe2   (  1,  -2,   1)  0.0445   ( 2.167, -4.334,  2.167)  5.308 
J_iso:  0.0445 
----------------------------------------------------------------------------------------
   Fe2   Fe2   (  2,  -1,  -1)  0.0445   (-2.167, -2.167,  4.334)  5.308 
J_iso:  0.0445 
----------------------------------------------------------------------------------------
   Fe1   Fe1   ( -2,   0,   2) -0.4636   ( 4.334,  0.000, -4.334)  6.129 
J_iso: -0.4636 
----------------------------------------------------------------------------------------
   Fe2   Fe2   ( -2,   0,   2) -0.4636   ( 4.334,  0.000, -4.334)  6.129 
J_iso: -0.4636 
----------------------------------------------------------------------------------------
   Fe1   Fe1   ( -2,   2,   0) -0.4580   ( 0.000,  4.334, -4.334)  6.129 
J_iso: -0.4580 
----------------------------------------------------------------------------------------
   Fe2   Fe2   ( -2,   2,   0) -0.4580   ( 0.000,  4.334, -4.334)  6.129 
J_iso: -0.4580 
----------------------------------------------------------------------------------------
   Fe1   Fe1   ( -1,   1,  -1) -0.3296   (-4.334,  0.000, -4.334)  6.129 
J_iso: -0.3296 
----------------------------------------------------------------------------------------
   Fe2   Fe2   ( -1,   1,  -1) -0.3296   (-4.334,  0.000, -4.334)  6.129 
J_iso: -0.3296 
----------------------------------------------------------------------------------------
   Fe1   Fe1   ( -1,   1,   1) -0.3296   ( 4.334,  4.334,  0.000)  6.129 
J_iso: -0.3296 
----------------------------------------------------------------------------------------
   Fe2   Fe2   ( -1,   1,   1) -0.3296   ( 4.334,  4.334,  0.000)  6.129 
J_iso: -0.3296 
----------------------------------------------------------------------------------------
   Fe1   Fe1   (  0,  -2,   2) -0.4639   ( 4.334, -4.334,  0.000)  6.129 
J_iso: -0.4639 
----------------------------------------------------------------------------------------
   Fe2   Fe2   (  0,  -2,   2) -0.4640   ( 4.334, -4.334,  0.000)  6.129 
J_iso: -0.4640 
----------------------------------------------------------------------------------------
   Fe1   Fe1   (  0,   2,  -2) -0.4639   (-4.334,  4.334,  0.000)  6.129 
J_iso: -0.4639 
----------------------------------------------------------------------------------------
   Fe2   Fe2   (  0,   2,  -2) -0.4640   (-4.334,  4.334,  0.000)  6.129 
J_iso: -0.4640 
----------------------------------------------------------------------------------------
   Fe1   Fe1   (  1,  -1,  -1) -0.3296   (-4.334, -4.334,  0.000)  6.129 
J_iso: -0.3296 
----------------------------------------------------------------------------------------
   Fe2   Fe2   (  1,  -1,  -1) -0.3296   (-4.334, -4.334,  0.000)  6.129 
J_iso: -0.3296 
----------------------------------------------------------------------------------------
   Fe1   Fe1   (  1,  -1,   1) -0.3296   ( 4.334,  0.000,  4.334)  6.129 
J_iso: -0.3296 
----------------------------------------------------------------------------------------
   Fe2   Fe2   (  1,  -1,   1) -0.3296   ( 4.334,  0.000,  4.334)  6.129 
J_iso: -0.3296 
----------------------------------------------------------------------------------------
   Fe1   Fe1   (  2,  -2,   0) -0.4580   ( 0.000, -4.334,  4.334)  6.129 
J_iso: -0.4580 
----------------------------------------------------------------------------------------
   Fe2   Fe2   (  2,  -2,   0) -0.4580   ( 0.000, -4.334,  4.334)  6.129 
J_iso: -0.4580 
----------------------------------------------------------------------------------------
   Fe1   Fe1   (  2,   0,  -2) -0.4636   (-4.334,  0.000,  4.334)  6.129 
J_iso: -0.4636 
----------------------------------------------------------------------------------------
   Fe2   Fe2   (  2,   0,  -2) -0.4636   (-4.334,  0.000,  4.334)  6.129 
J_iso: -0.4636 
----------------------------------------------------------------------------------------
   Fe1   Fe1   ( -1,  -1,   1) -0.3450   ( 0.000, -4.334, -4.334)  6.129 
J_iso: -0.3450 
----------------------------------------------------------------------------------------
   Fe2   Fe2   ( -1,  -1,   1) -0.3450   ( 0.000, -4.334, -4.334)  6.129 
J_iso: -0.3450 
----------------------------------------------------------------------------------------
   Fe1   Fe1   (  1,   1,  -1) -0.3450   ( 0.000,  4.334,  4.334)  6.129 
J_iso: -0.3450 
----------------------------------------------------------------------------------------
   Fe2   Fe2   (  1,   1,  -1) -0.3450   ( 0.000,  4.334,  4.334)  6.129 
J_iso: -0.3450 
----------------------------------------------------------------------------------------
   Fe1   Fe2   ( -2,  -1,   2) -0.0598   ( 6.501,  0.000, -2.167)  6.853 
J_iso: -0.0598 
----------------------------------------------------------------------------------------
   Fe1   Fe2   ( -1,  -2,   2) -0.0598   ( 6.501, -2.167,  0.000)  6.853 
J_iso: -0.0598 
----------------------------------------------------------------------------------------
   Fe2   Fe2   ( -1,   0,   2) -0.1374   ( 6.501,  2.167,  0.000)  6.853 
J_iso: -0.1374 
----------------------------------------------------------------------------------------
   Fe2   Fe2   ( -1,   2,   0) -0.1213   ( 2.167,  6.501,  0.000)  6.853 
J_iso: -0.1213 
----------------------------------------------------------------------------------------
   Fe2   Fe2   (  0,  -1,   2) -0.1374   ( 6.501,  0.000,  2.167)  6.853 
J_iso: -0.1374 
----------------------------------------------------------------------------------------
   Fe2   Fe2   (  0,   2,  -1) -0.1266   ( 0.000,  6.501,  2.167)  6.853 
J_iso: -0.1266 
----------------------------------------------------------------------------------------
   Fe2   Fe1   (  1,   2,  -2) -0.0598   (-6.501,  2.167,  0.000)  6.853 
J_iso: -0.0598 
----------------------------------------------------------------------------------------
   Fe2   Fe2   (  2,  -1,   0) -0.1213   ( 2.167,  0.000,  6.501)  6.853 
J_iso: -0.1213 
----------------------------------------------------------------------------------------
   Fe2   Fe2   (  2,   0,  -1) -0.1266   ( 0.000,  2.167,  6.501)  6.853 
J_iso: -0.1266 
----------------------------------------------------------------------------------------
   Fe2   Fe1   (  2,   1,  -2) -0.0598   (-6.501,  0.000,  2.167)  6.853 
J_iso: -0.0598 
----------------------------------------------------------------------------------------
   Fe1   Fe1   ( -2,   0,   1) -0.1266   ( 0.000, -2.167, -6.501)  6.853 
J_iso: -0.1266 
----------------------------------------------------------------------------------------
   Fe2   Fe2   ( -2,   0,   1) -0.1266   ( 0.000, -2.167, -6.501)  6.853 
J_iso: -0.1266 
----------------------------------------------------------------------------------------
   Fe1   Fe1   ( -2,   1,   0) -0.1213   (-2.167,  0.000, -6.501)  6.853 
J_iso: -0.1213 
----------------------------------------------------------------------------------------
   Fe2   Fe2   ( -2,   1,   0) -0.1213   (-2.167,  0.000, -6.501)  6.853 
J_iso: -0.1213 
----------------------------------------------------------------------------------------
   Fe2   Fe1   ( -2,   1,   2) -0.0624   ( 2.167,  0.000, -6.501)  6.853 
J_iso: -0.0624 
----------------------------------------------------------------------------------------
   Fe1   Fe2   ( -2,   2,  -1) -0.0624   ( 0.000,  6.501, -2.167)  6.853 
J_iso: -0.0624 
----------------------------------------------------------------------------------------
   Fe2   Fe1   ( -2,   2,   1) -0.0624   ( 0.000,  2.167, -6.501)  6.853 
J_iso: -0.0624 
----------------------------------------------------------------------------------------
   Fe1   Fe1   ( -1,   0,   2) -0.1374   ( 6.501,  2.167,  0.000)  6.853 
J_iso: -0.1374 
----------------------------------------------------------------------------------------
   Fe1   Fe2   ( -1,   2,  -2) -0.0625   (-2.167,  6.501,  0.000)  6.853 
J_iso: -0.0625 
----------------------------------------------------------------------------------------
   Fe1   Fe1   ( -1,   2,   0) -0.1213   ( 2.167,  6.501,  0.000)  6.853 
J_iso: -0.1213 
----------------------------------------------------------------------------------------
   Fe1   Fe1   (  0,  -2,   1) -0.1266   ( 0.000, -6.501, -2.167)  6.853 
J_iso: -0.1266 
----------------------------------------------------------------------------------------
   Fe2   Fe2   (  0,  -2,   1) -0.1266   ( 0.000, -6.501, -2.167)  6.853 
J_iso: -0.1266 
----------------------------------------------------------------------------------------
   Fe1   Fe1   (  0,  -1,   2) -0.1374   ( 6.501,  0.000,  2.167)  6.853 
J_iso: -0.1374 
----------------------------------------------------------------------------------------
   Fe1   Fe1   (  0,   1,  -2) -0.1374   (-6.501,  0.000, -2.167)  6.853 
J_iso: -0.1374 
----------------------------------------------------------------------------------------
   Fe2   Fe2   (  0,   1,  -2) -0.1374   (-6.501,  0.000, -2.167)  6.853 
J_iso: -0.1374 
----------------------------------------------------------------------------------------
   Fe1   Fe1   (  0,   2,  -1) -0.1266   ( 0.000,  6.501,  2.167)  6.853 
J_iso: -0.1266 
----------------------------------------------------------------------------------------
   Fe1   Fe1   (  1,  -2,   0) -0.1213   (-2.167, -6.501,  0.000)  6.853 
J_iso: -0.1213 
----------------------------------------------------------------------------------------
   Fe2   Fe2   (  1,  -2,   0) -0.1213   (-2.167, -6.501,  0.000)  6.853 
J_iso: -0.1213 
----------------------------------------------------------------------------------------
   Fe2   Fe1   (  1,  -2,   2) -0.0625   ( 2.167, -6.501,  0.000)  6.853 
J_iso: -0.0625 
----------------------------------------------------------------------------------------
   Fe1   Fe1   (  1,   0,  -2) -0.1374   (-6.501, -2.167,  0.000)  6.853 
J_iso: -0.1374 
----------------------------------------------------------------------------------------
   Fe2   Fe2   (  1,   0,  -2) -0.1374   (-6.501, -2.167,  0.000)  6.853 
J_iso: -0.1374 
----------------------------------------------------------------------------------------
   Fe1   Fe2   (  2,  -2,  -1) -0.0624   ( 0.000, -2.167,  6.501)  6.853 
J_iso: -0.0624 
----------------------------------------------------------------------------------------
   Fe2   Fe1   (  2,  -2,   1) -0.0624   ( 0.000, -6.501,  2.167)  6.853 
J_iso: -0.0624 
----------------------------------------------------------------------------------------
   Fe1   Fe2   (  2,  -1,  -2) -0.0624   (-2.167,  0.000,  6.501)  6.853 
J_iso: -0.0624 
----------------------------------------------------------------------------------------
   Fe1   Fe1   (  2,  -1,   0) -0.1213   ( 2.167,  0.000,  6.501)  6.853 
J_iso: -0.1213 
----------------------------------------------------------------------------------------
   Fe1   Fe1   (  2,   0,  -1) -0.1266   ( 0.000,  2.167,  6.501)  6.853 
J_iso: -0.1266 
----------------------------------------------------------------------------------------
   Fe1   Fe2   ( -2,   2,  -2) -0.0050   (-4.334,  4.334, -4.334)  7.507 
J_iso: -0.0050 
----------------------------------------------------------------------------------------
   Fe2   Fe1   ( -2,   2,   2) -0.0050   ( 4.334,  4.334, -4.334)  7.507 
J_iso: -0.0050 
----------------------------------------------------------------------------------------
   Fe1   Fe2   ( -1,  -1,  -1) -0.0167   (-4.334, -4.334, -4.334)  7.507 
J_iso: -0.0167 
----------------------------------------------------------------------------------------
   Fe1   Fe2   (  0,   0,   0) -0.0167   ( 4.334,  4.334,  4.334)  7.507 
J_iso: -0.0167 
----------------------------------------------------------------------------------------
   Fe2   Fe1   (  0,   0,   0) -0.0167   (-4.334, -4.334, -4.334)  7.507 
J_iso: -0.0167 
----------------------------------------------------------------------------------------
   Fe2   Fe1   (  1,   1,   1) -0.0167   ( 4.334,  4.334,  4.334)  7.507 
J_iso: -0.0167 
----------------------------------------------------------------------------------------
   Fe1   Fe2   (  2,  -2,  -2) -0.0050   (-4.334, -4.334,  4.334)  7.507 
J_iso: -0.0050 
----------------------------------------------------------------------------------------
   Fe2   Fe1   (  2,  -2,   2) -0.0050   ( 4.334, -4.334,  4.334)  7.507 
J_iso: -0.0050 
----------------------------------------------------------------------------------------
   Fe1   Fe2   ( -2,  -2,   2) -0.0046   ( 4.334, -4.334, -4.334)  7.507 
J_iso: -0.0046 
----------------------------------------------------------------------------------------
   Fe2   Fe1   (  2,   2,  -2) -0.0046   (-4.334,  4.334,  4.334)  7.507 
J_iso: -0.0046 
----------------------------------------------------------------------------------------
   Fe1   Fe2   ( -2,  -1,   0) -0.0081   (-2.167, -4.334, -6.501)  8.108 
J_iso: -0.0081 
----------------------------------------------------------------------------------------
   Fe1   Fe1   ( -2,  -1,   2) -0.0079   ( 2.167, -4.334, -6.501)  8.108 
J_iso: -0.0079 
----------------------------------------------------------------------------------------
   Fe2   Fe2   ( -2,  -1,   2) -0.0079   ( 2.167, -4.334, -6.501)  8.108 
J_iso: -0.0079 
----------------------------------------------------------------------------------------
   Fe1   Fe2   ( -2,   0,  -1) -0.0076   (-4.334, -2.167, -6.501)  8.108 
J_iso: -0.0076 
----------------------------------------------------------------------------------------
   Fe1   Fe1   ( -2,   1,   2) -0.0087   ( 6.501,  4.334, -2.167)  8.108 
J_iso: -0.0087 
----------------------------------------------------------------------------------------
   Fe2   Fe2   ( -2,   1,   2) -0.0087   ( 6.501,  4.334, -2.167)  8.108 
J_iso: -0.0087 
----------------------------------------------------------------------------------------
   Fe1   Fe1   ( -2,   2,  -1) -0.0074   (-4.334,  2.167, -6.501)  8.108 
J_iso: -0.0074 
----------------------------------------------------------------------------------------
   Fe2   Fe2   ( -2,   2,  -1) -0.0074   (-4.334,  2.167, -6.501)  8.108 
J_iso: -0.0074 
----------------------------------------------------------------------------------------
   Fe1   Fe1   ( -2,   2,   1) -0.0074   ( 4.334,  6.501, -2.167)  8.108 
J_iso: -0.0074 
----------------------------------------------------------------------------------------
   Fe2   Fe2   ( -2,   2,   1) -0.0074   ( 4.334,  6.501, -2.167)  8.108 
J_iso: -0.0074 
----------------------------------------------------------------------------------------
   Fe1   Fe2   ( -1,  -2,   0) -0.0081   (-2.167, -6.501, -4.334)  8.108 
J_iso: -0.0081 
----------------------------------------------------------------------------------------
   Fe1   Fe1   ( -1,  -2,   2) -0.0079   ( 2.167, -6.501, -4.334)  8.108 
J_iso: -0.0079 
----------------------------------------------------------------------------------------
   Fe2   Fe2   ( -1,  -2,   2) -0.0079   ( 2.167, -6.501, -4.334)  8.108 
J_iso: -0.0079 
----------------------------------------------------------------------------------------
   Fe1   Fe2   ( -1,   0,  -2) -0.0082   (-6.501, -2.167, -4.334)  8.108 
J_iso: -0.0082 
----------------------------------------------------------------------------------------
   Fe1   Fe2   ( -1,   0,   1) -0.0082   ( 6.501,  4.334,  2.167)  8.108 
J_iso: -0.0082 
----------------------------------------------------------------------------------------
   Fe2   Fe1   ( -1,   0,   1) -0.0081   (-2.167, -4.334, -6.501)  8.108 
J_iso: -0.0081 
----------------------------------------------------------------------------------------
   Fe1   Fe2   ( -1,   1,   0) -0.0076   ( 4.334,  6.501,  2.167)  8.108 
J_iso: -0.0076 
----------------------------------------------------------------------------------------
   Fe2   Fe1   ( -1,   1,   0) -0.0076   (-4.334, -2.167, -6.501)  8.108 
J_iso: -0.0076 
----------------------------------------------------------------------------------------
   Fe1   Fe1   ( -1,   2,  -2) -0.0087   (-6.501,  2.167, -4.334)  8.108 
J_iso: -0.0087 
----------------------------------------------------------------------------------------
   Fe2   Fe2   ( -1,   2,  -2) -0.0087   (-6.501,  2.167, -4.334)  8.108 
J_iso: -0.0087 
----------------------------------------------------------------------------------------
   Fe1   Fe2   (  0,  -2,  -1) -0.0076   (-4.334, -6.501, -2.167)  8.108 
J_iso: -0.0076 
----------------------------------------------------------------------------------------
   Fe1   Fe2   (  0,  -1,  -2) -0.0082   (-6.501, -4.334, -2.167)  8.108 
J_iso: -0.0082 
----------------------------------------------------------------------------------------
   Fe1   Fe2   (  0,  -1,   1) -0.0082   ( 6.501,  2.167,  4.334)  8.108 
J_iso: -0.0082 
----------------------------------------------------------------------------------------
   Fe2   Fe1   (  0,  -1,   1) -0.0081   (-2.167, -6.501, -4.334)  8.108 
J_iso: -0.0081 
----------------------------------------------------------------------------------------
   Fe1   Fe2   (  0,   1,  -1) -0.0081   ( 2.167,  6.501,  4.334)  8.108 
J_iso: -0.0081 
----------------------------------------------------------------------------------------
   Fe2   Fe1   (  0,   1,  -1) -0.0082   (-6.501, -2.167, -4.334)  8.108 
J_iso: -0.0082 
----------------------------------------------------------------------------------------
   Fe2   Fe1   (  0,   1,   2) -0.0082   ( 6.501,  4.334,  2.167)  8.108 
J_iso: -0.0082 
----------------------------------------------------------------------------------------
   Fe2   Fe1   (  0,   2,   1) -0.0076   ( 4.334,  6.501,  2.167)  8.108 
J_iso: -0.0076 
----------------------------------------------------------------------------------------
   Fe1   Fe1   (  1,  -2,   2) -0.0087   ( 6.501, -2.167,  4.334)  8.108 
J_iso: -0.0087 
----------------------------------------------------------------------------------------
   Fe2   Fe2   (  1,  -2,   2) -0.0087   ( 6.501, -2.167,  4.334)  8.108 
J_iso: -0.0087 
----------------------------------------------------------------------------------------
   Fe1   Fe2   (  1,  -1,   0) -0.0076   ( 4.334,  2.167,  6.501)  8.108 
J_iso: -0.0076 
----------------------------------------------------------------------------------------
   Fe2   Fe1   (  1,  -1,   0) -0.0076   (-4.334, -6.501, -2.167)  8.108 
J_iso: -0.0076 
----------------------------------------------------------------------------------------
   Fe1   Fe2   (  1,   0,  -1) -0.0081   ( 2.167,  4.334,  6.501)  8.108 
J_iso: -0.0081 
----------------------------------------------------------------------------------------
   Fe2   Fe1   (  1,   0,  -1) -0.0082   (-6.501, -4.334, -2.167)  8.108 
J_iso: -0.0082 
----------------------------------------------------------------------------------------
   Fe2   Fe1   (  1,   0,   2) -0.0082   ( 6.501,  2.167,  4.334)  8.108 
J_iso: -0.0082 
----------------------------------------------------------------------------------------
   Fe1   Fe1   (  1,   2,  -2) -0.0079   (-2.167,  6.501,  4.334)  8.108 
J_iso: -0.0079 
----------------------------------------------------------------------------------------
   Fe2   Fe2   (  1,   2,  -2) -0.0079   (-2.167,  6.501,  4.334)  8.108 
J_iso: -0.0079 
----------------------------------------------------------------------------------------
   Fe2   Fe1   (  1,   2,   0) -0.0081   ( 2.167,  6.501,  4.334)  8.108 
J_iso: -0.0081 
----------------------------------------------------------------------------------------
   Fe1   Fe1   (  2,  -2,  -1) -0.0074   (-4.334, -6.501,  2.167)  8.108 
J_iso: -0.0074 
----------------------------------------------------------------------------------------
   Fe2   Fe2   (  2,  -2,  -1) -0.0074   (-4.334, -6.501,  2.167)  8.108 
J_iso: -0.0074 
----------------------------------------------------------------------------------------
   Fe1   Fe1   (  2,  -2,   1) -0.0074   ( 4.334, -2.167,  6.501)  8.108 
J_iso: -0.0074 
----------------------------------------------------------------------------------------
   Fe2   Fe2   (  2,  -2,   1) -0.0074   ( 4.334, -2.167,  6.501)  8.108 
J_iso: -0.0074 
----------------------------------------------------------------------------------------
   Fe1   Fe1   (  2,  -1,  -2) -0.0087   (-6.501, -4.334,  2.167)  8.108 
J_iso: -0.0087 
----------------------------------------------------------------------------------------
   Fe2   Fe2   (  2,  -1,  -2) -0.0087   (-6.501, -4.334,  2.167)  8.108 
J_iso: -0.0087 
----------------------------------------------------------------------------------------
   Fe2   Fe1   (  2,   0,   1) -0.0076   ( 4.334,  2.167,  6.501)  8.108 
J_iso: -0.0076 
----------------------------------------------------------------------------------------
   Fe1   Fe1   (  2,   1,  -2) -0.0079   (-2.167,  4.334,  6.501)  8.108 
J_iso: -0.0079 
----------------------------------------------------------------------------------------
   Fe2   Fe2   (  2,   1,  -2) -0.0079   (-2.167,  4.334,  6.501)  8.108 
J_iso: -0.0079 
----------------------------------------------------------------------------------------
   Fe2   Fe1   (  2,   1,   0) -0.0081   ( 2.167,  4.334,  6.501)  8.108 
J_iso: -0.0081 
----------------------------------------------------------------------------------------
   Fe1   Fe2   ( -2,   1,  -2) -0.0246   (-6.501,  0.000, -6.501)  9.194 
J_iso: -0.0246 
----------------------------------------------------------------------------------------
   Fe1   Fe2   ( -1,  -1,   2) -0.0019   ( 8.668,  2.167,  2.167)  9.194 
J_iso: -0.0019 
----------------------------------------------------------------------------------------
   Fe2   Fe1   ( -1,   2,   2) -0.0245   ( 6.501,  6.501,  0.000)  9.194 
J_iso: -0.0245 
----------------------------------------------------------------------------------------
   Fe1   Fe2   (  1,  -2,  -2) -0.0245   (-6.501, -6.501,  0.000)  9.194 
J_iso: -0.0245 
----------------------------------------------------------------------------------------
   Fe2   Fe1   (  1,   1,  -2) -0.0019   (-8.668, -2.167, -2.167)  9.194 
J_iso: -0.0019 
----------------------------------------------------------------------------------------
   Fe2   Fe1   (  2,  -1,   2) -0.0246   ( 6.501,  0.000,  6.501)  9.194 
J_iso: -0.0246 
----------------------------------------------------------------------------------------
   Fe1   Fe2   ( -2,  -2,   1) -0.0231   ( 0.000, -6.501, -6.501)  9.194 
J_iso: -0.0231 
----------------------------------------------------------------------------------------
   Fe1   Fe2   ( -2,   1,   1) -0.0245   ( 6.501,  6.501, -0.000)  9.194 
J_iso: -0.0245 
----------------------------------------------------------------------------------------
   Fe2   Fe1   ( -2,   1,   1) -0.0021   (-2.167, -2.167, -8.668)  9.194 
J_iso: -0.0021 
----------------------------------------------------------------------------------------
   Fe2   Fe1   ( -1,  -1,   2) -0.0231   ( 0.000, -6.501, -6.501)  9.194 
J_iso: -0.0231 
----------------------------------------------------------------------------------------
   Fe2   Fe1   ( -1,   2,  -1) -0.0246   (-6.501,  0.000, -6.501)  9.194 
J_iso: -0.0246 
----------------------------------------------------------------------------------------
   Fe1   Fe2   (  1,  -2,   1) -0.0246   ( 6.501, -0.000,  6.501)  9.194 
J_iso: -0.0246 
----------------------------------------------------------------------------------------
   Fe1   Fe2   (  1,   1,  -2) -0.0231   ( 0.000,  6.501,  6.501)  9.194 
J_iso: -0.0231 
----------------------------------------------------------------------------------------
   Fe1   Fe2   (  2,  -1,  -1) -0.0021   ( 2.167,  2.167,  8.668)  9.194 
J_iso: -0.0021 
----------------------------------------------------------------------------------------
   Fe2   Fe1   (  2,  -1,  -1) -0.0245   (-6.501, -6.501,  0.000)  9.194 
J_iso: -0.0245 
----------------------------------------------------------------------------------------
   Fe2   Fe1   (  2,   2,  -1) -0.0231   ( 0.000,  6.501,  6.501)  9.194 
J_iso: -0.0231 
----------------------------------------------------------------------------------------
   Fe1   Fe2   ( -1,   2,  -1) -0.0021   ( 2.167,  8.668,  2.167)  9.194 
J_iso: -0.0021 
----------------------------------------------------------------------------------------
   Fe2   Fe1   (  1,  -2,   1) -0.0021   (-2.167, -8.668, -2.167)  9.194 
J_iso: -0.0021 
----------------------------------------------------------------------------------------
   Fe1   Fe2   ( -2,   0,   2) -0.0045   ( 8.668,  4.334,  0.000)  9.691 
J_iso: -0.0045 
----------------------------------------------------------------------------------------
   Fe2   Fe1   ( -2,   0,   2) -0.0058   ( 0.000, -4.334, -8.668)  9.691 
J_iso: -0.0058 
----------------------------------------------------------------------------------------
   Fe1   Fe2   ( -2,   2,   0) -0.0062   ( 4.334,  8.668,  0.000)  9.691 
J_iso: -0.0062 
----------------------------------------------------------------------------------------
   Fe2   Fe1   ( -2,   2,   0) -0.0062   (-4.334,  0.000, -8.668)  9.691 
J_iso: -0.0062 
----------------------------------------------------------------------------------------
   Fe1   Fe2   (  0,  -2,   2) -0.0045   ( 8.668,  0.000,  4.334)  9.691 
J_iso: -0.0045 
----------------------------------------------------------------------------------------
   Fe2   Fe1   (  0,  -2,   2) -0.0058   ( 0.000, -8.668, -4.334)  9.691 
J_iso: -0.0058 
----------------------------------------------------------------------------------------
   Fe1   Fe2   (  0,   2,  -2) -0.0058   ( 0.000,  8.668,  4.334)  9.691 
J_iso: -0.0058 
----------------------------------------------------------------------------------------
   Fe2   Fe1   (  0,   2,  -2) -0.0045   (-8.668,  0.000, -4.334)  9.691 
J_iso: -0.0045 
----------------------------------------------------------------------------------------
   Fe1   Fe2   (  2,  -2,   0) -0.0062   ( 4.334,  0.000,  8.668)  9.691 
J_iso: -0.0062 
----------------------------------------------------------------------------------------
   Fe2   Fe1   (  2,  -2,   0) -0.0062   (-4.334, -8.668,  0.000)  9.691 
J_iso: -0.0062 
----------------------------------------------------------------------------------------
   Fe1   Fe2   (  2,   0,  -2) -0.0058   ( 0.000,  4.334,  8.668)  9.691 
J_iso: -0.0058 
----------------------------------------------------------------------------------------
   Fe2   Fe1   (  2,   0,  -2) -0.0045   (-8.668, -4.334,  0.000)  9.691 
J_iso: -0.0045 
----------------------------------------------------------------------------------------
   Fe1   Fe1   ( -1,  -1,   0) -0.0006   (-4.334, -6.501, -6.501) 10.164 
J_iso: -0.0006 
----------------------------------------------------------------------------------------
   Fe2   Fe2   ( -1,  -1,   0) -0.0006   (-4.334, -6.501, -6.501) 10.164 
J_iso: -0.0006 
----------------------------------------------------------------------------------------
   Fe1   Fe1   ( -1,   0,  -1) -0.0008   (-6.501, -4.334, -6.501) 10.164 
J_iso: -0.0008 
----------------------------------------------------------------------------------------
   Fe2   Fe2   ( -1,   0,  -1) -0.0008   (-6.501, -4.334, -6.501) 10.164 
J_iso: -0.0008 
----------------------------------------------------------------------------------------
   Fe1   Fe1   (  0,  -1,  -1) -0.0008   (-6.501, -6.501, -4.334) 10.164 
J_iso: -0.0008 
----------------------------------------------------------------------------------------
   Fe2   Fe2   (  0,  -1,  -1) -0.0008   (-6.501, -6.501, -4.334) 10.164 
J_iso: -0.0008 
----------------------------------------------------------------------------------------
   Fe1   Fe1   (  0,   1,   1) -0.0008   ( 6.501,  6.501,  4.334) 10.164 
J_iso: -0.0008 
----------------------------------------------------------------------------------------
   Fe2   Fe2   (  0,   1,   1) -0.0008   ( 6.501,  6.501,  4.334) 10.164 
J_iso: -0.0008 
----------------------------------------------------------------------------------------
   Fe1   Fe1   (  1,   0,   1) -0.0008   ( 6.501,  4.334,  6.501) 10.164 
J_iso: -0.0008 
----------------------------------------------------------------------------------------
   Fe2   Fe2   (  1,   0,   1) -0.0008   ( 6.501,  4.334,  6.501) 10.164 
J_iso: -0.0008 
----------------------------------------------------------------------------------------
   Fe1   Fe1   (  1,   1,   0) -0.0006   ( 4.334,  6.501,  6.501) 10.164 
J_iso: -0.0006 
----------------------------------------------------------------------------------------
   Fe2   Fe2   (  1,   1,   0) -0.0006   ( 4.334,  6.501,  6.501) 10.164 
J_iso: -0.0006 
----------------------------------------------------------------------------------------
   Fe1   Fe1   (  0,  -2,   0)  0.0013   (-4.334, -8.668, -4.334) 10.616 
J_iso:  0.0013 
----------------------------------------------------------------------------------------
   Fe2   Fe2   (  0,  -2,   0)  0.0013   (-4.334, -8.668, -4.334) 10.616 
J_iso:  0.0013 
----------------------------------------------------------------------------------------
   Fe1   Fe1   (  0,   0,  -2)  0.0016   (-8.668, -4.334, -4.334) 10.616 
J_iso:  0.0016 
----------------------------------------------------------------------------------------
   Fe2   Fe2   (  0,   0,  -2)  0.0016   (-8.668, -4.334, -4.334) 10.616 
J_iso:  0.0016 
----------------------------------------------------------------------------------------
   Fe1   Fe1   (  0,   0,   2)  0.0016   ( 8.668,  4.334,  4.334) 10.616 
J_iso:  0.0016 
----------------------------------------------------------------------------------------
   Fe1   Fe1   (  0,   2,   0)  0.0013   ( 4.334,  8.668,  4.334) 10.616 
J_iso:  0.0013 
----------------------------------------------------------------------------------------
   Fe1   Fe1   ( -2,   0,   0)  0.0013   (-4.334, -4.334, -8.668) 10.616 
J_iso:  0.0013 
----------------------------------------------------------------------------------------
   Fe2   Fe2   ( -2,   0,   0)  0.0013   (-4.334, -4.334, -8.668) 10.616 
J_iso:  0.0013 
----------------------------------------------------------------------------------------
   Fe2   Fe2   (  0,   0,   2)  0.0016   ( 8.668,  4.334,  4.334) 10.616 
J_iso:  0.0016 
----------------------------------------------------------------------------------------
   Fe2   Fe2   (  0,   2,   0)  0.0013   ( 4.334,  8.668,  4.334) 10.616 
J_iso:  0.0013 
----------------------------------------------------------------------------------------
   Fe1   Fe1   (  2,   0,   0)  0.0013   ( 4.334,  4.334,  8.668) 10.616 
J_iso:  0.0013 
----------------------------------------------------------------------------------------
   Fe2   Fe2   (  2,   0,   0)  0.0013   ( 4.334,  4.334,  8.668) 10.616 
J_iso:  0.0013 
----------------------------------------------------------------------------------------
   Fe1   Fe1   ( -2,  -1,   1)  0.0002   (-2.167, -6.501, -8.668) 11.049 
J_iso:  0.0002 
----------------------------------------------------------------------------------------
   Fe2   Fe2   ( -2,  -1,   1)  0.0002   (-2.167, -6.501, -8.668) 11.049 
J_iso:  0.0002 
----------------------------------------------------------------------------------------
   Fe1   Fe1   ( -2,   1,  -1) -0.0004   (-6.501, -2.167, -8.668) 11.049 
J_iso: -0.0004 
----------------------------------------------------------------------------------------
   Fe2   Fe2   ( -2,   1,  -1) -0.0004   (-6.501, -2.167, -8.668) 11.049 
J_iso: -0.0004 
----------------------------------------------------------------------------------------
   Fe1   Fe1   ( -1,  -2,   1)  0.0002   (-2.167, -8.668, -6.501) 11.049 
J_iso:  0.0002 
----------------------------------------------------------------------------------------
   Fe2   Fe2   ( -1,  -2,   1)  0.0002   (-2.167, -8.668, -6.501) 11.049 
J_iso:  0.0002 
----------------------------------------------------------------------------------------
   Fe1   Fe1   ( -1,   1,  -2) -0.0002   (-8.668, -2.167, -6.501) 11.049 
J_iso: -0.0002 
----------------------------------------------------------------------------------------
   Fe2   Fe2   ( -1,   1,  -2) -0.0002   (-8.668, -2.167, -6.501) 11.049 
J_iso: -0.0002 
----------------------------------------------------------------------------------------
   Fe1   Fe1   ( -1,   1,   2) -0.0002   ( 8.668,  6.501,  2.167) 11.049 
J_iso: -0.0002 
----------------------------------------------------------------------------------------
   Fe1   Fe1   ( -1,   2,   1) -0.0004   ( 6.501,  8.668,  2.167) 11.049 
J_iso: -0.0004 
----------------------------------------------------------------------------------------
   Fe1   Fe1   (  1,  -2,  -1) -0.0004   (-6.501, -8.668, -2.167) 11.049 
J_iso: -0.0004 
----------------------------------------------------------------------------------------
   Fe2   Fe2   (  1,  -2,  -1) -0.0004   (-6.501, -8.668, -2.167) 11.049 
J_iso: -0.0004 
----------------------------------------------------------------------------------------
   Fe1   Fe1   (  1,  -1,  -2) -0.0002   (-8.668, -6.501, -2.167) 11.049 
J_iso: -0.0002 
----------------------------------------------------------------------------------------
   Fe2   Fe2   (  1,  -1,  -2) -0.0002   (-8.668, -6.501, -2.167) 11.049 
J_iso: -0.0002 
----------------------------------------------------------------------------------------
   Fe1   Fe1   (  1,  -1,   2) -0.0002   ( 8.668,  2.167,  6.501) 11.049 
J_iso: -0.0002 
----------------------------------------------------------------------------------------
   Fe1   Fe1   (  1,   2,  -1)  0.0002   ( 2.167,  8.668,  6.501) 11.049 
J_iso:  0.0002 
----------------------------------------------------------------------------------------
   Fe1   Fe1   (  2,  -1,   1) -0.0004   ( 6.501,  2.167,  8.668) 11.049 
J_iso: -0.0004 
----------------------------------------------------------------------------------------
   Fe1   Fe1   (  2,   1,  -1)  0.0002   ( 2.167,  6.501,  8.668) 11.049 
J_iso:  0.0002 
----------------------------------------------------------------------------------------
   Fe2   Fe2   ( -1,   1,   2) -0.0002   ( 8.668,  6.501,  2.167) 11.049 
J_iso: -0.0002 
----------------------------------------------------------------------------------------
   Fe2   Fe2   ( -1,   2,   1) -0.0004   ( 6.501,  8.668,  2.167) 11.049 
J_iso: -0.0004 
----------------------------------------------------------------------------------------
   Fe2   Fe2   (  1,  -1,   2) -0.0002   ( 8.668,  2.167,  6.501) 11.049 
J_iso: -0.0002 
----------------------------------------------------------------------------------------
   Fe2   Fe2   (  1,   2,  -1)  0.0002   ( 2.167,  8.668,  6.501) 11.049 
J_iso:  0.0002 
----------------------------------------------------------------------------------------
   Fe2   Fe2   (  2,  -1,   1) -0.0004   ( 6.501,  2.167,  8.668) 11.049 
J_iso: -0.0004 
----------------------------------------------------------------------------------------
   Fe2   Fe2   (  2,   1,  -1)  0.0002   ( 2.167,  6.501,  8.668) 11.049 
J_iso:  0.0002 
----------------------------------------------------------------------------------------
   Fe1   Fe1   ( -2,   2,  -2)  0.0008   (-8.668,  0.000, -8.668) 12.258 
J_iso:  0.0008 
----------------------------------------------------------------------------------------
   Fe2   Fe2   ( -2,   2,  -2)  0.0008   (-8.668,  0.000, -8.668) 12.258 
J_iso:  0.0008 
----------------------------------------------------------------------------------------
   Fe1   Fe1   ( -2,   2,   2)  0.0008   ( 8.668,  8.668,  0.000) 12.258 
J_iso:  0.0008 
----------------------------------------------------------------------------------------
   Fe1   Fe1   (  2,  -2,  -2)  0.0008   (-8.668, -8.668,  0.000) 12.258 
J_iso:  0.0008 
----------------------------------------------------------------------------------------
   Fe2   Fe2   (  2,  -2,  -2)  0.0008   (-8.668, -8.668,  0.000) 12.258 
J_iso:  0.0008 
----------------------------------------------------------------------------------------
   Fe1   Fe1   (  2,  -2,   2)  0.0008   ( 8.668,  0.000,  8.668) 12.258 
J_iso:  0.0008 
----------------------------------------------------------------------------------------
   Fe1   Fe1   ( -2,  -2,   2)  0.0017   ( 0.000, -8.668, -8.668) 12.258 
J_iso:  0.0017 
----------------------------------------------------------------------------------------
   Fe2   Fe2   ( -2,  -2,   2)  0.0017   ( 0.000, -8.668, -8.668) 12.258 
J_iso:  0.0017 
----------------------------------------------------------------------------------------
   Fe2   Fe2   ( -2,   2,   2)  0.0008   ( 8.668,  8.668,  0.000) 12.258 
J_iso:  0.0008 
----------------------------------------------------------------------------------------
   Fe2   Fe2   (  2,  -2,   2)  0.0008   ( 8.668,  0.000,  8.668) 12.258 
J_iso:  0.0008 
----------------------------------------------------------------------------------------
   Fe1   Fe1   (  2,   2,  -2)  0.0017   ( 0.000,  8.668,  8.668) 12.258 
J_iso:  0.0017 
----------------------------------------------------------------------------------------
   Fe2   Fe2   (  2,   2,  -2)  0.0017   ( 0.000,  8.668,  8.668) 12.258 
J_iso:  0.0017 
----------------------------------------------------------------------------------------
   Fe1   Fe2   ( -1,  -2,  -1) -0.0013   (-6.501, -8.668, -6.501) 12.636 
J_iso: -0.0013 
----------------------------------------------------------------------------------------
   Fe2   Fe1   (  1,   2,   1) -0.0013   ( 6.501,  8.668,  6.501) 12.636 
J_iso: -0.0013 
----------------------------------------------------------------------------------------
   Fe1   Fe2   ( -2,  -1,  -1) -0.0013   (-6.501, -6.501, -8.668) 12.636 
J_iso: -0.0013 
----------------------------------------------------------------------------------------
   Fe2   Fe1   (  2,   1,   1) -0.0013   ( 6.501,  6.501,  8.668) 12.636 
J_iso: -0.0013 
----------------------------------------------------------------------------------------
   Fe1   Fe2   ( -1,  -1,  -2) -0.0013   (-8.668, -6.501, -6.501) 12.636 
J_iso: -0.0013 
----------------------------------------------------------------------------------------
   Fe2   Fe1   ( -1,   0,   0) -0.0013   (-6.501, -6.501, -8.668) 12.636 
J_iso: -0.0013 
----------------------------------------------------------------------------------------
   Fe2   Fe1   (  0,  -1,   0) -0.0013   (-6.501, -8.668, -6.501) 12.636 
J_iso: -0.0013 
----------------------------------------------------------------------------------------
   Fe2   Fe1   (  0,   0,  -1) -0.0013   (-8.668, -6.501, -6.501) 12.636 
J_iso: -0.0013 
----------------------------------------------------------------------------------------
   Fe1   Fe2   (  0,   0,   1) -0.0013   ( 8.668,  6.501,  6.501) 12.636 
J_iso: -0.0013 
----------------------------------------------------------------------------------------
   Fe1   Fe2   (  0,   1,   0) -0.0013   ( 6.501,  8.668,  6.501) 12.636 
J_iso: -0.0013 
----------------------------------------------------------------------------------------
   Fe1   Fe2   (  1,   0,   0) -0.0013   ( 6.501,  6.501,  8.668) 12.636 
J_iso: -0.0013 
----------------------------------------------------------------------------------------
   Fe2   Fe1   (  1,   1,   2) -0.0013   ( 8.668,  6.501,  6.501) 12.636 
J_iso: -0.0013 
----------------------------------------------------------------------------------------
   Fe2   Fe1   ( -1,   1,  -1)  0.0000   (-8.668, -4.334, -8.668) 13.002 
J_iso:  0.0000 
----------------------------------------------------------------------------------------
   Fe1   Fe2   ( -1,   1,   1)  0.0000   ( 8.668,  8.668,  4.334) 13.002 
J_iso:  0.0000 
----------------------------------------------------------------------------------------
   Fe2   Fe1   (  1,  -1,  -1)  0.0000   (-8.668, -8.668, -4.334) 13.002 
J_iso:  0.0000 
----------------------------------------------------------------------------------------
   Fe1   Fe2   (  1,  -1,   1)  0.0000   ( 8.668,  4.334,  8.668) 13.002 
J_iso:  0.0000 
----------------------------------------------------------------------------------------
   Fe1   Fe2   ( -2,  -2,   0) -0.0000   (-4.334, -8.668, -8.668) 13.002 
J_iso: -0.0000 
----------------------------------------------------------------------------------------
   Fe1   Fe2   ( -2,   0,  -2)  0.0000   (-8.668, -4.334, -8.668) 13.002 
J_iso:  0.0000 
----------------------------------------------------------------------------------------
   Fe2   Fe1   ( -1,  -1,   1) -0.0000   (-4.334, -8.668, -8.668) 13.002 
J_iso: -0.0000 
----------------------------------------------------------------------------------------
   Fe1   Fe2   (  0,  -2,  -2)  0.0000   (-8.668, -8.668, -4.334) 13.002 
J_iso:  0.0000 
----------------------------------------------------------------------------------------
   Fe2   Fe1   (  0,   2,   2)  0.0000   ( 8.668,  8.668,  4.334) 13.002 
J_iso:  0.0000 
----------------------------------------------------------------------------------------
   Fe1   Fe2   (  1,   1,  -1) -0.0000   ( 4.334,  8.668,  8.668) 13.002 
J_iso: -0.0000 
----------------------------------------------------------------------------------------
   Fe2   Fe1   (  2,   0,   2)  0.0000   ( 8.668,  4.334,  8.668) 13.002 
J_iso:  0.0000 
----------------------------------------------------------------------------------------
   Fe2   Fe1   (  2,   2,   0) -0.0000   ( 4.334,  8.668,  8.668) 13.002 
J_iso: -0.0000 
----------------------------------------------------------------------------------------
   Fe2   Fe1   ( -2,   0,   1) -0.0015   (-4.334, -6.501, -10.835) 13.358 
J_iso: -0.0015 
----------------------------------------------------------------------------------------
   Fe2   Fe1   ( -2,   1,   0) -0.0015   (-6.501, -4.334, -10.835) 13.358 
J_iso: -0.0015 
----------------------------------------------------------------------------------------
   Fe1   Fe2   ( -1,   0,   2) -0.0017   (10.835,  6.501,  4.334) 13.358 
J_iso: -0.0017 
----------------------------------------------------------------------------------------
   Fe1   Fe2   ( -1,   2,   0) -0.0015   ( 6.501, 10.835,  4.334) 13.358 
J_iso: -0.0015 
----------------------------------------------------------------------------------------
   Fe2   Fe1   (  0,  -2,   1) -0.0015   (-4.334, -10.835, -6.501) 13.358 
J_iso: -0.0015 
----------------------------------------------------------------------------------------
   Fe1   Fe2   (  0,  -1,   2) -0.0017   (10.835,  4.334,  6.501) 13.358 
J_iso: -0.0017 
----------------------------------------------------------------------------------------
   Fe2   Fe1   (  0,   1,  -2) -0.0017   (-10.835, -4.334, -6.501) 13.358 
J_iso: -0.0017 
----------------------------------------------------------------------------------------
   Fe1   Fe2   (  0,   2,  -1) -0.0015   ( 4.334, 10.835,  6.501) 13.358 
J_iso: -0.0015 
----------------------------------------------------------------------------------------
   Fe2   Fe1   (  1,  -2,   0) -0.0015   (-6.501, -10.835, -4.334) 13.358 
J_iso: -0.0015 
----------------------------------------------------------------------------------------
   Fe2   Fe1   (  1,   0,  -2) -0.0017   (-10.835, -6.501, -4.334) 13.358 
J_iso: -0.0017 
----------------------------------------------------------------------------------------
   Fe1   Fe2   (  2,  -1,   0) -0.0015   ( 6.501,  4.334, 10.835) 13.358 
J_iso: -0.0015 
----------------------------------------------------------------------------------------
   Fe1   Fe2   (  2,   0,  -1) -0.0015   ( 4.334,  6.501, 10.835) 13.358 
J_iso: -0.0015 
----------------------------------------------------------------------------------------
   Fe2   Fe1   ( -2,  -1,   2) -0.0008   (-2.167, -8.668, -10.835) 14.044 
J_iso: -0.0008 
----------------------------------------------------------------------------------------
   Fe1   Fe2   ( -2,   1,   2) -0.0009   (10.835,  8.668,  2.167) 14.044 
J_iso: -0.0009 
----------------------------------------------------------------------------------------
   Fe2   Fe1   ( -2,   2,  -1) -0.0008   (-8.668, -2.167, -10.835) 14.044 
J_iso: -0.0008 
----------------------------------------------------------------------------------------
   Fe1   Fe2   ( -2,   2,   1) -0.0009   ( 8.668, 10.835,  2.167) 14.044 
J_iso: -0.0009 
----------------------------------------------------------------------------------------
   Fe2   Fe1   ( -1,  -2,   2) -0.0008   (-2.167, -10.835, -8.668) 14.044 
J_iso: -0.0008 
----------------------------------------------------------------------------------------
   Fe2   Fe1   ( -1,   2,  -2) -0.0009   (-10.835, -2.167, -8.668) 14.044 
J_iso: -0.0009 
----------------------------------------------------------------------------------------
   Fe1   Fe2   (  1,  -2,   2) -0.0009   (10.835,  2.167,  8.668) 14.044 
J_iso: -0.0009 
----------------------------------------------------------------------------------------
   Fe1   Fe2   (  1,   2,  -2) -0.0008   ( 2.167, 10.835,  8.668) 14.044 
J_iso: -0.0008 
----------------------------------------------------------------------------------------
   Fe2   Fe1   (  2,  -2,  -1) -0.0009   (-8.668, -10.835, -2.167) 14.044 
J_iso: -0.0009 
----------------------------------------------------------------------------------------
   Fe1   Fe2   (  2,  -2,   1) -0.0008   ( 8.668,  2.167, 10.835) 14.044 
J_iso: -0.0008 
----------------------------------------------------------------------------------------
   Fe2   Fe1   (  2,  -1,  -2) -0.0009   (-10.835, -8.668, -2.167) 14.044 
J_iso: -0.0009 
----------------------------------------------------------------------------------------
   Fe1   Fe2   (  2,   1,  -2) -0.0008   ( 2.167,  8.668, 10.835) 14.044 
J_iso: -0.0008 
----------------------------------------------------------------------------------------
   Fe1   Fe1   ( -1,  -1,  -1) -0.0021   (-8.668, -8.668, -8.668) 15.013 
J_iso: -0.0021 
----------------------------------------------------------------------------------------
   Fe2   Fe2   ( -1,  -1,  -1) -0.0021   (-8.668, -8.668, -8.668) 15.013 
J_iso: -0.0021 
----------------------------------------------------------------------------------------
   Fe1   Fe1   (  1,   1,   1) -0.0021   ( 8.668,  8.668,  8.668) 15.013 
J_iso: -0.0021 
----------------------------------------------------------------------------------------
   Fe2   Fe2   (  1,   1,   1) -0.0021   ( 8.668,  8.668,  8.668) 15.013 
J_iso: -0.0021 
----------------------------------------------------------------------------------------
   Fe1   Fe1   ( -2,  -1,   0) -0.0005   (-6.501, -8.668, -10.835) 15.323 
J_iso: -0.0005 
----------------------------------------------------------------------------------------
   Fe2   Fe2   ( -2,  -1,   0) -0.0005   (-6.501, -8.668, -10.835) 15.323 
J_iso: -0.0005 
----------------------------------------------------------------------------------------
   Fe1   Fe1   ( -2,   0,  -1) -0.0007   (-8.668, -6.501, -10.835) 15.323 
J_iso: -0.0007 
----------------------------------------------------------------------------------------
   Fe2   Fe2   ( -2,   0,  -1) -0.0007   (-8.668, -6.501, -10.835) 15.323 
J_iso: -0.0007 
----------------------------------------------------------------------------------------
   Fe1   Fe1   ( -1,  -2,   0) -0.0005   (-6.501, -10.835, -8.668) 15.323 
J_iso: -0.0005 
----------------------------------------------------------------------------------------
   Fe2   Fe2   ( -1,  -2,   0) -0.0005   (-6.501, -10.835, -8.668) 15.323 
J_iso: -0.0005 
----------------------------------------------------------------------------------------
   Fe1   Fe1   ( -1,   0,  -2)  0.0000   (-10.835, -6.501, -8.668) 15.323 
J_iso:  0.0000 
----------------------------------------------------------------------------------------
   Fe2   Fe2   ( -1,   0,  -2)  0.0000   (-10.835, -6.501, -8.668) 15.323 
J_iso:  0.0000 
----------------------------------------------------------------------------------------
   Fe1   Fe1   (  0,  -2,  -1) -0.0007   (-8.668, -10.835, -6.501) 15.323 
J_iso: -0.0007 
----------------------------------------------------------------------------------------
   Fe2   Fe2   (  0,  -2,  -1) -0.0007   (-8.668, -10.835, -6.501) 15.323 
J_iso: -0.0007 
----------------------------------------------------------------------------------------
   Fe1   Fe1   (  0,  -1,  -2)  0.0000   (-10.835, -8.668, -6.501) 15.323 
J_iso:  0.0000 
----------------------------------------------------------------------------------------
   Fe2   Fe2   (  0,  -1,  -2)  0.0000   (-10.835, -8.668, -6.501) 15.323 
J_iso:  0.0000 
----------------------------------------------------------------------------------------
   Fe1   Fe1   (  0,   1,   2)  0.0000   (10.835,  8.668,  6.501) 15.323 
J_iso:  0.0000 
----------------------------------------------------------------------------------------
   Fe2   Fe2   (  0,   1,   2)  0.0000   (10.835,  8.668,  6.501) 15.323 
J_iso:  0.0000 
----------------------------------------------------------------------------------------
   Fe1   Fe1   (  0,   2,   1) -0.0007   ( 8.668, 10.835,  6.501) 15.323 
J_iso: -0.0007 
----------------------------------------------------------------------------------------
   Fe2   Fe2   (  0,   2,   1) -0.0007   ( 8.668, 10.835,  6.501) 15.323 
J_iso: -0.0007 
----------------------------------------------------------------------------------------
   Fe1   Fe1   (  1,   0,   2)  0.0000   (10.835,  6.501,  8.668) 15.323 
J_iso:  0.0000 
----------------------------------------------------------------------------------------
   Fe2   Fe2   (  1,   0,   2)  0.0000   (10.835,  6.501,  8.668) 15.323 
J_iso:  0.0000 
----------------------------------------------------------------------------------------
   Fe1   Fe1   (  1,   2,   0) -0.0005   ( 6.501, 10.835,  8.668) 15.323 
J_iso: -0.0005 
----------------------------------------------------------------------------------------
   Fe2   Fe2   (  1,   2,   0) -0.0005   ( 6.501, 10.835,  8.668) 15.323 
J_iso: -0.0005 
----------------------------------------------------------------------------------------
   Fe1   Fe1   (  2,   0,   1) -0.0007   ( 8.668,  6.501, 10.835) 15.323 
J_iso: -0.0007 
----------------------------------------------------------------------------------------
   Fe2   Fe2   (  2,   0,   1) -0.0007   ( 8.668,  6.501, 10.835) 15.323 
J_iso: -0.0007 
----------------------------------------------------------------------------------------
   Fe1   Fe1   (  2,   1,   0) -0.0005   ( 6.501,  8.668, 10.835) 15.323 
J_iso: -0.0005 
----------------------------------------------------------------------------------------
   Fe2   Fe2   (  2,   1,   0) -0.0005   ( 6.501,  8.668, 10.835) 15.323 
J_iso: -0.0005 
----------------------------------------------------------------------------------------
   Fe1   Fe1   ( -2,   1,  -2)  0.0012   (-10.835, -4.334, -10.835) 15.924 
J_iso:  0.0012 
----------------------------------------------------------------------------------------
   Fe2   Fe2   ( -2,   1,  -2)  0.0012   (-10.835, -4.334, -10.835) 15.924 
J_iso:  0.0012 
----------------------------------------------------------------------------------------
   Fe1   Fe1   ( -1,   2,   2)  0.0012   (10.835, 10.835,  4.334) 15.924 
J_iso:  0.0012 
----------------------------------------------------------------------------------------
   Fe2   Fe2   ( -1,   2,   2)  0.0012   (10.835, 10.835,  4.334) 15.924 
J_iso:  0.0012 
----------------------------------------------------------------------------------------
   Fe1   Fe1   (  1,  -2,  -2)  0.0012   (-10.835, -10.835, -4.334) 15.924 
J_iso:  0.0012 
----------------------------------------------------------------------------------------
   Fe2   Fe2   (  1,  -2,  -2)  0.0012   (-10.835, -10.835, -4.334) 15.924 
J_iso:  0.0012 
----------------------------------------------------------------------------------------
   Fe1   Fe1   (  2,  -1,   2)  0.0012   (10.835,  4.334, 10.835) 15.924 
J_iso:  0.0012 
----------------------------------------------------------------------------------------
   Fe2   Fe2   (  2,  -1,   2)  0.0012   (10.835,  4.334, 10.835) 15.924 
J_iso:  0.0012 
----------------------------------------------------------------------------------------
   Fe1   Fe1   ( -2,  -2,   1)  0.0006   (-4.334, -10.835, -10.835) 15.924 
J_iso:  0.0006 
----------------------------------------------------------------------------------------
   Fe2   Fe2   ( -2,  -2,   1)  0.0006   (-4.334, -10.835, -10.835) 15.924 
J_iso:  0.0006 
----------------------------------------------------------------------------------------
   Fe1   Fe1   (  2,   2,  -1)  0.0006   ( 4.334, 10.835, 10.835) 15.924 
J_iso:  0.0006 
----------------------------------------------------------------------------------------
   Fe2   Fe2   (  2,   2,  -1)  0.0006   ( 4.334, 10.835, 10.835) 15.924 
J_iso:  0.0006 
----------------------------------------------------------------------------------------
   Fe1   Fe2   ( -2,  -2,  -1) -0.0013   (-8.668, -10.835, -10.835) 17.605 
J_iso: -0.0013 
----------------------------------------------------------------------------------------
   Fe1   Fe2   ( -2,  -1,  -2) -0.0026   (-10.835, -8.668, -10.835) 17.605 
J_iso: -0.0026 
----------------------------------------------------------------------------------------
   Fe1   Fe2   ( -1,  -2,  -2) -0.0026   (-10.835, -10.835, -8.668) 17.605 
J_iso: -0.0026 
----------------------------------------------------------------------------------------
   Fe2   Fe1   ( -1,  -1,   0) -0.0013   (-8.668, -10.835, -10.835) 17.605 
J_iso: -0.0013 
----------------------------------------------------------------------------------------
   Fe2   Fe1   ( -1,   0,  -1) -0.0026   (-10.835, -8.668, -10.835) 17.605 
J_iso: -0.0026 
----------------------------------------------------------------------------------------
   Fe2   Fe1   (  0,  -1,  -1) -0.0026   (-10.835, -10.835, -8.668) 17.605 
J_iso: -0.0026 
----------------------------------------------------------------------------------------
   Fe1   Fe2   (  0,   1,   1) -0.0026   (10.835, 10.835,  8.668) 17.605 
J_iso: -0.0026 
----------------------------------------------------------------------------------------
   Fe1   Fe2   (  1,   0,   1) -0.0026   (10.835,  8.668, 10.835) 17.605 
J_iso: -0.0026 
----------------------------------------------------------------------------------------
   Fe1   Fe2   (  1,   1,   0) -0.0013   ( 8.668, 10.835, 10.835) 17.605 
J_iso: -0.0013 
----------------------------------------------------------------------------------------
   Fe2   Fe1   (  1,   2,   2) -0.0026   (10.835, 10.835,  8.668) 17.605 
J_iso: -0.0026 
----------------------------------------------------------------------------------------
   Fe2   Fe1   (  2,   1,   2) -0.0026   (10.835,  8.668, 10.835) 17.605 
J_iso: -0.0026 
----------------------------------------------------------------------------------------
   Fe2   Fe1   (  2,   2,   1) -0.0013   ( 8.668, 10.835, 10.835) 17.605 
J_iso: -0.0013 
----------------------------------------------------------------------------------------
   Fe2   Fe1   ( -2,   0,   0) -0.0021   (-8.668, -8.668, -13.002) 17.869 
J_iso: -0.0021 
----------------------------------------------------------------------------------------
   Fe2   Fe1   (  0,  -2,   0) -0.0021   (-8.668, -13.002, -8.668) 17.869 
J_iso: -0.0021 
----------------------------------------------------------------------------------------
   Fe2   Fe1   (  0,   0,  -2) -0.0019   (-13.002, -8.668, -8.668) 17.869 
J_iso: -0.0019 
----------------------------------------------------------------------------------------
   Fe1   Fe2   (  0,   0,   2) -0.0019   (13.002,  8.668,  8.668) 17.869 
J_iso: -0.0019 
----------------------------------------------------------------------------------------
   Fe1   Fe2   (  0,   2,   0) -0.0021   ( 8.668, 13.002,  8.668) 17.869 
J_iso: -0.0021 
----------------------------------------------------------------------------------------
   Fe1   Fe2   (  2,   0,   0) -0.0021   ( 8.668,  8.668, 13.002) 17.869 
J_iso: -0.0021 
----------------------------------------------------------------------------------------
   Fe2   Fe1   ( -2,  -1,   1) -0.0062   (-6.501, -10.835, -13.002) 18.130 
J_iso: -0.0062 
----------------------------------------------------------------------------------------
   Fe2   Fe1   ( -2,   1,  -1) -0.0058   (-10.835, -6.501, -13.002) 18.130 
J_iso: -0.0058 
----------------------------------------------------------------------------------------
   Fe1   Fe2   (  2,  -1,   1) -0.0058   (10.835,  6.501, 13.002) 18.130 
J_iso: -0.0058 
----------------------------------------------------------------------------------------
   Fe1   Fe2   (  2,   1,  -1) -0.0062   ( 6.501, 10.835, 13.002) 18.130 
J_iso: -0.0062 
----------------------------------------------------------------------------------------
   Fe2   Fe1   ( -1,  -2,   1) -0.0062   (-6.501, -13.002, -10.835) 18.130 
J_iso: -0.0062 
----------------------------------------------------------------------------------------
   Fe2   Fe1   ( -1,   1,  -2) -0.0045   (-13.002, -6.501, -10.835) 18.130 
J_iso: -0.0045 
----------------------------------------------------------------------------------------
   Fe1   Fe2   ( -1,   1,   2) -0.0045   (13.002, 10.835,  6.501) 18.130 
J_iso: -0.0045 
----------------------------------------------------------------------------------------
   Fe1   Fe2   ( -1,   2,   1) -0.0058   (10.835, 13.002,  6.501) 18.130 
J_iso: -0.0058 
----------------------------------------------------------------------------------------
   Fe2   Fe1   (  1,  -2,  -1) -0.0058   (-10.835, -13.002, -6.501) 18.130 
J_iso: -0.0058 
----------------------------------------------------------------------------------------
   Fe2   Fe1   (  1,  -1,  -2) -0.0045   (-13.002, -10.835, -6.501) 18.130 
J_iso: -0.0045 
----------------------------------------------------------------------------------------
   Fe1   Fe2   (  1,  -1,   2) -0.0045   (13.002,  6.501, 10.835) 18.130 
J_iso: -0.0045 
----------------------------------------------------------------------------------------
   Fe1   Fe2   (  1,   2,  -1) -0.0062   ( 6.501, 13.002, 10.835) 18.130 
J_iso: -0.0062 
----------------------------------------------------------------------------------------
   Fe2   Fe1   ( -2,  -2,   2) -0.0027   (-4.334, -13.002, -13.002) 18.891 
J_iso: -0.0027 
----------------------------------------------------------------------------------------
   Fe2   Fe1   ( -2,   2,  -2) -0.0026   (-13.002, -4.334, -13.002) 18.891 
J_iso: -0.0026 
----------------------------------------------------------------------------------------
   Fe1   Fe2   ( -2,   2,   2) -0.0026   (13.002, 13.002,  4.334) 18.891 
J_iso: -0.0026 
----------------------------------------------------------------------------------------
   Fe2   Fe1   (  2,  -2,  -2) -0.0026   (-13.002, -13.002, -4.334) 18.891 
J_iso: -0.0026 
----------------------------------------------------------------------------------------
   Fe1   Fe2   (  2,  -2,   2) -0.0026   (13.002,  4.334, 13.002) 18.891 
J_iso: -0.0026 
----------------------------------------------------------------------------------------
   Fe1   Fe2   (  2,   2,  -2) -0.0027   ( 4.334, 13.002, 13.002) 18.891 
J_iso: -0.0027 
----------------------------------------------------------------------------------------
   Fe1   Fe1   ( -2,  -1,  -1)  0.0773   (-10.835, -10.835, -13.002) 20.096 
J_iso:  0.0773 
----------------------------------------------------------------------------------------
   Fe2   Fe2   ( -2,  -1,  -1)  0.0773   (-10.835, -10.835, -13.002) 20.096 
J_iso:  0.0773 
----------------------------------------------------------------------------------------
   Fe1   Fe1   ( -1,  -2,  -1)  0.0774   (-10.835, -13.002, -10.835) 20.096 
J_iso:  0.0774 
----------------------------------------------------------------------------------------
   Fe2   Fe2   ( -1,  -2,  -1)  0.0774   (-10.835, -13.002, -10.835) 20.096 
J_iso:  0.0774 
----------------------------------------------------------------------------------------
   Fe1   Fe1   (  1,   2,   1)  0.0774   (10.835, 13.002, 10.835) 20.096 
J_iso:  0.0774 
----------------------------------------------------------------------------------------
   Fe1   Fe1   (  2,   1,   1)  0.0773   (10.835, 10.835, 13.002) 20.096 
J_iso:  0.0773 
----------------------------------------------------------------------------------------
   Fe2   Fe2   (  2,   1,   1)  0.0773   (10.835, 10.835, 13.002) 20.096 
J_iso:  0.0773 
----------------------------------------------------------------------------------------
   Fe1   Fe1   ( -1,  -1,  -2)  0.0742   (-13.002, -10.835, -10.835) 20.096 
J_iso:  0.0742 
----------------------------------------------------------------------------------------
   Fe2   Fe2   ( -1,  -1,  -2)  0.0742   (-13.002, -10.835, -10.835) 20.096 
J_iso:  0.0742 
----------------------------------------------------------------------------------------
   Fe1   Fe1   (  1,   1,   2)  0.0742   (13.002, 10.835, 10.835) 20.096 
J_iso:  0.0742 
----------------------------------------------------------------------------------------
   Fe2   Fe2   (  1,   1,   2)  0.0742   (13.002, 10.835, 10.835) 20.096 
J_iso:  0.0742 
----------------------------------------------------------------------------------------
   Fe2   Fe2   (  1,   2,   1)  0.0774   (10.835, 13.002, 10.835) 20.096 
J_iso:  0.0774 
----------------------------------------------------------------------------------------
   Fe1   Fe1   ( -2,  -2,   0) -0.0240   (-8.668, -13.002, -13.002) 20.328 
J_iso: -0.0240 
----------------------------------------------------------------------------------------
   Fe2   Fe2   ( -2,  -2,   0) -0.0240   (-8.668, -13.002, -13.002) 20.328 
J_iso: -0.0240 
----------------------------------------------------------------------------------------
   Fe1   Fe1   ( -2,   0,  -2) -0.0230   (-13.002, -8.668, -13.002) 20.328 
J_iso: -0.0230 
----------------------------------------------------------------------------------------
   Fe2   Fe2   ( -2,   0,  -2) -0.0230   (-13.002, -8.668, -13.002) 20.328 
J_iso: -0.0230 
----------------------------------------------------------------------------------------
   Fe1   Fe1   (  0,  -2,  -2) -0.0230   (-13.002, -13.002, -8.668) 20.328 
J_iso: -0.0230 
----------------------------------------------------------------------------------------
   Fe2   Fe2   (  0,  -2,  -2) -0.0230   (-13.002, -13.002, -8.668) 20.328 
J_iso: -0.0230 
----------------------------------------------------------------------------------------
   Fe1   Fe1   (  0,   2,   2) -0.0230   (13.002, 13.002,  8.668) 20.328 
J_iso: -0.0230 
----------------------------------------------------------------------------------------
   Fe2   Fe2   (  0,   2,   2) -0.0230   (13.002, 13.002,  8.668) 20.328 
J_iso: -0.0230 
----------------------------------------------------------------------------------------
   Fe1   Fe1   (  2,   0,   2) -0.0230   (13.002,  8.668, 13.002) 20.328 
J_iso: -0.0230 
----------------------------------------------------------------------------------------
   Fe2   Fe2   (  2,   0,   2) -0.0230   (13.002,  8.668, 13.002) 20.328 
J_iso: -0.0230 
----------------------------------------------------------------------------------------
   Fe1   Fe1   (  2,   2,   0) -0.0240   ( 8.668, 13.002, 13.002) 20.328 
J_iso: -0.0240 
----------------------------------------------------------------------------------------
   Fe2   Fe2   (  2,   2,   0) -0.0240   ( 8.668, 13.002, 13.002) 20.328 
J_iso: -0.0240 
----------------------------------------------------------------------------------------
   Fe1   Fe2   ( -2,  -2,  -2) -0.0030   (-13.002, -13.002, -13.002) 22.520 
J_iso: -0.0030 
----------------------------------------------------------------------------------------
   Fe2   Fe1   ( -1,  -1,  -1) -0.0030   (-13.002, -13.002, -13.002) 22.520 
J_iso: -0.0030 
----------------------------------------------------------------------------------------
   Fe1   Fe2   (  1,   1,   1) -0.0030   (13.002, 13.002, 13.002) 22.520 
J_iso: -0.0030 
----------------------------------------------------------------------------------------
   Fe2   Fe1   (  2,   2,   2) -0.0030   (13.002, 13.002, 13.002) 22.520 
J_iso: -0.0030 
----------------------------------------------------------------------------------------
   Fe2   Fe1   (  0,  -2,  -1) -0.0625   (-13.002, -15.169, -10.835) 22.727 
J_iso: -0.0625 
----------------------------------------------------------------------------------------
   Fe2   Fe1   (  0,  -1,  -2) -0.0598   (-15.169, -13.002, -10.835) 22.727 
J_iso: -0.0598 
----------------------------------------------------------------------------------------
   Fe1   Fe2   (  0,   1,   2) -0.0598   (15.169, 13.002, 10.835) 22.727 
J_iso: -0.0598 
----------------------------------------------------------------------------------------
   Fe1   Fe2   (  0,   2,   1) -0.0625   (13.002, 15.169, 10.835) 22.727 
J_iso: -0.0625 
----------------------------------------------------------------------------------------
   Fe2   Fe1   ( -2,  -1,   0) -0.0624   (-10.835, -13.002, -15.169) 22.727 
J_iso: -0.0624 
----------------------------------------------------------------------------------------
   Fe2   Fe1   ( -2,   0,  -1) -0.0624   (-13.002, -10.835, -15.169) 22.727 
J_iso: -0.0624 
----------------------------------------------------------------------------------------
   Fe2   Fe1   ( -1,  -2,   0) -0.0624   (-10.835, -15.169, -13.002) 22.727 
J_iso: -0.0624 
----------------------------------------------------------------------------------------
   Fe2   Fe1   ( -1,   0,  -2) -0.0598   (-15.169, -10.835, -13.002) 22.727 
J_iso: -0.0598 
----------------------------------------------------------------------------------------
   Fe1   Fe2   (  1,   0,   2) -0.0598   (15.169, 10.835, 13.002) 22.727 
J_iso: -0.0598 
----------------------------------------------------------------------------------------
   Fe1   Fe2   (  1,   2,   0) -0.0624   (10.835, 15.169, 13.002) 22.727 
J_iso: -0.0624 
----------------------------------------------------------------------------------------
   Fe1   Fe2   (  2,   0,   1) -0.0624   (13.002, 10.835, 15.169) 22.727 
J_iso: -0.0624 
----------------------------------------------------------------------------------------
   Fe1   Fe2   (  2,   1,   0) -0.0624   (10.835, 13.002, 15.169) 22.727 
J_iso: -0.0624 
----------------------------------------------------------------------------------------
   Fe2   Fe1   ( -2,   1,  -2) -0.0154   (-15.169, -8.668, -15.169) 23.137 
J_iso: -0.0154 
----------------------------------------------------------------------------------------
   Fe1   Fe2   ( -1,   2,   2) -0.0153   (15.169, 15.169,  8.668) 23.137 
J_iso: -0.0153 
----------------------------------------------------------------------------------------
   Fe2   Fe1   (  1,  -2,  -2) -0.0153   (-15.169, -15.169, -8.668) 23.137 
J_iso: -0.0153 
----------------------------------------------------------------------------------------
   Fe1   Fe2   (  2,  -1,   2) -0.0154   (15.169,  8.668, 15.169) 23.137 
J_iso: -0.0154 
----------------------------------------------------------------------------------------
   Fe2   Fe1   ( -2,  -2,   1) -0.0139   (-8.668, -15.169, -15.169) 23.137 
J_iso: -0.0139 
----------------------------------------------------------------------------------------
   Fe1   Fe2   (  2,   2,  -1) -0.0139   ( 8.668, 15.169, 15.169) 23.137 
J_iso: -0.0139 
----------------------------------------------------------------------------------------
   Fe1   Fe1   ( -2,  -2,  -1) -0.0048   (-13.002, -15.169, -15.169) 25.085 
J_iso: -0.0048 
----------------------------------------------------------------------------------------
   Fe2   Fe2   ( -2,  -2,  -1) -0.0048   (-13.002, -15.169, -15.169) 25.085 
J_iso: -0.0048 
----------------------------------------------------------------------------------------
   Fe1   Fe1   ( -2,  -1,  -2) -0.0077   (-15.169, -13.002, -15.169) 25.085 
J_iso: -0.0077 
----------------------------------------------------------------------------------------
   Fe2   Fe2   ( -2,  -1,  -2) -0.0077   (-15.169, -13.002, -15.169) 25.085 
J_iso: -0.0077 
----------------------------------------------------------------------------------------
   Fe1   Fe1   ( -1,  -2,  -2) -0.0077   (-15.169, -15.169, -13.002) 25.085 
J_iso: -0.0077 
----------------------------------------------------------------------------------------
   Fe2   Fe2   ( -1,  -2,  -2) -0.0077   (-15.169, -15.169, -13.002) 25.085 
J_iso: -0.0077 
----------------------------------------------------------------------------------------
   Fe1   Fe1   (  1,   2,   2) -0.0077   (15.169, 15.169, 13.002) 25.085 
J_iso: -0.0077 
----------------------------------------------------------------------------------------
   Fe2   Fe2   (  1,   2,   2) -0.0077   (15.169, 15.169, 13.002) 25.085 
J_iso: -0.0077 
----------------------------------------------------------------------------------------
   Fe1   Fe1   (  2,   1,   2) -0.0077   (15.169, 13.002, 15.169) 25.085 
J_iso: -0.0077 
----------------------------------------------------------------------------------------
   Fe2   Fe2   (  2,   1,   2) -0.0077   (15.169, 13.002, 15.169) 25.085 
J_iso: -0.0077 
----------------------------------------------------------------------------------------
   Fe1   Fe1   (  2,   2,   1) -0.0048   (13.002, 15.169, 15.169) 25.085 
J_iso: -0.0048 
----------------------------------------------------------------------------------------
   Fe2   Fe2   (  2,   2,   1) -0.0048   (13.002, 15.169, 15.169) 25.085 
J_iso: -0.0048 
----------------------------------------------------------------------------------------
   Fe2   Fe1   ( -2,  -1,  -1) -0.0050   (-15.169, -15.169, -17.336) 27.581 
J_iso: -0.0050 
----------------------------------------------------------------------------------------
   Fe2   Fe1   ( -1,  -2,  -1) -0.0050   (-15.169, -17.336, -15.169) 27.581 
J_iso: -0.0050 
----------------------------------------------------------------------------------------
   Fe2   Fe1   ( -1,  -1,  -2) -0.0046   (-17.336, -15.169, -15.169) 27.581 
J_iso: -0.0046 
----------------------------------------------------------------------------------------
   Fe1   Fe2   (  1,   1,   2) -0.0046   (17.336, 15.169, 15.169) 27.581 
J_iso: -0.0046 
----------------------------------------------------------------------------------------
   Fe1   Fe2   (  1,   2,   1) -0.0050   (15.169, 17.336, 15.169) 27.581 
J_iso: -0.0050 
----------------------------------------------------------------------------------------
   Fe1   Fe2   (  2,   1,   1) -0.0050   (15.169, 15.169, 17.336) 27.581 
J_iso: -0.0050 
----------------------------------------------------------------------------------------
   Fe2   Fe1   ( -2,  -2,   0) -0.0139   (-13.002, -17.336, -17.336) 27.751 
J_iso: -0.0139 
----------------------------------------------------------------------------------------
   Fe2   Fe1   ( -2,   0,  -2) -0.0154   (-17.336, -13.002, -17.336) 27.751 
J_iso: -0.0154 
----------------------------------------------------------------------------------------
   Fe2   Fe1   (  0,  -2,  -2) -0.0153   (-17.336, -17.336, -13.002) 27.751 
J_iso: -0.0153 
----------------------------------------------------------------------------------------
   Fe1   Fe2   (  0,   2,   2) -0.0153   (17.336, 17.336, 13.002) 27.751 
J_iso: -0.0153 
----------------------------------------------------------------------------------------
   Fe1   Fe2   (  2,   0,   2) -0.0154   (17.336, 13.002, 17.336) 27.751 
J_iso: -0.0154 
----------------------------------------------------------------------------------------
   Fe1   Fe2   (  2,   2,   0) -0.0139   (13.002, 17.336, 17.336) 27.751 
J_iso: -0.0139 
----------------------------------------------------------------------------------------
   Fe1   Fe1   ( -2,  -2,  -2) -0.0024   (-17.336, -17.336, -17.336) 30.027 
J_iso: -0.0024 
----------------------------------------------------------------------------------------
   Fe2   Fe2   ( -2,  -2,  -2) -0.0024   (-17.336, -17.336, -17.336) 30.027 
J_iso: -0.0024 
----------------------------------------------------------------------------------------
   Fe1   Fe1   (  2,   2,   2) -0.0024   (17.336, 17.336, 17.336) 30.027 
J_iso: -0.0024 
----------------------------------------------------------------------------------------
   Fe2   Fe2   (  2,   2,   2) -0.0024   (17.336, 17.336, 17.336) 30.027 
J_iso: -0.0024 
----------------------------------------------------------------------------------------
   Fe2   Fe1   ( -2,  -2,  -1) -0.0027   (-17.336, -19.503, -19.503) 32.577 
J_iso: -0.0027 
----------------------------------------------------------------------------------------
   Fe2   Fe1   ( -2,  -1,  -2) -0.0026   (-19.503, -17.336, -19.503) 32.577 
J_iso: -0.0026 
----------------------------------------------------------------------------------------
   Fe2   Fe1   ( -1,  -2,  -2) -0.0026   (-19.503, -19.503, -17.336) 32.577 
J_iso: -0.0026 
----------------------------------------------------------------------------------------
   Fe1   Fe2   (  1,   2,   2) -0.0026   (19.503, 19.503, 17.336) 32.577 
J_iso: -0.0026 
----------------------------------------------------------------------------------------
   Fe1   Fe2   (  2,   1,   2) -0.0026   (19.503, 17.336, 19.503) 32.577 
J_iso: -0.0026 
----------------------------------------------------------------------------------------
   Fe1   Fe2   (  2,   2,   1) -0.0027   (17.336, 19.503, 19.503) 32.577 
J_iso: -0.0027 
----------------------------------------------------------------------------------------
   Fe2   Fe1   ( -2,  -2,  -2) -0.0009   (-21.670, -21.670, -21.670) 37.533 
J_iso: -0.0009 
----------------------------------------------------------------------------------------
   Fe1   Fe2   (  2,   2,   2) -0.0009   (21.670, 21.670, 21.670) 37.533 
J_iso: -0.0009 
