==========================================================================================
Information: 
Exchange parameters generated by TB2J 0.7.7.2
Generation time: 24/02/06 14:42:53
 Input from collinear Wannier90 data.
 Tight binding data from ./. 
 Prefix of wannier function files:up/cri3_up and dn/cri3_dn.
Warning: Please check if the noise level of Wannier function Hamiltonian to make sure it is much smaller than the exchange values.

==========================================================================================
Cell (Angstrom):
6.81714342  0.00000000  0.00000000
-3.40857171  5.90381938  0.00000000
0.00000000  0.00000000  20.07837375

==========================================================================================
Atoms:  
(Note: charge and magmoms only count the wannier functions.)
Atom number        x             y             z       w_charge  w_magmom 
Cr1            -0.00000000    3.93587959    0.00000000    5.1121    2.5376
Cr2             3.40857171    1.96793979    0.00000000    5.1120    2.5388
I1             -1.20700161    2.09058812    1.54465550    4.9711   -0.1123
I2             -2.20157010    3.81323127   -1.54465490    4.9716   -0.1125
I3              1.20700161    2.09058812   -1.54465490    4.9711   -0.1121
I4              2.20157010    3.81323127    1.54465550    4.9711   -0.1124
I5              2.41400322    0.00000000    1.54465550    4.9737   -0.1103
I6              4.40314020    0.00000000   -1.54465490    4.9735   -0.1101
Total                                                    40.0562    4.4065

==========================================================================================
Orbitals used in decomposition: 
The name of the orbitals for the decomposition: 
Cr1 : ['orb_1', 'orb_2', 'orb_3', 'orb_4', 'orb_5', 'orb_6']
Cr2 : ['orb_1', 'orb_2', 'orb_3', 'orb_4', 'orb_5', 'orb_6']

==========================================================================================
Exchange: 
    i      j          R        J_iso(meV)          vector          distance(A) 
----------------------------------------------------------------------------------------
   Cr1   Cr2   (  0,   1,   0)  3.2877   ( 0.000,  3.936,  0.000)  3.936 
J_iso:  3.2877 
----------------------------------------------------------------------------------------
   Cr2   Cr1   (  0,  -1,   0)  3.2877   (-0.000, -3.936,  0.000)  3.936 
J_iso:  3.2877 
----------------------------------------------------------------------------------------
   Cr1   Cr2   ( -1,   0,   0)  3.2718   (-3.409, -1.968,  0.000)  3.936 
J_iso:  3.2718 
----------------------------------------------------------------------------------------
   Cr2   Cr1   (  1,   0,   0)  3.2718   ( 3.409,  1.968,  0.000)  3.936 
J_iso:  3.2718 
----------------------------------------------------------------------------------------
   Cr1   Cr2   (  0,   0,   0)  3.1754   ( 3.409, -1.968,  0.000)  3.936 
J_iso:  3.1754 
----------------------------------------------------------------------------------------
   Cr2   Cr1   (  0,   0,   0)  3.1754   (-3.409,  1.968,  0.000)  3.936 
J_iso:  3.1754 
----------------------------------------------------------------------------------------
   Cr1   Cr1   (  0,  -1,   0)  3.8650   ( 3.409, -5.904,  0.000)  6.817 
J_iso:  3.8650 
----------------------------------------------------------------------------------------
   Cr1   Cr1   (  0,   1,   0)  3.8650   (-3.409,  5.904,  0.000)  6.817 
J_iso:  3.8650 
----------------------------------------------------------------------------------------
   Cr2   Cr2   (  0,   1,   0)  3.8698   (-3.409,  5.904,  0.000)  6.817 
J_iso:  3.8698 
----------------------------------------------------------------------------------------
   Cr2   Cr2   (  0,  -1,   0)  3.8698   ( 3.409, -5.904,  0.000)  6.817 
J_iso:  3.8698 
----------------------------------------------------------------------------------------
   Cr2   Cr2   (  1,   0,   0)  4.1751   ( 6.817,  0.000,  0.000)  6.817 
J_iso:  4.1751 
----------------------------------------------------------------------------------------
   Cr1   Cr1   ( -1,   0,   0)  4.0991   (-6.817,  0.000,  0.000)  6.817 
J_iso:  4.0991 
----------------------------------------------------------------------------------------
   Cr2   Cr2   ( -1,   0,   0)  4.1751   (-6.817,  0.000,  0.000)  6.817 
J_iso:  4.1751 
----------------------------------------------------------------------------------------
   Cr1   Cr1   (  1,   0,   0)  4.0991   ( 6.817,  0.000,  0.000)  6.817 
J_iso:  4.0991 
----------------------------------------------------------------------------------------
   Cr1   Cr1   ( -1,  -1,   0)  3.8574   (-3.409, -5.904,  0.000)  6.817 
J_iso:  3.8574 
----------------------------------------------------------------------------------------
   Cr2   Cr2   ( -1,  -1,   0)  3.9166   (-3.409, -5.904,  0.000)  6.817 
J_iso:  3.9166 
----------------------------------------------------------------------------------------
   Cr1   Cr1   (  1,   1,   0)  3.8574   ( 3.409,  5.904,  0.000)  6.817 
J_iso:  3.8574 
----------------------------------------------------------------------------------------
   Cr2   Cr2   (  1,   1,   0)  3.9166   ( 3.409,  5.904,  0.000)  6.817 
J_iso:  3.9166 
----------------------------------------------------------------------------------------
   Cr1   Cr2   ( -1,   1,   0)  1.9088   (-6.817,  3.936,  0.000)  7.872 
J_iso:  1.9088 
----------------------------------------------------------------------------------------
   Cr2   Cr1   (  1,  -1,   0)  1.9088   ( 6.817, -3.936,  0.000)  7.872 
J_iso:  1.9088 
----------------------------------------------------------------------------------------
   Cr1   Cr2   ( -1,  -1,   0)  2.0056   ( 0.000, -7.872,  0.000)  7.872 
J_iso:  2.0056 
----------------------------------------------------------------------------------------
   Cr2   Cr1   (  1,   1,   0)  2.0056   (-0.000,  7.872,  0.000)  7.872 
J_iso:  2.0056 
----------------------------------------------------------------------------------------
   Cr2   Cr1   ( -1,  -1,   0)  1.7701   (-6.817, -3.936,  0.000)  7.872 
J_iso:  1.7701 
----------------------------------------------------------------------------------------
   Cr1   Cr2   (  1,   1,   0)  1.7701   ( 6.817,  3.936,  0.000)  7.872 
J_iso:  1.7701 
----------------------------------------------------------------------------------------
   Cr2   Cr1   (  0,  -2,   0)  0.8544   ( 3.409, -9.840,  0.000) 10.413 
J_iso:  0.8544 
----------------------------------------------------------------------------------------
   Cr1   Cr2   (  0,   2,   0)  0.8544   (-3.409,  9.840,  0.000) 10.413 
J_iso:  0.8544 
----------------------------------------------------------------------------------------
   Cr1   Cr2   ( -2,   0,   0)  0.8168   (-10.226, -1.968,  0.000) 10.413 
J_iso:  0.8168 
----------------------------------------------------------------------------------------
   Cr2   Cr1   (  2,   0,   0)  0.8168   (10.226,  1.968,  0.000) 10.413 
J_iso:  0.8168 
----------------------------------------------------------------------------------------
   Cr2   Cr1   ( -1,  -2,   0)  0.7643   (-3.409, -9.840,  0.000) 10.413 
J_iso:  0.7643 
----------------------------------------------------------------------------------------
   Cr1   Cr2   (  1,   2,   0)  0.7643   ( 3.409,  9.840,  0.000) 10.413 
J_iso:  0.7643 
----------------------------------------------------------------------------------------
   Cr1   Cr2   ( -2,  -1,   0)  0.6642   (-6.817, -7.872,  0.000) 10.413 
J_iso:  0.6642 
----------------------------------------------------------------------------------------
   Cr2   Cr1   (  2,   1,   0)  0.6642   ( 6.817,  7.872,  0.000) 10.413 
J_iso:  0.6642 
----------------------------------------------------------------------------------------
   Cr1   Cr2   (  0,  -1,   0)  0.6702   ( 6.817, -7.872,  0.000) 10.413 
J_iso:  0.6702 
----------------------------------------------------------------------------------------
   Cr2   Cr1   (  0,   1,   0)  0.6702   (-6.817,  7.872,  0.000) 10.413 
J_iso:  0.6702 
----------------------------------------------------------------------------------------
   Cr2   Cr1   ( -1,   0,   0)  0.7369   (-10.226,  1.968,  0.000) 10.413 
J_iso:  0.7369 
----------------------------------------------------------------------------------------
   Cr1   Cr2   (  1,   0,   0)  0.7369   (10.226, -1.968,  0.000) 10.413 
J_iso:  0.7369 
----------------------------------------------------------------------------------------
   Cr1   Cr1   ( -1,   1,   0)  1.5233   (-10.226,  5.904,  0.000) 11.808 
J_iso:  1.5233 
----------------------------------------------------------------------------------------
   Cr2   Cr2   ( -1,   1,   0)  1.5389   (-10.226,  5.904,  0.000) 11.808 
J_iso:  1.5389 
----------------------------------------------------------------------------------------
   Cr2   Cr2   (  1,  -1,   0)  1.5389   (10.226, -5.904,  0.000) 11.808 
J_iso:  1.5389 
----------------------------------------------------------------------------------------
   Cr1   Cr1   (  1,  -1,   0)  1.5233   (10.226, -5.904,  0.000) 11.808 
J_iso:  1.5233 
----------------------------------------------------------------------------------------
   Cr1   Cr1   ( -1,  -2,   0)  1.3763   (-0.000, -11.808,  0.000) 11.808 
J_iso:  1.3763 
----------------------------------------------------------------------------------------
   Cr2   Cr2   ( -1,  -2,   0)  1.3304   (-0.000, -11.808,  0.000) 11.808 
J_iso:  1.3304 
----------------------------------------------------------------------------------------
   Cr1   Cr1   (  1,   2,   0)  1.3763   ( 0.000, 11.808,  0.000) 11.808 
J_iso:  1.3763 
----------------------------------------------------------------------------------------
   Cr2   Cr2   (  1,   2,   0)  1.3304   ( 0.000, 11.808,  0.000) 11.808 
J_iso:  1.3304 
----------------------------------------------------------------------------------------
   Cr1   Cr1   ( -2,  -1,   0)  1.5160   (-10.226, -5.904,  0.000) 11.808 
J_iso:  1.5160 
----------------------------------------------------------------------------------------
   Cr2   Cr2   ( -2,  -1,   0)  1.4462   (-10.226, -5.904,  0.000) 11.808 
J_iso:  1.4462 
----------------------------------------------------------------------------------------
   Cr1   Cr1   (  2,   1,   0)  1.5160   (10.226,  5.904,  0.000) 11.808 
J_iso:  1.5160 
----------------------------------------------------------------------------------------
   Cr2   Cr2   (  2,   1,   0)  1.4462   (10.226,  5.904,  0.000) 11.808 
J_iso:  1.4462 
----------------------------------------------------------------------------------------
   Cr1   Cr1   (  0,  -2,   0) -0.1230   ( 6.817, -11.808,  0.000) 13.634 
J_iso: -0.1230 
----------------------------------------------------------------------------------------
   Cr2   Cr2   (  0,  -2,   0) -0.1713   ( 6.817, -11.808,  0.000) 13.634 
J_iso: -0.1713 
----------------------------------------------------------------------------------------
   Cr1   Cr1   (  0,   2,   0) -0.1230   (-6.817, 11.808,  0.000) 13.634 
J_iso: -0.1230 
----------------------------------------------------------------------------------------
   Cr2   Cr2   (  0,   2,   0) -0.1713   (-6.817, 11.808,  0.000) 13.634 
J_iso: -0.1713 
----------------------------------------------------------------------------------------
   Cr1   Cr1   ( -2,   0,   0) -0.1878   (-13.634,  0.000,  0.000) 13.634 
J_iso: -0.1878 
----------------------------------------------------------------------------------------
   Cr2   Cr2   ( -2,   0,   0) -0.1885   (-13.634,  0.000,  0.000) 13.634 
J_iso: -0.1885 
----------------------------------------------------------------------------------------
   Cr2   Cr2   (  2,   0,   0) -0.1885   (13.634,  0.000,  0.000) 13.634 
J_iso: -0.1885 
----------------------------------------------------------------------------------------
   Cr1   Cr1   (  2,   0,   0) -0.1878   (13.634,  0.000,  0.000) 13.634 
J_iso: -0.1878 
----------------------------------------------------------------------------------------
   Cr2   Cr2   (  2,   2,   0) -0.1675   ( 6.817, 11.808,  0.000) 13.634 
J_iso: -0.1675 
----------------------------------------------------------------------------------------
   Cr1   Cr1   ( -2,  -2,   0) -0.1536   (-6.817, -11.808,  0.000) 13.634 
J_iso: -0.1536 
----------------------------------------------------------------------------------------
   Cr2   Cr2   ( -2,  -2,   0) -0.1675   (-6.817, -11.808,  0.000) 13.634 
J_iso: -0.1675 
----------------------------------------------------------------------------------------
   Cr1   Cr1   (  2,   2,   0) -0.1536   ( 6.817, 11.808,  0.000) 13.634 
J_iso: -0.1536 
----------------------------------------------------------------------------------------
   Cr1   Cr2   ( -1,   2,   0) -0.4078   (-10.226,  9.840,  0.000) 14.191 
J_iso: -0.4078 
----------------------------------------------------------------------------------------
   Cr2   Cr1   (  1,  -2,   0) -0.4078   (10.226, -9.840,  0.000) 14.191 
J_iso: -0.4078 
----------------------------------------------------------------------------------------
   Cr2   Cr1   (  2,  -1,   0) -0.5300   (13.634, -3.936,  0.000) 14.191 
J_iso: -0.5300 
----------------------------------------------------------------------------------------
   Cr1   Cr2   ( -2,   1,   0) -0.5300   (-13.634,  3.936,  0.000) 14.191 
J_iso: -0.5300 
----------------------------------------------------------------------------------------
   Cr1   Cr2   ( -1,  -2,   0) -0.4678   ( 3.409, -13.776,  0.000) 14.191 
J_iso: -0.4678 
----------------------------------------------------------------------------------------
   Cr2   Cr1   (  1,   2,   0) -0.4678   (-3.409, 13.776,  0.000) 14.191 
J_iso: -0.4678 
----------------------------------------------------------------------------------------
   Cr1   Cr2   ( -2,  -2,   0) -0.4918   (-3.409, -13.776,  0.000) 14.191 
J_iso: -0.4918 
----------------------------------------------------------------------------------------
   Cr2   Cr1   (  2,   2,   0) -0.4918   ( 3.409, 13.776,  0.000) 14.191 
J_iso: -0.4918 
----------------------------------------------------------------------------------------
   Cr2   Cr1   ( -2,  -2,   0) -0.4579   (-10.226, -9.840,  0.000) 14.191 
J_iso: -0.4579 
----------------------------------------------------------------------------------------
   Cr1   Cr2   (  2,   2,   0) -0.4579   (10.226,  9.840,  0.000) 14.191 
J_iso: -0.4579 
----------------------------------------------------------------------------------------
   Cr2   Cr1   ( -2,  -1,   0) -0.4675   (-13.634, -3.936,  0.000) 14.191 
J_iso: -0.4675 
----------------------------------------------------------------------------------------
   Cr1   Cr2   (  2,   1,   0) -0.4675   (13.634,  3.936,  0.000) 14.191 
J_iso: -0.4675 
----------------------------------------------------------------------------------------
   Cr2   Cr1   ( -1,  -3,   0) -0.5446   (-0.000, -15.744,  0.000) 15.744 
J_iso: -0.5446 
----------------------------------------------------------------------------------------
   Cr1   Cr2   (  1,   3,   0) -0.5446   ( 0.000, 15.744,  0.000) 15.744 
J_iso: -0.5446 
----------------------------------------------------------------------------------------
   Cr2   Cr1   (  3,   1,   0) -0.6870   (13.634,  7.872,  0.000) 15.744 
J_iso: -0.6870 
----------------------------------------------------------------------------------------
   Cr1   Cr2   ( -3,  -1,   0) -0.6870   (-13.634, -7.872,  0.000) 15.744 
J_iso: -0.6870 
----------------------------------------------------------------------------------------
   Cr2   Cr1   ( -1,   1,   0) -0.6663   (-13.634,  7.872,  0.000) 15.744 
J_iso: -0.6663 
----------------------------------------------------------------------------------------
   Cr1   Cr2   (  1,  -1,   0) -0.6663   (13.634, -7.872,  0.000) 15.744 
J_iso: -0.6663 
----------------------------------------------------------------------------------------
   Cr2   Cr1   (  0,  -3,   0)  0.2813   ( 6.817, -15.744,  0.000) 17.156 
J_iso:  0.2813 
----------------------------------------------------------------------------------------
   Cr1   Cr2   (  0,   3,   0)  0.2813   (-6.817, 15.744,  0.000) 17.156 
J_iso:  0.2813 
----------------------------------------------------------------------------------------
   Cr1   Cr2   ( -3,   0,   0)  0.2510   (-17.043, -1.968,  0.000) 17.156 
J_iso:  0.2510 
----------------------------------------------------------------------------------------
   Cr2   Cr1   (  3,   0,   0)  0.2510   (17.043,  1.968,  0.000) 17.156 
J_iso:  0.2510 
----------------------------------------------------------------------------------------
   Cr1   Cr2   (  0,  -2,   0)  0.2463   (10.226, -13.776,  0.000) 17.156 
J_iso:  0.2463 
----------------------------------------------------------------------------------------
   Cr2   Cr1   (  0,   2,   0)  0.2463   (-10.226, 13.776,  0.000) 17.156 
J_iso:  0.2463 
----------------------------------------------------------------------------------------
   Cr2   Cr1   ( -2,  -3,   0)  0.2570   (-6.817, -15.744,  0.000) 17.156 
J_iso:  0.2570 
----------------------------------------------------------------------------------------
   Cr1   Cr2   (  2,   3,   0)  0.2570   ( 6.817, 15.744,  0.000) 17.156 
J_iso:  0.2570 
----------------------------------------------------------------------------------------
   Cr1   Cr2   ( -3,  -2,   0)  0.2432   (-10.226, -13.776,  0.000) 17.156 
J_iso:  0.2432 
----------------------------------------------------------------------------------------
   Cr2   Cr1   (  3,   2,   0)  0.2432   (10.226, 13.776,  0.000) 17.156 
J_iso:  0.2432 
----------------------------------------------------------------------------------------
   Cr2   Cr1   ( -2,   0,   0)  0.2802   (-17.043,  1.968,  0.000) 17.156 
J_iso:  0.2802 
----------------------------------------------------------------------------------------
   Cr1   Cr2   (  2,   0,   0)  0.2802   (17.043, -1.968,  0.000) 17.156 
J_iso:  0.2802 
----------------------------------------------------------------------------------------
   Cr1   Cr1   ( -1,   2,   0) -0.1532   (-13.634, 11.808,  0.000) 18.036 
J_iso: -0.1532 
----------------------------------------------------------------------------------------
   Cr2   Cr2   ( -1,   2,   0) -0.1804   (-13.634, 11.808,  0.000) 18.036 
J_iso: -0.1804 
----------------------------------------------------------------------------------------
   Cr1   Cr1   (  1,  -2,   0) -0.1532   (13.634, -11.808,  0.000) 18.036 
J_iso: -0.1532 
----------------------------------------------------------------------------------------
   Cr2   Cr2   (  1,  -2,   0) -0.1804   (13.634, -11.808,  0.000) 18.036 
J_iso: -0.1804 
----------------------------------------------------------------------------------------
   Cr1   Cr1   ( -1,  -3,   0) -0.1814   ( 3.409, -17.711,  0.000) 18.036 
J_iso: -0.1814 
----------------------------------------------------------------------------------------
   Cr2   Cr2   ( -1,  -3,   0) -0.1556   ( 3.409, -17.711,  0.000) 18.036 
J_iso: -0.1556 
----------------------------------------------------------------------------------------
   Cr1   Cr1   (  1,   3,   0) -0.1814   (-3.409, 17.711,  0.000) 18.036 
J_iso: -0.1814 
----------------------------------------------------------------------------------------
   Cr2   Cr2   (  1,   3,   0) -0.1556   (-3.409, 17.711,  0.000) 18.036 
J_iso: -0.1556 
----------------------------------------------------------------------------------------
   Cr1   Cr1   ( -2,   1,   0) -0.1984   (-17.043,  5.904,  0.000) 18.036 
J_iso: -0.1984 
----------------------------------------------------------------------------------------
   Cr2   Cr2   ( -2,   1,   0) -0.1889   (-17.043,  5.904,  0.000) 18.036 
J_iso: -0.1889 
----------------------------------------------------------------------------------------
   Cr1   Cr1   (  2,  -1,   0) -0.1984   (17.043, -5.904,  0.000) 18.036 
J_iso: -0.1984 
----------------------------------------------------------------------------------------
   Cr2   Cr2   (  2,  -1,   0) -0.1889   (17.043, -5.904,  0.000) 18.036 
J_iso: -0.1889 
----------------------------------------------------------------------------------------
   Cr1   Cr1   ( -2,  -3,   0) -0.1678   (-3.409, -17.711,  0.000) 18.036 
J_iso: -0.1678 
----------------------------------------------------------------------------------------
   Cr2   Cr2   ( -2,  -3,   0) -0.1694   (-3.409, -17.711,  0.000) 18.036 
J_iso: -0.1694 
----------------------------------------------------------------------------------------
   Cr1   Cr1   (  2,   3,   0) -0.1678   ( 3.409, 17.711,  0.000) 18.036 
J_iso: -0.1678 
----------------------------------------------------------------------------------------
   Cr2   Cr2   (  2,   3,   0) -0.1694   ( 3.409, 17.711,  0.000) 18.036 
J_iso: -0.1694 
----------------------------------------------------------------------------------------
   Cr1   Cr1   ( -3,  -1,   0) -0.1827   (-17.043, -5.904,  0.000) 18.036 
J_iso: -0.1827 
----------------------------------------------------------------------------------------
   Cr2   Cr2   ( -3,  -1,   0) -0.1761   (-17.043, -5.904,  0.000) 18.036 
J_iso: -0.1761 
----------------------------------------------------------------------------------------
   Cr1   Cr1   (  3,   1,   0) -0.1827   (17.043,  5.904,  0.000) 18.036 
J_iso: -0.1827 
----------------------------------------------------------------------------------------
   Cr2   Cr2   (  3,   1,   0) -0.1761   (17.043,  5.904,  0.000) 18.036 
J_iso: -0.1761 
----------------------------------------------------------------------------------------
   Cr1   Cr1   ( -3,  -2,   0) -0.1944   (-13.634, -11.808,  0.000) 18.036 
J_iso: -0.1944 
----------------------------------------------------------------------------------------
   Cr2   Cr2   ( -3,  -2,   0) -0.1998   (-13.634, -11.808,  0.000) 18.036 
J_iso: -0.1998 
----------------------------------------------------------------------------------------
   Cr1   Cr1   (  3,   2,   0) -0.1944   (13.634, 11.808,  0.000) 18.036 
J_iso: -0.1944 
----------------------------------------------------------------------------------------
   Cr2   Cr2   (  3,   2,   0) -0.1998   (13.634, 11.808,  0.000) 18.036 
J_iso: -0.1998 
----------------------------------------------------------------------------------------
   Cr1   Cr2   ( -2,   2,   0)  0.0622   (-17.043,  9.840,  0.000) 19.679 
J_iso:  0.0622 
----------------------------------------------------------------------------------------
   Cr2   Cr1   (  2,  -2,   0)  0.0622   (17.043, -9.840,  0.000) 19.679 
J_iso:  0.0622 
----------------------------------------------------------------------------------------
   Cr1   Cr2   ( -2,  -3,   0)  0.1100   (-0.000, -19.679,  0.000) 19.679 
J_iso:  0.1100 
----------------------------------------------------------------------------------------
   Cr2   Cr1   (  2,   3,   0)  0.1100   ( 0.000, 19.679,  0.000) 19.679 
J_iso:  0.1100 
----------------------------------------------------------------------------------------
   Cr2   Cr1   ( -3,  -2,   0)  0.0926   (-17.043, -9.840,  0.000) 19.679 
J_iso:  0.0926 
----------------------------------------------------------------------------------------
   Cr1   Cr2   (  3,   2,   0)  0.0926   (17.043,  9.840,  0.000) 19.679 
J_iso:  0.0926 
----------------------------------------------------------------------------------------
   Cr1   Cr1   (  0,  -3,   0) -0.1088   (10.226, -17.711,  0.000) 20.451 
J_iso: -0.1088 
----------------------------------------------------------------------------------------
   Cr2   Cr2   (  0,  -3,   0) -0.0975   (10.226, -17.711,  0.000) 20.451 
J_iso: -0.0975 
----------------------------------------------------------------------------------------
   Cr1   Cr1   (  0,   3,   0) -0.1088   (-10.226, 17.711,  0.000) 20.451 
J_iso: -0.1088 
----------------------------------------------------------------------------------------
   Cr2   Cr2   (  0,   3,   0) -0.0975   (-10.226, 17.711,  0.000) 20.451 
J_iso: -0.0975 
----------------------------------------------------------------------------------------
   Cr1   Cr1   ( -3,   0,   0) -0.0843   (-20.451,  0.000,  0.000) 20.451 
J_iso: -0.0843 
----------------------------------------------------------------------------------------
   Cr2   Cr2   ( -3,   0,   0) -0.0889   (-20.451,  0.000,  0.000) 20.451 
J_iso: -0.0889 
----------------------------------------------------------------------------------------
   Cr1   Cr1   (  3,   0,   0) -0.0843   (20.451,  0.000,  0.000) 20.451 
J_iso: -0.0843 
----------------------------------------------------------------------------------------
   Cr2   Cr2   (  3,   0,   0) -0.0889   (20.451,  0.000,  0.000) 20.451 
J_iso: -0.0889 
----------------------------------------------------------------------------------------
   Cr1   Cr1   ( -3,  -3,   0) -0.0953   (-10.226, -17.711,  0.000) 20.451 
J_iso: -0.0953 
----------------------------------------------------------------------------------------
   Cr2   Cr2   ( -3,  -3,   0) -0.1020   (-10.226, -17.711,  0.000) 20.451 
J_iso: -0.1020 
----------------------------------------------------------------------------------------
   Cr2   Cr2   (  3,   3,   0) -0.1020   (10.226, 17.711,  0.000) 20.451 
J_iso: -0.1020 
----------------------------------------------------------------------------------------
   Cr1   Cr1   (  3,   3,   0) -0.0953   (10.226, 17.711,  0.000) 20.451 
J_iso: -0.0953 
----------------------------------------------------------------------------------------
   Cr2   Cr1   (  1,  -3,   0)  0.1223   (13.634, -15.744,  0.000) 20.827 
J_iso:  0.1223 
----------------------------------------------------------------------------------------
   Cr1   Cr2   ( -1,   3,   0)  0.1223   (-13.634, 15.744,  0.000) 20.827 
J_iso:  0.1223 
----------------------------------------------------------------------------------------
   Cr1   Cr2   ( -3,   1,   0)  0.1111   (-20.451,  3.936,  0.000) 20.827 
J_iso:  0.1111 
----------------------------------------------------------------------------------------
   Cr2   Cr1   (  3,  -1,   0)  0.1111   (20.451, -3.936,  0.000) 20.827 
J_iso:  0.1111 
----------------------------------------------------------------------------------------
   Cr1   Cr2   ( -1,  -3,   0)  0.1243   ( 6.817, -19.679,  0.000) 20.827 
J_iso:  0.1243 
----------------------------------------------------------------------------------------
   Cr2   Cr1   (  1,   3,   0)  0.1243   (-6.817, 19.679,  0.000) 20.827 
J_iso:  0.1243 
----------------------------------------------------------------------------------------
   Cr1   Cr2   ( -3,  -3,   0)  0.1260   (-6.817, -19.679,  0.000) 20.827 
J_iso:  0.1260 
----------------------------------------------------------------------------------------
   Cr2   Cr1   (  3,   3,   0)  0.1260   ( 6.817, 19.679,  0.000) 20.827 
J_iso:  0.1260 
----------------------------------------------------------------------------------------
   Cr2   Cr1   ( -3,  -3,   0)  0.1041   (-13.634, -15.744,  0.000) 20.827 
J_iso:  0.1041 
----------------------------------------------------------------------------------------
   Cr1   Cr2   (  3,   3,   0)  0.1041   (13.634, 15.744,  0.000) 20.827 
J_iso:  0.1041 
----------------------------------------------------------------------------------------
   Cr2   Cr1   ( -3,  -1,   0)  0.1424   (-20.451, -3.936,  0.000) 20.827 
J_iso:  0.1424 
----------------------------------------------------------------------------------------
   Cr1   Cr2   (  3,   1,   0)  0.1424   (20.451,  3.936,  0.000) 20.827 
J_iso:  0.1424 
----------------------------------------------------------------------------------------
   Cr2   Cr1   ( -1,   2,   0) -0.0628   (-17.043, 13.776,  0.000) 21.914 
J_iso: -0.0628 
----------------------------------------------------------------------------------------
   Cr1   Cr2   (  1,  -2,   0) -0.0628   (17.043, -13.776,  0.000) 21.914 
J_iso: -0.0628 
----------------------------------------------------------------------------------------
   Cr2   Cr1   ( -2,   1,   0) -0.0847   (-20.451,  7.872,  0.000) 21.914 
J_iso: -0.0847 
----------------------------------------------------------------------------------------
   Cr1   Cr2   (  2,  -1,   0) -0.0847   (20.451, -7.872,  0.000) 21.914 
J_iso: -0.0847 
----------------------------------------------------------------------------------------
   Cr1   Cr1   ( -2,   2,   0) -0.0787   (-20.451, 11.808,  0.000) 23.615 
J_iso: -0.0787 
----------------------------------------------------------------------------------------
   Cr2   Cr2   ( -2,   2,   0) -0.0765   (-20.451, 11.808,  0.000) 23.615 
J_iso: -0.0765 
----------------------------------------------------------------------------------------
   Cr1   Cr1   (  2,  -2,   0) -0.0787   (20.451, -11.808,  0.000) 23.615 
J_iso: -0.0787 
----------------------------------------------------------------------------------------
   Cr2   Cr2   (  2,  -2,   0) -0.0765   (20.451, -11.808,  0.000) 23.615 
J_iso: -0.0765 
----------------------------------------------------------------------------------------
   Cr2   Cr1   (  0,   3,   0) -0.4271   (-13.634, 19.679,  0.000) 23.941 
J_iso: -0.4271 
----------------------------------------------------------------------------------------
   Cr1   Cr2   (  0,  -3,   0) -0.4271   (13.634, -19.679,  0.000) 23.941 
J_iso: -0.4271 
----------------------------------------------------------------------------------------
   Cr2   Cr1   ( -3,   0,   0) -0.4796   (-23.860,  1.968,  0.000) 23.941 
J_iso: -0.4796 
----------------------------------------------------------------------------------------
   Cr1   Cr2   (  3,   0,   0) -0.4796   (23.860, -1.968,  0.000) 23.941 
J_iso: -0.4796 
----------------------------------------------------------------------------------------
   Cr1   Cr1   ( -1,   3,   0)  0.3505   (-17.043, 17.711,  0.000) 24.580 
J_iso:  0.3505 
----------------------------------------------------------------------------------------
   Cr2   Cr2   ( -1,   3,   0)  0.3537   (-17.043, 17.711,  0.000) 24.580 
J_iso:  0.3537 
----------------------------------------------------------------------------------------
   Cr1   Cr1   (  1,  -3,   0)  0.3505   (17.043, -17.711,  0.000) 24.580 
J_iso:  0.3505 
----------------------------------------------------------------------------------------
   Cr2   Cr2   (  1,  -3,   0)  0.3537   (17.043, -17.711,  0.000) 24.580 
J_iso:  0.3537 
----------------------------------------------------------------------------------------
   Cr1   Cr1   ( -3,   1,   0)  0.3878   (-23.860,  5.904,  0.000) 24.580 
J_iso:  0.3878 
----------------------------------------------------------------------------------------
   Cr2   Cr2   ( -3,   1,   0)  0.3740   (-23.860,  5.904,  0.000) 24.580 
J_iso:  0.3740 
----------------------------------------------------------------------------------------
   Cr1   Cr1   (  3,  -1,   0)  0.3878   (23.860, -5.904,  0.000) 24.580 
J_iso:  0.3878 
----------------------------------------------------------------------------------------
   Cr2   Cr2   (  3,  -1,   0)  0.3740   (23.860, -5.904,  0.000) 24.580 
J_iso:  0.3740 
----------------------------------------------------------------------------------------
   Cr1   Cr2   ( -2,   3,   0)  0.1195   (-20.451, 15.744,  0.000) 25.809 
J_iso:  0.1195 
----------------------------------------------------------------------------------------
   Cr2   Cr1   (  2,  -3,   0)  0.1195   (20.451, -15.744,  0.000) 25.809 
J_iso:  0.1195 
----------------------------------------------------------------------------------------
   Cr1   Cr2   ( -3,   2,   0)  0.1352   (-23.860,  9.840,  0.000) 25.809 
J_iso:  0.1352 
----------------------------------------------------------------------------------------
   Cr2   Cr1   (  3,  -2,   0)  0.1352   (23.860, -9.840,  0.000) 25.809 
J_iso:  0.1352 
----------------------------------------------------------------------------------------
   Cr2   Cr1   ( -2,   2,   0) -1.3899   (-23.860, 13.776,  0.000) 27.551 
J_iso: -1.3899 
----------------------------------------------------------------------------------------
   Cr1   Cr2   (  2,  -2,   0) -1.3899   (23.860, -13.776,  0.000) 27.551 
J_iso: -1.3899 
----------------------------------------------------------------------------------------
   Cr2   Cr1   ( -1,   3,   0) -0.0931   (-20.451, 19.679,  0.000) 28.382 
J_iso: -0.0931 
----------------------------------------------------------------------------------------
   Cr1   Cr2   (  1,  -3,   0) -0.0931   (20.451, -19.679,  0.000) 28.382 
J_iso: -0.0931 
----------------------------------------------------------------------------------------
   Cr2   Cr1   ( -3,   1,   0) -0.0845   (-27.269,  7.872,  0.000) 28.382 
J_iso: -0.0845 
----------------------------------------------------------------------------------------
   Cr1   Cr2   (  3,  -1,   0) -0.0845   (27.269, -7.872,  0.000) 28.382 
J_iso: -0.0845 
----------------------------------------------------------------------------------------
   Cr1   Cr1   ( -2,   3,   0) -0.0515   (-23.860, 17.711,  0.000) 29.715 
J_iso: -0.0515 
----------------------------------------------------------------------------------------
   Cr2   Cr2   ( -2,   3,   0) -0.0508   (-23.860, 17.711,  0.000) 29.715 
J_iso: -0.0508 
----------------------------------------------------------------------------------------
   Cr1   Cr1   (  2,  -3,   0) -0.0515   (23.860, -17.711,  0.000) 29.715 
J_iso: -0.0515 
----------------------------------------------------------------------------------------
   Cr2   Cr2   (  2,  -3,   0) -0.0508   (23.860, -17.711,  0.000) 29.715 
J_iso: -0.0508 
----------------------------------------------------------------------------------------
   Cr1   Cr1   ( -3,   2,   0) -0.0740   (-27.269, 11.808,  0.000) 29.715 
J_iso: -0.0740 
----------------------------------------------------------------------------------------
   Cr2   Cr2   ( -3,   2,   0) -0.0617   (-27.269, 11.808,  0.000) 29.715 
J_iso: -0.0617 
----------------------------------------------------------------------------------------
   Cr1   Cr1   (  3,  -2,   0) -0.0740   (27.269, -11.808,  0.000) 29.715 
J_iso: -0.0740 
----------------------------------------------------------------------------------------
   Cr2   Cr2   (  3,  -2,   0) -0.0617   (27.269, -11.808,  0.000) 29.715 
J_iso: -0.0617 
----------------------------------------------------------------------------------------
   Cr1   Cr2   ( -3,   3,   0)  0.0978   (-27.269, 15.744,  0.000) 31.487 
J_iso:  0.0978 
----------------------------------------------------------------------------------------
   Cr2   Cr1   (  3,  -3,   0)  0.0978   (27.269, -15.744,  0.000) 31.487 
J_iso:  0.0978 
----------------------------------------------------------------------------------------
   Cr2   Cr1   ( -2,   3,   0) -0.0826   (-27.269, 19.679,  0.000) 33.628 
J_iso: -0.0826 
----------------------------------------------------------------------------------------
   Cr1   Cr2   (  2,  -3,   0) -0.0826   (27.269, -19.679,  0.000) 33.628 
J_iso: -0.0826 
----------------------------------------------------------------------------------------
   Cr2   Cr1   ( -3,   2,   0) -0.0522   (-30.677, 13.776,  0.000) 33.628 
J_iso: -0.0522 
----------------------------------------------------------------------------------------
   Cr1   Cr2   (  3,  -2,   0) -0.0522   (30.677, -13.776,  0.000) 33.628 
J_iso: -0.0522 
----------------------------------------------------------------------------------------
   Cr1   Cr1   ( -3,   3,   0)  0.3656   (-30.677, 17.711,  0.000) 35.423 
J_iso:  0.3656 
----------------------------------------------------------------------------------------
   Cr2   Cr2   ( -3,   3,   0)  0.3521   (-30.677, 17.711,  0.000) 35.423 
J_iso:  0.3521 
----------------------------------------------------------------------------------------
   Cr1   Cr1   (  3,  -3,   0)  0.3656   (30.677, -17.711,  0.000) 35.423 
J_iso:  0.3656 
----------------------------------------------------------------------------------------
   Cr2   Cr2   (  3,  -3,   0)  0.3521   (30.677, -17.711,  0.000) 35.423 
J_iso:  0.3521 
----------------------------------------------------------------------------------------
   Cr2   Cr1   ( -3,   3,   0) -0.3745   (-34.086, 19.679,  0.000) 39.359 
J_iso: -0.3745 
----------------------------------------------------------------------------------------
   Cr1   Cr2   (  3,  -3,   0) -0.3745   (34.086, -19.679,  0.000) 39.359 
J_iso: -0.3745 
