==========================================================================================
Information: 
Exchange parameters generated by TB2J 0.8.2
Generation time: 24/03/04 16:58:35
 Input from collinear Wannier90 data.
 Tight binding data from ./. 
 Prefix of wannier function files:up/cri3_up and dn/cri3_dn.
Warning: Please check if the noise level of Wannier function Hamiltonian to make sure it is much smaller than the exchange values.

==========================================================================================
Cell (Angstrom):
6.81714342  0.00000000  0.00000000
-3.40857171  5.90381938  0.00000000
0.00000000  0.00000000  20.07837375

==========================================================================================
Atoms:  
(Note: charge and magmoms only count the wannier functions.)
Atom number        x             y             z       w_charge  w_magmom 
Cr1            -0.00000000    3.93587959    0.00000000    5.2811    3.1514
Cr2             3.40857171    1.96793979    0.00000000    5.2986    3.1198
I1             -1.20700161    2.09058812    1.54465550    5.3488    0.0316
I2             -2.20157010    3.81323127   -1.54465490    5.3566   -0.0908
I3              1.20700161    2.09058812   -1.54465490    5.0324    0.1181
I4              2.20157010    3.81323127    1.54465550    5.1277   -0.0325
I5              2.41400322    0.00000000    1.54465550    5.1757   -0.1959
I6              4.40314020    0.00000000   -1.54465490    5.3466   -0.1049
Total                                                    41.9675    5.9968

==========================================================================================
Orbitals used in decomposition: 
The name of the orbitals for the decomposition: 
Cr1 : ['orb_1', 'orb_2', 'orb_3', 'orb_4', 'orb_5', 'orb_6']
Cr2 : ['orb_1', 'orb_2', 'orb_3', 'orb_4', 'orb_5', 'orb_6']

==========================================================================================
Exchange: 
    i      j          R        J_iso(meV)          vector          distance(A) 
----------------------------------------------------------------------------------------
   Cr1   Cr2   (  0,   1,   0)  1.5331   ( 0.000,  3.936,  0.000)  3.936 
J_iso:  1.5331 
----------------------------------------------------------------------------------------
   Cr2   Cr1   (  0,  -1,   0)  1.5331   (-0.000, -3.936,  0.000)  3.936 
J_iso:  1.5331 
----------------------------------------------------------------------------------------
   Cr1   Cr2   ( -1,   0,   0)  0.5292   (-3.409, -1.968,  0.000)  3.936 
J_iso:  0.5292 
----------------------------------------------------------------------------------------
   Cr2   Cr1   (  1,   0,   0)  0.5292   ( 3.409,  1.968,  0.000)  3.936 
J_iso:  0.5292 
----------------------------------------------------------------------------------------
   Cr1   Cr2   (  0,   0,   0)  1.0818   ( 3.409, -1.968,  0.000)  3.936 
J_iso:  1.0818 
----------------------------------------------------------------------------------------
   Cr2   Cr1   (  0,   0,   0)  1.0818   (-3.409,  1.968,  0.000)  3.936 
J_iso:  1.0818 
----------------------------------------------------------------------------------------
   Cr1   Cr1   (  0,  -1,   0)  0.8660   ( 3.409, -5.904,  0.000)  6.817 
J_iso:  0.8660 
----------------------------------------------------------------------------------------
   Cr1   Cr1   (  0,   1,   0)  0.8660   (-3.409,  5.904,  0.000)  6.817 
J_iso:  0.8660 
----------------------------------------------------------------------------------------
   Cr2   Cr2   (  0,   1,   0)  0.8959   (-3.409,  5.904,  0.000)  6.817 
J_iso:  0.8959 
----------------------------------------------------------------------------------------
   Cr2   Cr2   (  0,  -1,   0)  0.8959   ( 3.409, -5.904,  0.000)  6.817 
J_iso:  0.8959 
----------------------------------------------------------------------------------------
   Cr2   Cr2   (  1,   0,   0)  0.7469   ( 6.817,  0.000,  0.000)  6.817 
J_iso:  0.7469 
----------------------------------------------------------------------------------------
   Cr1   Cr1   ( -1,   0,   0)  0.7680   (-6.817,  0.000,  0.000)  6.817 
J_iso:  0.7680 
----------------------------------------------------------------------------------------
   Cr2   Cr2   ( -1,   0,   0)  0.7469   (-6.817,  0.000,  0.000)  6.817 
J_iso:  0.7469 
----------------------------------------------------------------------------------------
   Cr1   Cr1   (  1,   0,   0)  0.7680   ( 6.817,  0.000,  0.000)  6.817 
J_iso:  0.7680 
----------------------------------------------------------------------------------------
   Cr1   Cr1   ( -1,  -1,   0)  0.8837   (-3.409, -5.904,  0.000)  6.817 
J_iso:  0.8837 
----------------------------------------------------------------------------------------
   Cr2   Cr2   ( -1,  -1,   0)  0.8368   (-3.409, -5.904,  0.000)  6.817 
J_iso:  0.8368 
----------------------------------------------------------------------------------------
   Cr1   Cr1   (  1,   1,   0)  0.8837   ( 3.409,  5.904,  0.000)  6.817 
J_iso:  0.8837 
----------------------------------------------------------------------------------------
   Cr2   Cr2   (  1,   1,   0)  0.8368   ( 3.409,  5.904,  0.000)  6.817 
J_iso:  0.8368 
----------------------------------------------------------------------------------------
   Cr1   Cr2   ( -1,   1,   0) -0.2086   (-6.817,  3.936,  0.000)  7.872 
J_iso: -0.2086 
----------------------------------------------------------------------------------------
   Cr2   Cr1   (  1,  -1,   0) -0.2086   ( 6.817, -3.936,  0.000)  7.872 
J_iso: -0.2086 
----------------------------------------------------------------------------------------
   Cr1   Cr2   ( -1,  -1,   0) -0.1679   ( 0.000, -7.872,  0.000)  7.872 
J_iso: -0.1679 
----------------------------------------------------------------------------------------
   Cr2   Cr1   (  1,   1,   0) -0.1679   (-0.000,  7.872,  0.000)  7.872 
J_iso: -0.1679 
----------------------------------------------------------------------------------------
   Cr2   Cr1   ( -1,  -1,   0) -0.2163   (-6.817, -3.936,  0.000)  7.872 
J_iso: -0.2163 
----------------------------------------------------------------------------------------
   Cr1   Cr2   (  1,   1,   0) -0.2163   ( 6.817,  3.936,  0.000)  7.872 
J_iso: -0.2163 
----------------------------------------------------------------------------------------
   Cr2   Cr1   (  0,  -2,   0) -0.0014   ( 3.409, -9.840,  0.000) 10.413 
J_iso: -0.0014 
----------------------------------------------------------------------------------------
   Cr1   Cr2   (  0,   2,   0) -0.0014   (-3.409,  9.840,  0.000) 10.413 
J_iso: -0.0014 
----------------------------------------------------------------------------------------
   Cr1   Cr2   ( -2,   0,   0) -0.0064   (-10.226, -1.968,  0.000) 10.413 
J_iso: -0.0064 
----------------------------------------------------------------------------------------
   Cr2   Cr1   (  2,   0,   0) -0.0064   (10.226,  1.968,  0.000) 10.413 
J_iso: -0.0064 
----------------------------------------------------------------------------------------
   Cr2   Cr1   ( -1,  -2,   0)  0.0002   (-3.409, -9.840,  0.000) 10.413 
J_iso:  0.0002 
----------------------------------------------------------------------------------------
   Cr1   Cr2   (  1,   2,   0)  0.0002   ( 3.409,  9.840,  0.000) 10.413 
J_iso:  0.0002 
----------------------------------------------------------------------------------------
   Cr1   Cr2   ( -2,  -1,   0) -0.0032   (-6.817, -7.872,  0.000) 10.413 
J_iso: -0.0032 
----------------------------------------------------------------------------------------
   Cr2   Cr1   (  2,   1,   0) -0.0032   ( 6.817,  7.872,  0.000) 10.413 
J_iso: -0.0032 
----------------------------------------------------------------------------------------
   Cr1   Cr2   (  0,  -1,   0) -0.0057   ( 6.817, -7.872,  0.000) 10.413 
J_iso: -0.0057 
----------------------------------------------------------------------------------------
   Cr2   Cr1   (  0,   1,   0) -0.0057   (-6.817,  7.872,  0.000) 10.413 
J_iso: -0.0057 
----------------------------------------------------------------------------------------
   Cr2   Cr1   ( -1,   0,   0) -0.0045   (-10.226,  1.968,  0.000) 10.413 
J_iso: -0.0045 
----------------------------------------------------------------------------------------
   Cr1   Cr2   (  1,   0,   0) -0.0045   (10.226, -1.968,  0.000) 10.413 
J_iso: -0.0045 
----------------------------------------------------------------------------------------
   Cr1   Cr1   ( -1,   1,   0) -0.0278   (-10.226,  5.904,  0.000) 11.808 
J_iso: -0.0278 
----------------------------------------------------------------------------------------
   Cr2   Cr2   ( -1,   1,   0) -0.0301   (-10.226,  5.904,  0.000) 11.808 
J_iso: -0.0301 
----------------------------------------------------------------------------------------
   Cr2   Cr2   (  1,  -1,   0) -0.0301   (10.226, -5.904,  0.000) 11.808 
J_iso: -0.0301 
----------------------------------------------------------------------------------------
   Cr1   Cr1   (  1,  -1,   0) -0.0278   (10.226, -5.904,  0.000) 11.808 
J_iso: -0.0278 
----------------------------------------------------------------------------------------
   Cr1   Cr1   ( -1,  -2,   0) -0.0273   (-0.000, -11.808,  0.000) 11.808 
J_iso: -0.0273 
----------------------------------------------------------------------------------------
   Cr2   Cr2   ( -1,  -2,   0) -0.0304   (-0.000, -11.808,  0.000) 11.808 
J_iso: -0.0304 
----------------------------------------------------------------------------------------
   Cr1   Cr1   (  1,   2,   0) -0.0273   ( 0.000, 11.808,  0.000) 11.808 
J_iso: -0.0273 
----------------------------------------------------------------------------------------
   Cr2   Cr2   (  1,   2,   0) -0.0304   ( 0.000, 11.808,  0.000) 11.808 
J_iso: -0.0304 
----------------------------------------------------------------------------------------
   Cr1   Cr1   ( -2,  -1,   0) -0.0286   (-10.226, -5.904,  0.000) 11.808 
J_iso: -0.0286 
----------------------------------------------------------------------------------------
   Cr2   Cr2   ( -2,  -1,   0) -0.0281   (-10.226, -5.904,  0.000) 11.808 
J_iso: -0.0281 
----------------------------------------------------------------------------------------
   Cr1   Cr1   (  2,   1,   0) -0.0286   (10.226,  5.904,  0.000) 11.808 
J_iso: -0.0286 
----------------------------------------------------------------------------------------
   Cr2   Cr2   (  2,   1,   0) -0.0281   (10.226,  5.904,  0.000) 11.808 
J_iso: -0.0281 
----------------------------------------------------------------------------------------
   Cr1   Cr1   (  0,  -2,   0) -0.0087   ( 6.817, -11.808,  0.000) 13.634 
J_iso: -0.0087 
----------------------------------------------------------------------------------------
   Cr2   Cr2   (  0,  -2,   0) -0.0079   ( 6.817, -11.808,  0.000) 13.634 
J_iso: -0.0079 
----------------------------------------------------------------------------------------
   Cr1   Cr1   (  0,   2,   0) -0.0087   (-6.817, 11.808,  0.000) 13.634 
J_iso: -0.0087 
----------------------------------------------------------------------------------------
   Cr2   Cr2   (  0,   2,   0) -0.0079   (-6.817, 11.808,  0.000) 13.634 
J_iso: -0.0079 
----------------------------------------------------------------------------------------
   Cr1   Cr1   ( -2,   0,   0) -0.0083   (-13.634,  0.000,  0.000) 13.634 
J_iso: -0.0083 
----------------------------------------------------------------------------------------
   Cr2   Cr2   ( -2,   0,   0) -0.0093   (-13.634,  0.000,  0.000) 13.634 
J_iso: -0.0093 
----------------------------------------------------------------------------------------
   Cr2   Cr2   (  2,   0,   0) -0.0093   (13.634,  0.000,  0.000) 13.634 
J_iso: -0.0093 
----------------------------------------------------------------------------------------
   Cr1   Cr1   (  2,   0,   0) -0.0083   (13.634,  0.000,  0.000) 13.634 
J_iso: -0.0083 
----------------------------------------------------------------------------------------
   Cr2   Cr2   (  2,   2,   0) -0.0082   ( 6.817, 11.808,  0.000) 13.634 
J_iso: -0.0082 
----------------------------------------------------------------------------------------
   Cr1   Cr1   ( -2,  -2,   0) -0.0079   (-6.817, -11.808,  0.000) 13.634 
J_iso: -0.0079 
----------------------------------------------------------------------------------------
   Cr2   Cr2   ( -2,  -2,   0) -0.0082   (-6.817, -11.808,  0.000) 13.634 
J_iso: -0.0082 
----------------------------------------------------------------------------------------
   Cr1   Cr1   (  2,   2,   0) -0.0079   ( 6.817, 11.808,  0.000) 13.634 
J_iso: -0.0079 
----------------------------------------------------------------------------------------
   Cr1   Cr2   ( -1,   2,   0) -0.0001   (-10.226,  9.840,  0.000) 14.191 
J_iso: -0.0001 
----------------------------------------------------------------------------------------
   Cr2   Cr1   (  1,  -2,   0) -0.0001   (10.226, -9.840,  0.000) 14.191 
J_iso: -0.0001 
----------------------------------------------------------------------------------------
   Cr2   Cr1   (  2,  -1,   0) -0.0001   (13.634, -3.936,  0.000) 14.191 
J_iso: -0.0001 
----------------------------------------------------------------------------------------
   Cr1   Cr2   ( -2,   1,   0) -0.0001   (-13.634,  3.936,  0.000) 14.191 
J_iso: -0.0001 
----------------------------------------------------------------------------------------
   Cr1   Cr2   ( -1,  -2,   0)  0.0001   ( 3.409, -13.776,  0.000) 14.191 
J_iso:  0.0001 
----------------------------------------------------------------------------------------
   Cr2   Cr1   (  1,   2,   0)  0.0001   (-3.409, 13.776,  0.000) 14.191 
J_iso:  0.0001 
----------------------------------------------------------------------------------------
   Cr1   Cr2   ( -2,  -2,   0) -0.0002   (-3.409, -13.776,  0.000) 14.191 
J_iso: -0.0002 
----------------------------------------------------------------------------------------
   Cr2   Cr1   (  2,   2,   0) -0.0002   ( 3.409, 13.776,  0.000) 14.191 
J_iso: -0.0002 
----------------------------------------------------------------------------------------
   Cr2   Cr1   ( -2,  -2,   0) -0.0003   (-10.226, -9.840,  0.000) 14.191 
J_iso: -0.0003 
----------------------------------------------------------------------------------------
   Cr1   Cr2   (  2,   2,   0) -0.0003   (10.226,  9.840,  0.000) 14.191 
J_iso: -0.0003 
----------------------------------------------------------------------------------------
   Cr2   Cr1   ( -2,  -1,   0) -0.0000   (-13.634, -3.936,  0.000) 14.191 
J_iso: -0.0000 
----------------------------------------------------------------------------------------
   Cr1   Cr2   (  2,   1,   0) -0.0000   (13.634,  3.936,  0.000) 14.191 
J_iso: -0.0000 
----------------------------------------------------------------------------------------
   Cr2   Cr1   ( -1,  -3,   0) -0.0058   (-0.000, -15.744,  0.000) 15.744 
J_iso: -0.0058 
----------------------------------------------------------------------------------------
   Cr1   Cr2   (  1,   3,   0) -0.0058   ( 0.000, 15.744,  0.000) 15.744 
J_iso: -0.0058 
----------------------------------------------------------------------------------------
   Cr2   Cr1   (  3,   1,   0) -0.0062   (13.634,  7.872,  0.000) 15.744 
J_iso: -0.0062 
----------------------------------------------------------------------------------------
   Cr1   Cr2   ( -3,  -1,   0) -0.0062   (-13.634, -7.872,  0.000) 15.744 
J_iso: -0.0062 
----------------------------------------------------------------------------------------
   Cr2   Cr1   ( -1,   1,   0) -0.0060   (-13.634,  7.872,  0.000) 15.744 
J_iso: -0.0060 
----------------------------------------------------------------------------------------
   Cr1   Cr2   (  1,  -1,   0) -0.0060   (13.634, -7.872,  0.000) 15.744 
J_iso: -0.0060 
----------------------------------------------------------------------------------------
   Cr2   Cr1   (  0,  -3,   0) -0.0008   ( 6.817, -15.744,  0.000) 17.156 
J_iso: -0.0008 
----------------------------------------------------------------------------------------
   Cr1   Cr2   (  0,   3,   0) -0.0008   (-6.817, 15.744,  0.000) 17.156 
J_iso: -0.0008 
----------------------------------------------------------------------------------------
   Cr1   Cr2   ( -3,   0,   0) -0.0007   (-17.043, -1.968,  0.000) 17.156 
J_iso: -0.0007 
----------------------------------------------------------------------------------------
   Cr2   Cr1   (  3,   0,   0) -0.0007   (17.043,  1.968,  0.000) 17.156 
J_iso: -0.0007 
----------------------------------------------------------------------------------------
   Cr1   Cr2   (  0,  -2,   0) -0.0008   (10.226, -13.776,  0.000) 17.156 
J_iso: -0.0008 
----------------------------------------------------------------------------------------
   Cr2   Cr1   (  0,   2,   0) -0.0008   (-10.226, 13.776,  0.000) 17.156 
J_iso: -0.0008 
----------------------------------------------------------------------------------------
   Cr2   Cr1   ( -2,  -3,   0) -0.0008   (-6.817, -15.744,  0.000) 17.156 
J_iso: -0.0008 
----------------------------------------------------------------------------------------
   Cr1   Cr2   (  2,   3,   0) -0.0008   ( 6.817, 15.744,  0.000) 17.156 
J_iso: -0.0008 
----------------------------------------------------------------------------------------
   Cr1   Cr2   ( -3,  -2,   0) -0.0009   (-10.226, -13.776,  0.000) 17.156 
J_iso: -0.0009 
----------------------------------------------------------------------------------------
   Cr2   Cr1   (  3,   2,   0) -0.0009   (10.226, 13.776,  0.000) 17.156 
J_iso: -0.0009 
----------------------------------------------------------------------------------------
   Cr2   Cr1   ( -2,   0,   0) -0.0007   (-17.043,  1.968,  0.000) 17.156 
J_iso: -0.0007 
----------------------------------------------------------------------------------------
   Cr1   Cr2   (  2,   0,   0) -0.0007   (17.043, -1.968,  0.000) 17.156 
J_iso: -0.0007 
----------------------------------------------------------------------------------------
   Cr1   Cr1   ( -1,   2,   0)  0.0001   (-13.634, 11.808,  0.000) 18.036 
J_iso:  0.0001 
----------------------------------------------------------------------------------------
   Cr2   Cr2   ( -1,   2,   0)  0.0000   (-13.634, 11.808,  0.000) 18.036 
J_iso:  0.0000 
----------------------------------------------------------------------------------------
   Cr1   Cr1   (  1,  -2,   0)  0.0001   (13.634, -11.808,  0.000) 18.036 
J_iso:  0.0001 
----------------------------------------------------------------------------------------
   Cr2   Cr2   (  1,  -2,   0)  0.0000   (13.634, -11.808,  0.000) 18.036 
J_iso:  0.0000 
----------------------------------------------------------------------------------------
   Cr1   Cr1   ( -1,  -3,   0)  0.0001   ( 3.409, -17.711,  0.000) 18.036 
J_iso:  0.0001 
----------------------------------------------------------------------------------------
   Cr2   Cr2   ( -1,  -3,   0)  0.0000   ( 3.409, -17.711,  0.000) 18.036 
J_iso:  0.0000 
----------------------------------------------------------------------------------------
   Cr1   Cr1   (  1,   3,   0)  0.0001   (-3.409, 17.711,  0.000) 18.036 
J_iso:  0.0001 
----------------------------------------------------------------------------------------
   Cr2   Cr2   (  1,   3,   0)  0.0000   (-3.409, 17.711,  0.000) 18.036 
J_iso:  0.0000 
----------------------------------------------------------------------------------------
   Cr1   Cr1   ( -2,   1,   0)  0.0001   (-17.043,  5.904,  0.000) 18.036 
J_iso:  0.0001 
----------------------------------------------------------------------------------------
   Cr2   Cr2   ( -2,   1,   0)  0.0001   (-17.043,  5.904,  0.000) 18.036 
J_iso:  0.0001 
----------------------------------------------------------------------------------------
   Cr1   Cr1   (  2,  -1,   0)  0.0001   (17.043, -5.904,  0.000) 18.036 
J_iso:  0.0001 
----------------------------------------------------------------------------------------
   Cr2   Cr2   (  2,  -1,   0)  0.0001   (17.043, -5.904,  0.000) 18.036 
J_iso:  0.0001 
----------------------------------------------------------------------------------------
   Cr1   Cr1   ( -2,  -3,   0)  0.0000   (-3.409, -17.711,  0.000) 18.036 
J_iso:  0.0000 
----------------------------------------------------------------------------------------
   Cr2   Cr2   ( -2,  -3,   0)  0.0001   (-3.409, -17.711,  0.000) 18.036 
J_iso:  0.0001 
----------------------------------------------------------------------------------------
   Cr1   Cr1   (  2,   3,   0)  0.0000   ( 3.409, 17.711,  0.000) 18.036 
J_iso:  0.0000 
----------------------------------------------------------------------------------------
   Cr2   Cr2   (  2,   3,   0)  0.0001   ( 3.409, 17.711,  0.000) 18.036 
J_iso:  0.0001 
----------------------------------------------------------------------------------------
   Cr1   Cr1   ( -3,  -1,   0)  0.0001   (-17.043, -5.904,  0.000) 18.036 
J_iso:  0.0001 
----------------------------------------------------------------------------------------
   Cr2   Cr2   ( -3,  -1,   0)  0.0001   (-17.043, -5.904,  0.000) 18.036 
J_iso:  0.0001 
----------------------------------------------------------------------------------------
   Cr1   Cr1   (  3,   1,   0)  0.0001   (17.043,  5.904,  0.000) 18.036 
J_iso:  0.0001 
----------------------------------------------------------------------------------------
   Cr2   Cr2   (  3,   1,   0)  0.0001   (17.043,  5.904,  0.000) 18.036 
J_iso:  0.0001 
----------------------------------------------------------------------------------------
   Cr1   Cr1   ( -3,  -2,   0) -0.0000   (-13.634, -11.808,  0.000) 18.036 
J_iso: -0.0000 
----------------------------------------------------------------------------------------
   Cr2   Cr2   ( -3,  -2,   0)  0.0000   (-13.634, -11.808,  0.000) 18.036 
J_iso:  0.0000 
----------------------------------------------------------------------------------------
   Cr1   Cr1   (  3,   2,   0) -0.0000   (13.634, 11.808,  0.000) 18.036 
J_iso: -0.0000 
----------------------------------------------------------------------------------------
   Cr2   Cr2   (  3,   2,   0)  0.0000   (13.634, 11.808,  0.000) 18.036 
J_iso:  0.0000 
----------------------------------------------------------------------------------------
   Cr1   Cr2   ( -2,   2,   0)  0.0000   (-17.043,  9.840,  0.000) 19.679 
J_iso:  0.0000 
----------------------------------------------------------------------------------------
   Cr2   Cr1   (  2,  -2,   0)  0.0000   (17.043, -9.840,  0.000) 19.679 
J_iso:  0.0000 
----------------------------------------------------------------------------------------
   Cr1   Cr2   ( -2,  -3,   0)  0.0001   (-0.000, -19.679,  0.000) 19.679 
J_iso:  0.0001 
----------------------------------------------------------------------------------------
   Cr2   Cr1   (  2,   3,   0)  0.0001   ( 0.000, 19.679,  0.000) 19.679 
J_iso:  0.0001 
----------------------------------------------------------------------------------------
   Cr2   Cr1   ( -3,  -2,   0) -0.0000   (-17.043, -9.840,  0.000) 19.679 
J_iso: -0.0000 
----------------------------------------------------------------------------------------
   Cr1   Cr2   (  3,   2,   0) -0.0000   (17.043,  9.840,  0.000) 19.679 
J_iso: -0.0000 
----------------------------------------------------------------------------------------
   Cr1   Cr1   (  0,  -3,   0) -0.0001   (10.226, -17.711,  0.000) 20.451 
J_iso: -0.0001 
----------------------------------------------------------------------------------------
   Cr2   Cr2   (  0,  -3,   0) -0.0001   (10.226, -17.711,  0.000) 20.451 
J_iso: -0.0001 
----------------------------------------------------------------------------------------
   Cr1   Cr1   (  0,   3,   0) -0.0001   (-10.226, 17.711,  0.000) 20.451 
J_iso: -0.0001 
----------------------------------------------------------------------------------------
   Cr2   Cr2   (  0,   3,   0) -0.0001   (-10.226, 17.711,  0.000) 20.451 
J_iso: -0.0001 
----------------------------------------------------------------------------------------
   Cr1   Cr1   ( -3,   0,   0) -0.0001   (-20.451,  0.000,  0.000) 20.451 
J_iso: -0.0001 
----------------------------------------------------------------------------------------
   Cr2   Cr2   ( -3,   0,   0) -0.0001   (-20.451,  0.000,  0.000) 20.451 
J_iso: -0.0001 
----------------------------------------------------------------------------------------
   Cr1   Cr1   (  3,   0,   0) -0.0001   (20.451,  0.000,  0.000) 20.451 
J_iso: -0.0001 
----------------------------------------------------------------------------------------
   Cr2   Cr2   (  3,   0,   0) -0.0001   (20.451,  0.000,  0.000) 20.451 
J_iso: -0.0001 
----------------------------------------------------------------------------------------
   Cr1   Cr1   ( -3,  -3,   0) -0.0001   (-10.226, -17.711,  0.000) 20.451 
J_iso: -0.0001 
----------------------------------------------------------------------------------------
   Cr2   Cr2   ( -3,  -3,   0) -0.0001   (-10.226, -17.711,  0.000) 20.451 
J_iso: -0.0001 
----------------------------------------------------------------------------------------
   Cr2   Cr2   (  3,   3,   0) -0.0001   (10.226, 17.711,  0.000) 20.451 
J_iso: -0.0001 
----------------------------------------------------------------------------------------
   Cr1   Cr1   (  3,   3,   0) -0.0001   (10.226, 17.711,  0.000) 20.451 
J_iso: -0.0001 
----------------------------------------------------------------------------------------
   Cr2   Cr1   (  1,  -3,   0) -0.0001   (13.634, -15.744,  0.000) 20.827 
J_iso: -0.0001 
----------------------------------------------------------------------------------------
   Cr1   Cr2   ( -1,   3,   0) -0.0001   (-13.634, 15.744,  0.000) 20.827 
J_iso: -0.0001 
----------------------------------------------------------------------------------------
   Cr1   Cr2   ( -3,   1,   0) -0.0001   (-20.451,  3.936,  0.000) 20.827 
J_iso: -0.0001 
----------------------------------------------------------------------------------------
   Cr2   Cr1   (  3,  -1,   0) -0.0001   (20.451, -3.936,  0.000) 20.827 
J_iso: -0.0001 
----------------------------------------------------------------------------------------
   Cr1   Cr2   ( -1,  -3,   0) -0.0001   ( 6.817, -19.679,  0.000) 20.827 
J_iso: -0.0001 
----------------------------------------------------------------------------------------
   Cr2   Cr1   (  1,   3,   0) -0.0001   (-6.817, 19.679,  0.000) 20.827 
J_iso: -0.0001 
----------------------------------------------------------------------------------------
   Cr1   Cr2   ( -3,  -3,   0) -0.0001   (-6.817, -19.679,  0.000) 20.827 
J_iso: -0.0001 
----------------------------------------------------------------------------------------
   Cr2   Cr1   (  3,   3,   0) -0.0001   ( 6.817, 19.679,  0.000) 20.827 
J_iso: -0.0001 
----------------------------------------------------------------------------------------
   Cr2   Cr1   ( -3,  -3,   0) -0.0001   (-13.634, -15.744,  0.000) 20.827 
J_iso: -0.0001 
----------------------------------------------------------------------------------------
   Cr1   Cr2   (  3,   3,   0) -0.0001   (13.634, 15.744,  0.000) 20.827 
J_iso: -0.0001 
----------------------------------------------------------------------------------------
   Cr2   Cr1   ( -3,  -1,   0) -0.0001   (-20.451, -3.936,  0.000) 20.827 
J_iso: -0.0001 
----------------------------------------------------------------------------------------
   Cr1   Cr2   (  3,   1,   0) -0.0001   (20.451,  3.936,  0.000) 20.827 
J_iso: -0.0001 
----------------------------------------------------------------------------------------
   Cr2   Cr1   ( -1,   2,   0) -0.0000   (-17.043, 13.776,  0.000) 21.914 
J_iso: -0.0000 
----------------------------------------------------------------------------------------
   Cr1   Cr2   (  1,  -2,   0) -0.0000   (17.043, -13.776,  0.000) 21.914 
J_iso: -0.0000 
----------------------------------------------------------------------------------------
   Cr2   Cr1   ( -2,   1,   0)  0.0000   (-20.451,  7.872,  0.000) 21.914 
J_iso:  0.0000 
----------------------------------------------------------------------------------------
   Cr1   Cr2   (  2,  -1,   0)  0.0000   (20.451, -7.872,  0.000) 21.914 
J_iso:  0.0000 
----------------------------------------------------------------------------------------
   Cr1   Cr1   ( -2,   2,   0)  0.0000   (-20.451, 11.808,  0.000) 23.615 
J_iso:  0.0000 
----------------------------------------------------------------------------------------
   Cr2   Cr2   ( -2,   2,   0)  0.0000   (-20.451, 11.808,  0.000) 23.615 
J_iso:  0.0000 
----------------------------------------------------------------------------------------
   Cr1   Cr1   (  2,  -2,   0)  0.0000   (20.451, -11.808,  0.000) 23.615 
J_iso:  0.0000 
----------------------------------------------------------------------------------------
   Cr2   Cr2   (  2,  -2,   0)  0.0000   (20.451, -11.808,  0.000) 23.615 
J_iso:  0.0000 
----------------------------------------------------------------------------------------
   Cr2   Cr1   (  0,   3,   0)  0.0000   (-13.634, 19.679,  0.000) 23.941 
J_iso:  0.0000 
----------------------------------------------------------------------------------------
   Cr1   Cr2   (  0,  -3,   0)  0.0000   (13.634, -19.679,  0.000) 23.941 
J_iso:  0.0000 
----------------------------------------------------------------------------------------
   Cr2   Cr1   ( -3,   0,   0)  0.0000   (-23.860,  1.968,  0.000) 23.941 
J_iso:  0.0000 
----------------------------------------------------------------------------------------
   Cr1   Cr2   (  3,   0,   0)  0.0000   (23.860, -1.968,  0.000) 23.941 
J_iso:  0.0000 
----------------------------------------------------------------------------------------
   Cr1   Cr1   ( -1,   3,   0)  0.0000   (-17.043, 17.711,  0.000) 24.580 
J_iso:  0.0000 
----------------------------------------------------------------------------------------
   Cr2   Cr2   ( -1,   3,   0)  0.0000   (-17.043, 17.711,  0.000) 24.580 
J_iso:  0.0000 
----------------------------------------------------------------------------------------
   Cr1   Cr1   (  1,  -3,   0)  0.0000   (17.043, -17.711,  0.000) 24.580 
J_iso:  0.0000 
----------------------------------------------------------------------------------------
   Cr2   Cr2   (  1,  -3,   0)  0.0000   (17.043, -17.711,  0.000) 24.580 
J_iso:  0.0000 
----------------------------------------------------------------------------------------
   Cr1   Cr1   ( -3,   1,   0)  0.0000   (-23.860,  5.904,  0.000) 24.580 
J_iso:  0.0000 
----------------------------------------------------------------------------------------
   Cr2   Cr2   ( -3,   1,   0)  0.0000   (-23.860,  5.904,  0.000) 24.580 
J_iso:  0.0000 
----------------------------------------------------------------------------------------
   Cr1   Cr1   (  3,  -1,   0)  0.0000   (23.860, -5.904,  0.000) 24.580 
J_iso:  0.0000 
----------------------------------------------------------------------------------------
   Cr2   Cr2   (  3,  -1,   0)  0.0000   (23.860, -5.904,  0.000) 24.580 
J_iso:  0.0000 
----------------------------------------------------------------------------------------
   Cr1   Cr2   ( -2,   3,   0)  0.0000   (-20.451, 15.744,  0.000) 25.809 
J_iso:  0.0000 
----------------------------------------------------------------------------------------
   Cr2   Cr1   (  2,  -3,   0)  0.0000   (20.451, -15.744,  0.000) 25.809 
J_iso:  0.0000 
----------------------------------------------------------------------------------------
   Cr1   Cr2   ( -3,   2,   0)  0.0000   (-23.860,  9.840,  0.000) 25.809 
J_iso:  0.0000 
----------------------------------------------------------------------------------------
   Cr2   Cr1   (  3,  -2,   0)  0.0000   (23.860, -9.840,  0.000) 25.809 
J_iso:  0.0000 
----------------------------------------------------------------------------------------
   Cr2   Cr1   ( -2,   2,   0) -0.0000   (-23.860, 13.776,  0.000) 27.551 
J_iso: -0.0000 
----------------------------------------------------------------------------------------
   Cr1   Cr2   (  2,  -2,   0) -0.0000   (23.860, -13.776,  0.000) 27.551 
J_iso: -0.0000 
----------------------------------------------------------------------------------------
   Cr2   Cr1   ( -1,   3,   0)  0.0000   (-20.451, 19.679,  0.000) 28.382 
J_iso:  0.0000 
----------------------------------------------------------------------------------------
   Cr1   Cr2   (  1,  -3,   0)  0.0000   (20.451, -19.679,  0.000) 28.382 
J_iso:  0.0000 
----------------------------------------------------------------------------------------
   Cr2   Cr1   ( -3,   1,   0)  0.0000   (-27.269,  7.872,  0.000) 28.382 
J_iso:  0.0000 
----------------------------------------------------------------------------------------
   Cr1   Cr2   (  3,  -1,   0)  0.0000   (27.269, -7.872,  0.000) 28.382 
J_iso:  0.0000 
----------------------------------------------------------------------------------------
   Cr1   Cr1   ( -2,   3,   0)  0.0000   (-23.860, 17.711,  0.000) 29.715 
J_iso:  0.0000 
----------------------------------------------------------------------------------------
   Cr2   Cr2   ( -2,   3,   0)  0.0000   (-23.860, 17.711,  0.000) 29.715 
J_iso:  0.0000 
----------------------------------------------------------------------------------------
   Cr1   Cr1   (  2,  -3,   0)  0.0000   (23.860, -17.711,  0.000) 29.715 
J_iso:  0.0000 
----------------------------------------------------------------------------------------
   Cr2   Cr2   (  2,  -3,   0)  0.0000   (23.860, -17.711,  0.000) 29.715 
J_iso:  0.0000 
----------------------------------------------------------------------------------------
   Cr1   Cr1   ( -3,   2,   0)  0.0000   (-27.269, 11.808,  0.000) 29.715 
J_iso:  0.0000 
----------------------------------------------------------------------------------------
   Cr2   Cr2   ( -3,   2,   0)  0.0000   (-27.269, 11.808,  0.000) 29.715 
J_iso:  0.0000 
----------------------------------------------------------------------------------------
   Cr1   Cr1   (  3,  -2,   0)  0.0000   (27.269, -11.808,  0.000) 29.715 
J_iso:  0.0000 
----------------------------------------------------------------------------------------
   Cr2   Cr2   (  3,  -2,   0)  0.0000   (27.269, -11.808,  0.000) 29.715 
J_iso:  0.0000 
----------------------------------------------------------------------------------------
   Cr1   Cr2   ( -3,   3,   0)  0.0000   (-27.269, 15.744,  0.000) 31.487 
J_iso:  0.0000 
----------------------------------------------------------------------------------------
   Cr2   Cr1   (  3,  -3,   0)  0.0000   (27.269, -15.744,  0.000) 31.487 
J_iso:  0.0000 
----------------------------------------------------------------------------------------
   Cr2   Cr1   ( -2,   3,   0)  0.0000   (-27.269, 19.679,  0.000) 33.628 
J_iso:  0.0000 
----------------------------------------------------------------------------------------
   Cr1   Cr2   (  2,  -3,   0)  0.0000   (27.269, -19.679,  0.000) 33.628 
J_iso:  0.0000 
----------------------------------------------------------------------------------------
   Cr2   Cr1   ( -3,   2,   0) -0.0000   (-30.677, 13.776,  0.000) 33.628 
J_iso: -0.0000 
----------------------------------------------------------------------------------------
   Cr1   Cr2   (  3,  -2,   0) -0.0000   (30.677, -13.776,  0.000) 33.628 
J_iso: -0.0000 
----------------------------------------------------------------------------------------
   Cr1   Cr1   ( -3,   3,   0)  0.0000   (-30.677, 17.711,  0.000) 35.423 
J_iso:  0.0000 
----------------------------------------------------------------------------------------
   Cr2   Cr2   ( -3,   3,   0)  0.0000   (-30.677, 17.711,  0.000) 35.423 
J_iso:  0.0000 
----------------------------------------------------------------------------------------
   Cr1   Cr1   (  3,  -3,   0)  0.0000   (30.677, -17.711,  0.000) 35.423 
J_iso:  0.0000 
----------------------------------------------------------------------------------------
   Cr2   Cr2   (  3,  -3,   0)  0.0000   (30.677, -17.711,  0.000) 35.423 
J_iso:  0.0000 
----------------------------------------------------------------------------------------
   Cr2   Cr1   ( -3,   3,   0)  0.0000   (-34.086, 19.679,  0.000) 39.359 
J_iso:  0.0000 
----------------------------------------------------------------------------------------
   Cr1   Cr2   (  3,  -3,   0)  0.0000   (34.086, -19.679,  0.000) 39.359 
J_iso:  0.0000 
