==========================================================================================
Information: 
Exchange parameters generated by TB2J 0.8.2.1
Generation time: 24/04/08 18:33:07
 Input from collinear Wannier90 data.
 Tight binding data from ./. 
 Prefix of wannier function files:FeO_up and FeO_down.
Warning: Please check if the noise level of Wannier function Hamiltonian to make sure it is much smaller than the exchange values.

==========================================================================================
Cell (Angstrom):
2.16698067  2.16698067  4.33396134
2.16698067  4.33396134  2.16698067
4.33396134  2.16698067  2.16698067

==========================================================================================
Atoms:  
(Note: charge and magmoms only count the wannier functions.)
Atom number        x             y             z       w_charge  w_magmom 
O1              2.16698067    2.16698067    2.16698067    5.4697   -0.0000
O2              6.50094200    6.50094200    6.50094200    5.4718   -0.0006
Fe1             0.00000000    0.00000000    0.00000000    6.5187    3.6425
Fe2             4.33396134    4.33396134    4.33396134    6.5213   -3.6419
Total                                                    23.9815    0.0000

==========================================================================================
Orbitals used in decomposition: 
The name of the orbitals for the decomposition: 
Fe1 : ['orb_1', 'orb_2', 'orb_3', 'orb_4', 'orb_5', 'orb_6']
Fe2 : ['orb_1', 'orb_2', 'orb_3', 'orb_4', 'orb_5', 'orb_6']

==========================================================================================
Exchange: 
    i      j          R        J_iso(meV)          vector          distance(A) 
----------------------------------------------------------------------------------------
   Fe1   Fe2   ( -1,   0,   0) -0.0707   ( 2.167,  2.167,  0.000)  3.065 
J_iso: -0.0707 
----------------------------------------------------------------------------------------
   Fe1   Fe1   ( -1,   0,   1)  0.2436   ( 2.167,  0.000, -2.167)  3.065 
J_iso:  0.2436 
----------------------------------------------------------------------------------------
   Fe1   Fe1   ( -1,   1,   0)  0.2397   ( 0.000,  2.167, -2.167)  3.065 
J_iso:  0.2397 
----------------------------------------------------------------------------------------
   Fe1   Fe2   (  0,  -1,   0) -0.0767   ( 2.167,  0.000,  2.167)  3.065 
J_iso: -0.0767 
----------------------------------------------------------------------------------------
   Fe1   Fe1   (  0,  -1,   1)  0.2539   ( 2.167, -2.167,  0.000)  3.065 
J_iso:  0.2539 
----------------------------------------------------------------------------------------
   Fe1   Fe2   (  0,   0,  -1) -0.0683   ( 0.000,  2.167,  2.167)  3.065 
J_iso: -0.0683 
----------------------------------------------------------------------------------------
   Fe2   Fe1   (  0,   0,   1) -0.0683   ( 0.000, -2.167, -2.167)  3.065 
J_iso: -0.0683 
----------------------------------------------------------------------------------------
   Fe1   Fe1   (  0,   1,  -1)  0.2539   (-2.167,  2.167,  0.000)  3.065 
J_iso:  0.2539 
----------------------------------------------------------------------------------------
   Fe2   Fe1   (  0,   1,   0) -0.0767   (-2.167,  0.000, -2.167)  3.065 
J_iso: -0.0767 
----------------------------------------------------------------------------------------
   Fe1   Fe1   (  1,  -1,   0)  0.2397   ( 0.000, -2.167,  2.167)  3.065 
J_iso:  0.2397 
----------------------------------------------------------------------------------------
   Fe1   Fe1   (  1,   0,  -1)  0.2436   (-2.167,  0.000,  2.167)  3.065 
J_iso:  0.2436 
----------------------------------------------------------------------------------------
   Fe2   Fe1   (  1,   0,   0) -0.0707   (-2.167, -2.167,  0.000)  3.065 
J_iso: -0.0707 
----------------------------------------------------------------------------------------
   Fe1   Fe2   ( -1,  -1,   0) -0.1227   ( 0.000, -2.167, -2.167)  3.065 
J_iso: -0.1227 
----------------------------------------------------------------------------------------
   Fe1   Fe2   ( -1,   0,  -1) -0.1206   (-2.167,  0.000, -2.167)  3.065 
J_iso: -0.1206 
----------------------------------------------------------------------------------------
   Fe2   Fe2   ( -1,   0,   1)  0.2311   ( 2.167,  0.000, -2.167)  3.065 
J_iso:  0.2311 
----------------------------------------------------------------------------------------
   Fe2   Fe2   ( -1,   1,   0)  0.2520   ( 0.000,  2.167, -2.167)  3.065 
J_iso:  0.2520 
----------------------------------------------------------------------------------------
   Fe1   Fe2   (  0,  -1,  -1) -0.1226   (-2.167, -2.167,  0.000)  3.065 
J_iso: -0.1226 
----------------------------------------------------------------------------------------
   Fe2   Fe2   (  0,  -1,   1)  0.2477   ( 2.167, -2.167,  0.000)  3.065 
J_iso:  0.2477 
----------------------------------------------------------------------------------------
   Fe2   Fe2   (  0,   1,  -1)  0.2477   (-2.167,  2.167,  0.000)  3.065 
J_iso:  0.2477 
----------------------------------------------------------------------------------------
   Fe2   Fe1   (  0,   1,   1) -0.1226   ( 2.167,  2.167,  0.000)  3.065 
J_iso: -0.1226 
----------------------------------------------------------------------------------------
   Fe2   Fe2   (  1,  -1,   0)  0.2520   ( 0.000, -2.167,  2.167)  3.065 
J_iso:  0.2520 
----------------------------------------------------------------------------------------
   Fe2   Fe2   (  1,   0,  -1)  0.2311   (-2.167,  0.000,  2.167)  3.065 
J_iso:  0.2311 
----------------------------------------------------------------------------------------
   Fe2   Fe1   (  1,   0,   1) -0.1206   ( 2.167,  0.000,  2.167)  3.065 
J_iso: -0.1206 
----------------------------------------------------------------------------------------
   Fe2   Fe1   (  1,   1,   0) -0.1227   ( 0.000,  2.167,  2.167)  3.065 
J_iso: -0.1227 
----------------------------------------------------------------------------------------
   Fe1   Fe2   ( -2,   0,   0) -10.0160   ( 0.000,  0.000, -4.334)  4.334 
J_iso: -10.0160 
----------------------------------------------------------------------------------------
   Fe1   Fe2   ( -1,  -1,   1) -10.2391   ( 4.334, -0.000, -0.000)  4.334 
J_iso: -10.2391 
----------------------------------------------------------------------------------------
   Fe1   Fe2   ( -1,   1,  -1) -10.2263   ( 0.000,  4.334,  0.000)  4.334 
J_iso: -10.2263 
----------------------------------------------------------------------------------------
   Fe2   Fe1   ( -1,   1,   1) -10.1793   ( 0.000,  0.000, -4.334)  4.334 
J_iso: -10.1793 
----------------------------------------------------------------------------------------
   Fe1   Fe2   (  0,  -2,   0) -10.0346   ( 0.000, -4.334,  0.000)  4.334 
J_iso: -10.0346 
----------------------------------------------------------------------------------------
   Fe1   Fe2   (  0,   0,  -2) -10.0396   (-4.334,  0.000,  0.000)  4.334 
J_iso: -10.0396 
----------------------------------------------------------------------------------------
   Fe2   Fe1   (  0,   0,   2) -10.0396   ( 4.334,  0.000,  0.000)  4.334 
J_iso: -10.0396 
----------------------------------------------------------------------------------------
   Fe2   Fe1   (  0,   2,   0) -10.0346   ( 0.000,  4.334,  0.000)  4.334 
J_iso: -10.0346 
----------------------------------------------------------------------------------------
   Fe1   Fe2   (  1,  -1,  -1) -10.1793   ( 0.000,  0.000,  4.334)  4.334 
J_iso: -10.1793 
----------------------------------------------------------------------------------------
   Fe2   Fe1   (  1,  -1,   1) -10.2263   ( 0.000, -4.334,  0.000)  4.334 
J_iso: -10.2263 
----------------------------------------------------------------------------------------
   Fe2   Fe1   (  1,   1,  -1) -10.2391   (-4.334,  0.000,  0.000)  4.334 
J_iso: -10.2391 
----------------------------------------------------------------------------------------
   Fe2   Fe1   (  2,   0,   0) -10.0160   ( 0.000,  0.000,  4.334)  4.334 
J_iso: -10.0160 
----------------------------------------------------------------------------------------
   Fe1   Fe2   ( -2,  -1,   1) -0.0420   ( 2.167, -2.167, -4.334)  5.308 
J_iso: -0.0420 
----------------------------------------------------------------------------------------
   Fe1   Fe2   ( -1,  -2,   1) -0.0418   ( 2.167, -4.334, -2.167)  5.308 
J_iso: -0.0418 
----------------------------------------------------------------------------------------
   Fe1   Fe1   (  0,  -1,   0) -0.0159   (-2.167, -4.334, -2.167)  5.308 
J_iso: -0.0159 
----------------------------------------------------------------------------------------
   Fe2   Fe2   (  0,  -1,   0) -0.0185   (-2.167, -4.334, -2.167)  5.308 
J_iso: -0.0185 
----------------------------------------------------------------------------------------
   Fe1   Fe1   (  0,   0,  -1) -0.0162   (-4.334, -2.167, -2.167)  5.308 
J_iso: -0.0162 
----------------------------------------------------------------------------------------
   Fe2   Fe2   (  0,   0,  -1) -0.0163   (-4.334, -2.167, -2.167)  5.308 
J_iso: -0.0163 
----------------------------------------------------------------------------------------
   Fe1   Fe1   (  0,   0,   1) -0.0162   ( 4.334,  2.167,  2.167)  5.308 
J_iso: -0.0162 
----------------------------------------------------------------------------------------
   Fe1   Fe1   (  0,   1,   0) -0.0159   ( 2.167,  4.334,  2.167)  5.308 
J_iso: -0.0159 
----------------------------------------------------------------------------------------
   Fe2   Fe1   (  1,   2,  -1) -0.0418   (-2.167,  4.334,  2.167)  5.308 
J_iso: -0.0418 
----------------------------------------------------------------------------------------
   Fe2   Fe1   (  2,   1,  -1) -0.0420   (-2.167,  2.167,  4.334)  5.308 
J_iso: -0.0420 
----------------------------------------------------------------------------------------
   Fe1   Fe2   ( -2,   0,   1) -0.0375   ( 4.334,  2.167, -2.167)  5.308 
J_iso: -0.0375 
----------------------------------------------------------------------------------------
   Fe1   Fe2   ( -2,   1,  -1) -0.0442   (-2.167,  2.167, -4.334)  5.308 
J_iso: -0.0442 
----------------------------------------------------------------------------------------
   Fe1   Fe2   ( -2,   1,   0) -0.0352   ( 2.167,  4.334, -2.167)  5.308 
J_iso: -0.0352 
----------------------------------------------------------------------------------------
   Fe1   Fe1   ( -2,   1,   1)  0.0297   ( 2.167,  2.167, -4.334)  5.308 
J_iso:  0.0297 
----------------------------------------------------------------------------------------
   Fe2   Fe2   ( -2,   1,   1)  0.0295   ( 2.167,  2.167, -4.334)  5.308 
J_iso:  0.0295 
----------------------------------------------------------------------------------------
   Fe1   Fe1   ( -1,  -1,   2)  0.0274   ( 4.334, -2.167, -2.167)  5.308 
J_iso:  0.0274 
----------------------------------------------------------------------------------------
   Fe2   Fe2   ( -1,  -1,   2)  0.0299   ( 4.334, -2.167, -2.167)  5.308 
J_iso:  0.0299 
----------------------------------------------------------------------------------------
   Fe1   Fe1   ( -1,   0,   0) -0.0138   (-2.167, -2.167, -4.334)  5.308 
J_iso: -0.0138 
----------------------------------------------------------------------------------------
   Fe2   Fe2   ( -1,   0,   0) -0.0159   (-2.167, -2.167, -4.334)  5.308 
J_iso: -0.0159 
----------------------------------------------------------------------------------------
   Fe2   Fe1   ( -1,   0,   2) -0.0364   ( 2.167, -2.167, -4.334)  5.308 
J_iso: -0.0364 
----------------------------------------------------------------------------------------
   Fe1   Fe2   ( -1,   1,  -2) -0.0404   (-4.334,  2.167, -2.167)  5.308 
J_iso: -0.0404 
----------------------------------------------------------------------------------------
   Fe2   Fe1   ( -1,   1,   2) -0.0426   ( 4.334,  2.167, -2.167)  5.308 
J_iso: -0.0426 
----------------------------------------------------------------------------------------
   Fe1   Fe1   ( -1,   2,  -1)  0.0285   (-2.167,  4.334, -2.167)  5.308 
J_iso:  0.0285 
----------------------------------------------------------------------------------------
   Fe2   Fe1   ( -1,   2,   0) -0.0372   (-2.167,  2.167, -4.334)  5.308 
J_iso: -0.0372 
----------------------------------------------------------------------------------------
   Fe2   Fe1   ( -1,   2,   1) -0.0413   ( 2.167,  4.334, -2.167)  5.308 
J_iso: -0.0413 
----------------------------------------------------------------------------------------
   Fe1   Fe2   (  0,  -2,   1) -0.0373   ( 4.334, -2.167,  2.167)  5.308 
J_iso: -0.0373 
----------------------------------------------------------------------------------------
   Fe2   Fe1   (  0,  -1,   2) -0.0385   ( 2.167, -4.334, -2.167)  5.308 
J_iso: -0.0385 
----------------------------------------------------------------------------------------
   Fe2   Fe2   (  0,   0,   1) -0.0163   ( 4.334,  2.167,  2.167)  5.308 
J_iso: -0.0163 
----------------------------------------------------------------------------------------
   Fe1   Fe2   (  0,   1,  -2) -0.0385   (-2.167,  4.334,  2.167)  5.308 
J_iso: -0.0385 
----------------------------------------------------------------------------------------
   Fe2   Fe2   (  0,   1,   0) -0.0185   ( 2.167,  4.334,  2.167)  5.308 
J_iso: -0.0185 
----------------------------------------------------------------------------------------
   Fe2   Fe1   (  0,   2,  -1) -0.0373   (-4.334,  2.167, -2.167)  5.308 
J_iso: -0.0373 
----------------------------------------------------------------------------------------
   Fe1   Fe2   (  1,  -2,  -1) -0.0413   (-2.167, -4.334,  2.167)  5.308 
J_iso: -0.0413 
----------------------------------------------------------------------------------------
   Fe1   Fe2   (  1,  -2,   0) -0.0372   ( 2.167, -2.167,  4.334)  5.308 
J_iso: -0.0372 
----------------------------------------------------------------------------------------
   Fe1   Fe1   (  1,  -2,   1)  0.0285   ( 2.167, -4.334,  2.167)  5.308 
J_iso:  0.0285 
----------------------------------------------------------------------------------------
   Fe1   Fe2   (  1,  -1,  -2) -0.0426   (-4.334, -2.167,  2.167)  5.308 
J_iso: -0.0426 
----------------------------------------------------------------------------------------
   Fe2   Fe1   (  1,  -1,   2) -0.0404   ( 4.334, -2.167,  2.167)  5.308 
J_iso: -0.0404 
----------------------------------------------------------------------------------------
   Fe1   Fe2   (  1,   0,  -2) -0.0364   (-2.167,  2.167,  4.334)  5.308 
J_iso: -0.0364 
----------------------------------------------------------------------------------------
   Fe1   Fe1   (  1,   0,   0) -0.0138   ( 2.167,  2.167,  4.334)  5.308 
J_iso: -0.0138 
----------------------------------------------------------------------------------------
   Fe2   Fe2   (  1,   0,   0) -0.0159   ( 2.167,  2.167,  4.334)  5.308 
J_iso: -0.0159 
----------------------------------------------------------------------------------------
   Fe1   Fe1   (  1,   1,  -2)  0.0274   (-4.334,  2.167,  2.167)  5.308 
J_iso:  0.0274 
----------------------------------------------------------------------------------------
   Fe2   Fe2   (  1,   1,  -2)  0.0299   (-4.334,  2.167,  2.167)  5.308 
J_iso:  0.0299 
----------------------------------------------------------------------------------------
   Fe1   Fe1   (  2,  -1,  -1)  0.0297   (-2.167, -2.167,  4.334)  5.308 
J_iso:  0.0297 
----------------------------------------------------------------------------------------
   Fe2   Fe1   (  2,  -1,   0) -0.0352   (-2.167, -4.334,  2.167)  5.308 
J_iso: -0.0352 
----------------------------------------------------------------------------------------
   Fe2   Fe1   (  2,  -1,   1) -0.0442   ( 2.167, -2.167,  4.334)  5.308 
J_iso: -0.0442 
----------------------------------------------------------------------------------------
   Fe2   Fe1   (  2,   0,  -1) -0.0375   (-4.334, -2.167,  2.167)  5.308 
J_iso: -0.0375 
----------------------------------------------------------------------------------------
   Fe2   Fe2   ( -1,   2,  -1)  0.0283   (-2.167,  4.334, -2.167)  5.308 
J_iso:  0.0283 
----------------------------------------------------------------------------------------
   Fe2   Fe2   (  1,  -2,   1)  0.0283   ( 2.167, -4.334,  2.167)  5.308 
J_iso:  0.0283 
----------------------------------------------------------------------------------------
   Fe2   Fe2   (  2,  -1,  -1)  0.0295   (-2.167, -2.167,  4.334)  5.308 
J_iso:  0.0295 
----------------------------------------------------------------------------------------
   Fe1   Fe1   ( -2,   0,   2) -0.2630   ( 4.334,  0.000, -4.334)  6.129 
J_iso: -0.2630 
----------------------------------------------------------------------------------------
   Fe2   Fe2   ( -2,   0,   2) -0.2723   ( 4.334,  0.000, -4.334)  6.129 
J_iso: -0.2723 
----------------------------------------------------------------------------------------
   Fe1   Fe1   ( -2,   2,   0) -0.2618   ( 0.000,  4.334, -4.334)  6.129 
J_iso: -0.2618 
----------------------------------------------------------------------------------------
   Fe2   Fe2   ( -2,   2,   0) -0.2682   ( 0.000,  4.334, -4.334)  6.129 
J_iso: -0.2682 
----------------------------------------------------------------------------------------
   Fe1   Fe1   ( -1,   1,  -1) -0.1541   (-4.334,  0.000, -4.334)  6.129 
J_iso: -0.1541 
----------------------------------------------------------------------------------------
   Fe2   Fe2   ( -1,   1,  -1) -0.1574   (-4.334,  0.000, -4.334)  6.129 
J_iso: -0.1574 
----------------------------------------------------------------------------------------
   Fe1   Fe1   ( -1,   1,   1) -0.1560   ( 4.334,  4.334,  0.000)  6.129 
J_iso: -0.1560 
----------------------------------------------------------------------------------------
   Fe2   Fe2   ( -1,   1,   1) -0.1608   ( 4.334,  4.334,  0.000)  6.129 
J_iso: -0.1608 
----------------------------------------------------------------------------------------
   Fe1   Fe1   (  0,  -2,   2) -0.2710   ( 4.334, -4.334,  0.000)  6.129 
J_iso: -0.2710 
----------------------------------------------------------------------------------------
   Fe2   Fe2   (  0,  -2,   2) -0.2758   ( 4.334, -4.334,  0.000)  6.129 
J_iso: -0.2758 
----------------------------------------------------------------------------------------
   Fe1   Fe1   (  0,   2,  -2) -0.2710   (-4.334,  4.334,  0.000)  6.129 
J_iso: -0.2710 
----------------------------------------------------------------------------------------
   Fe2   Fe2   (  0,   2,  -2) -0.2758   (-4.334,  4.334,  0.000)  6.129 
J_iso: -0.2758 
----------------------------------------------------------------------------------------
   Fe1   Fe1   (  1,  -1,  -1) -0.1560   (-4.334, -4.334,  0.000)  6.129 
J_iso: -0.1560 
----------------------------------------------------------------------------------------
   Fe2   Fe2   (  1,  -1,  -1) -0.1608   (-4.334, -4.334,  0.000)  6.129 
J_iso: -0.1608 
----------------------------------------------------------------------------------------
   Fe1   Fe1   (  1,  -1,   1) -0.1541   ( 4.334,  0.000,  4.334)  6.129 
J_iso: -0.1541 
----------------------------------------------------------------------------------------
   Fe2   Fe2   (  1,  -1,   1) -0.1574   ( 4.334,  0.000,  4.334)  6.129 
J_iso: -0.1574 
----------------------------------------------------------------------------------------
   Fe1   Fe1   (  2,  -2,   0) -0.2618   ( 0.000, -4.334,  4.334)  6.129 
J_iso: -0.2618 
----------------------------------------------------------------------------------------
   Fe2   Fe2   (  2,  -2,   0) -0.2682   ( 0.000, -4.334,  4.334)  6.129 
J_iso: -0.2682 
----------------------------------------------------------------------------------------
   Fe1   Fe1   (  2,   0,  -2) -0.2630   (-4.334,  0.000,  4.334)  6.129 
J_iso: -0.2630 
----------------------------------------------------------------------------------------
   Fe2   Fe2   (  2,   0,  -2) -0.2723   (-4.334,  0.000,  4.334)  6.129 
J_iso: -0.2723 
----------------------------------------------------------------------------------------
   Fe1   Fe1   ( -1,  -1,   1) -0.1531   ( 0.000, -4.334, -4.334)  6.129 
J_iso: -0.1531 
----------------------------------------------------------------------------------------
   Fe2   Fe2   ( -1,  -1,   1) -0.1563   ( 0.000, -4.334, -4.334)  6.129 
J_iso: -0.1563 
----------------------------------------------------------------------------------------
   Fe1   Fe1   (  1,   1,  -1) -0.1531   ( 0.000,  4.334,  4.334)  6.129 
J_iso: -0.1531 
----------------------------------------------------------------------------------------
   Fe2   Fe2   (  1,   1,  -1) -0.1563   ( 0.000,  4.334,  4.334)  6.129 
J_iso: -0.1563 
----------------------------------------------------------------------------------------
   Fe1   Fe2   ( -2,  -1,   2) -0.0614   ( 6.501,  0.000, -2.167)  6.853 
J_iso: -0.0614 
----------------------------------------------------------------------------------------
   Fe1   Fe2   ( -1,  -2,   2) -0.0641   ( 6.501, -2.167,  0.000)  6.853 
J_iso: -0.0641 
----------------------------------------------------------------------------------------
   Fe2   Fe2   ( -1,   0,   2) -0.0976   ( 6.501,  2.167,  0.000)  6.853 
J_iso: -0.0976 
----------------------------------------------------------------------------------------
   Fe2   Fe2   ( -1,   2,   0) -0.0970   ( 2.167,  6.501,  0.000)  6.853 
J_iso: -0.0970 
----------------------------------------------------------------------------------------
   Fe2   Fe2   (  0,  -1,   2) -0.0978   ( 6.501,  0.000,  2.167)  6.853 
J_iso: -0.0978 
----------------------------------------------------------------------------------------
   Fe2   Fe2   (  0,   2,  -1) -0.0988   ( 0.000,  6.501,  2.167)  6.853 
J_iso: -0.0988 
----------------------------------------------------------------------------------------
   Fe2   Fe1   (  1,   2,  -2) -0.0641   (-6.501,  2.167,  0.000)  6.853 
J_iso: -0.0641 
----------------------------------------------------------------------------------------
   Fe2   Fe2   (  2,  -1,   0) -0.0970   ( 2.167,  0.000,  6.501)  6.853 
J_iso: -0.0970 
----------------------------------------------------------------------------------------
   Fe2   Fe2   (  2,   0,  -1) -0.0975   ( 0.000,  2.167,  6.501)  6.853 
J_iso: -0.0975 
----------------------------------------------------------------------------------------
   Fe2   Fe1   (  2,   1,  -2) -0.0614   (-6.501,  0.000,  2.167)  6.853 
J_iso: -0.0614 
----------------------------------------------------------------------------------------
   Fe1   Fe1   ( -2,   0,   1) -0.0990   ( 0.000, -2.167, -6.501)  6.853 
J_iso: -0.0990 
----------------------------------------------------------------------------------------
   Fe2   Fe2   ( -2,   0,   1) -0.0975   ( 0.000, -2.167, -6.501)  6.853 
J_iso: -0.0975 
----------------------------------------------------------------------------------------
   Fe1   Fe1   ( -2,   1,   0) -0.0971   (-2.167,  0.000, -6.501)  6.853 
J_iso: -0.0971 
----------------------------------------------------------------------------------------
   Fe2   Fe2   ( -2,   1,   0) -0.0970   (-2.167,  0.000, -6.501)  6.853 
J_iso: -0.0970 
----------------------------------------------------------------------------------------
   Fe2   Fe1   ( -2,   1,   2) -0.0631   ( 2.167,  0.000, -6.501)  6.853 
J_iso: -0.0631 
----------------------------------------------------------------------------------------
   Fe1   Fe2   ( -2,   2,  -1) -0.0633   ( 0.000,  6.501, -2.167)  6.853 
J_iso: -0.0633 
----------------------------------------------------------------------------------------
   Fe2   Fe1   ( -2,   2,   1) -0.0622   ( 0.000,  2.167, -6.501)  6.853 
J_iso: -0.0622 
----------------------------------------------------------------------------------------
   Fe1   Fe1   ( -1,   0,   2) -0.0935   ( 6.501,  2.167,  0.000)  6.853 
J_iso: -0.0935 
----------------------------------------------------------------------------------------
   Fe1   Fe2   ( -1,   2,  -2) -0.0637   (-2.167,  6.501,  0.000)  6.853 
J_iso: -0.0637 
----------------------------------------------------------------------------------------
   Fe1   Fe1   ( -1,   2,   0) -0.1002   ( 2.167,  6.501,  0.000)  6.853 
J_iso: -0.1002 
----------------------------------------------------------------------------------------
   Fe1   Fe1   (  0,  -2,   1) -0.0965   ( 0.000, -6.501, -2.167)  6.853 
J_iso: -0.0965 
----------------------------------------------------------------------------------------
   Fe2   Fe2   (  0,  -2,   1) -0.0988   ( 0.000, -6.501, -2.167)  6.853 
J_iso: -0.0988 
----------------------------------------------------------------------------------------
   Fe1   Fe1   (  0,  -1,   2) -0.0969   ( 6.501,  0.000,  2.167)  6.853 
J_iso: -0.0969 
----------------------------------------------------------------------------------------
   Fe1   Fe1   (  0,   1,  -2) -0.0969   (-6.501,  0.000, -2.167)  6.853 
J_iso: -0.0969 
----------------------------------------------------------------------------------------
   Fe2   Fe2   (  0,   1,  -2) -0.0978   (-6.501,  0.000, -2.167)  6.853 
J_iso: -0.0978 
----------------------------------------------------------------------------------------
   Fe1   Fe1   (  0,   2,  -1) -0.0965   ( 0.000,  6.501,  2.167)  6.853 
J_iso: -0.0965 
----------------------------------------------------------------------------------------
   Fe1   Fe1   (  1,  -2,   0) -0.1002   (-2.167, -6.501,  0.000)  6.853 
J_iso: -0.1002 
----------------------------------------------------------------------------------------
   Fe2   Fe2   (  1,  -2,   0) -0.0970   (-2.167, -6.501,  0.000)  6.853 
J_iso: -0.0970 
----------------------------------------------------------------------------------------
   Fe2   Fe1   (  1,  -2,   2) -0.0637   ( 2.167, -6.501,  0.000)  6.853 
J_iso: -0.0637 
----------------------------------------------------------------------------------------
   Fe1   Fe1   (  1,   0,  -2) -0.0935   (-6.501, -2.167,  0.000)  6.853 
J_iso: -0.0935 
----------------------------------------------------------------------------------------
   Fe2   Fe2   (  1,   0,  -2) -0.0976   (-6.501, -2.167,  0.000)  6.853 
J_iso: -0.0976 
----------------------------------------------------------------------------------------
   Fe1   Fe2   (  2,  -2,  -1) -0.0622   ( 0.000, -2.167,  6.501)  6.853 
J_iso: -0.0622 
----------------------------------------------------------------------------------------
   Fe2   Fe1   (  2,  -2,   1) -0.0633   ( 0.000, -6.501,  2.167)  6.853 
J_iso: -0.0633 
----------------------------------------------------------------------------------------
   Fe1   Fe2   (  2,  -1,  -2) -0.0631   (-2.167,  0.000,  6.501)  6.853 
J_iso: -0.0631 
----------------------------------------------------------------------------------------
   Fe1   Fe1   (  2,  -1,   0) -0.0971   ( 2.167,  0.000,  6.501)  6.853 
J_iso: -0.0971 
----------------------------------------------------------------------------------------
   Fe1   Fe1   (  2,   0,  -1) -0.0990   ( 0.000,  2.167,  6.501)  6.853 
J_iso: -0.0990 
----------------------------------------------------------------------------------------
   Fe1   Fe2   ( -2,   2,  -2) -0.0107   (-4.334,  4.334, -4.334)  7.507 
J_iso: -0.0107 
----------------------------------------------------------------------------------------
   Fe2   Fe1   ( -2,   2,   2) -0.0117   ( 4.334,  4.334, -4.334)  7.507 
J_iso: -0.0117 
----------------------------------------------------------------------------------------
   Fe1   Fe2   ( -1,  -1,  -1) -0.0170   (-4.334, -4.334, -4.334)  7.507 
J_iso: -0.0170 
----------------------------------------------------------------------------------------
   Fe1   Fe2   (  0,   0,   0) -0.0078   ( 4.334,  4.334,  4.334)  7.507 
J_iso: -0.0078 
----------------------------------------------------------------------------------------
   Fe2   Fe1   (  0,   0,   0) -0.0078   (-4.334, -4.334, -4.334)  7.507 
J_iso: -0.0078 
----------------------------------------------------------------------------------------
   Fe2   Fe1   (  1,   1,   1) -0.0170   ( 4.334,  4.334,  4.334)  7.507 
J_iso: -0.0170 
----------------------------------------------------------------------------------------
   Fe1   Fe2   (  2,  -2,  -2) -0.0117   (-4.334, -4.334,  4.334)  7.507 
J_iso: -0.0117 
----------------------------------------------------------------------------------------
   Fe2   Fe1   (  2,  -2,   2) -0.0107   ( 4.334, -4.334,  4.334)  7.507 
J_iso: -0.0107 
----------------------------------------------------------------------------------------
   Fe1   Fe2   ( -2,  -2,   2) -0.0106   ( 4.334, -4.334, -4.334)  7.507 
J_iso: -0.0106 
----------------------------------------------------------------------------------------
   Fe2   Fe1   (  2,   2,  -2) -0.0106   (-4.334,  4.334,  4.334)  7.507 
J_iso: -0.0106 
----------------------------------------------------------------------------------------
   Fe1   Fe2   ( -2,  -1,   0) -0.0052   (-2.167, -4.334, -6.501)  8.108 
J_iso: -0.0052 
----------------------------------------------------------------------------------------
   Fe1   Fe1   ( -2,  -1,   2) -0.0092   ( 2.167, -4.334, -6.501)  8.108 
J_iso: -0.0092 
----------------------------------------------------------------------------------------
   Fe2   Fe2   ( -2,  -1,   2) -0.0090   ( 2.167, -4.334, -6.501)  8.108 
J_iso: -0.0090 
----------------------------------------------------------------------------------------
   Fe1   Fe2   ( -2,   0,  -1) -0.0047   (-4.334, -2.167, -6.501)  8.108 
J_iso: -0.0047 
----------------------------------------------------------------------------------------
   Fe1   Fe1   ( -2,   1,   2) -0.0058   ( 6.501,  4.334, -2.167)  8.108 
J_iso: -0.0058 
----------------------------------------------------------------------------------------
   Fe2   Fe2   ( -2,   1,   2) -0.0065   ( 6.501,  4.334, -2.167)  8.108 
J_iso: -0.0065 
----------------------------------------------------------------------------------------
   Fe1   Fe1   ( -2,   2,  -1) -0.0073   (-4.334,  2.167, -6.501)  8.108 
J_iso: -0.0073 
----------------------------------------------------------------------------------------
   Fe2   Fe2   ( -2,   2,  -1) -0.0087   (-4.334,  2.167, -6.501)  8.108 
J_iso: -0.0087 
----------------------------------------------------------------------------------------
   Fe1   Fe1   ( -2,   2,   1) -0.0065   ( 4.334,  6.501, -2.167)  8.108 
J_iso: -0.0065 
----------------------------------------------------------------------------------------
   Fe2   Fe2   ( -2,   2,   1) -0.0071   ( 4.334,  6.501, -2.167)  8.108 
J_iso: -0.0071 
----------------------------------------------------------------------------------------
   Fe1   Fe2   ( -1,  -2,   0) -0.0049   (-2.167, -6.501, -4.334)  8.108 
J_iso: -0.0049 
----------------------------------------------------------------------------------------
   Fe1   Fe1   ( -1,  -2,   2) -0.0066   ( 2.167, -6.501, -4.334)  8.108 
J_iso: -0.0066 
----------------------------------------------------------------------------------------
   Fe2   Fe2   ( -1,  -2,   2) -0.0073   ( 2.167, -6.501, -4.334)  8.108 
J_iso: -0.0073 
----------------------------------------------------------------------------------------
   Fe1   Fe2   ( -1,   0,  -2) -0.0046   (-6.501, -2.167, -4.334)  8.108 
J_iso: -0.0046 
----------------------------------------------------------------------------------------
   Fe1   Fe2   ( -1,   0,   1) -0.0055   ( 6.501,  4.334,  2.167)  8.108 
J_iso: -0.0055 
----------------------------------------------------------------------------------------
   Fe2   Fe1   ( -1,   0,   1) -0.0054   (-2.167, -4.334, -6.501)  8.108 
J_iso: -0.0054 
----------------------------------------------------------------------------------------
   Fe1   Fe2   ( -1,   1,   0) -0.0052   ( 4.334,  6.501,  2.167)  8.108 
J_iso: -0.0052 
----------------------------------------------------------------------------------------
   Fe2   Fe1   ( -1,   1,   0) -0.0046   (-4.334, -2.167, -6.501)  8.108 
J_iso: -0.0046 
----------------------------------------------------------------------------------------
   Fe1   Fe1   ( -1,   2,  -2) -0.0068   (-6.501,  2.167, -4.334)  8.108 
J_iso: -0.0068 
----------------------------------------------------------------------------------------
   Fe2   Fe2   ( -1,   2,  -2) -0.0078   (-6.501,  2.167, -4.334)  8.108 
J_iso: -0.0078 
----------------------------------------------------------------------------------------
   Fe1   Fe2   (  0,  -2,  -1) -0.0035   (-4.334, -6.501, -2.167)  8.108 
J_iso: -0.0035 
----------------------------------------------------------------------------------------
   Fe1   Fe2   (  0,  -1,  -2) -0.0050   (-6.501, -4.334, -2.167)  8.108 
J_iso: -0.0050 
----------------------------------------------------------------------------------------
   Fe1   Fe2   (  0,  -1,   1) -0.0064   ( 6.501,  2.167,  4.334)  8.108 
J_iso: -0.0064 
----------------------------------------------------------------------------------------
   Fe2   Fe1   (  0,  -1,   1) -0.0055   (-2.167, -6.501, -4.334)  8.108 
J_iso: -0.0055 
----------------------------------------------------------------------------------------
   Fe1   Fe2   (  0,   1,  -1) -0.0055   ( 2.167,  6.501,  4.334)  8.108 
J_iso: -0.0055 
----------------------------------------------------------------------------------------
   Fe2   Fe1   (  0,   1,  -1) -0.0064   (-6.501, -2.167, -4.334)  8.108 
J_iso: -0.0064 
----------------------------------------------------------------------------------------
   Fe2   Fe1   (  0,   1,   2) -0.0050   ( 6.501,  4.334,  2.167)  8.108 
J_iso: -0.0050 
----------------------------------------------------------------------------------------
   Fe2   Fe1   (  0,   2,   1) -0.0035   ( 4.334,  6.501,  2.167)  8.108 
J_iso: -0.0035 
----------------------------------------------------------------------------------------
   Fe1   Fe1   (  1,  -2,   2) -0.0068   ( 6.501, -2.167,  4.334)  8.108 
J_iso: -0.0068 
----------------------------------------------------------------------------------------
   Fe2   Fe2   (  1,  -2,   2) -0.0078   ( 6.501, -2.167,  4.334)  8.108 
J_iso: -0.0078 
----------------------------------------------------------------------------------------
   Fe1   Fe2   (  1,  -1,   0) -0.0046   ( 4.334,  2.167,  6.501)  8.108 
J_iso: -0.0046 
----------------------------------------------------------------------------------------
   Fe2   Fe1   (  1,  -1,   0) -0.0052   (-4.334, -6.501, -2.167)  8.108 
J_iso: -0.0052 
----------------------------------------------------------------------------------------
   Fe1   Fe2   (  1,   0,  -1) -0.0054   ( 2.167,  4.334,  6.501)  8.108 
J_iso: -0.0054 
----------------------------------------------------------------------------------------
   Fe2   Fe1   (  1,   0,  -1) -0.0055   (-6.501, -4.334, -2.167)  8.108 
J_iso: -0.0055 
----------------------------------------------------------------------------------------
   Fe2   Fe1   (  1,   0,   2) -0.0046   ( 6.501,  2.167,  4.334)  8.108 
J_iso: -0.0046 
----------------------------------------------------------------------------------------
   Fe1   Fe1   (  1,   2,  -2) -0.0066   (-2.167,  6.501,  4.334)  8.108 
J_iso: -0.0066 
----------------------------------------------------------------------------------------
   Fe2   Fe2   (  1,   2,  -2) -0.0073   (-2.167,  6.501,  4.334)  8.108 
J_iso: -0.0073 
----------------------------------------------------------------------------------------
   Fe2   Fe1   (  1,   2,   0) -0.0049   ( 2.167,  6.501,  4.334)  8.108 
J_iso: -0.0049 
----------------------------------------------------------------------------------------
   Fe1   Fe1   (  2,  -2,  -1) -0.0065   (-4.334, -6.501,  2.167)  8.108 
J_iso: -0.0065 
----------------------------------------------------------------------------------------
   Fe2   Fe2   (  2,  -2,  -1) -0.0071   (-4.334, -6.501,  2.167)  8.108 
J_iso: -0.0071 
----------------------------------------------------------------------------------------
   Fe1   Fe1   (  2,  -2,   1) -0.0073   ( 4.334, -2.167,  6.501)  8.108 
J_iso: -0.0073 
----------------------------------------------------------------------------------------
   Fe2   Fe2   (  2,  -2,   1) -0.0087   ( 4.334, -2.167,  6.501)  8.108 
J_iso: -0.0087 
----------------------------------------------------------------------------------------
   Fe1   Fe1   (  2,  -1,  -2) -0.0058   (-6.501, -4.334,  2.167)  8.108 
J_iso: -0.0058 
----------------------------------------------------------------------------------------
   Fe2   Fe2   (  2,  -1,  -2) -0.0065   (-6.501, -4.334,  2.167)  8.108 
J_iso: -0.0065 
----------------------------------------------------------------------------------------
   Fe2   Fe1   (  2,   0,   1) -0.0047   ( 4.334,  2.167,  6.501)  8.108 
J_iso: -0.0047 
----------------------------------------------------------------------------------------
   Fe1   Fe1   (  2,   1,  -2) -0.0092   (-2.167,  4.334,  6.501)  8.108 
J_iso: -0.0092 
----------------------------------------------------------------------------------------
   Fe2   Fe2   (  2,   1,  -2) -0.0090   (-2.167,  4.334,  6.501)  8.108 
J_iso: -0.0090 
----------------------------------------------------------------------------------------
   Fe2   Fe1   (  2,   1,   0) -0.0052   ( 2.167,  4.334,  6.501)  8.108 
J_iso: -0.0052 
----------------------------------------------------------------------------------------
   Fe1   Fe2   ( -2,   1,  -2) -0.0170   (-6.501,  0.000, -6.501)  9.194 
J_iso: -0.0170 
----------------------------------------------------------------------------------------
   Fe1   Fe2   ( -1,  -1,   2) -0.0068   ( 8.668,  2.167,  2.167)  9.194 
J_iso: -0.0068 
----------------------------------------------------------------------------------------
   Fe2   Fe1   ( -1,   2,   2) -0.0171   ( 6.501,  6.501,  0.000)  9.194 
J_iso: -0.0171 
----------------------------------------------------------------------------------------
   Fe1   Fe2   (  1,  -2,  -2) -0.0171   (-6.501, -6.501,  0.000)  9.194 
J_iso: -0.0171 
----------------------------------------------------------------------------------------
   Fe2   Fe1   (  1,   1,  -2) -0.0068   (-8.668, -2.167, -2.167)  9.194 
J_iso: -0.0068 
----------------------------------------------------------------------------------------
   Fe2   Fe1   (  2,  -1,   2) -0.0170   ( 6.501,  0.000,  6.501)  9.194 
J_iso: -0.0170 
----------------------------------------------------------------------------------------
   Fe1   Fe2   ( -2,  -2,   1) -0.0185   ( 0.000, -6.501, -6.501)  9.194 
J_iso: -0.0185 
----------------------------------------------------------------------------------------
   Fe1   Fe2   ( -2,   1,   1) -0.0164   ( 6.501,  6.501, -0.000)  9.194 
J_iso: -0.0164 
----------------------------------------------------------------------------------------
   Fe2   Fe1   ( -2,   1,   1) -0.0067   (-2.167, -2.167, -8.668)  9.194 
J_iso: -0.0067 
----------------------------------------------------------------------------------------
   Fe2   Fe1   ( -1,  -1,   2) -0.0164   ( 0.000, -6.501, -6.501)  9.194 
J_iso: -0.0164 
----------------------------------------------------------------------------------------
   Fe2   Fe1   ( -1,   2,  -1) -0.0164   (-6.501,  0.000, -6.501)  9.194 
J_iso: -0.0164 
----------------------------------------------------------------------------------------
   Fe1   Fe2   (  1,  -2,   1) -0.0164   ( 6.501, -0.000,  6.501)  9.194 
J_iso: -0.0164 
----------------------------------------------------------------------------------------
   Fe1   Fe2   (  1,   1,  -2) -0.0164   ( 0.000,  6.501,  6.501)  9.194 
J_iso: -0.0164 
----------------------------------------------------------------------------------------
   Fe1   Fe2   (  2,  -1,  -1) -0.0067   ( 2.167,  2.167,  8.668)  9.194 
J_iso: -0.0067 
----------------------------------------------------------------------------------------
   Fe2   Fe1   (  2,  -1,  -1) -0.0164   (-6.501, -6.501,  0.000)  9.194 
J_iso: -0.0164 
----------------------------------------------------------------------------------------
   Fe2   Fe1   (  2,   2,  -1) -0.0185   ( 0.000,  6.501,  6.501)  9.194 
J_iso: -0.0185 
----------------------------------------------------------------------------------------
   Fe1   Fe2   ( -1,   2,  -1) -0.0068   ( 2.167,  8.668,  2.167)  9.194 
J_iso: -0.0068 
----------------------------------------------------------------------------------------
   Fe2   Fe1   (  1,  -2,   1) -0.0068   (-2.167, -8.668, -2.167)  9.194 
J_iso: -0.0068 
----------------------------------------------------------------------------------------
   Fe1   Fe2   ( -2,   0,   2)  0.0020   ( 8.668,  4.334,  0.000)  9.691 
J_iso:  0.0020 
----------------------------------------------------------------------------------------
   Fe2   Fe1   ( -2,   0,   2)  0.0014   ( 0.000, -4.334, -8.668)  9.691 
J_iso:  0.0014 
----------------------------------------------------------------------------------------
   Fe1   Fe2   ( -2,   2,   0)  0.0003   ( 4.334,  8.668,  0.000)  9.691 
J_iso:  0.0003 
----------------------------------------------------------------------------------------
   Fe2   Fe1   ( -2,   2,   0)  0.0019   (-4.334,  0.000, -8.668)  9.691 
J_iso:  0.0019 
----------------------------------------------------------------------------------------
   Fe1   Fe2   (  0,  -2,   2) -0.0002   ( 8.668,  0.000,  4.334)  9.691 
J_iso: -0.0002 
----------------------------------------------------------------------------------------
   Fe2   Fe1   (  0,  -2,   2)  0.0018   ( 0.000, -8.668, -4.334)  9.691 
J_iso:  0.0018 
----------------------------------------------------------------------------------------
   Fe1   Fe2   (  0,   2,  -2)  0.0018   ( 0.000,  8.668,  4.334)  9.691 
J_iso:  0.0018 
----------------------------------------------------------------------------------------
   Fe2   Fe1   (  0,   2,  -2) -0.0002   (-8.668,  0.000, -4.334)  9.691 
J_iso: -0.0002 
----------------------------------------------------------------------------------------
   Fe1   Fe2   (  2,  -2,   0)  0.0019   ( 4.334,  0.000,  8.668)  9.691 
J_iso:  0.0019 
----------------------------------------------------------------------------------------
   Fe2   Fe1   (  2,  -2,   0)  0.0003   (-4.334, -8.668,  0.000)  9.691 
J_iso:  0.0003 
----------------------------------------------------------------------------------------
   Fe1   Fe2   (  2,   0,  -2)  0.0014   ( 0.000,  4.334,  8.668)  9.691 
J_iso:  0.0014 
----------------------------------------------------------------------------------------
   Fe2   Fe1   (  2,   0,  -2)  0.0020   (-8.668, -4.334,  0.000)  9.691 
J_iso:  0.0020 
----------------------------------------------------------------------------------------
   Fe1   Fe1   ( -1,  -1,   0)  0.0008   (-4.334, -6.501, -6.501) 10.164 
J_iso:  0.0008 
----------------------------------------------------------------------------------------
   Fe2   Fe2   ( -1,  -1,   0)  0.0029   (-4.334, -6.501, -6.501) 10.164 
J_iso:  0.0029 
----------------------------------------------------------------------------------------
   Fe1   Fe1   ( -1,   0,  -1)  0.0007   (-6.501, -4.334, -6.501) 10.164 
J_iso:  0.0007 
----------------------------------------------------------------------------------------
   Fe2   Fe2   ( -1,   0,  -1)  0.0019   (-6.501, -4.334, -6.501) 10.164 
J_iso:  0.0019 
----------------------------------------------------------------------------------------
   Fe1   Fe1   (  0,  -1,  -1)  0.0006   (-6.501, -6.501, -4.334) 10.164 
J_iso:  0.0006 
----------------------------------------------------------------------------------------
   Fe2   Fe2   (  0,  -1,  -1)  0.0012   (-6.501, -6.501, -4.334) 10.164 
J_iso:  0.0012 
----------------------------------------------------------------------------------------
   Fe1   Fe1   (  0,   1,   1)  0.0006   ( 6.501,  6.501,  4.334) 10.164 
J_iso:  0.0006 
----------------------------------------------------------------------------------------
   Fe2   Fe2   (  0,   1,   1)  0.0012   ( 6.501,  6.501,  4.334) 10.164 
J_iso:  0.0012 
----------------------------------------------------------------------------------------
   Fe1   Fe1   (  1,   0,   1)  0.0007   ( 6.501,  4.334,  6.501) 10.164 
J_iso:  0.0007 
----------------------------------------------------------------------------------------
   Fe2   Fe2   (  1,   0,   1)  0.0019   ( 6.501,  4.334,  6.501) 10.164 
J_iso:  0.0019 
----------------------------------------------------------------------------------------
   Fe1   Fe1   (  1,   1,   0)  0.0008   ( 4.334,  6.501,  6.501) 10.164 
J_iso:  0.0008 
----------------------------------------------------------------------------------------
   Fe2   Fe2   (  1,   1,   0)  0.0029   ( 4.334,  6.501,  6.501) 10.164 
J_iso:  0.0029 
----------------------------------------------------------------------------------------
   Fe1   Fe1   (  0,  -2,   0) -0.0008   (-4.334, -8.668, -4.334) 10.616 
J_iso: -0.0008 
----------------------------------------------------------------------------------------
   Fe2   Fe2   (  0,  -2,   0) -0.0005   (-4.334, -8.668, -4.334) 10.616 
J_iso: -0.0005 
----------------------------------------------------------------------------------------
   Fe1   Fe1   (  0,   0,  -2) -0.0015   (-8.668, -4.334, -4.334) 10.616 
J_iso: -0.0015 
----------------------------------------------------------------------------------------
   Fe2   Fe2   (  0,   0,  -2) -0.0004   (-8.668, -4.334, -4.334) 10.616 
J_iso: -0.0004 
----------------------------------------------------------------------------------------
   Fe1   Fe1   (  0,   0,   2) -0.0015   ( 8.668,  4.334,  4.334) 10.616 
J_iso: -0.0015 
----------------------------------------------------------------------------------------
   Fe1   Fe1   (  0,   2,   0) -0.0008   ( 4.334,  8.668,  4.334) 10.616 
J_iso: -0.0008 
----------------------------------------------------------------------------------------
   Fe1   Fe1   ( -2,   0,   0) -0.0005   (-4.334, -4.334, -8.668) 10.616 
J_iso: -0.0005 
----------------------------------------------------------------------------------------
   Fe2   Fe2   ( -2,   0,   0) -0.0008   (-4.334, -4.334, -8.668) 10.616 
J_iso: -0.0008 
----------------------------------------------------------------------------------------
   Fe2   Fe2   (  0,   0,   2) -0.0004   ( 8.668,  4.334,  4.334) 10.616 
J_iso: -0.0004 
----------------------------------------------------------------------------------------
   Fe2   Fe2   (  0,   2,   0) -0.0005   ( 4.334,  8.668,  4.334) 10.616 
J_iso: -0.0005 
----------------------------------------------------------------------------------------
   Fe1   Fe1   (  2,   0,   0) -0.0005   ( 4.334,  4.334,  8.668) 10.616 
J_iso: -0.0005 
----------------------------------------------------------------------------------------
   Fe2   Fe2   (  2,   0,   0) -0.0008   ( 4.334,  4.334,  8.668) 10.616 
J_iso: -0.0008 
----------------------------------------------------------------------------------------
   Fe1   Fe1   ( -2,  -1,   1) -0.0008   (-2.167, -6.501, -8.668) 11.049 
J_iso: -0.0008 
----------------------------------------------------------------------------------------
   Fe2   Fe2   ( -2,  -1,   1)  0.0006   (-2.167, -6.501, -8.668) 11.049 
J_iso:  0.0006 
----------------------------------------------------------------------------------------
   Fe1   Fe1   ( -2,   1,  -1) -0.0005   (-6.501, -2.167, -8.668) 11.049 
J_iso: -0.0005 
----------------------------------------------------------------------------------------
   Fe2   Fe2   ( -2,   1,  -1)  0.0007   (-6.501, -2.167, -8.668) 11.049 
J_iso:  0.0007 
----------------------------------------------------------------------------------------
   Fe1   Fe1   ( -1,  -2,   1) -0.0006   (-2.167, -8.668, -6.501) 11.049 
J_iso: -0.0006 
----------------------------------------------------------------------------------------
   Fe2   Fe2   ( -1,  -2,   1)  0.0004   (-2.167, -8.668, -6.501) 11.049 
J_iso:  0.0004 
----------------------------------------------------------------------------------------
   Fe1   Fe1   ( -1,   1,  -2) -0.0016   (-8.668, -2.167, -6.501) 11.049 
J_iso: -0.0016 
----------------------------------------------------------------------------------------
   Fe2   Fe2   ( -1,   1,  -2)  0.0006   (-8.668, -2.167, -6.501) 11.049 
J_iso:  0.0006 
----------------------------------------------------------------------------------------
   Fe1   Fe1   ( -1,   1,   2) -0.0010   ( 8.668,  6.501,  2.167) 11.049 
J_iso: -0.0010 
----------------------------------------------------------------------------------------
   Fe1   Fe1   ( -1,   2,   1) -0.0011   ( 6.501,  8.668,  2.167) 11.049 
J_iso: -0.0011 
----------------------------------------------------------------------------------------
   Fe1   Fe1   (  1,  -2,  -1) -0.0011   (-6.501, -8.668, -2.167) 11.049 
J_iso: -0.0011 
----------------------------------------------------------------------------------------
   Fe2   Fe2   (  1,  -2,  -1)  0.0007   (-6.501, -8.668, -2.167) 11.049 
J_iso:  0.0007 
----------------------------------------------------------------------------------------
   Fe1   Fe1   (  1,  -1,  -2) -0.0010   (-8.668, -6.501, -2.167) 11.049 
J_iso: -0.0010 
----------------------------------------------------------------------------------------
   Fe2   Fe2   (  1,  -1,  -2)  0.0006   (-8.668, -6.501, -2.167) 11.049 
J_iso:  0.0006 
----------------------------------------------------------------------------------------
   Fe1   Fe1   (  1,  -1,   2) -0.0016   ( 8.668,  2.167,  6.501) 11.049 
J_iso: -0.0016 
----------------------------------------------------------------------------------------
   Fe1   Fe1   (  1,   2,  -1) -0.0006   ( 2.167,  8.668,  6.501) 11.049 
J_iso: -0.0006 
----------------------------------------------------------------------------------------
   Fe1   Fe1   (  2,  -1,   1) -0.0005   ( 6.501,  2.167,  8.668) 11.049 
J_iso: -0.0005 
----------------------------------------------------------------------------------------
   Fe1   Fe1   (  2,   1,  -1) -0.0008   ( 2.167,  6.501,  8.668) 11.049 
J_iso: -0.0008 
----------------------------------------------------------------------------------------
   Fe2   Fe2   ( -1,   1,   2)  0.0006   ( 8.668,  6.501,  2.167) 11.049 
J_iso:  0.0006 
----------------------------------------------------------------------------------------
   Fe2   Fe2   ( -1,   2,   1)  0.0007   ( 6.501,  8.668,  2.167) 11.049 
J_iso:  0.0007 
----------------------------------------------------------------------------------------
   Fe2   Fe2   (  1,  -1,   2)  0.0006   ( 8.668,  2.167,  6.501) 11.049 
J_iso:  0.0006 
----------------------------------------------------------------------------------------
   Fe2   Fe2   (  1,   2,  -1)  0.0004   ( 2.167,  8.668,  6.501) 11.049 
J_iso:  0.0004 
----------------------------------------------------------------------------------------
   Fe2   Fe2   (  2,  -1,   1)  0.0007   ( 6.501,  2.167,  8.668) 11.049 
J_iso:  0.0007 
----------------------------------------------------------------------------------------
   Fe2   Fe2   (  2,   1,  -1)  0.0006   ( 2.167,  6.501,  8.668) 11.049 
J_iso:  0.0006 
----------------------------------------------------------------------------------------
   Fe1   Fe1   ( -2,   2,  -2)  0.0003   (-8.668,  0.000, -8.668) 12.258 
J_iso:  0.0003 
----------------------------------------------------------------------------------------
   Fe2   Fe2   ( -2,   2,  -2)  0.0011   (-8.668,  0.000, -8.668) 12.258 
J_iso:  0.0011 
----------------------------------------------------------------------------------------
   Fe1   Fe1   ( -2,   2,   2)  0.0004   ( 8.668,  8.668,  0.000) 12.258 
J_iso:  0.0004 
----------------------------------------------------------------------------------------
   Fe1   Fe1   (  2,  -2,  -2)  0.0004   (-8.668, -8.668,  0.000) 12.258 
J_iso:  0.0004 
----------------------------------------------------------------------------------------
   Fe2   Fe2   (  2,  -2,  -2)  0.0014   (-8.668, -8.668,  0.000) 12.258 
J_iso:  0.0014 
----------------------------------------------------------------------------------------
   Fe1   Fe1   (  2,  -2,   2)  0.0003   ( 8.668,  0.000,  8.668) 12.258 
J_iso:  0.0003 
----------------------------------------------------------------------------------------
   Fe1   Fe1   ( -2,  -2,   2)  0.0011   ( 0.000, -8.668, -8.668) 12.258 
J_iso:  0.0011 
----------------------------------------------------------------------------------------
   Fe2   Fe2   ( -2,  -2,   2)  0.0025   ( 0.000, -8.668, -8.668) 12.258 
J_iso:  0.0025 
----------------------------------------------------------------------------------------
   Fe2   Fe2   ( -2,   2,   2)  0.0014   ( 8.668,  8.668,  0.000) 12.258 
J_iso:  0.0014 
----------------------------------------------------------------------------------------
   Fe2   Fe2   (  2,  -2,   2)  0.0011   ( 8.668,  0.000,  8.668) 12.258 
J_iso:  0.0011 
----------------------------------------------------------------------------------------
   Fe1   Fe1   (  2,   2,  -2)  0.0011   ( 0.000,  8.668,  8.668) 12.258 
J_iso:  0.0011 
----------------------------------------------------------------------------------------
   Fe2   Fe2   (  2,   2,  -2)  0.0025   ( 0.000,  8.668,  8.668) 12.258 
J_iso:  0.0025 
----------------------------------------------------------------------------------------
   Fe1   Fe2   ( -1,  -2,  -1) -0.0011   (-6.501, -8.668, -6.501) 12.636 
J_iso: -0.0011 
----------------------------------------------------------------------------------------
   Fe2   Fe1   (  1,   2,   1) -0.0011   ( 6.501,  8.668,  6.501) 12.636 
J_iso: -0.0011 
----------------------------------------------------------------------------------------
   Fe1   Fe2   ( -2,  -1,  -1) -0.0004   (-6.501, -6.501, -8.668) 12.636 
J_iso: -0.0004 
----------------------------------------------------------------------------------------
   Fe2   Fe1   (  2,   1,   1) -0.0004   ( 6.501,  6.501,  8.668) 12.636 
J_iso: -0.0004 
----------------------------------------------------------------------------------------
   Fe1   Fe2   ( -1,  -1,  -2) -0.0007   (-8.668, -6.501, -6.501) 12.636 
J_iso: -0.0007 
----------------------------------------------------------------------------------------
   Fe2   Fe1   ( -1,   0,   0)  0.0001   (-6.501, -6.501, -8.668) 12.636 
J_iso:  0.0001 
----------------------------------------------------------------------------------------
   Fe2   Fe1   (  0,  -1,   0) -0.0002   (-6.501, -8.668, -6.501) 12.636 
J_iso: -0.0002 
----------------------------------------------------------------------------------------
   Fe2   Fe1   (  0,   0,  -1) -0.0002   (-8.668, -6.501, -6.501) 12.636 
J_iso: -0.0002 
----------------------------------------------------------------------------------------
   Fe1   Fe2   (  0,   0,   1) -0.0002   ( 8.668,  6.501,  6.501) 12.636 
J_iso: -0.0002 
----------------------------------------------------------------------------------------
   Fe1   Fe2   (  0,   1,   0) -0.0002   ( 6.501,  8.668,  6.501) 12.636 
J_iso: -0.0002 
----------------------------------------------------------------------------------------
   Fe1   Fe2   (  1,   0,   0)  0.0001   ( 6.501,  6.501,  8.668) 12.636 
J_iso:  0.0001 
----------------------------------------------------------------------------------------
   Fe2   Fe1   (  1,   1,   2) -0.0007   ( 8.668,  6.501,  6.501) 12.636 
J_iso: -0.0007 
----------------------------------------------------------------------------------------
   Fe2   Fe1   ( -1,   1,  -1)  0.0013   (-8.668, -4.334, -8.668) 13.002 
J_iso:  0.0013 
----------------------------------------------------------------------------------------
   Fe1   Fe2   ( -1,   1,   1)  0.0009   ( 8.668,  8.668,  4.334) 13.002 
J_iso:  0.0009 
----------------------------------------------------------------------------------------
   Fe2   Fe1   (  1,  -1,  -1)  0.0009   (-8.668, -8.668, -4.334) 13.002 
J_iso:  0.0009 
----------------------------------------------------------------------------------------
   Fe1   Fe2   (  1,  -1,   1)  0.0013   ( 8.668,  4.334,  8.668) 13.002 
J_iso:  0.0013 
----------------------------------------------------------------------------------------
   Fe1   Fe2   ( -2,  -2,   0) -0.0017   (-4.334, -8.668, -8.668) 13.002 
J_iso: -0.0017 
----------------------------------------------------------------------------------------
   Fe1   Fe2   ( -2,   0,  -2) -0.0017   (-8.668, -4.334, -8.668) 13.002 
J_iso: -0.0017 
----------------------------------------------------------------------------------------
   Fe2   Fe1   ( -1,  -1,   1)  0.0012   (-4.334, -8.668, -8.668) 13.002 
J_iso:  0.0012 
----------------------------------------------------------------------------------------
   Fe1   Fe2   (  0,  -2,  -2) -0.0016   (-8.668, -8.668, -4.334) 13.002 
J_iso: -0.0016 
----------------------------------------------------------------------------------------
   Fe2   Fe1   (  0,   2,   2) -0.0016   ( 8.668,  8.668,  4.334) 13.002 
J_iso: -0.0016 
----------------------------------------------------------------------------------------
   Fe1   Fe2   (  1,   1,  -1)  0.0012   ( 4.334,  8.668,  8.668) 13.002 
J_iso:  0.0012 
----------------------------------------------------------------------------------------
   Fe2   Fe1   (  2,   0,   2) -0.0017   ( 8.668,  4.334,  8.668) 13.002 
J_iso: -0.0017 
----------------------------------------------------------------------------------------
   Fe2   Fe1   (  2,   2,   0) -0.0017   ( 4.334,  8.668,  8.668) 13.002 
J_iso: -0.0017 
----------------------------------------------------------------------------------------
   Fe2   Fe1   ( -2,   0,   1) -0.0015   (-4.334, -6.501, -10.835) 13.358 
J_iso: -0.0015 
----------------------------------------------------------------------------------------
   Fe2   Fe1   ( -2,   1,   0) -0.0018   (-6.501, -4.334, -10.835) 13.358 
J_iso: -0.0018 
----------------------------------------------------------------------------------------
   Fe1   Fe2   ( -1,   0,   2) -0.0011   (10.835,  6.501,  4.334) 13.358 
J_iso: -0.0011 
----------------------------------------------------------------------------------------
   Fe1   Fe2   ( -1,   2,   0) -0.0014   ( 6.501, 10.835,  4.334) 13.358 
J_iso: -0.0014 
----------------------------------------------------------------------------------------
   Fe2   Fe1   (  0,  -2,   1) -0.0016   (-4.334, -10.835, -6.501) 13.358 
J_iso: -0.0016 
----------------------------------------------------------------------------------------
   Fe1   Fe2   (  0,  -1,   2) -0.0006   (10.835,  4.334,  6.501) 13.358 
J_iso: -0.0006 
----------------------------------------------------------------------------------------
   Fe2   Fe1   (  0,   1,  -2) -0.0006   (-10.835, -4.334, -6.501) 13.358 
J_iso: -0.0006 
----------------------------------------------------------------------------------------
   Fe1   Fe2   (  0,   2,  -1) -0.0016   ( 4.334, 10.835,  6.501) 13.358 
J_iso: -0.0016 
----------------------------------------------------------------------------------------
   Fe2   Fe1   (  1,  -2,   0) -0.0014   (-6.501, -10.835, -4.334) 13.358 
J_iso: -0.0014 
----------------------------------------------------------------------------------------
   Fe2   Fe1   (  1,   0,  -2) -0.0011   (-10.835, -6.501, -4.334) 13.358 
J_iso: -0.0011 
----------------------------------------------------------------------------------------
   Fe1   Fe2   (  2,  -1,   0) -0.0018   ( 6.501,  4.334, 10.835) 13.358 
J_iso: -0.0018 
----------------------------------------------------------------------------------------
   Fe1   Fe2   (  2,   0,  -1) -0.0015   ( 4.334,  6.501, 10.835) 13.358 
J_iso: -0.0015 
----------------------------------------------------------------------------------------
   Fe2   Fe1   ( -2,  -1,   2) -0.0003   (-2.167, -8.668, -10.835) 14.044 
J_iso: -0.0003 
----------------------------------------------------------------------------------------
   Fe1   Fe2   ( -2,   1,   2)  0.0005   (10.835,  8.668,  2.167) 14.044 
J_iso:  0.0005 
----------------------------------------------------------------------------------------
   Fe2   Fe1   ( -2,   2,  -1) -0.0000   (-8.668, -2.167, -10.835) 14.044 
J_iso: -0.0000 
----------------------------------------------------------------------------------------
   Fe1   Fe2   ( -2,   2,   1) -0.0002   ( 8.668, 10.835,  2.167) 14.044 
J_iso: -0.0002 
----------------------------------------------------------------------------------------
   Fe2   Fe1   ( -1,  -2,   2) -0.0002   (-2.167, -10.835, -8.668) 14.044 
J_iso: -0.0002 
----------------------------------------------------------------------------------------
   Fe2   Fe1   ( -1,   2,  -2)  0.0002   (-10.835, -2.167, -8.668) 14.044 
J_iso:  0.0002 
----------------------------------------------------------------------------------------
   Fe1   Fe2   (  1,  -2,   2)  0.0002   (10.835,  2.167,  8.668) 14.044 
J_iso:  0.0002 
----------------------------------------------------------------------------------------
   Fe1   Fe2   (  1,   2,  -2) -0.0002   ( 2.167, 10.835,  8.668) 14.044 
J_iso: -0.0002 
----------------------------------------------------------------------------------------
   Fe2   Fe1   (  2,  -2,  -1) -0.0002   (-8.668, -10.835, -2.167) 14.044 
J_iso: -0.0002 
----------------------------------------------------------------------------------------
   Fe1   Fe2   (  2,  -2,   1) -0.0000   ( 8.668,  2.167, 10.835) 14.044 
J_iso: -0.0000 
----------------------------------------------------------------------------------------
   Fe2   Fe1   (  2,  -1,  -2)  0.0005   (-10.835, -8.668, -2.167) 14.044 
J_iso:  0.0005 
----------------------------------------------------------------------------------------
   Fe1   Fe2   (  2,   1,  -2) -0.0003   ( 2.167,  8.668, 10.835) 14.044 
J_iso: -0.0003 
----------------------------------------------------------------------------------------
   Fe1   Fe1   ( -1,  -1,  -1) -0.0010   (-8.668, -8.668, -8.668) 15.013 
J_iso: -0.0010 
----------------------------------------------------------------------------------------
   Fe2   Fe2   ( -1,  -1,  -1) -0.0013   (-8.668, -8.668, -8.668) 15.013 
J_iso: -0.0013 
----------------------------------------------------------------------------------------
   Fe1   Fe1   (  1,   1,   1) -0.0010   ( 8.668,  8.668,  8.668) 15.013 
J_iso: -0.0010 
----------------------------------------------------------------------------------------
   Fe2   Fe2   (  1,   1,   1) -0.0013   ( 8.668,  8.668,  8.668) 15.013 
J_iso: -0.0013 
----------------------------------------------------------------------------------------
   Fe1   Fe1   ( -2,  -1,   0) -0.0008   (-6.501, -8.668, -10.835) 15.323 
J_iso: -0.0008 
----------------------------------------------------------------------------------------
   Fe2   Fe2   ( -2,  -1,   0) -0.0006   (-6.501, -8.668, -10.835) 15.323 
J_iso: -0.0006 
----------------------------------------------------------------------------------------
   Fe1   Fe1   ( -2,   0,  -1) -0.0000   (-8.668, -6.501, -10.835) 15.323 
J_iso: -0.0000 
----------------------------------------------------------------------------------------
   Fe2   Fe2   ( -2,   0,  -1)  0.0004   (-8.668, -6.501, -10.835) 15.323 
J_iso:  0.0004 
----------------------------------------------------------------------------------------
   Fe1   Fe1   ( -1,  -2,   0)  0.0002   (-6.501, -10.835, -8.668) 15.323 
J_iso:  0.0002 
----------------------------------------------------------------------------------------
   Fe2   Fe2   ( -1,  -2,   0)  0.0000   (-6.501, -10.835, -8.668) 15.323 
J_iso:  0.0000 
----------------------------------------------------------------------------------------
   Fe1   Fe1   ( -1,   0,  -2) -0.0002   (-10.835, -6.501, -8.668) 15.323 
J_iso: -0.0002 
----------------------------------------------------------------------------------------
   Fe2   Fe2   ( -1,   0,  -2)  0.0004   (-10.835, -6.501, -8.668) 15.323 
J_iso:  0.0004 
----------------------------------------------------------------------------------------
   Fe1   Fe1   (  0,  -2,  -1) -0.0007   (-8.668, -10.835, -6.501) 15.323 
J_iso: -0.0007 
----------------------------------------------------------------------------------------
   Fe2   Fe2   (  0,  -2,  -1) -0.0001   (-8.668, -10.835, -6.501) 15.323 
J_iso: -0.0001 
----------------------------------------------------------------------------------------
   Fe1   Fe1   (  0,  -1,  -2) -0.0005   (-10.835, -8.668, -6.501) 15.323 
J_iso: -0.0005 
----------------------------------------------------------------------------------------
   Fe2   Fe2   (  0,  -1,  -2) -0.0005   (-10.835, -8.668, -6.501) 15.323 
J_iso: -0.0005 
----------------------------------------------------------------------------------------
   Fe1   Fe1   (  0,   1,   2) -0.0005   (10.835,  8.668,  6.501) 15.323 
J_iso: -0.0005 
----------------------------------------------------------------------------------------
   Fe2   Fe2   (  0,   1,   2) -0.0005   (10.835,  8.668,  6.501) 15.323 
J_iso: -0.0005 
----------------------------------------------------------------------------------------
   Fe1   Fe1   (  0,   2,   1) -0.0007   ( 8.668, 10.835,  6.501) 15.323 
J_iso: -0.0007 
----------------------------------------------------------------------------------------
   Fe2   Fe2   (  0,   2,   1) -0.0001   ( 8.668, 10.835,  6.501) 15.323 
J_iso: -0.0001 
----------------------------------------------------------------------------------------
   Fe1   Fe1   (  1,   0,   2) -0.0002   (10.835,  6.501,  8.668) 15.323 
J_iso: -0.0002 
----------------------------------------------------------------------------------------
   Fe2   Fe2   (  1,   0,   2)  0.0004   (10.835,  6.501,  8.668) 15.323 
J_iso:  0.0004 
----------------------------------------------------------------------------------------
   Fe1   Fe1   (  1,   2,   0)  0.0002   ( 6.501, 10.835,  8.668) 15.323 
J_iso:  0.0002 
----------------------------------------------------------------------------------------
   Fe2   Fe2   (  1,   2,   0)  0.0000   ( 6.501, 10.835,  8.668) 15.323 
J_iso:  0.0000 
----------------------------------------------------------------------------------------
   Fe1   Fe1   (  2,   0,   1) -0.0000   ( 8.668,  6.501, 10.835) 15.323 
J_iso: -0.0000 
----------------------------------------------------------------------------------------
   Fe2   Fe2   (  2,   0,   1)  0.0004   ( 8.668,  6.501, 10.835) 15.323 
J_iso:  0.0004 
----------------------------------------------------------------------------------------
   Fe1   Fe1   (  2,   1,   0) -0.0008   ( 6.501,  8.668, 10.835) 15.323 
J_iso: -0.0008 
----------------------------------------------------------------------------------------
   Fe2   Fe2   (  2,   1,   0) -0.0006   ( 6.501,  8.668, 10.835) 15.323 
J_iso: -0.0006 
----------------------------------------------------------------------------------------
   Fe1   Fe1   ( -2,   1,  -2) -0.0007   (-10.835, -4.334, -10.835) 15.924 
J_iso: -0.0007 
----------------------------------------------------------------------------------------
   Fe2   Fe2   ( -2,   1,  -2) -0.0011   (-10.835, -4.334, -10.835) 15.924 
J_iso: -0.0011 
----------------------------------------------------------------------------------------
   Fe1   Fe1   ( -1,   2,   2) -0.0007   (10.835, 10.835,  4.334) 15.924 
J_iso: -0.0007 
----------------------------------------------------------------------------------------
   Fe2   Fe2   ( -1,   2,   2) -0.0008   (10.835, 10.835,  4.334) 15.924 
J_iso: -0.0008 
----------------------------------------------------------------------------------------
   Fe1   Fe1   (  1,  -2,  -2) -0.0007   (-10.835, -10.835, -4.334) 15.924 
J_iso: -0.0007 
----------------------------------------------------------------------------------------
   Fe2   Fe2   (  1,  -2,  -2) -0.0008   (-10.835, -10.835, -4.334) 15.924 
J_iso: -0.0008 
----------------------------------------------------------------------------------------
   Fe1   Fe1   (  2,  -1,   2) -0.0007   (10.835,  4.334, 10.835) 15.924 
J_iso: -0.0007 
----------------------------------------------------------------------------------------
   Fe2   Fe2   (  2,  -1,   2) -0.0011   (10.835,  4.334, 10.835) 15.924 
J_iso: -0.0011 
----------------------------------------------------------------------------------------
   Fe1   Fe1   ( -2,  -2,   1) -0.0009   (-4.334, -10.835, -10.835) 15.924 
J_iso: -0.0009 
----------------------------------------------------------------------------------------
   Fe2   Fe2   ( -2,  -2,   1) -0.0005   (-4.334, -10.835, -10.835) 15.924 
J_iso: -0.0005 
----------------------------------------------------------------------------------------
   Fe1   Fe1   (  2,   2,  -1) -0.0009   ( 4.334, 10.835, 10.835) 15.924 
J_iso: -0.0009 
----------------------------------------------------------------------------------------
   Fe2   Fe2   (  2,   2,  -1) -0.0005   ( 4.334, 10.835, 10.835) 15.924 
J_iso: -0.0005 
----------------------------------------------------------------------------------------
   Fe1   Fe2   ( -2,  -2,  -1) -0.0018   (-8.668, -10.835, -10.835) 17.605 
J_iso: -0.0018 
----------------------------------------------------------------------------------------
   Fe1   Fe2   ( -2,  -1,  -2) -0.0015   (-10.835, -8.668, -10.835) 17.605 
J_iso: -0.0015 
----------------------------------------------------------------------------------------
   Fe1   Fe2   ( -1,  -2,  -2) -0.0017   (-10.835, -10.835, -8.668) 17.605 
J_iso: -0.0017 
----------------------------------------------------------------------------------------
   Fe2   Fe1   ( -1,  -1,   0)  0.0003   (-8.668, -10.835, -10.835) 17.605 
J_iso:  0.0003 
----------------------------------------------------------------------------------------
   Fe2   Fe1   ( -1,   0,  -1)  0.0006   (-10.835, -8.668, -10.835) 17.605 
J_iso:  0.0006 
----------------------------------------------------------------------------------------
   Fe2   Fe1   (  0,  -1,  -1)  0.0012   (-10.835, -10.835, -8.668) 17.605 
J_iso:  0.0012 
----------------------------------------------------------------------------------------
   Fe1   Fe2   (  0,   1,   1)  0.0012   (10.835, 10.835,  8.668) 17.605 
J_iso:  0.0012 
----------------------------------------------------------------------------------------
   Fe1   Fe2   (  1,   0,   1)  0.0006   (10.835,  8.668, 10.835) 17.605 
J_iso:  0.0006 
----------------------------------------------------------------------------------------
   Fe1   Fe2   (  1,   1,   0)  0.0003   ( 8.668, 10.835, 10.835) 17.605 
J_iso:  0.0003 
----------------------------------------------------------------------------------------
   Fe2   Fe1   (  1,   2,   2) -0.0017   (10.835, 10.835,  8.668) 17.605 
J_iso: -0.0017 
----------------------------------------------------------------------------------------
   Fe2   Fe1   (  2,   1,   2) -0.0015   (10.835,  8.668, 10.835) 17.605 
J_iso: -0.0015 
----------------------------------------------------------------------------------------
   Fe2   Fe1   (  2,   2,   1) -0.0018   ( 8.668, 10.835, 10.835) 17.605 
J_iso: -0.0018 
----------------------------------------------------------------------------------------
   Fe2   Fe1   ( -2,   0,   0) -0.0067   (-8.668, -8.668, -13.002) 17.869 
J_iso: -0.0067 
----------------------------------------------------------------------------------------
   Fe2   Fe1   (  0,  -2,   0) -0.0074   (-8.668, -13.002, -8.668) 17.869 
J_iso: -0.0074 
----------------------------------------------------------------------------------------
   Fe2   Fe1   (  0,   0,  -2) -0.0073   (-13.002, -8.668, -8.668) 17.869 
J_iso: -0.0073 
----------------------------------------------------------------------------------------
   Fe1   Fe2   (  0,   0,   2) -0.0073   (13.002,  8.668,  8.668) 17.869 
J_iso: -0.0073 
----------------------------------------------------------------------------------------
   Fe1   Fe2   (  0,   2,   0) -0.0074   ( 8.668, 13.002,  8.668) 17.869 
J_iso: -0.0074 
----------------------------------------------------------------------------------------
   Fe1   Fe2   (  2,   0,   0) -0.0067   ( 8.668,  8.668, 13.002) 17.869 
J_iso: -0.0067 
----------------------------------------------------------------------------------------
   Fe2   Fe1   ( -2,  -1,   1) -0.0006   (-6.501, -10.835, -13.002) 18.130 
J_iso: -0.0006 
----------------------------------------------------------------------------------------
   Fe2   Fe1   ( -2,   1,  -1) -0.0022   (-10.835, -6.501, -13.002) 18.130 
J_iso: -0.0022 
----------------------------------------------------------------------------------------
   Fe1   Fe2   (  2,  -1,   1) -0.0022   (10.835,  6.501, 13.002) 18.130 
J_iso: -0.0022 
----------------------------------------------------------------------------------------
   Fe1   Fe2   (  2,   1,  -1) -0.0006   ( 6.501, 10.835, 13.002) 18.130 
J_iso: -0.0006 
----------------------------------------------------------------------------------------
   Fe2   Fe1   ( -1,  -2,   1) -0.0028   (-6.501, -13.002, -10.835) 18.130 
J_iso: -0.0028 
----------------------------------------------------------------------------------------
   Fe2   Fe1   ( -1,   1,  -2) -0.0017   (-13.002, -6.501, -10.835) 18.130 
J_iso: -0.0017 
----------------------------------------------------------------------------------------
   Fe1   Fe2   ( -1,   1,   2) -0.0039   (13.002, 10.835,  6.501) 18.130 
J_iso: -0.0039 
----------------------------------------------------------------------------------------
   Fe1   Fe2   ( -1,   2,   1) -0.0010   (10.835, 13.002,  6.501) 18.130 
J_iso: -0.0010 
----------------------------------------------------------------------------------------
   Fe2   Fe1   (  1,  -2,  -1) -0.0010   (-10.835, -13.002, -6.501) 18.130 
J_iso: -0.0010 
----------------------------------------------------------------------------------------
   Fe2   Fe1   (  1,  -1,  -2) -0.0039   (-13.002, -10.835, -6.501) 18.130 
J_iso: -0.0039 
----------------------------------------------------------------------------------------
   Fe1   Fe2   (  1,  -1,   2) -0.0017   (13.002,  6.501, 10.835) 18.130 
J_iso: -0.0017 
----------------------------------------------------------------------------------------
   Fe1   Fe2   (  1,   2,  -1) -0.0028   ( 6.501, 13.002, 10.835) 18.130 
J_iso: -0.0028 
----------------------------------------------------------------------------------------
   Fe2   Fe1   ( -2,  -2,   2) -0.0017   (-4.334, -13.002, -13.002) 18.891 
J_iso: -0.0017 
----------------------------------------------------------------------------------------
   Fe2   Fe1   ( -2,   2,  -2) -0.0013   (-13.002, -4.334, -13.002) 18.891 
J_iso: -0.0013 
----------------------------------------------------------------------------------------
   Fe1   Fe2   ( -2,   2,   2) -0.0014   (13.002, 13.002,  4.334) 18.891 
J_iso: -0.0014 
----------------------------------------------------------------------------------------
   Fe2   Fe1   (  2,  -2,  -2) -0.0014   (-13.002, -13.002, -4.334) 18.891 
J_iso: -0.0014 
----------------------------------------------------------------------------------------
   Fe1   Fe2   (  2,  -2,   2) -0.0013   (13.002,  4.334, 13.002) 18.891 
J_iso: -0.0013 
----------------------------------------------------------------------------------------
   Fe1   Fe2   (  2,   2,  -2) -0.0017   ( 4.334, 13.002, 13.002) 18.891 
J_iso: -0.0017 
----------------------------------------------------------------------------------------
   Fe1   Fe1   ( -2,  -1,  -1)  0.1508   (-10.835, -10.835, -13.002) 20.096 
J_iso:  0.1508 
----------------------------------------------------------------------------------------
   Fe2   Fe2   ( -2,  -1,  -1)  0.1522   (-10.835, -10.835, -13.002) 20.096 
J_iso:  0.1522 
----------------------------------------------------------------------------------------
   Fe1   Fe1   ( -1,  -2,  -1)  0.1526   (-10.835, -13.002, -10.835) 20.096 
J_iso:  0.1526 
----------------------------------------------------------------------------------------
   Fe2   Fe2   ( -1,  -2,  -1)  0.1516   (-10.835, -13.002, -10.835) 20.096 
J_iso:  0.1516 
----------------------------------------------------------------------------------------
   Fe1   Fe1   (  1,   2,   1)  0.1526   (10.835, 13.002, 10.835) 20.096 
J_iso:  0.1526 
----------------------------------------------------------------------------------------
   Fe1   Fe1   (  2,   1,   1)  0.1508   (10.835, 10.835, 13.002) 20.096 
J_iso:  0.1508 
----------------------------------------------------------------------------------------
   Fe2   Fe2   (  2,   1,   1)  0.1522   (10.835, 10.835, 13.002) 20.096 
J_iso:  0.1522 
----------------------------------------------------------------------------------------
   Fe1   Fe1   ( -1,  -1,  -2)  0.1557   (-13.002, -10.835, -10.835) 20.096 
J_iso:  0.1557 
----------------------------------------------------------------------------------------
   Fe2   Fe2   ( -1,  -1,  -2)  0.1510   (-13.002, -10.835, -10.835) 20.096 
J_iso:  0.1510 
----------------------------------------------------------------------------------------
   Fe1   Fe1   (  1,   1,   2)  0.1557   (13.002, 10.835, 10.835) 20.096 
J_iso:  0.1557 
----------------------------------------------------------------------------------------
   Fe2   Fe2   (  1,   1,   2)  0.1510   (13.002, 10.835, 10.835) 20.096 
J_iso:  0.1510 
----------------------------------------------------------------------------------------
   Fe2   Fe2   (  1,   2,   1)  0.1516   (10.835, 13.002, 10.835) 20.096 
J_iso:  0.1516 
----------------------------------------------------------------------------------------
   Fe1   Fe1   ( -2,  -2,   0) -0.0041   (-8.668, -13.002, -13.002) 20.328 
J_iso: -0.0041 
----------------------------------------------------------------------------------------
   Fe2   Fe2   ( -2,  -2,   0) -0.0065   (-8.668, -13.002, -13.002) 20.328 
J_iso: -0.0065 
----------------------------------------------------------------------------------------
   Fe1   Fe1   ( -2,   0,  -2) -0.0040   (-13.002, -8.668, -13.002) 20.328 
J_iso: -0.0040 
----------------------------------------------------------------------------------------
   Fe2   Fe2   ( -2,   0,  -2) -0.0065   (-13.002, -8.668, -13.002) 20.328 
J_iso: -0.0065 
----------------------------------------------------------------------------------------
   Fe1   Fe1   (  0,  -2,  -2) -0.0039   (-13.002, -13.002, -8.668) 20.328 
J_iso: -0.0039 
----------------------------------------------------------------------------------------
   Fe2   Fe2   (  0,  -2,  -2) -0.0073   (-13.002, -13.002, -8.668) 20.328 
J_iso: -0.0073 
----------------------------------------------------------------------------------------
   Fe1   Fe1   (  0,   2,   2) -0.0039   (13.002, 13.002,  8.668) 20.328 
J_iso: -0.0039 
----------------------------------------------------------------------------------------
   Fe2   Fe2   (  0,   2,   2) -0.0073   (13.002, 13.002,  8.668) 20.328 
J_iso: -0.0073 
----------------------------------------------------------------------------------------
   Fe1   Fe1   (  2,   0,   2) -0.0040   (13.002,  8.668, 13.002) 20.328 
J_iso: -0.0040 
----------------------------------------------------------------------------------------
   Fe2   Fe2   (  2,   0,   2) -0.0065   (13.002,  8.668, 13.002) 20.328 
J_iso: -0.0065 
----------------------------------------------------------------------------------------
   Fe1   Fe1   (  2,   2,   0) -0.0041   ( 8.668, 13.002, 13.002) 20.328 
J_iso: -0.0041 
----------------------------------------------------------------------------------------
   Fe2   Fe2   (  2,   2,   0) -0.0065   ( 8.668, 13.002, 13.002) 20.328 
J_iso: -0.0065 
----------------------------------------------------------------------------------------
   Fe1   Fe2   ( -2,  -2,  -2) -0.0088   (-13.002, -13.002, -13.002) 22.520 
J_iso: -0.0088 
----------------------------------------------------------------------------------------
   Fe2   Fe1   ( -1,  -1,  -1) -0.0054   (-13.002, -13.002, -13.002) 22.520 
J_iso: -0.0054 
----------------------------------------------------------------------------------------
   Fe1   Fe2   (  1,   1,   1) -0.0054   (13.002, 13.002, 13.002) 22.520 
J_iso: -0.0054 
----------------------------------------------------------------------------------------
   Fe2   Fe1   (  2,   2,   2) -0.0088   (13.002, 13.002, 13.002) 22.520 
J_iso: -0.0088 
----------------------------------------------------------------------------------------
   Fe2   Fe1   (  0,  -2,  -1) -0.0654   (-13.002, -15.169, -10.835) 22.727 
J_iso: -0.0654 
----------------------------------------------------------------------------------------
   Fe2   Fe1   (  0,  -1,  -2) -0.0658   (-15.169, -13.002, -10.835) 22.727 
J_iso: -0.0658 
----------------------------------------------------------------------------------------
   Fe1   Fe2   (  0,   1,   2) -0.0658   (15.169, 13.002, 10.835) 22.727 
J_iso: -0.0658 
----------------------------------------------------------------------------------------
   Fe1   Fe2   (  0,   2,   1) -0.0654   (13.002, 15.169, 10.835) 22.727 
J_iso: -0.0654 
----------------------------------------------------------------------------------------
   Fe2   Fe1   ( -2,  -1,   0) -0.0635   (-10.835, -13.002, -15.169) 22.727 
J_iso: -0.0635 
----------------------------------------------------------------------------------------
   Fe2   Fe1   ( -2,   0,  -1) -0.0627   (-13.002, -10.835, -15.169) 22.727 
J_iso: -0.0627 
----------------------------------------------------------------------------------------
   Fe2   Fe1   ( -1,  -2,   0) -0.0636   (-10.835, -15.169, -13.002) 22.727 
J_iso: -0.0636 
----------------------------------------------------------------------------------------
   Fe2   Fe1   ( -1,   0,  -2) -0.0640   (-15.169, -10.835, -13.002) 22.727 
J_iso: -0.0640 
----------------------------------------------------------------------------------------
   Fe1   Fe2   (  1,   0,   2) -0.0640   (15.169, 10.835, 13.002) 22.727 
J_iso: -0.0640 
----------------------------------------------------------------------------------------
   Fe1   Fe2   (  1,   2,   0) -0.0636   (10.835, 15.169, 13.002) 22.727 
J_iso: -0.0636 
----------------------------------------------------------------------------------------
   Fe1   Fe2   (  2,   0,   1) -0.0627   (13.002, 10.835, 15.169) 22.727 
J_iso: -0.0627 
----------------------------------------------------------------------------------------
   Fe1   Fe2   (  2,   1,   0) -0.0635   (10.835, 13.002, 15.169) 22.727 
J_iso: -0.0635 
----------------------------------------------------------------------------------------
   Fe2   Fe1   ( -2,   1,  -2) -0.0152   (-15.169, -8.668, -15.169) 23.137 
J_iso: -0.0152 
----------------------------------------------------------------------------------------
   Fe1   Fe2   ( -1,   2,   2) -0.0157   (15.169, 15.169,  8.668) 23.137 
J_iso: -0.0157 
----------------------------------------------------------------------------------------
   Fe2   Fe1   (  1,  -2,  -2) -0.0157   (-15.169, -15.169, -8.668) 23.137 
J_iso: -0.0157 
----------------------------------------------------------------------------------------
   Fe1   Fe2   (  2,  -1,   2) -0.0152   (15.169,  8.668, 15.169) 23.137 
J_iso: -0.0152 
----------------------------------------------------------------------------------------
   Fe2   Fe1   ( -2,  -2,   1) -0.0154   (-8.668, -15.169, -15.169) 23.137 
J_iso: -0.0154 
----------------------------------------------------------------------------------------
   Fe1   Fe2   (  2,   2,  -1) -0.0154   ( 8.668, 15.169, 15.169) 23.137 
J_iso: -0.0154 
----------------------------------------------------------------------------------------
   Fe1   Fe1   ( -2,  -2,  -1) -0.0141   (-13.002, -15.169, -15.169) 25.085 
J_iso: -0.0141 
----------------------------------------------------------------------------------------
   Fe2   Fe2   ( -2,  -2,  -1) -0.0119   (-13.002, -15.169, -15.169) 25.085 
J_iso: -0.0119 
----------------------------------------------------------------------------------------
   Fe1   Fe1   ( -2,  -1,  -2) -0.0133   (-15.169, -13.002, -15.169) 25.085 
J_iso: -0.0133 
----------------------------------------------------------------------------------------
   Fe2   Fe2   ( -2,  -1,  -2) -0.0117   (-15.169, -13.002, -15.169) 25.085 
J_iso: -0.0117 
----------------------------------------------------------------------------------------
   Fe1   Fe1   ( -1,  -2,  -2) -0.0130   (-15.169, -15.169, -13.002) 25.085 
J_iso: -0.0130 
----------------------------------------------------------------------------------------
   Fe2   Fe2   ( -1,  -2,  -2) -0.0126   (-15.169, -15.169, -13.002) 25.085 
J_iso: -0.0126 
----------------------------------------------------------------------------------------
   Fe1   Fe1   (  1,   2,   2) -0.0130   (15.169, 15.169, 13.002) 25.085 
J_iso: -0.0130 
----------------------------------------------------------------------------------------
   Fe2   Fe2   (  1,   2,   2) -0.0126   (15.169, 15.169, 13.002) 25.085 
J_iso: -0.0126 
----------------------------------------------------------------------------------------
   Fe1   Fe1   (  2,   1,   2) -0.0133   (15.169, 13.002, 15.169) 25.085 
J_iso: -0.0133 
----------------------------------------------------------------------------------------
   Fe2   Fe2   (  2,   1,   2) -0.0117   (15.169, 13.002, 15.169) 25.085 
J_iso: -0.0117 
----------------------------------------------------------------------------------------
   Fe1   Fe1   (  2,   2,   1) -0.0141   (13.002, 15.169, 15.169) 25.085 
J_iso: -0.0141 
----------------------------------------------------------------------------------------
   Fe2   Fe2   (  2,   2,   1) -0.0119   (13.002, 15.169, 15.169) 25.085 
J_iso: -0.0119 
----------------------------------------------------------------------------------------
   Fe2   Fe1   ( -2,  -1,  -1) -0.0099   (-15.169, -15.169, -17.336) 27.581 
J_iso: -0.0099 
----------------------------------------------------------------------------------------
   Fe2   Fe1   ( -1,  -2,  -1) -0.0097   (-15.169, -17.336, -15.169) 27.581 
J_iso: -0.0097 
----------------------------------------------------------------------------------------
   Fe2   Fe1   ( -1,  -1,  -2) -0.0094   (-17.336, -15.169, -15.169) 27.581 
J_iso: -0.0094 
----------------------------------------------------------------------------------------
   Fe1   Fe2   (  1,   1,   2) -0.0094   (17.336, 15.169, 15.169) 27.581 
J_iso: -0.0094 
----------------------------------------------------------------------------------------
   Fe1   Fe2   (  1,   2,   1) -0.0097   (15.169, 17.336, 15.169) 27.581 
J_iso: -0.0097 
----------------------------------------------------------------------------------------
   Fe1   Fe2   (  2,   1,   1) -0.0099   (15.169, 15.169, 17.336) 27.581 
J_iso: -0.0099 
----------------------------------------------------------------------------------------
   Fe2   Fe1   ( -2,  -2,   0) -0.0174   (-13.002, -17.336, -17.336) 27.751 
J_iso: -0.0174 
----------------------------------------------------------------------------------------
   Fe2   Fe1   ( -2,   0,  -2) -0.0171   (-17.336, -13.002, -17.336) 27.751 
J_iso: -0.0171 
----------------------------------------------------------------------------------------
   Fe2   Fe1   (  0,  -2,  -2) -0.0175   (-17.336, -17.336, -13.002) 27.751 
J_iso: -0.0175 
----------------------------------------------------------------------------------------
   Fe1   Fe2   (  0,   2,   2) -0.0175   (17.336, 17.336, 13.002) 27.751 
J_iso: -0.0175 
----------------------------------------------------------------------------------------
   Fe1   Fe2   (  2,   0,   2) -0.0171   (17.336, 13.002, 17.336) 27.751 
J_iso: -0.0171 
----------------------------------------------------------------------------------------
   Fe1   Fe2   (  2,   2,   0) -0.0174   (13.002, 17.336, 17.336) 27.751 
J_iso: -0.0174 
----------------------------------------------------------------------------------------
   Fe1   Fe1   ( -2,  -2,  -2) -0.0026   (-17.336, -17.336, -17.336) 30.027 
J_iso: -0.0026 
----------------------------------------------------------------------------------------
   Fe2   Fe2   ( -2,  -2,  -2) -0.0048   (-17.336, -17.336, -17.336) 30.027 
J_iso: -0.0048 
----------------------------------------------------------------------------------------
   Fe1   Fe1   (  2,   2,   2) -0.0026   (17.336, 17.336, 17.336) 30.027 
J_iso: -0.0026 
----------------------------------------------------------------------------------------
   Fe2   Fe2   (  2,   2,   2) -0.0048   (17.336, 17.336, 17.336) 30.027 
J_iso: -0.0048 
----------------------------------------------------------------------------------------
   Fe2   Fe1   ( -2,  -2,  -1) -0.0008   (-17.336, -19.503, -19.503) 32.577 
J_iso: -0.0008 
----------------------------------------------------------------------------------------
   Fe2   Fe1   ( -2,  -1,  -2) -0.0017   (-19.503, -17.336, -19.503) 32.577 
J_iso: -0.0017 
----------------------------------------------------------------------------------------
   Fe2   Fe1   ( -1,  -2,  -2) -0.0014   (-19.503, -19.503, -17.336) 32.577 
J_iso: -0.0014 
----------------------------------------------------------------------------------------
   Fe1   Fe2   (  1,   2,   2) -0.0014   (19.503, 19.503, 17.336) 32.577 
J_iso: -0.0014 
----------------------------------------------------------------------------------------
   Fe1   Fe2   (  2,   1,   2) -0.0017   (19.503, 17.336, 19.503) 32.577 
J_iso: -0.0017 
----------------------------------------------------------------------------------------
   Fe1   Fe2   (  2,   2,   1) -0.0008   (17.336, 19.503, 19.503) 32.577 
J_iso: -0.0008 
----------------------------------------------------------------------------------------
   Fe2   Fe1   ( -2,  -2,  -2) -0.0007   (-21.670, -21.670, -21.670) 37.533 
J_iso: -0.0007 
----------------------------------------------------------------------------------------
   Fe1   Fe2   (  2,   2,   2) -0.0007   (21.670, 21.670, 21.670) 37.533 
J_iso: -0.0007 
