==========================================================================================
Information: 
Exchange parameters generated by TB2J 0.8.2
Generation time: 24/03/04 19:06:45
 Input from collinear Wannier90 data.
 Tight binding data from ./. 
 Prefix of wannier function files:up/cri3_up and dn/cri3_dn.
Warning: Please check if the noise level of Wannier function Hamiltonian to make sure it is much smaller than the exchange values.

==========================================================================================
Cell (Angstrom):
6.81714342  0.00000000  0.00000000
-3.40857171  5.90381938  0.00000000
0.00000000  0.00000000  20.07837375

==========================================================================================
Atoms:  
(Note: charge and magmoms only count the wannier functions.)
Atom number        x             y             z       w_charge  w_magmom 
Cr1            -0.00000000    3.93587959    0.00000000    5.3012    3.1820
Cr2             3.40857171    1.96793979    0.00000000    5.2816    3.1808
I1             -1.20700161    2.09058812    1.54465550    5.4064   -0.0521
I2             -2.20157010    3.81323127   -1.54465490    5.4102   -0.0566
I3              1.20700161    2.09058812   -1.54465490    4.9705   -0.0723
I4              2.20157010    3.81323127    1.54465550    4.8475   -0.0747
I5              2.41400322    0.00000000    1.54465550    5.3694   -0.0558
I6              4.40314020    0.00000000   -1.54465490    5.3807   -0.0544
Total                                                    41.9675    5.9968

==========================================================================================
Orbitals used in decomposition: 
The name of the orbitals for the decomposition: 
Cr1 : ['orb_1', 'orb_2', 'orb_3', 'orb_4', 'orb_5', 'orb_6']
Cr2 : ['orb_1', 'orb_2', 'orb_3', 'orb_4', 'orb_5', 'orb_6']

==========================================================================================
Exchange: 
    i      j          R        J_iso(meV)          vector          distance(A) 
----------------------------------------------------------------------------------------
   Cr1   Cr2   (  0,   1,   0)  0.9728   ( 0.000,  3.936,  0.000)  3.936 
J_iso:  0.9728 
----------------------------------------------------------------------------------------
   Cr2   Cr1   (  0,  -1,   0)  0.9728   (-0.000, -3.936,  0.000)  3.936 
J_iso:  0.9728 
----------------------------------------------------------------------------------------
   Cr1   Cr2   ( -1,   0,   0)  0.6230   (-3.409, -1.968,  0.000)  3.936 
J_iso:  0.6230 
----------------------------------------------------------------------------------------
   Cr2   Cr1   (  1,   0,   0)  0.6230   ( 3.409,  1.968,  0.000)  3.936 
J_iso:  0.6230 
----------------------------------------------------------------------------------------
   Cr1   Cr2   (  0,   0,   0)  1.8727   ( 3.409, -1.968,  0.000)  3.936 
J_iso:  1.8727 
----------------------------------------------------------------------------------------
   Cr2   Cr1   (  0,   0,   0)  1.8727   (-3.409,  1.968,  0.000)  3.936 
J_iso:  1.8727 
----------------------------------------------------------------------------------------
   Cr1   Cr1   (  0,  -1,   0)  0.8985   ( 3.409, -5.904,  0.000)  6.817 
J_iso:  0.8985 
----------------------------------------------------------------------------------------
   Cr1   Cr1   (  0,   1,   0)  0.8985   (-3.409,  5.904,  0.000)  6.817 
J_iso:  0.8985 
----------------------------------------------------------------------------------------
   Cr2   Cr2   (  0,   1,   0)  0.9084   (-3.409,  5.904,  0.000)  6.817 
J_iso:  0.9084 
----------------------------------------------------------------------------------------
   Cr2   Cr2   (  0,  -1,   0)  0.9084   ( 3.409, -5.904,  0.000)  6.817 
J_iso:  0.9084 
----------------------------------------------------------------------------------------
   Cr2   Cr2   (  1,   0,   0)  0.9009   ( 6.817,  0.000,  0.000)  6.817 
J_iso:  0.9009 
----------------------------------------------------------------------------------------
   Cr1   Cr1   ( -1,   0,   0)  0.9134   (-6.817,  0.000,  0.000)  6.817 
J_iso:  0.9134 
----------------------------------------------------------------------------------------
   Cr2   Cr2   ( -1,   0,   0)  0.9009   (-6.817,  0.000,  0.000)  6.817 
J_iso:  0.9009 
----------------------------------------------------------------------------------------
   Cr1   Cr1   (  1,   0,   0)  0.9134   ( 6.817,  0.000,  0.000)  6.817 
J_iso:  0.9134 
----------------------------------------------------------------------------------------
   Cr1   Cr1   ( -1,  -1,   0)  0.8933   (-3.409, -5.904,  0.000)  6.817 
J_iso:  0.8933 
----------------------------------------------------------------------------------------
   Cr2   Cr2   ( -1,  -1,   0)  0.8978   (-3.409, -5.904,  0.000)  6.817 
J_iso:  0.8978 
----------------------------------------------------------------------------------------
   Cr1   Cr1   (  1,   1,   0)  0.8933   ( 3.409,  5.904,  0.000)  6.817 
J_iso:  0.8933 
----------------------------------------------------------------------------------------
   Cr2   Cr2   (  1,   1,   0)  0.8978   ( 3.409,  5.904,  0.000)  6.817 
J_iso:  0.8978 
----------------------------------------------------------------------------------------
   Cr1   Cr2   ( -1,   1,   0) -0.1945   (-6.817,  3.936,  0.000)  7.872 
J_iso: -0.1945 
----------------------------------------------------------------------------------------
   Cr2   Cr1   (  1,  -1,   0) -0.1945   ( 6.817, -3.936,  0.000)  7.872 
J_iso: -0.1945 
----------------------------------------------------------------------------------------
   Cr1   Cr2   ( -1,  -1,   0) -0.1834   ( 0.000, -7.872,  0.000)  7.872 
J_iso: -0.1834 
----------------------------------------------------------------------------------------
   Cr2   Cr1   (  1,   1,   0) -0.1834   (-0.000,  7.872,  0.000)  7.872 
J_iso: -0.1834 
----------------------------------------------------------------------------------------
   Cr2   Cr1   ( -1,  -1,   0) -0.1867   (-6.817, -3.936,  0.000)  7.872 
J_iso: -0.1867 
----------------------------------------------------------------------------------------
   Cr1   Cr2   (  1,   1,   0) -0.1867   ( 6.817,  3.936,  0.000)  7.872 
J_iso: -0.1867 
----------------------------------------------------------------------------------------
   Cr2   Cr1   (  0,  -2,   0)  0.0001   ( 3.409, -9.840,  0.000) 10.413 
J_iso:  0.0001 
----------------------------------------------------------------------------------------
   Cr1   Cr2   (  0,   2,   0)  0.0001   (-3.409,  9.840,  0.000) 10.413 
J_iso:  0.0001 
----------------------------------------------------------------------------------------
   Cr1   Cr2   ( -2,   0,   0) -0.0011   (-10.226, -1.968,  0.000) 10.413 
J_iso: -0.0011 
----------------------------------------------------------------------------------------
   Cr2   Cr1   (  2,   0,   0) -0.0011   (10.226,  1.968,  0.000) 10.413 
J_iso: -0.0011 
----------------------------------------------------------------------------------------
   Cr2   Cr1   ( -1,  -2,   0) -0.0022   (-3.409, -9.840,  0.000) 10.413 
J_iso: -0.0022 
----------------------------------------------------------------------------------------
   Cr1   Cr2   (  1,   2,   0) -0.0022   ( 3.409,  9.840,  0.000) 10.413 
J_iso: -0.0022 
----------------------------------------------------------------------------------------
   Cr1   Cr2   ( -2,  -1,   0) -0.0009   (-6.817, -7.872,  0.000) 10.413 
J_iso: -0.0009 
----------------------------------------------------------------------------------------
   Cr2   Cr1   (  2,   1,   0) -0.0009   ( 6.817,  7.872,  0.000) 10.413 
J_iso: -0.0009 
----------------------------------------------------------------------------------------
   Cr1   Cr2   (  0,  -1,   0) -0.0020   ( 6.817, -7.872,  0.000) 10.413 
J_iso: -0.0020 
----------------------------------------------------------------------------------------
   Cr2   Cr1   (  0,   1,   0) -0.0020   (-6.817,  7.872,  0.000) 10.413 
J_iso: -0.0020 
----------------------------------------------------------------------------------------
   Cr2   Cr1   ( -1,   0,   0)  0.0017   (-10.226,  1.968,  0.000) 10.413 
J_iso:  0.0017 
----------------------------------------------------------------------------------------
   Cr1   Cr2   (  1,   0,   0)  0.0017   (10.226, -1.968,  0.000) 10.413 
J_iso:  0.0017 
----------------------------------------------------------------------------------------
   Cr1   Cr1   ( -1,   1,   0) -0.0289   (-10.226,  5.904,  0.000) 11.808 
J_iso: -0.0289 
----------------------------------------------------------------------------------------
   Cr2   Cr2   ( -1,   1,   0) -0.0289   (-10.226,  5.904,  0.000) 11.808 
J_iso: -0.0289 
----------------------------------------------------------------------------------------
   Cr2   Cr2   (  1,  -1,   0) -0.0289   (10.226, -5.904,  0.000) 11.808 
J_iso: -0.0289 
----------------------------------------------------------------------------------------
   Cr1   Cr1   (  1,  -1,   0) -0.0289   (10.226, -5.904,  0.000) 11.808 
J_iso: -0.0289 
----------------------------------------------------------------------------------------
   Cr1   Cr1   ( -1,  -2,   0) -0.0308   (-0.000, -11.808,  0.000) 11.808 
J_iso: -0.0308 
----------------------------------------------------------------------------------------
   Cr2   Cr2   ( -1,  -2,   0) -0.0316   (-0.000, -11.808,  0.000) 11.808 
J_iso: -0.0316 
----------------------------------------------------------------------------------------
   Cr1   Cr1   (  1,   2,   0) -0.0308   ( 0.000, 11.808,  0.000) 11.808 
J_iso: -0.0308 
----------------------------------------------------------------------------------------
   Cr2   Cr2   (  1,   2,   0) -0.0316   ( 0.000, 11.808,  0.000) 11.808 
J_iso: -0.0316 
----------------------------------------------------------------------------------------
   Cr1   Cr1   ( -2,  -1,   0) -0.0311   (-10.226, -5.904,  0.000) 11.808 
J_iso: -0.0311 
----------------------------------------------------------------------------------------
   Cr2   Cr2   ( -2,  -1,   0) -0.0313   (-10.226, -5.904,  0.000) 11.808 
J_iso: -0.0313 
----------------------------------------------------------------------------------------
   Cr1   Cr1   (  2,   1,   0) -0.0311   (10.226,  5.904,  0.000) 11.808 
J_iso: -0.0311 
----------------------------------------------------------------------------------------
   Cr2   Cr2   (  2,   1,   0) -0.0313   (10.226,  5.904,  0.000) 11.808 
J_iso: -0.0313 
----------------------------------------------------------------------------------------
   Cr1   Cr1   (  0,  -2,   0) -0.0088   ( 6.817, -11.808,  0.000) 13.634 
J_iso: -0.0088 
----------------------------------------------------------------------------------------
   Cr2   Cr2   (  0,  -2,   0) -0.0087   ( 6.817, -11.808,  0.000) 13.634 
J_iso: -0.0087 
----------------------------------------------------------------------------------------
   Cr1   Cr1   (  0,   2,   0) -0.0088   (-6.817, 11.808,  0.000) 13.634 
J_iso: -0.0088 
----------------------------------------------------------------------------------------
   Cr2   Cr2   (  0,   2,   0) -0.0087   (-6.817, 11.808,  0.000) 13.634 
J_iso: -0.0087 
----------------------------------------------------------------------------------------
   Cr1   Cr1   ( -2,   0,   0) -0.0086   (-13.634,  0.000,  0.000) 13.634 
J_iso: -0.0086 
----------------------------------------------------------------------------------------
   Cr2   Cr2   ( -2,   0,   0) -0.0088   (-13.634,  0.000,  0.000) 13.634 
J_iso: -0.0088 
----------------------------------------------------------------------------------------
   Cr2   Cr2   (  2,   0,   0) -0.0088   (13.634,  0.000,  0.000) 13.634 
J_iso: -0.0088 
----------------------------------------------------------------------------------------
   Cr1   Cr1   (  2,   0,   0) -0.0086   (13.634,  0.000,  0.000) 13.634 
J_iso: -0.0086 
----------------------------------------------------------------------------------------
   Cr2   Cr2   (  2,   2,   0) -0.0081   ( 6.817, 11.808,  0.000) 13.634 
J_iso: -0.0081 
----------------------------------------------------------------------------------------
   Cr1   Cr1   ( -2,  -2,   0) -0.0083   (-6.817, -11.808,  0.000) 13.634 
J_iso: -0.0083 
----------------------------------------------------------------------------------------
   Cr2   Cr2   ( -2,  -2,   0) -0.0081   (-6.817, -11.808,  0.000) 13.634 
J_iso: -0.0081 
----------------------------------------------------------------------------------------
   Cr1   Cr1   (  2,   2,   0) -0.0083   ( 6.817, 11.808,  0.000) 13.634 
J_iso: -0.0083 
----------------------------------------------------------------------------------------
   Cr1   Cr2   ( -1,   2,   0) -0.0002   (-10.226,  9.840,  0.000) 14.191 
J_iso: -0.0002 
----------------------------------------------------------------------------------------
   Cr2   Cr1   (  1,  -2,   0) -0.0002   (10.226, -9.840,  0.000) 14.191 
J_iso: -0.0002 
----------------------------------------------------------------------------------------
   Cr2   Cr1   (  2,  -1,   0) -0.0001   (13.634, -3.936,  0.000) 14.191 
J_iso: -0.0001 
----------------------------------------------------------------------------------------
   Cr1   Cr2   ( -2,   1,   0) -0.0001   (-13.634,  3.936,  0.000) 14.191 
J_iso: -0.0001 
----------------------------------------------------------------------------------------
   Cr1   Cr2   ( -1,  -2,   0) -0.0000   ( 3.409, -13.776,  0.000) 14.191 
J_iso: -0.0000 
----------------------------------------------------------------------------------------
   Cr2   Cr1   (  1,   2,   0) -0.0000   (-3.409, 13.776,  0.000) 14.191 
J_iso: -0.0000 
----------------------------------------------------------------------------------------
   Cr1   Cr2   ( -2,  -2,   0)  0.0000   (-3.409, -13.776,  0.000) 14.191 
J_iso:  0.0000 
----------------------------------------------------------------------------------------
   Cr2   Cr1   (  2,   2,   0)  0.0000   ( 3.409, 13.776,  0.000) 14.191 
J_iso:  0.0000 
----------------------------------------------------------------------------------------
   Cr2   Cr1   ( -2,  -2,   0) -0.0001   (-10.226, -9.840,  0.000) 14.191 
J_iso: -0.0001 
----------------------------------------------------------------------------------------
   Cr1   Cr2   (  2,   2,   0) -0.0001   (10.226,  9.840,  0.000) 14.191 
J_iso: -0.0001 
----------------------------------------------------------------------------------------
   Cr2   Cr1   ( -2,  -1,   0)  0.0001   (-13.634, -3.936,  0.000) 14.191 
J_iso:  0.0001 
----------------------------------------------------------------------------------------
   Cr1   Cr2   (  2,   1,   0)  0.0001   (13.634,  3.936,  0.000) 14.191 
J_iso:  0.0001 
----------------------------------------------------------------------------------------
   Cr2   Cr1   ( -1,  -3,   0) -0.0066   (-0.000, -15.744,  0.000) 15.744 
J_iso: -0.0066 
----------------------------------------------------------------------------------------
   Cr1   Cr2   (  1,   3,   0) -0.0066   ( 0.000, 15.744,  0.000) 15.744 
J_iso: -0.0066 
----------------------------------------------------------------------------------------
   Cr2   Cr1   (  3,   1,   0) -0.0066   (13.634,  7.872,  0.000) 15.744 
J_iso: -0.0066 
----------------------------------------------------------------------------------------
   Cr1   Cr2   ( -3,  -1,   0) -0.0066   (-13.634, -7.872,  0.000) 15.744 
J_iso: -0.0066 
----------------------------------------------------------------------------------------
   Cr2   Cr1   ( -1,   1,   0) -0.0068   (-13.634,  7.872,  0.000) 15.744 
J_iso: -0.0068 
----------------------------------------------------------------------------------------
   Cr1   Cr2   (  1,  -1,   0) -0.0068   (13.634, -7.872,  0.000) 15.744 
J_iso: -0.0068 
----------------------------------------------------------------------------------------
   Cr2   Cr1   (  0,  -3,   0) -0.0007   ( 6.817, -15.744,  0.000) 17.156 
J_iso: -0.0007 
----------------------------------------------------------------------------------------
   Cr1   Cr2   (  0,   3,   0) -0.0007   (-6.817, 15.744,  0.000) 17.156 
J_iso: -0.0007 
----------------------------------------------------------------------------------------
   Cr1   Cr2   ( -3,   0,   0) -0.0007   (-17.043, -1.968,  0.000) 17.156 
J_iso: -0.0007 
----------------------------------------------------------------------------------------
   Cr2   Cr1   (  3,   0,   0) -0.0007   (17.043,  1.968,  0.000) 17.156 
J_iso: -0.0007 
----------------------------------------------------------------------------------------
   Cr1   Cr2   (  0,  -2,   0) -0.0008   (10.226, -13.776,  0.000) 17.156 
J_iso: -0.0008 
----------------------------------------------------------------------------------------
   Cr2   Cr1   (  0,   2,   0) -0.0008   (-10.226, 13.776,  0.000) 17.156 
J_iso: -0.0008 
----------------------------------------------------------------------------------------
   Cr2   Cr1   ( -2,  -3,   0) -0.0008   (-6.817, -15.744,  0.000) 17.156 
J_iso: -0.0008 
----------------------------------------------------------------------------------------
   Cr1   Cr2   (  2,   3,   0) -0.0008   ( 6.817, 15.744,  0.000) 17.156 
J_iso: -0.0008 
----------------------------------------------------------------------------------------
   Cr1   Cr2   ( -3,  -2,   0) -0.0008   (-10.226, -13.776,  0.000) 17.156 
J_iso: -0.0008 
----------------------------------------------------------------------------------------
   Cr2   Cr1   (  3,   2,   0) -0.0008   (10.226, 13.776,  0.000) 17.156 
J_iso: -0.0008 
----------------------------------------------------------------------------------------
   Cr2   Cr1   ( -2,   0,   0) -0.0008   (-17.043,  1.968,  0.000) 17.156 
J_iso: -0.0008 
----------------------------------------------------------------------------------------
   Cr1   Cr2   (  2,   0,   0) -0.0008   (17.043, -1.968,  0.000) 17.156 
J_iso: -0.0008 
----------------------------------------------------------------------------------------
   Cr1   Cr1   ( -1,   2,   0)  0.0001   (-13.634, 11.808,  0.000) 18.036 
J_iso:  0.0001 
----------------------------------------------------------------------------------------
   Cr2   Cr2   ( -1,   2,   0)  0.0001   (-13.634, 11.808,  0.000) 18.036 
J_iso:  0.0001 
----------------------------------------------------------------------------------------
   Cr1   Cr1   (  1,  -2,   0)  0.0001   (13.634, -11.808,  0.000) 18.036 
J_iso:  0.0001 
----------------------------------------------------------------------------------------
   Cr2   Cr2   (  1,  -2,   0)  0.0001   (13.634, -11.808,  0.000) 18.036 
J_iso:  0.0001 
----------------------------------------------------------------------------------------
   Cr1   Cr1   ( -1,  -3,   0)  0.0001   ( 3.409, -17.711,  0.000) 18.036 
J_iso:  0.0001 
----------------------------------------------------------------------------------------
   Cr2   Cr2   ( -1,  -3,   0)  0.0001   ( 3.409, -17.711,  0.000) 18.036 
J_iso:  0.0001 
----------------------------------------------------------------------------------------
   Cr1   Cr1   (  1,   3,   0)  0.0001   (-3.409, 17.711,  0.000) 18.036 
J_iso:  0.0001 
----------------------------------------------------------------------------------------
   Cr2   Cr2   (  1,   3,   0)  0.0001   (-3.409, 17.711,  0.000) 18.036 
J_iso:  0.0001 
----------------------------------------------------------------------------------------
   Cr1   Cr1   ( -2,   1,   0)  0.0001   (-17.043,  5.904,  0.000) 18.036 
J_iso:  0.0001 
----------------------------------------------------------------------------------------
   Cr2   Cr2   ( -2,   1,   0)  0.0001   (-17.043,  5.904,  0.000) 18.036 
J_iso:  0.0001 
----------------------------------------------------------------------------------------
   Cr1   Cr1   (  2,  -1,   0)  0.0001   (17.043, -5.904,  0.000) 18.036 
J_iso:  0.0001 
----------------------------------------------------------------------------------------
   Cr2   Cr2   (  2,  -1,   0)  0.0001   (17.043, -5.904,  0.000) 18.036 
J_iso:  0.0001 
----------------------------------------------------------------------------------------
   Cr1   Cr1   ( -2,  -3,   0)  0.0001   (-3.409, -17.711,  0.000) 18.036 
J_iso:  0.0001 
----------------------------------------------------------------------------------------
   Cr2   Cr2   ( -2,  -3,   0)  0.0001   (-3.409, -17.711,  0.000) 18.036 
J_iso:  0.0001 
----------------------------------------------------------------------------------------
   Cr1   Cr1   (  2,   3,   0)  0.0001   ( 3.409, 17.711,  0.000) 18.036 
J_iso:  0.0001 
----------------------------------------------------------------------------------------
   Cr2   Cr2   (  2,   3,   0)  0.0001   ( 3.409, 17.711,  0.000) 18.036 
J_iso:  0.0001 
----------------------------------------------------------------------------------------
   Cr1   Cr1   ( -3,  -1,   0)  0.0001   (-17.043, -5.904,  0.000) 18.036 
J_iso:  0.0001 
----------------------------------------------------------------------------------------
   Cr2   Cr2   ( -3,  -1,   0)  0.0001   (-17.043, -5.904,  0.000) 18.036 
J_iso:  0.0001 
----------------------------------------------------------------------------------------
   Cr1   Cr1   (  3,   1,   0)  0.0001   (17.043,  5.904,  0.000) 18.036 
J_iso:  0.0001 
----------------------------------------------------------------------------------------
   Cr2   Cr2   (  3,   1,   0)  0.0001   (17.043,  5.904,  0.000) 18.036 
J_iso:  0.0001 
----------------------------------------------------------------------------------------
   Cr1   Cr1   ( -3,  -2,   0)  0.0001   (-13.634, -11.808,  0.000) 18.036 
J_iso:  0.0001 
----------------------------------------------------------------------------------------
   Cr2   Cr2   ( -3,  -2,   0)  0.0001   (-13.634, -11.808,  0.000) 18.036 
J_iso:  0.0001 
----------------------------------------------------------------------------------------
   Cr1   Cr1   (  3,   2,   0)  0.0001   (13.634, 11.808,  0.000) 18.036 
J_iso:  0.0001 
----------------------------------------------------------------------------------------
   Cr2   Cr2   (  3,   2,   0)  0.0001   (13.634, 11.808,  0.000) 18.036 
J_iso:  0.0001 
----------------------------------------------------------------------------------------
   Cr1   Cr2   ( -2,   2,   0)  0.0000   (-17.043,  9.840,  0.000) 19.679 
J_iso:  0.0000 
----------------------------------------------------------------------------------------
   Cr2   Cr1   (  2,  -2,   0)  0.0000   (17.043, -9.840,  0.000) 19.679 
J_iso:  0.0000 
----------------------------------------------------------------------------------------
   Cr1   Cr2   ( -2,  -3,   0)  0.0001   (-0.000, -19.679,  0.000) 19.679 
J_iso:  0.0001 
----------------------------------------------------------------------------------------
   Cr2   Cr1   (  2,   3,   0)  0.0001   ( 0.000, 19.679,  0.000) 19.679 
J_iso:  0.0001 
----------------------------------------------------------------------------------------
   Cr2   Cr1   ( -3,  -2,   0)  0.0001   (-17.043, -9.840,  0.000) 19.679 
J_iso:  0.0001 
----------------------------------------------------------------------------------------
   Cr1   Cr2   (  3,   2,   0)  0.0001   (17.043,  9.840,  0.000) 19.679 
J_iso:  0.0001 
----------------------------------------------------------------------------------------
   Cr1   Cr1   (  0,  -3,   0) -0.0001   (10.226, -17.711,  0.000) 20.451 
J_iso: -0.0001 
----------------------------------------------------------------------------------------
   Cr2   Cr2   (  0,  -3,   0) -0.0001   (10.226, -17.711,  0.000) 20.451 
J_iso: -0.0001 
----------------------------------------------------------------------------------------
   Cr1   Cr1   (  0,   3,   0) -0.0001   (-10.226, 17.711,  0.000) 20.451 
J_iso: -0.0001 
----------------------------------------------------------------------------------------
   Cr2   Cr2   (  0,   3,   0) -0.0001   (-10.226, 17.711,  0.000) 20.451 
J_iso: -0.0001 
----------------------------------------------------------------------------------------
   Cr1   Cr1   ( -3,   0,   0) -0.0001   (-20.451,  0.000,  0.000) 20.451 
J_iso: -0.0001 
----------------------------------------------------------------------------------------
   Cr2   Cr2   ( -3,   0,   0) -0.0001   (-20.451,  0.000,  0.000) 20.451 
J_iso: -0.0001 
----------------------------------------------------------------------------------------
   Cr1   Cr1   (  3,   0,   0) -0.0001   (20.451,  0.000,  0.000) 20.451 
J_iso: -0.0001 
----------------------------------------------------------------------------------------
   Cr2   Cr2   (  3,   0,   0) -0.0001   (20.451,  0.000,  0.000) 20.451 
J_iso: -0.0001 
----------------------------------------------------------------------------------------
   Cr1   Cr1   ( -3,  -3,   0) -0.0001   (-10.226, -17.711,  0.000) 20.451 
J_iso: -0.0001 
----------------------------------------------------------------------------------------
   Cr2   Cr2   ( -3,  -3,   0) -0.0001   (-10.226, -17.711,  0.000) 20.451 
J_iso: -0.0001 
----------------------------------------------------------------------------------------
   Cr2   Cr2   (  3,   3,   0) -0.0001   (10.226, 17.711,  0.000) 20.451 
J_iso: -0.0001 
----------------------------------------------------------------------------------------
   Cr1   Cr1   (  3,   3,   0) -0.0001   (10.226, 17.711,  0.000) 20.451 
J_iso: -0.0001 
----------------------------------------------------------------------------------------
   Cr2   Cr1   (  1,  -3,   0) -0.0001   (13.634, -15.744,  0.000) 20.827 
J_iso: -0.0001 
----------------------------------------------------------------------------------------
   Cr1   Cr2   ( -1,   3,   0) -0.0001   (-13.634, 15.744,  0.000) 20.827 
J_iso: -0.0001 
----------------------------------------------------------------------------------------
   Cr1   Cr2   ( -3,   1,   0) -0.0001   (-20.451,  3.936,  0.000) 20.827 
J_iso: -0.0001 
----------------------------------------------------------------------------------------
   Cr2   Cr1   (  3,  -1,   0) -0.0001   (20.451, -3.936,  0.000) 20.827 
J_iso: -0.0001 
----------------------------------------------------------------------------------------
   Cr1   Cr2   ( -1,  -3,   0) -0.0001   ( 6.817, -19.679,  0.000) 20.827 
J_iso: -0.0001 
----------------------------------------------------------------------------------------
   Cr2   Cr1   (  1,   3,   0) -0.0001   (-6.817, 19.679,  0.000) 20.827 
J_iso: -0.0001 
----------------------------------------------------------------------------------------
   Cr1   Cr2   ( -3,  -3,   0) -0.0001   (-6.817, -19.679,  0.000) 20.827 
J_iso: -0.0001 
----------------------------------------------------------------------------------------
   Cr2   Cr1   (  3,   3,   0) -0.0001   ( 6.817, 19.679,  0.000) 20.827 
J_iso: -0.0001 
----------------------------------------------------------------------------------------
   Cr2   Cr1   ( -3,  -3,   0) -0.0001   (-13.634, -15.744,  0.000) 20.827 
J_iso: -0.0001 
----------------------------------------------------------------------------------------
   Cr1   Cr2   (  3,   3,   0) -0.0001   (13.634, 15.744,  0.000) 20.827 
J_iso: -0.0001 
----------------------------------------------------------------------------------------
   Cr2   Cr1   ( -3,  -1,   0) -0.0001   (-20.451, -3.936,  0.000) 20.827 
J_iso: -0.0001 
----------------------------------------------------------------------------------------
   Cr1   Cr2   (  3,   1,   0) -0.0001   (20.451,  3.936,  0.000) 20.827 
J_iso: -0.0001 
----------------------------------------------------------------------------------------
   Cr2   Cr1   ( -1,   2,   0)  0.0000   (-17.043, 13.776,  0.000) 21.914 
J_iso:  0.0000 
----------------------------------------------------------------------------------------
   Cr1   Cr2   (  1,  -2,   0)  0.0000   (17.043, -13.776,  0.000) 21.914 
J_iso:  0.0000 
----------------------------------------------------------------------------------------
   Cr2   Cr1   ( -2,   1,   0)  0.0000   (-20.451,  7.872,  0.000) 21.914 
J_iso:  0.0000 
----------------------------------------------------------------------------------------
   Cr1   Cr2   (  2,  -1,   0)  0.0000   (20.451, -7.872,  0.000) 21.914 
J_iso:  0.0000 
----------------------------------------------------------------------------------------
   Cr1   Cr1   ( -2,   2,   0)  0.0000   (-20.451, 11.808,  0.000) 23.615 
J_iso:  0.0000 
----------------------------------------------------------------------------------------
   Cr2   Cr2   ( -2,   2,   0)  0.0000   (-20.451, 11.808,  0.000) 23.615 
J_iso:  0.0000 
----------------------------------------------------------------------------------------
   Cr1   Cr1   (  2,  -2,   0)  0.0000   (20.451, -11.808,  0.000) 23.615 
J_iso:  0.0000 
----------------------------------------------------------------------------------------
   Cr2   Cr2   (  2,  -2,   0)  0.0000   (20.451, -11.808,  0.000) 23.615 
J_iso:  0.0000 
----------------------------------------------------------------------------------------
   Cr2   Cr1   (  0,   3,   0)  0.0000   (-13.634, 19.679,  0.000) 23.941 
J_iso:  0.0000 
----------------------------------------------------------------------------------------
   Cr1   Cr2   (  0,  -3,   0)  0.0000   (13.634, -19.679,  0.000) 23.941 
J_iso:  0.0000 
----------------------------------------------------------------------------------------
   Cr2   Cr1   ( -3,   0,   0)  0.0000   (-23.860,  1.968,  0.000) 23.941 
J_iso:  0.0000 
----------------------------------------------------------------------------------------
   Cr1   Cr2   (  3,   0,   0)  0.0000   (23.860, -1.968,  0.000) 23.941 
J_iso:  0.0000 
----------------------------------------------------------------------------------------
   Cr1   Cr1   ( -1,   3,   0)  0.0000   (-17.043, 17.711,  0.000) 24.580 
J_iso:  0.0000 
----------------------------------------------------------------------------------------
   Cr2   Cr2   ( -1,   3,   0)  0.0000   (-17.043, 17.711,  0.000) 24.580 
J_iso:  0.0000 
----------------------------------------------------------------------------------------
   Cr1   Cr1   (  1,  -3,   0)  0.0000   (17.043, -17.711,  0.000) 24.580 
J_iso:  0.0000 
----------------------------------------------------------------------------------------
   Cr2   Cr2   (  1,  -3,   0)  0.0000   (17.043, -17.711,  0.000) 24.580 
J_iso:  0.0000 
----------------------------------------------------------------------------------------
   Cr1   Cr1   ( -3,   1,   0)  0.0000   (-23.860,  5.904,  0.000) 24.580 
J_iso:  0.0000 
----------------------------------------------------------------------------------------
   Cr2   Cr2   ( -3,   1,   0)  0.0000   (-23.860,  5.904,  0.000) 24.580 
J_iso:  0.0000 
----------------------------------------------------------------------------------------
   Cr1   Cr1   (  3,  -1,   0)  0.0000   (23.860, -5.904,  0.000) 24.580 
J_iso:  0.0000 
----------------------------------------------------------------------------------------
   Cr2   Cr2   (  3,  -1,   0)  0.0000   (23.860, -5.904,  0.000) 24.580 
J_iso:  0.0000 
----------------------------------------------------------------------------------------
   Cr1   Cr2   ( -2,   3,   0)  0.0000   (-20.451, 15.744,  0.000) 25.809 
J_iso:  0.0000 
----------------------------------------------------------------------------------------
   Cr2   Cr1   (  2,  -3,   0)  0.0000   (20.451, -15.744,  0.000) 25.809 
J_iso:  0.0000 
----------------------------------------------------------------------------------------
   Cr1   Cr2   ( -3,   2,   0)  0.0000   (-23.860,  9.840,  0.000) 25.809 
J_iso:  0.0000 
----------------------------------------------------------------------------------------
   Cr2   Cr1   (  3,  -2,   0)  0.0000   (23.860, -9.840,  0.000) 25.809 
J_iso:  0.0000 
----------------------------------------------------------------------------------------
   Cr2   Cr1   ( -2,   2,   0) -0.0000   (-23.860, 13.776,  0.000) 27.551 
J_iso: -0.0000 
----------------------------------------------------------------------------------------
   Cr1   Cr2   (  2,  -2,   0) -0.0000   (23.860, -13.776,  0.000) 27.551 
J_iso: -0.0000 
----------------------------------------------------------------------------------------
   Cr2   Cr1   ( -1,   3,   0)  0.0000   (-20.451, 19.679,  0.000) 28.382 
J_iso:  0.0000 
----------------------------------------------------------------------------------------
   Cr1   Cr2   (  1,  -3,   0)  0.0000   (20.451, -19.679,  0.000) 28.382 
J_iso:  0.0000 
----------------------------------------------------------------------------------------
   Cr2   Cr1   ( -3,   1,   0)  0.0000   (-27.269,  7.872,  0.000) 28.382 
J_iso:  0.0000 
----------------------------------------------------------------------------------------
   Cr1   Cr2   (  3,  -1,   0)  0.0000   (27.269, -7.872,  0.000) 28.382 
J_iso:  0.0000 
----------------------------------------------------------------------------------------
   Cr1   Cr1   ( -2,   3,   0)  0.0000   (-23.860, 17.711,  0.000) 29.715 
J_iso:  0.0000 
----------------------------------------------------------------------------------------
   Cr2   Cr2   ( -2,   3,   0)  0.0000   (-23.860, 17.711,  0.000) 29.715 
J_iso:  0.0000 
----------------------------------------------------------------------------------------
   Cr1   Cr1   (  2,  -3,   0)  0.0000   (23.860, -17.711,  0.000) 29.715 
J_iso:  0.0000 
----------------------------------------------------------------------------------------
   Cr2   Cr2   (  2,  -3,   0)  0.0000   (23.860, -17.711,  0.000) 29.715 
J_iso:  0.0000 
----------------------------------------------------------------------------------------
   Cr1   Cr1   ( -3,   2,   0)  0.0000   (-27.269, 11.808,  0.000) 29.715 
J_iso:  0.0000 
----------------------------------------------------------------------------------------
   Cr2   Cr2   ( -3,   2,   0)  0.0000   (-27.269, 11.808,  0.000) 29.715 
J_iso:  0.0000 
----------------------------------------------------------------------------------------
   Cr1   Cr1   (  3,  -2,   0)  0.0000   (27.269, -11.808,  0.000) 29.715 
J_iso:  0.0000 
----------------------------------------------------------------------------------------
   Cr2   Cr2   (  3,  -2,   0)  0.0000   (27.269, -11.808,  0.000) 29.715 
J_iso:  0.0000 
----------------------------------------------------------------------------------------
   Cr1   Cr2   ( -3,   3,   0)  0.0000   (-27.269, 15.744,  0.000) 31.487 
J_iso:  0.0000 
----------------------------------------------------------------------------------------
   Cr2   Cr1   (  3,  -3,   0)  0.0000   (27.269, -15.744,  0.000) 31.487 
J_iso:  0.0000 
----------------------------------------------------------------------------------------
   Cr2   Cr1   ( -2,   3,   0)  0.0000   (-27.269, 19.679,  0.000) 33.628 
J_iso:  0.0000 
----------------------------------------------------------------------------------------
   Cr1   Cr2   (  2,  -3,   0)  0.0000   (27.269, -19.679,  0.000) 33.628 
J_iso:  0.0000 
----------------------------------------------------------------------------------------
   Cr2   Cr1   ( -3,   2,   0)  0.0000   (-30.677, 13.776,  0.000) 33.628 
J_iso:  0.0000 
----------------------------------------------------------------------------------------
   Cr1   Cr2   (  3,  -2,   0)  0.0000   (30.677, -13.776,  0.000) 33.628 
J_iso:  0.0000 
----------------------------------------------------------------------------------------
   Cr1   Cr1   ( -3,   3,   0)  0.0000   (-30.677, 17.711,  0.000) 35.423 
J_iso:  0.0000 
----------------------------------------------------------------------------------------
   Cr2   Cr2   ( -3,   3,   0)  0.0000   (-30.677, 17.711,  0.000) 35.423 
J_iso:  0.0000 
----------------------------------------------------------------------------------------
   Cr1   Cr1   (  3,  -3,   0)  0.0000   (30.677, -17.711,  0.000) 35.423 
J_iso:  0.0000 
----------------------------------------------------------------------------------------
   Cr2   Cr2   (  3,  -3,   0)  0.0000   (30.677, -17.711,  0.000) 35.423 
J_iso:  0.0000 
----------------------------------------------------------------------------------------
   Cr2   Cr1   ( -3,   3,   0)  0.0000   (-34.086, 19.679,  0.000) 39.359 
J_iso:  0.0000 
----------------------------------------------------------------------------------------
   Cr1   Cr2   (  3,  -3,   0)  0.0000   (34.086, -19.679,  0.000) 39.359 
J_iso:  0.0000 
