==========================================================================================
Information: 
Exchange parameters generated by TB2J 0.8.2
Generation time: 24/03/04 19:40:47
 Input from collinear Wannier90 data.
 Tight binding data from ./. 
 Prefix of wannier function files:up/cri3_up and dn/cri3_dn.
Warning: Please check if the noise level of Wannier function Hamiltonian to make sure it is much smaller than the exchange values.

==========================================================================================
Cell (Angstrom):
6.81714342  0.00000000  0.00000000
-3.40857171  5.90381938  0.00000000
0.00000000  0.00000000  20.07837375

==========================================================================================
Atoms:  
(Note: charge and magmoms only count the wannier functions.)
Atom number        x             y             z       w_charge  w_magmom 
Cr1            -0.00000000    3.93587959    0.00000000    4.9330    3.2953
Cr2             3.40857171    1.96793979    0.00000000    4.9325    3.2957
I1             -1.20700161    2.09058812    1.54465550    5.3507   -0.0989
I2             -2.20157010    3.81323127   -1.54465490    5.3507   -0.0993
I3              1.20700161    2.09058812   -1.54465490    5.3505   -0.0991
I4              2.20157010    3.81323127    1.54465550    5.3505   -0.0989
I5              2.41400322    0.00000000    1.54465550    5.3503   -0.0989
I6              4.40314020    0.00000000   -1.54465490    5.3502   -0.0990
Total                                                    41.9685    5.9970

==========================================================================================
Orbitals used in decomposition: 
The name of the orbitals for the decomposition: 
Cr1 : ['orb_1', 'orb_2', 'orb_3', 'orb_4', 'orb_5', 'orb_6']
Cr2 : ['orb_1', 'orb_2', 'orb_3', 'orb_4', 'orb_5', 'orb_6']

==========================================================================================
Exchange: 
    i      j          R        J_iso(meV)          vector          distance(A) 
----------------------------------------------------------------------------------------
   Cr1   Cr2   (  0,   1,   0)  2.8170   ( 0.000,  3.936,  0.000)  3.936 
J_iso:  2.8170 
----------------------------------------------------------------------------------------
   Cr2   Cr1   (  0,  -1,   0)  2.8170   (-0.000, -3.936,  0.000)  3.936 
J_iso:  2.8170 
----------------------------------------------------------------------------------------
   Cr1   Cr2   ( -1,   0,   0)  2.7943   (-3.409, -1.968,  0.000)  3.936 
J_iso:  2.7943 
----------------------------------------------------------------------------------------
   Cr2   Cr1   (  1,   0,   0)  2.7943   ( 3.409,  1.968,  0.000)  3.936 
J_iso:  2.7943 
----------------------------------------------------------------------------------------
   Cr1   Cr2   (  0,   0,   0)  2.7813   ( 3.409, -1.968,  0.000)  3.936 
J_iso:  2.7813 
----------------------------------------------------------------------------------------
   Cr2   Cr1   (  0,   0,   0)  2.7813   (-3.409,  1.968,  0.000)  3.936 
J_iso:  2.7813 
----------------------------------------------------------------------------------------
   Cr1   Cr1   (  0,  -1,   0)  0.5726   ( 3.409, -5.904,  0.000)  6.817 
J_iso:  0.5726 
----------------------------------------------------------------------------------------
   Cr1   Cr1   (  0,   1,   0)  0.5726   (-3.409,  5.904,  0.000)  6.817 
J_iso:  0.5726 
----------------------------------------------------------------------------------------
   Cr2   Cr2   (  0,   1,   0)  0.5674   (-3.409,  5.904,  0.000)  6.817 
J_iso:  0.5674 
----------------------------------------------------------------------------------------
   Cr2   Cr2   (  0,  -1,   0)  0.5674   ( 3.409, -5.904,  0.000)  6.817 
J_iso:  0.5674 
----------------------------------------------------------------------------------------
   Cr2   Cr2   (  1,   0,   0)  0.5888   ( 6.817,  0.000,  0.000)  6.817 
J_iso:  0.5888 
----------------------------------------------------------------------------------------
   Cr1   Cr1   ( -1,   0,   0)  0.5596   (-6.817,  0.000,  0.000)  6.817 
J_iso:  0.5596 
----------------------------------------------------------------------------------------
   Cr2   Cr2   ( -1,   0,   0)  0.5888   (-6.817,  0.000,  0.000)  6.817 
J_iso:  0.5888 
----------------------------------------------------------------------------------------
   Cr1   Cr1   (  1,   0,   0)  0.5596   ( 6.817,  0.000,  0.000)  6.817 
J_iso:  0.5596 
----------------------------------------------------------------------------------------
   Cr1   Cr1   ( -1,  -1,   0)  0.5676   (-3.409, -5.904,  0.000)  6.817 
J_iso:  0.5676 
----------------------------------------------------------------------------------------
   Cr2   Cr2   ( -1,  -1,   0)  0.5705   (-3.409, -5.904,  0.000)  6.817 
J_iso:  0.5705 
----------------------------------------------------------------------------------------
   Cr1   Cr1   (  1,   1,   0)  0.5676   ( 3.409,  5.904,  0.000)  6.817 
J_iso:  0.5676 
----------------------------------------------------------------------------------------
   Cr2   Cr2   (  1,   1,   0)  0.5705   ( 3.409,  5.904,  0.000)  6.817 
J_iso:  0.5705 
----------------------------------------------------------------------------------------
   Cr1   Cr2   ( -1,   1,   0)  0.0672   (-6.817,  3.936,  0.000)  7.872 
J_iso:  0.0672 
----------------------------------------------------------------------------------------
   Cr2   Cr1   (  1,  -1,   0)  0.0672   ( 6.817, -3.936,  0.000)  7.872 
J_iso:  0.0672 
----------------------------------------------------------------------------------------
   Cr1   Cr2   ( -1,  -1,   0)  0.0541   ( 0.000, -7.872,  0.000)  7.872 
J_iso:  0.0541 
----------------------------------------------------------------------------------------
   Cr2   Cr1   (  1,   1,   0)  0.0541   (-0.000,  7.872,  0.000)  7.872 
J_iso:  0.0541 
----------------------------------------------------------------------------------------
   Cr2   Cr1   ( -1,  -1,   0)  0.0659   (-6.817, -3.936,  0.000)  7.872 
J_iso:  0.0659 
----------------------------------------------------------------------------------------
   Cr1   Cr2   (  1,   1,   0)  0.0659   ( 6.817,  3.936,  0.000)  7.872 
J_iso:  0.0659 
----------------------------------------------------------------------------------------
   Cr2   Cr1   (  0,  -2,   0)  0.0309   ( 3.409, -9.840,  0.000) 10.413 
J_iso:  0.0309 
----------------------------------------------------------------------------------------
   Cr1   Cr2   (  0,   2,   0)  0.0309   (-3.409,  9.840,  0.000) 10.413 
J_iso:  0.0309 
----------------------------------------------------------------------------------------
   Cr1   Cr2   ( -2,   0,   0)  0.0276   (-10.226, -1.968,  0.000) 10.413 
J_iso:  0.0276 
----------------------------------------------------------------------------------------
   Cr2   Cr1   (  2,   0,   0)  0.0276   (10.226,  1.968,  0.000) 10.413 
J_iso:  0.0276 
----------------------------------------------------------------------------------------
   Cr2   Cr1   ( -1,  -2,   0)  0.0267   (-3.409, -9.840,  0.000) 10.413 
J_iso:  0.0267 
----------------------------------------------------------------------------------------
   Cr1   Cr2   (  1,   2,   0)  0.0267   ( 3.409,  9.840,  0.000) 10.413 
J_iso:  0.0267 
----------------------------------------------------------------------------------------
   Cr1   Cr2   ( -2,  -1,   0)  0.0338   (-6.817, -7.872,  0.000) 10.413 
J_iso:  0.0338 
----------------------------------------------------------------------------------------
   Cr2   Cr1   (  2,   1,   0)  0.0338   ( 6.817,  7.872,  0.000) 10.413 
J_iso:  0.0338 
----------------------------------------------------------------------------------------
   Cr1   Cr2   (  0,  -1,   0)  0.0288   ( 6.817, -7.872,  0.000) 10.413 
J_iso:  0.0288 
----------------------------------------------------------------------------------------
   Cr2   Cr1   (  0,   1,   0)  0.0288   (-6.817,  7.872,  0.000) 10.413 
J_iso:  0.0288 
----------------------------------------------------------------------------------------
   Cr2   Cr1   ( -1,   0,   0)  0.0257   (-10.226,  1.968,  0.000) 10.413 
J_iso:  0.0257 
----------------------------------------------------------------------------------------
   Cr1   Cr2   (  1,   0,   0)  0.0257   (10.226, -1.968,  0.000) 10.413 
J_iso:  0.0257 
----------------------------------------------------------------------------------------
   Cr1   Cr1   ( -1,   1,   0) -0.0207   (-10.226,  5.904,  0.000) 11.808 
J_iso: -0.0207 
----------------------------------------------------------------------------------------
   Cr2   Cr2   ( -1,   1,   0) -0.0197   (-10.226,  5.904,  0.000) 11.808 
J_iso: -0.0197 
----------------------------------------------------------------------------------------
   Cr2   Cr2   (  1,  -1,   0) -0.0197   (10.226, -5.904,  0.000) 11.808 
J_iso: -0.0197 
----------------------------------------------------------------------------------------
   Cr1   Cr1   (  1,  -1,   0) -0.0207   (10.226, -5.904,  0.000) 11.808 
J_iso: -0.0207 
----------------------------------------------------------------------------------------
   Cr1   Cr1   ( -1,  -2,   0) -0.0230   (-0.000, -11.808,  0.000) 11.808 
J_iso: -0.0230 
----------------------------------------------------------------------------------------
   Cr2   Cr2   ( -1,  -2,   0) -0.0237   (-0.000, -11.808,  0.000) 11.808 
J_iso: -0.0237 
----------------------------------------------------------------------------------------
   Cr1   Cr1   (  1,   2,   0) -0.0230   ( 0.000, 11.808,  0.000) 11.808 
J_iso: -0.0230 
----------------------------------------------------------------------------------------
   Cr2   Cr2   (  1,   2,   0) -0.0237   ( 0.000, 11.808,  0.000) 11.808 
J_iso: -0.0237 
----------------------------------------------------------------------------------------
   Cr1   Cr1   ( -2,  -1,   0) -0.0251   (-10.226, -5.904,  0.000) 11.808 
J_iso: -0.0251 
----------------------------------------------------------------------------------------
   Cr2   Cr2   ( -2,  -1,   0) -0.0217   (-10.226, -5.904,  0.000) 11.808 
J_iso: -0.0217 
----------------------------------------------------------------------------------------
   Cr1   Cr1   (  2,   1,   0) -0.0251   (10.226,  5.904,  0.000) 11.808 
J_iso: -0.0251 
----------------------------------------------------------------------------------------
   Cr2   Cr2   (  2,   1,   0) -0.0217   (10.226,  5.904,  0.000) 11.808 
J_iso: -0.0217 
----------------------------------------------------------------------------------------
   Cr1   Cr1   (  0,  -2,   0) -0.0065   ( 6.817, -11.808,  0.000) 13.634 
J_iso: -0.0065 
----------------------------------------------------------------------------------------
   Cr2   Cr2   (  0,  -2,   0) -0.0073   ( 6.817, -11.808,  0.000) 13.634 
J_iso: -0.0073 
----------------------------------------------------------------------------------------
   Cr1   Cr1   (  0,   2,   0) -0.0065   (-6.817, 11.808,  0.000) 13.634 
J_iso: -0.0065 
----------------------------------------------------------------------------------------
   Cr2   Cr2   (  0,   2,   0) -0.0073   (-6.817, 11.808,  0.000) 13.634 
J_iso: -0.0073 
----------------------------------------------------------------------------------------
   Cr1   Cr1   ( -2,   0,   0) -0.0068   (-13.634,  0.000,  0.000) 13.634 
J_iso: -0.0068 
----------------------------------------------------------------------------------------
   Cr2   Cr2   ( -2,   0,   0) -0.0088   (-13.634,  0.000,  0.000) 13.634 
J_iso: -0.0088 
----------------------------------------------------------------------------------------
   Cr2   Cr2   (  2,   0,   0) -0.0088   (13.634,  0.000,  0.000) 13.634 
J_iso: -0.0088 
----------------------------------------------------------------------------------------
   Cr1   Cr1   (  2,   0,   0) -0.0068   (13.634,  0.000,  0.000) 13.634 
J_iso: -0.0068 
----------------------------------------------------------------------------------------
   Cr2   Cr2   (  2,   2,   0) -0.0047   ( 6.817, 11.808,  0.000) 13.634 
J_iso: -0.0047 
----------------------------------------------------------------------------------------
   Cr1   Cr1   ( -2,  -2,   0) -0.0068   (-6.817, -11.808,  0.000) 13.634 
J_iso: -0.0068 
----------------------------------------------------------------------------------------
   Cr2   Cr2   ( -2,  -2,   0) -0.0047   (-6.817, -11.808,  0.000) 13.634 
J_iso: -0.0047 
----------------------------------------------------------------------------------------
   Cr1   Cr1   (  2,   2,   0) -0.0068   ( 6.817, 11.808,  0.000) 13.634 
J_iso: -0.0068 
----------------------------------------------------------------------------------------
   Cr1   Cr2   ( -1,   2,   0) -0.0011   (-10.226,  9.840,  0.000) 14.191 
J_iso: -0.0011 
----------------------------------------------------------------------------------------
   Cr2   Cr1   (  1,  -2,   0) -0.0011   (10.226, -9.840,  0.000) 14.191 
J_iso: -0.0011 
----------------------------------------------------------------------------------------
   Cr2   Cr1   (  2,  -1,   0) -0.0003   (13.634, -3.936,  0.000) 14.191 
J_iso: -0.0003 
----------------------------------------------------------------------------------------
   Cr1   Cr2   ( -2,   1,   0) -0.0003   (-13.634,  3.936,  0.000) 14.191 
J_iso: -0.0003 
----------------------------------------------------------------------------------------
   Cr1   Cr2   ( -1,  -2,   0) -0.0023   ( 3.409, -13.776,  0.000) 14.191 
J_iso: -0.0023 
----------------------------------------------------------------------------------------
   Cr2   Cr1   (  1,   2,   0) -0.0023   (-3.409, 13.776,  0.000) 14.191 
J_iso: -0.0023 
----------------------------------------------------------------------------------------
   Cr1   Cr2   ( -2,  -2,   0) -0.0021   (-3.409, -13.776,  0.000) 14.191 
J_iso: -0.0021 
----------------------------------------------------------------------------------------
   Cr2   Cr1   (  2,   2,   0) -0.0021   ( 3.409, 13.776,  0.000) 14.191 
J_iso: -0.0021 
----------------------------------------------------------------------------------------
   Cr2   Cr1   ( -2,  -2,   0) -0.0006   (-10.226, -9.840,  0.000) 14.191 
J_iso: -0.0006 
----------------------------------------------------------------------------------------
   Cr1   Cr2   (  2,   2,   0) -0.0006   (10.226,  9.840,  0.000) 14.191 
J_iso: -0.0006 
----------------------------------------------------------------------------------------
   Cr2   Cr1   ( -2,  -1,   0) -0.0026   (-13.634, -3.936,  0.000) 14.191 
J_iso: -0.0026 
----------------------------------------------------------------------------------------
   Cr1   Cr2   (  2,   1,   0) -0.0026   (13.634,  3.936,  0.000) 14.191 
J_iso: -0.0026 
----------------------------------------------------------------------------------------
   Cr2   Cr1   ( -1,  -3,   0) -0.0010   (-0.000, -15.744,  0.000) 15.744 
J_iso: -0.0010 
----------------------------------------------------------------------------------------
   Cr1   Cr2   (  1,   3,   0) -0.0010   ( 0.000, 15.744,  0.000) 15.744 
J_iso: -0.0010 
----------------------------------------------------------------------------------------
   Cr2   Cr1   (  3,   1,   0) -0.0001   (13.634,  7.872,  0.000) 15.744 
J_iso: -0.0001 
----------------------------------------------------------------------------------------
   Cr1   Cr2   ( -3,  -1,   0) -0.0001   (-13.634, -7.872,  0.000) 15.744 
J_iso: -0.0001 
----------------------------------------------------------------------------------------
   Cr2   Cr1   ( -1,   1,   0)  0.0005   (-13.634,  7.872,  0.000) 15.744 
J_iso:  0.0005 
----------------------------------------------------------------------------------------
   Cr1   Cr2   (  1,  -1,   0)  0.0005   (13.634, -7.872,  0.000) 15.744 
J_iso:  0.0005 
----------------------------------------------------------------------------------------
   Cr2   Cr1   (  0,  -3,   0) -0.0008   ( 6.817, -15.744,  0.000) 17.156 
J_iso: -0.0008 
----------------------------------------------------------------------------------------
   Cr1   Cr2   (  0,   3,   0) -0.0008   (-6.817, 15.744,  0.000) 17.156 
J_iso: -0.0008 
----------------------------------------------------------------------------------------
   Cr1   Cr2   ( -3,   0,   0) -0.0014   (-17.043, -1.968,  0.000) 17.156 
J_iso: -0.0014 
----------------------------------------------------------------------------------------
   Cr2   Cr1   (  3,   0,   0) -0.0014   (17.043,  1.968,  0.000) 17.156 
J_iso: -0.0014 
----------------------------------------------------------------------------------------
   Cr1   Cr2   (  0,  -2,   0) -0.0002   (10.226, -13.776,  0.000) 17.156 
J_iso: -0.0002 
----------------------------------------------------------------------------------------
   Cr2   Cr1   (  0,   2,   0) -0.0002   (-10.226, 13.776,  0.000) 17.156 
J_iso: -0.0002 
----------------------------------------------------------------------------------------
   Cr2   Cr1   ( -2,  -3,   0) -0.0007   (-6.817, -15.744,  0.000) 17.156 
J_iso: -0.0007 
----------------------------------------------------------------------------------------
   Cr1   Cr2   (  2,   3,   0) -0.0007   ( 6.817, 15.744,  0.000) 17.156 
J_iso: -0.0007 
----------------------------------------------------------------------------------------
   Cr1   Cr2   ( -3,  -2,   0)  0.0003   (-10.226, -13.776,  0.000) 17.156 
J_iso:  0.0003 
----------------------------------------------------------------------------------------
   Cr2   Cr1   (  3,   2,   0)  0.0003   (10.226, 13.776,  0.000) 17.156 
J_iso:  0.0003 
----------------------------------------------------------------------------------------
   Cr2   Cr1   ( -2,   0,   0) -0.0006   (-17.043,  1.968,  0.000) 17.156 
J_iso: -0.0006 
----------------------------------------------------------------------------------------
   Cr1   Cr2   (  2,   0,   0) -0.0006   (17.043, -1.968,  0.000) 17.156 
J_iso: -0.0006 
----------------------------------------------------------------------------------------
   Cr1   Cr1   ( -1,   2,   0) -0.0003   (-13.634, 11.808,  0.000) 18.036 
J_iso: -0.0003 
----------------------------------------------------------------------------------------
   Cr2   Cr2   ( -1,   2,   0) -0.0001   (-13.634, 11.808,  0.000) 18.036 
J_iso: -0.0001 
----------------------------------------------------------------------------------------
   Cr1   Cr1   (  1,  -2,   0) -0.0003   (13.634, -11.808,  0.000) 18.036 
J_iso: -0.0003 
----------------------------------------------------------------------------------------
   Cr2   Cr2   (  1,  -2,   0) -0.0001   (13.634, -11.808,  0.000) 18.036 
J_iso: -0.0001 
----------------------------------------------------------------------------------------
   Cr1   Cr1   ( -1,  -3,   0) -0.0005   ( 3.409, -17.711,  0.000) 18.036 
J_iso: -0.0005 
----------------------------------------------------------------------------------------
   Cr2   Cr2   ( -1,  -3,   0) -0.0002   ( 3.409, -17.711,  0.000) 18.036 
J_iso: -0.0002 
----------------------------------------------------------------------------------------
   Cr1   Cr1   (  1,   3,   0) -0.0005   (-3.409, 17.711,  0.000) 18.036 
J_iso: -0.0005 
----------------------------------------------------------------------------------------
   Cr2   Cr2   (  1,   3,   0) -0.0002   (-3.409, 17.711,  0.000) 18.036 
J_iso: -0.0002 
----------------------------------------------------------------------------------------
   Cr1   Cr1   ( -2,   1,   0) -0.0003   (-17.043,  5.904,  0.000) 18.036 
J_iso: -0.0003 
----------------------------------------------------------------------------------------
   Cr2   Cr2   ( -2,   1,   0) -0.0001   (-17.043,  5.904,  0.000) 18.036 
J_iso: -0.0001 
----------------------------------------------------------------------------------------
   Cr1   Cr1   (  2,  -1,   0) -0.0003   (17.043, -5.904,  0.000) 18.036 
J_iso: -0.0003 
----------------------------------------------------------------------------------------
   Cr2   Cr2   (  2,  -1,   0) -0.0001   (17.043, -5.904,  0.000) 18.036 
J_iso: -0.0001 
----------------------------------------------------------------------------------------
   Cr1   Cr1   ( -2,  -3,   0) -0.0007   (-3.409, -17.711,  0.000) 18.036 
J_iso: -0.0007 
----------------------------------------------------------------------------------------
   Cr2   Cr2   ( -2,  -3,   0) -0.0005   (-3.409, -17.711,  0.000) 18.036 
J_iso: -0.0005 
----------------------------------------------------------------------------------------
   Cr1   Cr1   (  2,   3,   0) -0.0007   ( 3.409, 17.711,  0.000) 18.036 
J_iso: -0.0007 
----------------------------------------------------------------------------------------
   Cr2   Cr2   (  2,   3,   0) -0.0005   ( 3.409, 17.711,  0.000) 18.036 
J_iso: -0.0005 
----------------------------------------------------------------------------------------
   Cr1   Cr1   ( -3,  -1,   0) -0.0004   (-17.043, -5.904,  0.000) 18.036 
J_iso: -0.0004 
----------------------------------------------------------------------------------------
   Cr2   Cr2   ( -3,  -1,   0) -0.0002   (-17.043, -5.904,  0.000) 18.036 
J_iso: -0.0002 
----------------------------------------------------------------------------------------
   Cr1   Cr1   (  3,   1,   0) -0.0004   (17.043,  5.904,  0.000) 18.036 
J_iso: -0.0004 
----------------------------------------------------------------------------------------
   Cr2   Cr2   (  3,   1,   0) -0.0002   (17.043,  5.904,  0.000) 18.036 
J_iso: -0.0002 
----------------------------------------------------------------------------------------
   Cr1   Cr1   ( -3,  -2,   0) -0.0009   (-13.634, -11.808,  0.000) 18.036 
J_iso: -0.0009 
----------------------------------------------------------------------------------------
   Cr2   Cr2   ( -3,  -2,   0) -0.0001   (-13.634, -11.808,  0.000) 18.036 
J_iso: -0.0001 
----------------------------------------------------------------------------------------
   Cr1   Cr1   (  3,   2,   0) -0.0009   (13.634, 11.808,  0.000) 18.036 
J_iso: -0.0009 
----------------------------------------------------------------------------------------
   Cr2   Cr2   (  3,   2,   0) -0.0001   (13.634, 11.808,  0.000) 18.036 
J_iso: -0.0001 
----------------------------------------------------------------------------------------
   Cr1   Cr2   ( -2,   2,   0) -0.0011   (-17.043,  9.840,  0.000) 19.679 
J_iso: -0.0011 
----------------------------------------------------------------------------------------
   Cr2   Cr1   (  2,  -2,   0) -0.0011   (17.043, -9.840,  0.000) 19.679 
J_iso: -0.0011 
----------------------------------------------------------------------------------------
   Cr1   Cr2   ( -2,  -3,   0) -0.0011   (-0.000, -19.679,  0.000) 19.679 
J_iso: -0.0011 
----------------------------------------------------------------------------------------
   Cr2   Cr1   (  2,   3,   0) -0.0011   ( 0.000, 19.679,  0.000) 19.679 
J_iso: -0.0011 
----------------------------------------------------------------------------------------
   Cr2   Cr1   ( -3,  -2,   0)  0.0001   (-17.043, -9.840,  0.000) 19.679 
J_iso:  0.0001 
----------------------------------------------------------------------------------------
   Cr1   Cr2   (  3,   2,   0)  0.0001   (17.043,  9.840,  0.000) 19.679 
J_iso:  0.0001 
----------------------------------------------------------------------------------------
   Cr1   Cr1   (  0,  -3,   0) -0.0003   (10.226, -17.711,  0.000) 20.451 
J_iso: -0.0003 
----------------------------------------------------------------------------------------
   Cr2   Cr2   (  0,  -3,   0) -0.0006   (10.226, -17.711,  0.000) 20.451 
J_iso: -0.0006 
----------------------------------------------------------------------------------------
   Cr1   Cr1   (  0,   3,   0) -0.0003   (-10.226, 17.711,  0.000) 20.451 
J_iso: -0.0003 
----------------------------------------------------------------------------------------
   Cr2   Cr2   (  0,   3,   0) -0.0006   (-10.226, 17.711,  0.000) 20.451 
J_iso: -0.0006 
----------------------------------------------------------------------------------------
   Cr1   Cr1   ( -3,   0,   0) -0.0002   (-20.451,  0.000,  0.000) 20.451 
J_iso: -0.0002 
----------------------------------------------------------------------------------------
   Cr2   Cr2   ( -3,   0,   0) -0.0002   (-20.451,  0.000,  0.000) 20.451 
J_iso: -0.0002 
----------------------------------------------------------------------------------------
   Cr1   Cr1   (  3,   0,   0) -0.0002   (20.451,  0.000,  0.000) 20.451 
J_iso: -0.0002 
----------------------------------------------------------------------------------------
   Cr2   Cr2   (  3,   0,   0) -0.0002   (20.451,  0.000,  0.000) 20.451 
J_iso: -0.0002 
----------------------------------------------------------------------------------------
   Cr1   Cr1   ( -3,  -3,   0) -0.0002   (-10.226, -17.711,  0.000) 20.451 
J_iso: -0.0002 
----------------------------------------------------------------------------------------
   Cr2   Cr2   ( -3,  -3,   0) -0.0000   (-10.226, -17.711,  0.000) 20.451 
J_iso: -0.0000 
----------------------------------------------------------------------------------------
   Cr2   Cr2   (  3,   3,   0) -0.0000   (10.226, 17.711,  0.000) 20.451 
J_iso: -0.0000 
----------------------------------------------------------------------------------------
   Cr1   Cr1   (  3,   3,   0) -0.0002   (10.226, 17.711,  0.000) 20.451 
J_iso: -0.0002 
----------------------------------------------------------------------------------------
   Cr2   Cr1   (  1,  -3,   0) -0.0002   (13.634, -15.744,  0.000) 20.827 
J_iso: -0.0002 
----------------------------------------------------------------------------------------
   Cr1   Cr2   ( -1,   3,   0) -0.0002   (-13.634, 15.744,  0.000) 20.827 
J_iso: -0.0002 
----------------------------------------------------------------------------------------
   Cr1   Cr2   ( -3,   1,   0)  0.0005   (-20.451,  3.936,  0.000) 20.827 
J_iso:  0.0005 
----------------------------------------------------------------------------------------
   Cr2   Cr1   (  3,  -1,   0)  0.0005   (20.451, -3.936,  0.000) 20.827 
J_iso:  0.0005 
----------------------------------------------------------------------------------------
   Cr1   Cr2   ( -1,  -3,   0) -0.0005   ( 6.817, -19.679,  0.000) 20.827 
J_iso: -0.0005 
----------------------------------------------------------------------------------------
   Cr2   Cr1   (  1,   3,   0) -0.0005   (-6.817, 19.679,  0.000) 20.827 
J_iso: -0.0005 
----------------------------------------------------------------------------------------
   Cr1   Cr2   ( -3,  -3,   0)  0.0003   (-6.817, -19.679,  0.000) 20.827 
J_iso:  0.0003 
----------------------------------------------------------------------------------------
   Cr2   Cr1   (  3,   3,   0)  0.0003   ( 6.817, 19.679,  0.000) 20.827 
J_iso:  0.0003 
----------------------------------------------------------------------------------------
   Cr2   Cr1   ( -3,  -3,   0) -0.0002   (-13.634, -15.744,  0.000) 20.827 
J_iso: -0.0002 
----------------------------------------------------------------------------------------
   Cr1   Cr2   (  3,   3,   0) -0.0002   (13.634, 15.744,  0.000) 20.827 
J_iso: -0.0002 
----------------------------------------------------------------------------------------
   Cr2   Cr1   ( -3,  -1,   0) -0.0002   (-20.451, -3.936,  0.000) 20.827 
J_iso: -0.0002 
----------------------------------------------------------------------------------------
   Cr1   Cr2   (  3,   1,   0) -0.0002   (20.451,  3.936,  0.000) 20.827 
J_iso: -0.0002 
----------------------------------------------------------------------------------------
   Cr2   Cr1   ( -1,   2,   0) -0.0003   (-17.043, 13.776,  0.000) 21.914 
J_iso: -0.0003 
----------------------------------------------------------------------------------------
   Cr1   Cr2   (  1,  -2,   0) -0.0003   (17.043, -13.776,  0.000) 21.914 
J_iso: -0.0003 
----------------------------------------------------------------------------------------
   Cr2   Cr1   ( -2,   1,   0) -0.0004   (-20.451,  7.872,  0.000) 21.914 
J_iso: -0.0004 
----------------------------------------------------------------------------------------
   Cr1   Cr2   (  2,  -1,   0) -0.0004   (20.451, -7.872,  0.000) 21.914 
J_iso: -0.0004 
----------------------------------------------------------------------------------------
   Cr1   Cr1   ( -2,   2,   0) -0.0002   (-20.451, 11.808,  0.000) 23.615 
J_iso: -0.0002 
----------------------------------------------------------------------------------------
   Cr2   Cr2   ( -2,   2,   0)  0.0000   (-20.451, 11.808,  0.000) 23.615 
J_iso:  0.0000 
----------------------------------------------------------------------------------------
   Cr1   Cr1   (  2,  -2,   0) -0.0002   (20.451, -11.808,  0.000) 23.615 
J_iso: -0.0002 
----------------------------------------------------------------------------------------
   Cr2   Cr2   (  2,  -2,   0)  0.0000   (20.451, -11.808,  0.000) 23.615 
J_iso:  0.0000 
----------------------------------------------------------------------------------------
   Cr2   Cr1   (  0,   3,   0) -0.0000   (-13.634, 19.679,  0.000) 23.941 
J_iso: -0.0000 
----------------------------------------------------------------------------------------
   Cr1   Cr2   (  0,  -3,   0) -0.0000   (13.634, -19.679,  0.000) 23.941 
J_iso: -0.0000 
----------------------------------------------------------------------------------------
   Cr2   Cr1   ( -3,   0,   0)  0.0000   (-23.860,  1.968,  0.000) 23.941 
J_iso:  0.0000 
----------------------------------------------------------------------------------------
   Cr1   Cr2   (  3,   0,   0)  0.0000   (23.860, -1.968,  0.000) 23.941 
J_iso:  0.0000 
----------------------------------------------------------------------------------------
   Cr1   Cr1   ( -1,   3,   0) -0.0001   (-17.043, 17.711,  0.000) 24.580 
J_iso: -0.0001 
----------------------------------------------------------------------------------------
   Cr2   Cr2   ( -1,   3,   0) -0.0001   (-17.043, 17.711,  0.000) 24.580 
J_iso: -0.0001 
----------------------------------------------------------------------------------------
   Cr1   Cr1   (  1,  -3,   0) -0.0001   (17.043, -17.711,  0.000) 24.580 
J_iso: -0.0001 
----------------------------------------------------------------------------------------
   Cr2   Cr2   (  1,  -3,   0) -0.0001   (17.043, -17.711,  0.000) 24.580 
J_iso: -0.0001 
----------------------------------------------------------------------------------------
   Cr1   Cr1   ( -3,   1,   0) -0.0002   (-23.860,  5.904,  0.000) 24.580 
J_iso: -0.0002 
----------------------------------------------------------------------------------------
   Cr2   Cr2   ( -3,   1,   0) -0.0001   (-23.860,  5.904,  0.000) 24.580 
J_iso: -0.0001 
----------------------------------------------------------------------------------------
   Cr1   Cr1   (  3,  -1,   0) -0.0002   (23.860, -5.904,  0.000) 24.580 
J_iso: -0.0002 
----------------------------------------------------------------------------------------
   Cr2   Cr2   (  3,  -1,   0) -0.0001   (23.860, -5.904,  0.000) 24.580 
J_iso: -0.0001 
----------------------------------------------------------------------------------------
   Cr1   Cr2   ( -2,   3,   0) -0.0000   (-20.451, 15.744,  0.000) 25.809 
J_iso: -0.0000 
----------------------------------------------------------------------------------------
   Cr2   Cr1   (  2,  -3,   0) -0.0000   (20.451, -15.744,  0.000) 25.809 
J_iso: -0.0000 
----------------------------------------------------------------------------------------
   Cr1   Cr2   ( -3,   2,   0)  0.0000   (-23.860,  9.840,  0.000) 25.809 
J_iso:  0.0000 
----------------------------------------------------------------------------------------
   Cr2   Cr1   (  3,  -2,   0)  0.0000   (23.860, -9.840,  0.000) 25.809 
J_iso:  0.0000 
----------------------------------------------------------------------------------------
   Cr2   Cr1   ( -2,   2,   0) -0.0001   (-23.860, 13.776,  0.000) 27.551 
J_iso: -0.0001 
----------------------------------------------------------------------------------------
   Cr1   Cr2   (  2,  -2,   0) -0.0001   (23.860, -13.776,  0.000) 27.551 
J_iso: -0.0001 
----------------------------------------------------------------------------------------
   Cr2   Cr1   ( -1,   3,   0) -0.0003   (-20.451, 19.679,  0.000) 28.382 
J_iso: -0.0003 
----------------------------------------------------------------------------------------
   Cr1   Cr2   (  1,  -3,   0) -0.0003   (20.451, -19.679,  0.000) 28.382 
J_iso: -0.0003 
----------------------------------------------------------------------------------------
   Cr2   Cr1   ( -3,   1,   0)  0.0001   (-27.269,  7.872,  0.000) 28.382 
J_iso:  0.0001 
----------------------------------------------------------------------------------------
   Cr1   Cr2   (  3,  -1,   0)  0.0001   (27.269, -7.872,  0.000) 28.382 
J_iso:  0.0001 
----------------------------------------------------------------------------------------
   Cr1   Cr1   ( -2,   3,   0)  0.0000   (-23.860, 17.711,  0.000) 29.715 
J_iso:  0.0000 
----------------------------------------------------------------------------------------
   Cr2   Cr2   ( -2,   3,   0) -0.0001   (-23.860, 17.711,  0.000) 29.715 
J_iso: -0.0001 
----------------------------------------------------------------------------------------
   Cr1   Cr1   (  2,  -3,   0)  0.0000   (23.860, -17.711,  0.000) 29.715 
J_iso:  0.0000 
----------------------------------------------------------------------------------------
   Cr2   Cr2   (  2,  -3,   0) -0.0001   (23.860, -17.711,  0.000) 29.715 
J_iso: -0.0001 
----------------------------------------------------------------------------------------
   Cr1   Cr1   ( -3,   2,   0) -0.0000   (-27.269, 11.808,  0.000) 29.715 
J_iso: -0.0000 
----------------------------------------------------------------------------------------
   Cr2   Cr2   ( -3,   2,   0) -0.0001   (-27.269, 11.808,  0.000) 29.715 
J_iso: -0.0001 
----------------------------------------------------------------------------------------
   Cr1   Cr1   (  3,  -2,   0) -0.0000   (27.269, -11.808,  0.000) 29.715 
J_iso: -0.0000 
----------------------------------------------------------------------------------------
   Cr2   Cr2   (  3,  -2,   0) -0.0001   (27.269, -11.808,  0.000) 29.715 
J_iso: -0.0001 
----------------------------------------------------------------------------------------
   Cr1   Cr2   ( -3,   3,   0) -0.0000   (-27.269, 15.744,  0.000) 31.487 
J_iso: -0.0000 
----------------------------------------------------------------------------------------
   Cr2   Cr1   (  3,  -3,   0) -0.0000   (27.269, -15.744,  0.000) 31.487 
J_iso: -0.0000 
----------------------------------------------------------------------------------------
   Cr2   Cr1   ( -2,   3,   0) -0.0005   (-27.269, 19.679,  0.000) 33.628 
J_iso: -0.0005 
----------------------------------------------------------------------------------------
   Cr1   Cr2   (  2,  -3,   0) -0.0005   (27.269, -19.679,  0.000) 33.628 
J_iso: -0.0005 
----------------------------------------------------------------------------------------
   Cr2   Cr1   ( -3,   2,   0) -0.0006   (-30.677, 13.776,  0.000) 33.628 
J_iso: -0.0006 
----------------------------------------------------------------------------------------
   Cr1   Cr2   (  3,  -2,   0) -0.0006   (30.677, -13.776,  0.000) 33.628 
J_iso: -0.0006 
----------------------------------------------------------------------------------------
   Cr1   Cr1   ( -3,   3,   0) -0.0001   (-30.677, 17.711,  0.000) 35.423 
J_iso: -0.0001 
----------------------------------------------------------------------------------------
   Cr2   Cr2   ( -3,   3,   0) -0.0000   (-30.677, 17.711,  0.000) 35.423 
J_iso: -0.0000 
----------------------------------------------------------------------------------------
   Cr1   Cr1   (  3,  -3,   0) -0.0001   (30.677, -17.711,  0.000) 35.423 
J_iso: -0.0001 
----------------------------------------------------------------------------------------
   Cr2   Cr2   (  3,  -3,   0) -0.0000   (30.677, -17.711,  0.000) 35.423 
J_iso: -0.0000 
----------------------------------------------------------------------------------------
   Cr2   Cr1   ( -3,   3,   0) -0.0001   (-34.086, 19.679,  0.000) 39.359 
J_iso: -0.0001 
----------------------------------------------------------------------------------------
   Cr1   Cr2   (  3,  -3,   0) -0.0001   (34.086, -19.679,  0.000) 39.359 
J_iso: -0.0001 
