==========================================================================================
Information: 
Exchange parameters generated by TB2J 0.8.2.1
Generation time: 24/04/08 17:10:47
 Input from collinear Wannier90 data.
 Tight binding data from ./. 
 Prefix of wannier function files:FeO_up and FeO_down.
Warning: Please check if the noise level of Wannier function Hamiltonian to make sure it is much smaller than the exchange values.

==========================================================================================
Cell (Angstrom):
2.16698067  2.16698067  4.33396134
2.16698067  4.33396134  2.16698067
4.33396134  2.16698067  2.16698067

==========================================================================================
Atoms:  
(Note: charge and magmoms only count the wannier functions.)
Atom number        x             y             z       w_charge  w_magmom 
O1              2.16698067    2.16698067    2.16698067    5.4800   -0.0043
O2              6.50094200    6.50094200    6.50094200    5.4807   -0.0100
Fe1             0.00000000    0.00000000    0.00000000    6.5079    3.6483
Fe2             4.33396134    4.33396134    4.33396134    6.5131   -3.6340
Total                                                    23.9816    0.0000

==========================================================================================
Orbitals used in decomposition: 
The name of the orbitals for the decomposition: 
Fe1 : ['orb_1', 'orb_2', 'orb_3', 'orb_4', 'orb_5', 'orb_6']
Fe2 : ['orb_1', 'orb_2', 'orb_3', 'orb_4', 'orb_5', 'orb_6']

==========================================================================================
Exchange: 
    i      j          R        J_iso(meV)          vector          distance(A) 
----------------------------------------------------------------------------------------
   Fe1   Fe2   ( -1,   0,   0) -0.1551   ( 2.167,  2.167,  0.000)  3.065 
J_iso: -0.1551 
----------------------------------------------------------------------------------------
   Fe1   Fe1   ( -1,   0,   1)  0.2014   ( 2.167,  0.000, -2.167)  3.065 
J_iso:  0.2014 
----------------------------------------------------------------------------------------
   Fe1   Fe1   ( -1,   1,   0)  0.1993   ( 0.000,  2.167, -2.167)  3.065 
J_iso:  0.1993 
----------------------------------------------------------------------------------------
   Fe1   Fe2   (  0,  -1,   0) -0.1727   ( 2.167,  0.000,  2.167)  3.065 
J_iso: -0.1727 
----------------------------------------------------------------------------------------
   Fe1   Fe1   (  0,  -1,   1)  0.1949   ( 2.167, -2.167,  0.000)  3.065 
J_iso:  0.1949 
----------------------------------------------------------------------------------------
   Fe1   Fe2   (  0,   0,  -1) -0.1425   ( 0.000,  2.167,  2.167)  3.065 
J_iso: -0.1425 
----------------------------------------------------------------------------------------
   Fe2   Fe1   (  0,   0,   1) -0.1425   ( 0.000, -2.167, -2.167)  3.065 
J_iso: -0.1425 
----------------------------------------------------------------------------------------
   Fe1   Fe1   (  0,   1,  -1)  0.1949   (-2.167,  2.167,  0.000)  3.065 
J_iso:  0.1949 
----------------------------------------------------------------------------------------
   Fe2   Fe1   (  0,   1,   0) -0.1727   (-2.167,  0.000, -2.167)  3.065 
J_iso: -0.1727 
----------------------------------------------------------------------------------------
   Fe1   Fe1   (  1,  -1,   0)  0.1993   ( 0.000, -2.167,  2.167)  3.065 
J_iso:  0.1993 
----------------------------------------------------------------------------------------
   Fe1   Fe1   (  1,   0,  -1)  0.2014   (-2.167,  0.000,  2.167)  3.065 
J_iso:  0.2014 
----------------------------------------------------------------------------------------
   Fe2   Fe1   (  1,   0,   0) -0.1551   (-2.167, -2.167,  0.000)  3.065 
J_iso: -0.1551 
----------------------------------------------------------------------------------------
   Fe1   Fe2   ( -1,  -1,   0) -0.1945   ( 0.000, -2.167, -2.167)  3.065 
J_iso: -0.1945 
----------------------------------------------------------------------------------------
   Fe1   Fe2   ( -1,   0,  -1) -0.1978   (-2.167,  0.000, -2.167)  3.065 
J_iso: -0.1978 
----------------------------------------------------------------------------------------
   Fe2   Fe2   ( -1,   0,   1)  0.1783   ( 2.167,  0.000, -2.167)  3.065 
J_iso:  0.1783 
----------------------------------------------------------------------------------------
   Fe2   Fe2   ( -1,   1,   0)  0.1978   ( 0.000,  2.167, -2.167)  3.065 
J_iso:  0.1978 
----------------------------------------------------------------------------------------
   Fe1   Fe2   (  0,  -1,  -1) -0.1985   (-2.167, -2.167,  0.000)  3.065 
J_iso: -0.1985 
----------------------------------------------------------------------------------------
   Fe2   Fe2   (  0,  -1,   1)  0.1869   ( 2.167, -2.167,  0.000)  3.065 
J_iso:  0.1869 
----------------------------------------------------------------------------------------
   Fe2   Fe2   (  0,   1,  -1)  0.1869   (-2.167,  2.167,  0.000)  3.065 
J_iso:  0.1869 
----------------------------------------------------------------------------------------
   Fe2   Fe1   (  0,   1,   1) -0.1985   ( 2.167,  2.167,  0.000)  3.065 
J_iso: -0.1985 
----------------------------------------------------------------------------------------
   Fe2   Fe2   (  1,  -1,   0)  0.1978   ( 0.000, -2.167,  2.167)  3.065 
J_iso:  0.1978 
----------------------------------------------------------------------------------------
   Fe2   Fe2   (  1,   0,  -1)  0.1783   (-2.167,  0.000,  2.167)  3.065 
J_iso:  0.1783 
----------------------------------------------------------------------------------------
   Fe2   Fe1   (  1,   0,   1) -0.1978   ( 2.167,  0.000,  2.167)  3.065 
J_iso: -0.1978 
----------------------------------------------------------------------------------------
   Fe2   Fe1   (  1,   1,   0) -0.1945   ( 0.000,  2.167,  2.167)  3.065 
J_iso: -0.1945 
----------------------------------------------------------------------------------------
   Fe1   Fe2   ( -2,   0,   0) -10.9215   ( 0.000,  0.000, -4.334)  4.334 
J_iso: -10.9215 
----------------------------------------------------------------------------------------
   Fe1   Fe2   ( -1,  -1,   1) -11.2461   ( 4.334, -0.000, -0.000)  4.334 
J_iso: -11.2461 
----------------------------------------------------------------------------------------
   Fe1   Fe2   ( -1,   1,  -1) -11.1853   ( 0.000,  4.334,  0.000)  4.334 
J_iso: -11.1853 
----------------------------------------------------------------------------------------
   Fe2   Fe1   ( -1,   1,   1) -11.1536   ( 0.000,  0.000, -4.334)  4.334 
J_iso: -11.1536 
----------------------------------------------------------------------------------------
   Fe1   Fe2   (  0,  -2,   0) -10.9070   ( 0.000, -4.334,  0.000)  4.334 
J_iso: -10.9070 
----------------------------------------------------------------------------------------
   Fe1   Fe2   (  0,   0,  -2) -10.9957   (-4.334,  0.000,  0.000)  4.334 
J_iso: -10.9957 
----------------------------------------------------------------------------------------
   Fe2   Fe1   (  0,   0,   2) -10.9957   ( 4.334,  0.000,  0.000)  4.334 
J_iso: -10.9957 
----------------------------------------------------------------------------------------
   Fe2   Fe1   (  0,   2,   0) -10.9070   ( 0.000,  4.334,  0.000)  4.334 
J_iso: -10.9070 
----------------------------------------------------------------------------------------
   Fe1   Fe2   (  1,  -1,  -1) -11.1536   ( 0.000,  0.000,  4.334)  4.334 
J_iso: -11.1536 
----------------------------------------------------------------------------------------
   Fe2   Fe1   (  1,  -1,   1) -11.1853   ( 0.000, -4.334,  0.000)  4.334 
J_iso: -11.1853 
----------------------------------------------------------------------------------------
   Fe2   Fe1   (  1,   1,  -1) -11.2461   (-4.334,  0.000,  0.000)  4.334 
J_iso: -11.2461 
----------------------------------------------------------------------------------------
   Fe2   Fe1   (  2,   0,   0) -10.9215   ( 0.000,  0.000,  4.334)  4.334 
J_iso: -10.9215 
----------------------------------------------------------------------------------------
   Fe1   Fe2   ( -2,  -1,   1) -0.0328   ( 2.167, -2.167, -4.334)  5.308 
J_iso: -0.0328 
----------------------------------------------------------------------------------------
   Fe1   Fe2   ( -1,  -2,   1) -0.0356   ( 2.167, -4.334, -2.167)  5.308 
J_iso: -0.0356 
----------------------------------------------------------------------------------------
   Fe1   Fe1   (  0,  -1,   0) -0.0006   (-2.167, -4.334, -2.167)  5.308 
J_iso: -0.0006 
----------------------------------------------------------------------------------------
   Fe2   Fe2   (  0,  -1,   0) -0.0056   (-2.167, -4.334, -2.167)  5.308 
J_iso: -0.0056 
----------------------------------------------------------------------------------------
   Fe1   Fe1   (  0,   0,  -1)  0.0041   (-4.334, -2.167, -2.167)  5.308 
J_iso:  0.0041 
----------------------------------------------------------------------------------------
   Fe2   Fe2   (  0,   0,  -1) -0.0029   (-4.334, -2.167, -2.167)  5.308 
J_iso: -0.0029 
----------------------------------------------------------------------------------------
   Fe1   Fe1   (  0,   0,   1)  0.0041   ( 4.334,  2.167,  2.167)  5.308 
J_iso:  0.0041 
----------------------------------------------------------------------------------------
   Fe1   Fe1   (  0,   1,   0) -0.0006   ( 2.167,  4.334,  2.167)  5.308 
J_iso: -0.0006 
----------------------------------------------------------------------------------------
   Fe2   Fe1   (  1,   2,  -1) -0.0356   (-2.167,  4.334,  2.167)  5.308 
J_iso: -0.0356 
----------------------------------------------------------------------------------------
   Fe2   Fe1   (  2,   1,  -1) -0.0328   (-2.167,  2.167,  4.334)  5.308 
J_iso: -0.0328 
----------------------------------------------------------------------------------------
   Fe1   Fe2   ( -2,   0,   1) -0.0293   ( 4.334,  2.167, -2.167)  5.308 
J_iso: -0.0293 
----------------------------------------------------------------------------------------
   Fe1   Fe2   ( -2,   1,  -1) -0.0396   (-2.167,  2.167, -4.334)  5.308 
J_iso: -0.0396 
----------------------------------------------------------------------------------------
   Fe1   Fe2   ( -2,   1,   0) -0.0267   ( 2.167,  4.334, -2.167)  5.308 
J_iso: -0.0267 
----------------------------------------------------------------------------------------
   Fe1   Fe1   ( -2,   1,   1)  0.0435   ( 2.167,  2.167, -4.334)  5.308 
J_iso:  0.0435 
----------------------------------------------------------------------------------------
   Fe2   Fe2   ( -2,   1,   1)  0.0420   ( 2.167,  2.167, -4.334)  5.308 
J_iso:  0.0420 
----------------------------------------------------------------------------------------
   Fe1   Fe1   ( -1,  -1,   2)  0.0403   ( 4.334, -2.167, -2.167)  5.308 
J_iso:  0.0403 
----------------------------------------------------------------------------------------
   Fe2   Fe2   ( -1,  -1,   2)  0.0401   ( 4.334, -2.167, -2.167)  5.308 
J_iso:  0.0401 
----------------------------------------------------------------------------------------
   Fe1   Fe1   ( -1,   0,   0)  0.0032   (-2.167, -2.167, -4.334)  5.308 
J_iso:  0.0032 
----------------------------------------------------------------------------------------
   Fe2   Fe2   ( -1,   0,   0) -0.0021   (-2.167, -2.167, -4.334)  5.308 
J_iso: -0.0021 
----------------------------------------------------------------------------------------
   Fe2   Fe1   ( -1,   0,   2) -0.0285   ( 2.167, -2.167, -4.334)  5.308 
J_iso: -0.0285 
----------------------------------------------------------------------------------------
   Fe1   Fe2   ( -1,   1,  -2) -0.0339   (-4.334,  2.167, -2.167)  5.308 
J_iso: -0.0339 
----------------------------------------------------------------------------------------
   Fe2   Fe1   ( -1,   1,   2) -0.0332   ( 4.334,  2.167, -2.167)  5.308 
J_iso: -0.0332 
----------------------------------------------------------------------------------------
   Fe1   Fe1   ( -1,   2,  -1)  0.0424   (-2.167,  4.334, -2.167)  5.308 
J_iso:  0.0424 
----------------------------------------------------------------------------------------
   Fe2   Fe1   ( -1,   2,   0) -0.0321   (-2.167,  2.167, -4.334)  5.308 
J_iso: -0.0321 
----------------------------------------------------------------------------------------
   Fe2   Fe1   ( -1,   2,   1) -0.0344   ( 2.167,  4.334, -2.167)  5.308 
J_iso: -0.0344 
----------------------------------------------------------------------------------------
   Fe1   Fe2   (  0,  -2,   1) -0.0276   ( 4.334, -2.167,  2.167)  5.308 
J_iso: -0.0276 
----------------------------------------------------------------------------------------
   Fe2   Fe1   (  0,  -1,   2) -0.0314   ( 2.167, -4.334, -2.167)  5.308 
J_iso: -0.0314 
----------------------------------------------------------------------------------------
   Fe2   Fe2   (  0,   0,   1) -0.0029   ( 4.334,  2.167,  2.167)  5.308 
J_iso: -0.0029 
----------------------------------------------------------------------------------------
   Fe1   Fe2   (  0,   1,  -2) -0.0314   (-2.167,  4.334,  2.167)  5.308 
J_iso: -0.0314 
----------------------------------------------------------------------------------------
   Fe2   Fe2   (  0,   1,   0) -0.0056   ( 2.167,  4.334,  2.167)  5.308 
J_iso: -0.0056 
----------------------------------------------------------------------------------------
   Fe2   Fe1   (  0,   2,  -1) -0.0276   (-4.334,  2.167, -2.167)  5.308 
J_iso: -0.0276 
----------------------------------------------------------------------------------------
   Fe1   Fe2   (  1,  -2,  -1) -0.0344   (-2.167, -4.334,  2.167)  5.308 
J_iso: -0.0344 
----------------------------------------------------------------------------------------
   Fe1   Fe2   (  1,  -2,   0) -0.0321   ( 2.167, -2.167,  4.334)  5.308 
J_iso: -0.0321 
----------------------------------------------------------------------------------------
   Fe1   Fe1   (  1,  -2,   1)  0.0424   ( 2.167, -4.334,  2.167)  5.308 
J_iso:  0.0424 
----------------------------------------------------------------------------------------
   Fe1   Fe2   (  1,  -1,  -2) -0.0332   (-4.334, -2.167,  2.167)  5.308 
J_iso: -0.0332 
----------------------------------------------------------------------------------------
   Fe2   Fe1   (  1,  -1,   2) -0.0339   ( 4.334, -2.167,  2.167)  5.308 
J_iso: -0.0339 
----------------------------------------------------------------------------------------
   Fe1   Fe2   (  1,   0,  -2) -0.0285   (-2.167,  2.167,  4.334)  5.308 
J_iso: -0.0285 
----------------------------------------------------------------------------------------
   Fe1   Fe1   (  1,   0,   0)  0.0032   ( 2.167,  2.167,  4.334)  5.308 
J_iso:  0.0032 
----------------------------------------------------------------------------------------
   Fe2   Fe2   (  1,   0,   0) -0.0021   ( 2.167,  2.167,  4.334)  5.308 
J_iso: -0.0021 
----------------------------------------------------------------------------------------
   Fe1   Fe1   (  1,   1,  -2)  0.0403   (-4.334,  2.167,  2.167)  5.308 
J_iso:  0.0403 
----------------------------------------------------------------------------------------
   Fe2   Fe2   (  1,   1,  -2)  0.0401   (-4.334,  2.167,  2.167)  5.308 
J_iso:  0.0401 
----------------------------------------------------------------------------------------
   Fe1   Fe1   (  2,  -1,  -1)  0.0435   (-2.167, -2.167,  4.334)  5.308 
J_iso:  0.0435 
----------------------------------------------------------------------------------------
   Fe2   Fe1   (  2,  -1,   0) -0.0267   (-2.167, -4.334,  2.167)  5.308 
J_iso: -0.0267 
----------------------------------------------------------------------------------------
   Fe2   Fe1   (  2,  -1,   1) -0.0396   ( 2.167, -2.167,  4.334)  5.308 
J_iso: -0.0396 
----------------------------------------------------------------------------------------
   Fe2   Fe1   (  2,   0,  -1) -0.0293   (-4.334, -2.167,  2.167)  5.308 
J_iso: -0.0293 
----------------------------------------------------------------------------------------
   Fe2   Fe2   ( -1,   2,  -1)  0.0411   (-2.167,  4.334, -2.167)  5.308 
J_iso:  0.0411 
----------------------------------------------------------------------------------------
   Fe2   Fe2   (  1,  -2,   1)  0.0411   ( 2.167, -4.334,  2.167)  5.308 
J_iso:  0.0411 
----------------------------------------------------------------------------------------
   Fe2   Fe2   (  2,  -1,  -1)  0.0420   (-2.167, -2.167,  4.334)  5.308 
J_iso:  0.0420 
----------------------------------------------------------------------------------------
   Fe1   Fe1   ( -2,   0,   2) -0.2616   ( 4.334,  0.000, -4.334)  6.129 
J_iso: -0.2616 
----------------------------------------------------------------------------------------
   Fe2   Fe2   ( -2,   0,   2) -0.2678   ( 4.334,  0.000, -4.334)  6.129 
J_iso: -0.2678 
----------------------------------------------------------------------------------------
   Fe1   Fe1   ( -2,   2,   0) -0.2575   ( 0.000,  4.334, -4.334)  6.129 
J_iso: -0.2575 
----------------------------------------------------------------------------------------
   Fe2   Fe2   ( -2,   2,   0) -0.2587   ( 0.000,  4.334, -4.334)  6.129 
J_iso: -0.2587 
----------------------------------------------------------------------------------------
   Fe1   Fe1   ( -1,   1,  -1) -0.1561   (-4.334,  0.000, -4.334)  6.129 
J_iso: -0.1561 
----------------------------------------------------------------------------------------
   Fe2   Fe2   ( -1,   1,  -1) -0.1511   (-4.334,  0.000, -4.334)  6.129 
J_iso: -0.1511 
----------------------------------------------------------------------------------------
   Fe1   Fe1   ( -1,   1,   1) -0.1568   ( 4.334,  4.334,  0.000)  6.129 
J_iso: -0.1568 
----------------------------------------------------------------------------------------
   Fe2   Fe2   ( -1,   1,   1) -0.1574   ( 4.334,  4.334,  0.000)  6.129 
J_iso: -0.1574 
----------------------------------------------------------------------------------------
   Fe1   Fe1   (  0,  -2,   2) -0.2725   ( 4.334, -4.334,  0.000)  6.129 
J_iso: -0.2725 
----------------------------------------------------------------------------------------
   Fe2   Fe2   (  0,  -2,   2) -0.2737   ( 4.334, -4.334,  0.000)  6.129 
J_iso: -0.2737 
----------------------------------------------------------------------------------------
   Fe1   Fe1   (  0,   2,  -2) -0.2725   (-4.334,  4.334,  0.000)  6.129 
J_iso: -0.2725 
----------------------------------------------------------------------------------------
   Fe2   Fe2   (  0,   2,  -2) -0.2737   (-4.334,  4.334,  0.000)  6.129 
J_iso: -0.2737 
----------------------------------------------------------------------------------------
   Fe1   Fe1   (  1,  -1,  -1) -0.1568   (-4.334, -4.334,  0.000)  6.129 
J_iso: -0.1568 
----------------------------------------------------------------------------------------
   Fe2   Fe2   (  1,  -1,  -1) -0.1574   (-4.334, -4.334,  0.000)  6.129 
J_iso: -0.1574 
----------------------------------------------------------------------------------------
   Fe1   Fe1   (  1,  -1,   1) -0.1561   ( 4.334,  0.000,  4.334)  6.129 
J_iso: -0.1561 
----------------------------------------------------------------------------------------
   Fe2   Fe2   (  1,  -1,   1) -0.1511   ( 4.334,  0.000,  4.334)  6.129 
J_iso: -0.1511 
----------------------------------------------------------------------------------------
   Fe1   Fe1   (  2,  -2,   0) -0.2575   ( 0.000, -4.334,  4.334)  6.129 
J_iso: -0.2575 
----------------------------------------------------------------------------------------
   Fe2   Fe2   (  2,  -2,   0) -0.2587   ( 0.000, -4.334,  4.334)  6.129 
J_iso: -0.2587 
----------------------------------------------------------------------------------------
   Fe1   Fe1   (  2,   0,  -2) -0.2616   (-4.334,  0.000,  4.334)  6.129 
J_iso: -0.2616 
----------------------------------------------------------------------------------------
   Fe2   Fe2   (  2,   0,  -2) -0.2678   (-4.334,  0.000,  4.334)  6.129 
J_iso: -0.2678 
----------------------------------------------------------------------------------------
   Fe1   Fe1   ( -1,  -1,   1) -0.1504   ( 0.000, -4.334, -4.334)  6.129 
J_iso: -0.1504 
----------------------------------------------------------------------------------------
   Fe2   Fe2   ( -1,  -1,   1) -0.1496   ( 0.000, -4.334, -4.334)  6.129 
J_iso: -0.1496 
----------------------------------------------------------------------------------------
   Fe1   Fe1   (  1,   1,  -1) -0.1504   ( 0.000,  4.334,  4.334)  6.129 
J_iso: -0.1504 
----------------------------------------------------------------------------------------
   Fe2   Fe2   (  1,   1,  -1) -0.1496   ( 0.000,  4.334,  4.334)  6.129 
J_iso: -0.1496 
----------------------------------------------------------------------------------------
   Fe1   Fe2   ( -2,  -1,   2) -0.0559   ( 6.501,  0.000, -2.167)  6.853 
J_iso: -0.0559 
----------------------------------------------------------------------------------------
   Fe1   Fe2   ( -1,  -2,   2) -0.0598   ( 6.501, -2.167,  0.000)  6.853 
J_iso: -0.0598 
----------------------------------------------------------------------------------------
   Fe2   Fe2   ( -1,   0,   2) -0.0969   ( 6.501,  2.167,  0.000)  6.853 
J_iso: -0.0969 
----------------------------------------------------------------------------------------
   Fe2   Fe2   ( -1,   2,   0) -0.0976   ( 2.167,  6.501,  0.000)  6.853 
J_iso: -0.0976 
----------------------------------------------------------------------------------------
   Fe2   Fe2   (  0,  -1,   2) -0.0961   ( 6.501,  0.000,  2.167)  6.853 
J_iso: -0.0961 
----------------------------------------------------------------------------------------
   Fe2   Fe2   (  0,   2,  -1) -0.0981   ( 0.000,  6.501,  2.167)  6.853 
J_iso: -0.0981 
----------------------------------------------------------------------------------------
   Fe2   Fe1   (  1,   2,  -2) -0.0598   (-6.501,  2.167,  0.000)  6.853 
J_iso: -0.0598 
----------------------------------------------------------------------------------------
   Fe2   Fe2   (  2,  -1,   0) -0.0987   ( 2.167,  0.000,  6.501)  6.853 
J_iso: -0.0987 
----------------------------------------------------------------------------------------
   Fe2   Fe2   (  2,   0,  -1) -0.0983   ( 0.000,  2.167,  6.501)  6.853 
J_iso: -0.0983 
----------------------------------------------------------------------------------------
   Fe2   Fe1   (  2,   1,  -2) -0.0559   (-6.501,  0.000,  2.167)  6.853 
J_iso: -0.0559 
----------------------------------------------------------------------------------------
   Fe1   Fe1   ( -2,   0,   1) -0.0940   ( 0.000, -2.167, -6.501)  6.853 
J_iso: -0.0940 
----------------------------------------------------------------------------------------
   Fe2   Fe2   ( -2,   0,   1) -0.0983   ( 0.000, -2.167, -6.501)  6.853 
J_iso: -0.0983 
----------------------------------------------------------------------------------------
   Fe1   Fe1   ( -2,   1,   0) -0.0942   (-2.167,  0.000, -6.501)  6.853 
J_iso: -0.0942 
----------------------------------------------------------------------------------------
   Fe2   Fe2   ( -2,   1,   0) -0.0987   (-2.167,  0.000, -6.501)  6.853 
J_iso: -0.0987 
----------------------------------------------------------------------------------------
   Fe2   Fe1   ( -2,   1,   2) -0.0602   ( 2.167,  0.000, -6.501)  6.853 
J_iso: -0.0602 
----------------------------------------------------------------------------------------
   Fe1   Fe2   ( -2,   2,  -1) -0.0630   ( 0.000,  6.501, -2.167)  6.853 
J_iso: -0.0630 
----------------------------------------------------------------------------------------
   Fe2   Fe1   ( -2,   2,   1) -0.0582   ( 0.000,  2.167, -6.501)  6.853 
J_iso: -0.0582 
----------------------------------------------------------------------------------------
   Fe1   Fe1   ( -1,   0,   2) -0.0901   ( 6.501,  2.167,  0.000)  6.853 
J_iso: -0.0901 
----------------------------------------------------------------------------------------
   Fe1   Fe2   ( -1,   2,  -2) -0.0584   (-2.167,  6.501,  0.000)  6.853 
J_iso: -0.0584 
----------------------------------------------------------------------------------------
   Fe1   Fe1   ( -1,   2,   0) -0.0958   ( 2.167,  6.501,  0.000)  6.853 
J_iso: -0.0958 
----------------------------------------------------------------------------------------
   Fe1   Fe1   (  0,  -2,   1) -0.0895   ( 0.000, -6.501, -2.167)  6.853 
J_iso: -0.0895 
----------------------------------------------------------------------------------------
   Fe2   Fe2   (  0,  -2,   1) -0.0981   ( 0.000, -6.501, -2.167)  6.853 
J_iso: -0.0981 
----------------------------------------------------------------------------------------
   Fe1   Fe1   (  0,  -1,   2) -0.0951   ( 6.501,  0.000,  2.167)  6.853 
J_iso: -0.0951 
----------------------------------------------------------------------------------------
   Fe1   Fe1   (  0,   1,  -2) -0.0951   (-6.501,  0.000, -2.167)  6.853 
J_iso: -0.0951 
----------------------------------------------------------------------------------------
   Fe2   Fe2   (  0,   1,  -2) -0.0961   (-6.501,  0.000, -2.167)  6.853 
J_iso: -0.0961 
----------------------------------------------------------------------------------------
   Fe1   Fe1   (  0,   2,  -1) -0.0895   ( 0.000,  6.501,  2.167)  6.853 
J_iso: -0.0895 
----------------------------------------------------------------------------------------
   Fe1   Fe1   (  1,  -2,   0) -0.0958   (-2.167, -6.501,  0.000)  6.853 
J_iso: -0.0958 
----------------------------------------------------------------------------------------
   Fe2   Fe2   (  1,  -2,   0) -0.0976   (-2.167, -6.501,  0.000)  6.853 
J_iso: -0.0976 
----------------------------------------------------------------------------------------
   Fe2   Fe1   (  1,  -2,   2) -0.0584   ( 2.167, -6.501,  0.000)  6.853 
J_iso: -0.0584 
----------------------------------------------------------------------------------------
   Fe1   Fe1   (  1,   0,  -2) -0.0901   (-6.501, -2.167,  0.000)  6.853 
J_iso: -0.0901 
----------------------------------------------------------------------------------------
   Fe2   Fe2   (  1,   0,  -2) -0.0969   (-6.501, -2.167,  0.000)  6.853 
J_iso: -0.0969 
----------------------------------------------------------------------------------------
   Fe1   Fe2   (  2,  -2,  -1) -0.0582   ( 0.000, -2.167,  6.501)  6.853 
J_iso: -0.0582 
----------------------------------------------------------------------------------------
   Fe2   Fe1   (  2,  -2,   1) -0.0630   ( 0.000, -6.501,  2.167)  6.853 
J_iso: -0.0630 
----------------------------------------------------------------------------------------
   Fe1   Fe2   (  2,  -1,  -2) -0.0602   (-2.167,  0.000,  6.501)  6.853 
J_iso: -0.0602 
----------------------------------------------------------------------------------------
   Fe1   Fe1   (  2,  -1,   0) -0.0942   ( 2.167,  0.000,  6.501)  6.853 
J_iso: -0.0942 
----------------------------------------------------------------------------------------
   Fe1   Fe1   (  2,   0,  -1) -0.0940   ( 0.000,  2.167,  6.501)  6.853 
J_iso: -0.0940 
----------------------------------------------------------------------------------------
   Fe1   Fe2   ( -2,   2,  -2) -0.0092   (-4.334,  4.334, -4.334)  7.507 
J_iso: -0.0092 
----------------------------------------------------------------------------------------
   Fe2   Fe1   ( -2,   2,   2) -0.0111   ( 4.334,  4.334, -4.334)  7.507 
J_iso: -0.0111 
----------------------------------------------------------------------------------------
   Fe1   Fe2   ( -1,  -1,  -1) -0.0131   (-4.334, -4.334, -4.334)  7.507 
J_iso: -0.0131 
----------------------------------------------------------------------------------------
   Fe1   Fe2   (  0,   0,   0) -0.0097   ( 4.334,  4.334,  4.334)  7.507 
J_iso: -0.0097 
----------------------------------------------------------------------------------------
   Fe2   Fe1   (  0,   0,   0) -0.0097   (-4.334, -4.334, -4.334)  7.507 
J_iso: -0.0097 
----------------------------------------------------------------------------------------
   Fe2   Fe1   (  1,   1,   1) -0.0131   ( 4.334,  4.334,  4.334)  7.507 
J_iso: -0.0131 
----------------------------------------------------------------------------------------
   Fe1   Fe2   (  2,  -2,  -2) -0.0111   (-4.334, -4.334,  4.334)  7.507 
J_iso: -0.0111 
----------------------------------------------------------------------------------------
   Fe2   Fe1   (  2,  -2,   2) -0.0092   ( 4.334, -4.334,  4.334)  7.507 
J_iso: -0.0092 
----------------------------------------------------------------------------------------
   Fe1   Fe2   ( -2,  -2,   2) -0.0099   ( 4.334, -4.334, -4.334)  7.507 
J_iso: -0.0099 
----------------------------------------------------------------------------------------
   Fe2   Fe1   (  2,   2,  -2) -0.0099   (-4.334,  4.334,  4.334)  7.507 
J_iso: -0.0099 
----------------------------------------------------------------------------------------
   Fe1   Fe2   ( -2,  -1,   0) -0.0025   (-2.167, -4.334, -6.501)  8.108 
J_iso: -0.0025 
----------------------------------------------------------------------------------------
   Fe1   Fe1   ( -2,  -1,   2) -0.0054   ( 2.167, -4.334, -6.501)  8.108 
J_iso: -0.0054 
----------------------------------------------------------------------------------------
   Fe2   Fe2   ( -2,  -1,   2) -0.0059   ( 2.167, -4.334, -6.501)  8.108 
J_iso: -0.0059 
----------------------------------------------------------------------------------------
   Fe1   Fe2   ( -2,   0,  -1) -0.0027   (-4.334, -2.167, -6.501)  8.108 
J_iso: -0.0027 
----------------------------------------------------------------------------------------
   Fe1   Fe1   ( -2,   1,   2) -0.0035   ( 6.501,  4.334, -2.167)  8.108 
J_iso: -0.0035 
----------------------------------------------------------------------------------------
   Fe2   Fe2   ( -2,   1,   2) -0.0044   ( 6.501,  4.334, -2.167)  8.108 
J_iso: -0.0044 
----------------------------------------------------------------------------------------
   Fe1   Fe1   ( -2,   2,  -1) -0.0050   (-4.334,  2.167, -6.501)  8.108 
J_iso: -0.0050 
----------------------------------------------------------------------------------------
   Fe2   Fe2   ( -2,   2,  -1) -0.0058   (-4.334,  2.167, -6.501)  8.108 
J_iso: -0.0058 
----------------------------------------------------------------------------------------
   Fe1   Fe1   ( -2,   2,   1) -0.0038   ( 4.334,  6.501, -2.167)  8.108 
J_iso: -0.0038 
----------------------------------------------------------------------------------------
   Fe2   Fe2   ( -2,   2,   1) -0.0039   ( 4.334,  6.501, -2.167)  8.108 
J_iso: -0.0039 
----------------------------------------------------------------------------------------
   Fe1   Fe2   ( -1,  -2,   0) -0.0034   (-2.167, -6.501, -4.334)  8.108 
J_iso: -0.0034 
----------------------------------------------------------------------------------------
   Fe1   Fe1   ( -1,  -2,   2) -0.0034   ( 2.167, -6.501, -4.334)  8.108 
J_iso: -0.0034 
----------------------------------------------------------------------------------------
   Fe2   Fe2   ( -1,  -2,   2) -0.0050   ( 2.167, -6.501, -4.334)  8.108 
J_iso: -0.0050 
----------------------------------------------------------------------------------------
   Fe1   Fe2   ( -1,   0,  -2) -0.0024   (-6.501, -2.167, -4.334)  8.108 
J_iso: -0.0024 
----------------------------------------------------------------------------------------
   Fe1   Fe2   ( -1,   0,   1) -0.0040   ( 6.501,  4.334,  2.167)  8.108 
J_iso: -0.0040 
----------------------------------------------------------------------------------------
   Fe2   Fe1   ( -1,   0,   1) -0.0038   (-2.167, -4.334, -6.501)  8.108 
J_iso: -0.0038 
----------------------------------------------------------------------------------------
   Fe1   Fe2   ( -1,   1,   0) -0.0035   ( 4.334,  6.501,  2.167)  8.108 
J_iso: -0.0035 
----------------------------------------------------------------------------------------
   Fe2   Fe1   ( -1,   1,   0) -0.0021   (-4.334, -2.167, -6.501)  8.108 
J_iso: -0.0021 
----------------------------------------------------------------------------------------
   Fe1   Fe1   ( -1,   2,  -2) -0.0038   (-6.501,  2.167, -4.334)  8.108 
J_iso: -0.0038 
----------------------------------------------------------------------------------------
   Fe2   Fe2   ( -1,   2,  -2) -0.0048   (-6.501,  2.167, -4.334)  8.108 
J_iso: -0.0048 
----------------------------------------------------------------------------------------
   Fe1   Fe2   (  0,  -2,  -1) -0.0020   (-4.334, -6.501, -2.167)  8.108 
J_iso: -0.0020 
----------------------------------------------------------------------------------------
   Fe1   Fe2   (  0,  -1,  -2) -0.0028   (-6.501, -4.334, -2.167)  8.108 
J_iso: -0.0028 
----------------------------------------------------------------------------------------
   Fe1   Fe2   (  0,  -1,   1) -0.0040   ( 6.501,  2.167,  4.334)  8.108 
J_iso: -0.0040 
----------------------------------------------------------------------------------------
   Fe2   Fe1   (  0,  -1,   1) -0.0031   (-2.167, -6.501, -4.334)  8.108 
J_iso: -0.0031 
----------------------------------------------------------------------------------------
   Fe1   Fe2   (  0,   1,  -1) -0.0031   ( 2.167,  6.501,  4.334)  8.108 
J_iso: -0.0031 
----------------------------------------------------------------------------------------
   Fe2   Fe1   (  0,   1,  -1) -0.0040   (-6.501, -2.167, -4.334)  8.108 
J_iso: -0.0040 
----------------------------------------------------------------------------------------
   Fe2   Fe1   (  0,   1,   2) -0.0028   ( 6.501,  4.334,  2.167)  8.108 
J_iso: -0.0028 
----------------------------------------------------------------------------------------
   Fe2   Fe1   (  0,   2,   1) -0.0020   ( 4.334,  6.501,  2.167)  8.108 
J_iso: -0.0020 
----------------------------------------------------------------------------------------
   Fe1   Fe1   (  1,  -2,   2) -0.0038   ( 6.501, -2.167,  4.334)  8.108 
J_iso: -0.0038 
----------------------------------------------------------------------------------------
   Fe2   Fe2   (  1,  -2,   2) -0.0048   ( 6.501, -2.167,  4.334)  8.108 
J_iso: -0.0048 
----------------------------------------------------------------------------------------
   Fe1   Fe2   (  1,  -1,   0) -0.0021   ( 4.334,  2.167,  6.501)  8.108 
J_iso: -0.0021 
----------------------------------------------------------------------------------------
   Fe2   Fe1   (  1,  -1,   0) -0.0035   (-4.334, -6.501, -2.167)  8.108 
J_iso: -0.0035 
----------------------------------------------------------------------------------------
   Fe1   Fe2   (  1,   0,  -1) -0.0038   ( 2.167,  4.334,  6.501)  8.108 
J_iso: -0.0038 
----------------------------------------------------------------------------------------
   Fe2   Fe1   (  1,   0,  -1) -0.0040   (-6.501, -4.334, -2.167)  8.108 
J_iso: -0.0040 
----------------------------------------------------------------------------------------
   Fe2   Fe1   (  1,   0,   2) -0.0024   ( 6.501,  2.167,  4.334)  8.108 
J_iso: -0.0024 
----------------------------------------------------------------------------------------
   Fe1   Fe1   (  1,   2,  -2) -0.0034   (-2.167,  6.501,  4.334)  8.108 
J_iso: -0.0034 
----------------------------------------------------------------------------------------
   Fe2   Fe2   (  1,   2,  -2) -0.0050   (-2.167,  6.501,  4.334)  8.108 
J_iso: -0.0050 
----------------------------------------------------------------------------------------
   Fe2   Fe1   (  1,   2,   0) -0.0034   ( 2.167,  6.501,  4.334)  8.108 
J_iso: -0.0034 
----------------------------------------------------------------------------------------
   Fe1   Fe1   (  2,  -2,  -1) -0.0038   (-4.334, -6.501,  2.167)  8.108 
J_iso: -0.0038 
----------------------------------------------------------------------------------------
   Fe2   Fe2   (  2,  -2,  -1) -0.0039   (-4.334, -6.501,  2.167)  8.108 
J_iso: -0.0039 
----------------------------------------------------------------------------------------
   Fe1   Fe1   (  2,  -2,   1) -0.0050   ( 4.334, -2.167,  6.501)  8.108 
J_iso: -0.0050 
----------------------------------------------------------------------------------------
   Fe2   Fe2   (  2,  -2,   1) -0.0058   ( 4.334, -2.167,  6.501)  8.108 
J_iso: -0.0058 
----------------------------------------------------------------------------------------
   Fe1   Fe1   (  2,  -1,  -2) -0.0035   (-6.501, -4.334,  2.167)  8.108 
J_iso: -0.0035 
----------------------------------------------------------------------------------------
   Fe2   Fe2   (  2,  -1,  -2) -0.0044   (-6.501, -4.334,  2.167)  8.108 
J_iso: -0.0044 
----------------------------------------------------------------------------------------
   Fe2   Fe1   (  2,   0,   1) -0.0027   ( 4.334,  2.167,  6.501)  8.108 
J_iso: -0.0027 
----------------------------------------------------------------------------------------
   Fe1   Fe1   (  2,   1,  -2) -0.0054   (-2.167,  4.334,  6.501)  8.108 
J_iso: -0.0054 
----------------------------------------------------------------------------------------
   Fe2   Fe2   (  2,   1,  -2) -0.0059   (-2.167,  4.334,  6.501)  8.108 
J_iso: -0.0059 
----------------------------------------------------------------------------------------
   Fe2   Fe1   (  2,   1,   0) -0.0025   ( 2.167,  4.334,  6.501)  8.108 
J_iso: -0.0025 
----------------------------------------------------------------------------------------
   Fe1   Fe2   ( -2,   1,  -2) -0.0138   (-6.501,  0.000, -6.501)  9.194 
J_iso: -0.0138 
----------------------------------------------------------------------------------------
   Fe1   Fe2   ( -1,  -1,   2) -0.0048   ( 8.668,  2.167,  2.167)  9.194 
J_iso: -0.0048 
----------------------------------------------------------------------------------------
   Fe2   Fe1   ( -1,   2,   2) -0.0159   ( 6.501,  6.501,  0.000)  9.194 
J_iso: -0.0159 
----------------------------------------------------------------------------------------
   Fe1   Fe2   (  1,  -2,  -2) -0.0159   (-6.501, -6.501,  0.000)  9.194 
J_iso: -0.0159 
----------------------------------------------------------------------------------------
   Fe2   Fe1   (  1,   1,  -2) -0.0048   (-8.668, -2.167, -2.167)  9.194 
J_iso: -0.0048 
----------------------------------------------------------------------------------------
   Fe2   Fe1   (  2,  -1,   2) -0.0138   ( 6.501,  0.000,  6.501)  9.194 
J_iso: -0.0138 
----------------------------------------------------------------------------------------
   Fe1   Fe2   ( -2,  -2,   1) -0.0164   ( 0.000, -6.501, -6.501)  9.194 
J_iso: -0.0164 
----------------------------------------------------------------------------------------
   Fe1   Fe2   ( -2,   1,   1) -0.0127   ( 6.501,  6.501, -0.000)  9.194 
J_iso: -0.0127 
----------------------------------------------------------------------------------------
   Fe2   Fe1   ( -2,   1,   1) -0.0044   (-2.167, -2.167, -8.668)  9.194 
J_iso: -0.0044 
----------------------------------------------------------------------------------------
   Fe2   Fe1   ( -1,  -1,   2) -0.0130   ( 0.000, -6.501, -6.501)  9.194 
J_iso: -0.0130 
----------------------------------------------------------------------------------------
   Fe2   Fe1   ( -1,   2,  -1) -0.0109   (-6.501,  0.000, -6.501)  9.194 
J_iso: -0.0109 
----------------------------------------------------------------------------------------
   Fe1   Fe2   (  1,  -2,   1) -0.0109   ( 6.501, -0.000,  6.501)  9.194 
J_iso: -0.0109 
----------------------------------------------------------------------------------------
   Fe1   Fe2   (  1,   1,  -2) -0.0130   ( 0.000,  6.501,  6.501)  9.194 
J_iso: -0.0130 
----------------------------------------------------------------------------------------
   Fe1   Fe2   (  2,  -1,  -1) -0.0044   ( 2.167,  2.167,  8.668)  9.194 
J_iso: -0.0044 
----------------------------------------------------------------------------------------
   Fe2   Fe1   (  2,  -1,  -1) -0.0127   (-6.501, -6.501,  0.000)  9.194 
J_iso: -0.0127 
----------------------------------------------------------------------------------------
   Fe2   Fe1   (  2,   2,  -1) -0.0164   ( 0.000,  6.501,  6.501)  9.194 
J_iso: -0.0164 
----------------------------------------------------------------------------------------
   Fe1   Fe2   ( -1,   2,  -1) -0.0048   ( 2.167,  8.668,  2.167)  9.194 
J_iso: -0.0048 
----------------------------------------------------------------------------------------
   Fe2   Fe1   (  1,  -2,   1) -0.0048   (-2.167, -8.668, -2.167)  9.194 
J_iso: -0.0048 
----------------------------------------------------------------------------------------
   Fe1   Fe2   ( -2,   0,   2) -0.0015   ( 8.668,  4.334,  0.000)  9.691 
J_iso: -0.0015 
----------------------------------------------------------------------------------------
   Fe2   Fe1   ( -2,   0,   2) -0.0018   ( 0.000, -4.334, -8.668)  9.691 
J_iso: -0.0018 
----------------------------------------------------------------------------------------
   Fe1   Fe2   ( -2,   2,   0) -0.0017   ( 4.334,  8.668,  0.000)  9.691 
J_iso: -0.0017 
----------------------------------------------------------------------------------------
   Fe2   Fe1   ( -2,   2,   0) -0.0003   (-4.334,  0.000, -8.668)  9.691 
J_iso: -0.0003 
----------------------------------------------------------------------------------------
   Fe1   Fe2   (  0,  -2,   2) -0.0044   ( 8.668,  0.000,  4.334)  9.691 
J_iso: -0.0044 
----------------------------------------------------------------------------------------
   Fe2   Fe1   (  0,  -2,   2) -0.0010   ( 0.000, -8.668, -4.334)  9.691 
J_iso: -0.0010 
----------------------------------------------------------------------------------------
   Fe1   Fe2   (  0,   2,  -2) -0.0010   ( 0.000,  8.668,  4.334)  9.691 
J_iso: -0.0010 
----------------------------------------------------------------------------------------
   Fe2   Fe1   (  0,   2,  -2) -0.0044   (-8.668,  0.000, -4.334)  9.691 
J_iso: -0.0044 
----------------------------------------------------------------------------------------
   Fe1   Fe2   (  2,  -2,   0) -0.0003   ( 4.334,  0.000,  8.668)  9.691 
J_iso: -0.0003 
----------------------------------------------------------------------------------------
   Fe2   Fe1   (  2,  -2,   0) -0.0017   (-4.334, -8.668,  0.000)  9.691 
J_iso: -0.0017 
----------------------------------------------------------------------------------------
   Fe1   Fe2   (  2,   0,  -2) -0.0018   ( 0.000,  4.334,  8.668)  9.691 
J_iso: -0.0018 
----------------------------------------------------------------------------------------
   Fe2   Fe1   (  2,   0,  -2) -0.0015   (-8.668, -4.334,  0.000)  9.691 
J_iso: -0.0015 
----------------------------------------------------------------------------------------
   Fe1   Fe1   ( -1,  -1,   0)  0.0023   (-4.334, -6.501, -6.501) 10.164 
J_iso:  0.0023 
----------------------------------------------------------------------------------------
   Fe2   Fe2   ( -1,  -1,   0)  0.0009   (-4.334, -6.501, -6.501) 10.164 
J_iso:  0.0009 
----------------------------------------------------------------------------------------
   Fe1   Fe1   ( -1,   0,  -1)  0.0012   (-6.501, -4.334, -6.501) 10.164 
J_iso:  0.0012 
----------------------------------------------------------------------------------------
   Fe2   Fe2   ( -1,   0,  -1)  0.0009   (-6.501, -4.334, -6.501) 10.164 
J_iso:  0.0009 
----------------------------------------------------------------------------------------
   Fe1   Fe1   (  0,  -1,  -1)  0.0009   (-6.501, -6.501, -4.334) 10.164 
J_iso:  0.0009 
----------------------------------------------------------------------------------------
   Fe2   Fe2   (  0,  -1,  -1)  0.0007   (-6.501, -6.501, -4.334) 10.164 
J_iso:  0.0007 
----------------------------------------------------------------------------------------
   Fe1   Fe1   (  0,   1,   1)  0.0009   ( 6.501,  6.501,  4.334) 10.164 
J_iso:  0.0009 
----------------------------------------------------------------------------------------
   Fe2   Fe2   (  0,   1,   1)  0.0007   ( 6.501,  6.501,  4.334) 10.164 
J_iso:  0.0007 
----------------------------------------------------------------------------------------
   Fe1   Fe1   (  1,   0,   1)  0.0012   ( 6.501,  4.334,  6.501) 10.164 
J_iso:  0.0012 
----------------------------------------------------------------------------------------
   Fe2   Fe2   (  1,   0,   1)  0.0009   ( 6.501,  4.334,  6.501) 10.164 
J_iso:  0.0009 
----------------------------------------------------------------------------------------
   Fe1   Fe1   (  1,   1,   0)  0.0023   ( 4.334,  6.501,  6.501) 10.164 
J_iso:  0.0023 
----------------------------------------------------------------------------------------
   Fe2   Fe2   (  1,   1,   0)  0.0009   ( 4.334,  6.501,  6.501) 10.164 
J_iso:  0.0009 
----------------------------------------------------------------------------------------
   Fe1   Fe1   (  0,  -2,   0)  0.0006   (-4.334, -8.668, -4.334) 10.616 
J_iso:  0.0006 
----------------------------------------------------------------------------------------
   Fe2   Fe2   (  0,  -2,   0) -0.0006   (-4.334, -8.668, -4.334) 10.616 
J_iso: -0.0006 
----------------------------------------------------------------------------------------
   Fe1   Fe1   (  0,   0,  -2)  0.0004   (-8.668, -4.334, -4.334) 10.616 
J_iso:  0.0004 
----------------------------------------------------------------------------------------
   Fe2   Fe2   (  0,   0,  -2) -0.0004   (-8.668, -4.334, -4.334) 10.616 
J_iso: -0.0004 
----------------------------------------------------------------------------------------
   Fe1   Fe1   (  0,   0,   2)  0.0004   ( 8.668,  4.334,  4.334) 10.616 
J_iso:  0.0004 
----------------------------------------------------------------------------------------
   Fe1   Fe1   (  0,   2,   0)  0.0006   ( 4.334,  8.668,  4.334) 10.616 
J_iso:  0.0006 
----------------------------------------------------------------------------------------
   Fe1   Fe1   ( -2,   0,   0)  0.0007   (-4.334, -4.334, -8.668) 10.616 
J_iso:  0.0007 
----------------------------------------------------------------------------------------
   Fe2   Fe2   ( -2,   0,   0) -0.0006   (-4.334, -4.334, -8.668) 10.616 
J_iso: -0.0006 
----------------------------------------------------------------------------------------
   Fe2   Fe2   (  0,   0,   2) -0.0004   ( 8.668,  4.334,  4.334) 10.616 
J_iso: -0.0004 
----------------------------------------------------------------------------------------
   Fe2   Fe2   (  0,   2,   0) -0.0006   ( 4.334,  8.668,  4.334) 10.616 
J_iso: -0.0006 
----------------------------------------------------------------------------------------
   Fe1   Fe1   (  2,   0,   0)  0.0007   ( 4.334,  4.334,  8.668) 10.616 
J_iso:  0.0007 
----------------------------------------------------------------------------------------
   Fe2   Fe2   (  2,   0,   0) -0.0006   ( 4.334,  4.334,  8.668) 10.616 
J_iso: -0.0006 
----------------------------------------------------------------------------------------
   Fe1   Fe1   ( -2,  -1,   1) -0.0008   (-2.167, -6.501, -8.668) 11.049 
J_iso: -0.0008 
----------------------------------------------------------------------------------------
   Fe2   Fe2   ( -2,  -1,   1) -0.0002   (-2.167, -6.501, -8.668) 11.049 
J_iso: -0.0002 
----------------------------------------------------------------------------------------
   Fe1   Fe1   ( -2,   1,  -1) -0.0004   (-6.501, -2.167, -8.668) 11.049 
J_iso: -0.0004 
----------------------------------------------------------------------------------------
   Fe2   Fe2   ( -2,   1,  -1) -0.0001   (-6.501, -2.167, -8.668) 11.049 
J_iso: -0.0001 
----------------------------------------------------------------------------------------
   Fe1   Fe1   ( -1,  -2,   1) -0.0009   (-2.167, -8.668, -6.501) 11.049 
J_iso: -0.0009 
----------------------------------------------------------------------------------------
   Fe2   Fe2   ( -1,  -2,   1) -0.0004   (-2.167, -8.668, -6.501) 11.049 
J_iso: -0.0004 
----------------------------------------------------------------------------------------
   Fe1   Fe1   ( -1,   1,  -2) -0.0010   (-8.668, -2.167, -6.501) 11.049 
J_iso: -0.0010 
----------------------------------------------------------------------------------------
   Fe2   Fe2   ( -1,   1,  -2) -0.0002   (-8.668, -2.167, -6.501) 11.049 
J_iso: -0.0002 
----------------------------------------------------------------------------------------
   Fe1   Fe1   ( -1,   1,   2) -0.0010   ( 8.668,  6.501,  2.167) 11.049 
J_iso: -0.0010 
----------------------------------------------------------------------------------------
   Fe1   Fe1   ( -1,   2,   1) -0.0011   ( 6.501,  8.668,  2.167) 11.049 
J_iso: -0.0011 
----------------------------------------------------------------------------------------
   Fe1   Fe1   (  1,  -2,  -1) -0.0011   (-6.501, -8.668, -2.167) 11.049 
J_iso: -0.0011 
----------------------------------------------------------------------------------------
   Fe2   Fe2   (  1,  -2,  -1) -0.0003   (-6.501, -8.668, -2.167) 11.049 
J_iso: -0.0003 
----------------------------------------------------------------------------------------
   Fe1   Fe1   (  1,  -1,  -2) -0.0010   (-8.668, -6.501, -2.167) 11.049 
J_iso: -0.0010 
----------------------------------------------------------------------------------------
   Fe2   Fe2   (  1,  -1,  -2)  0.0001   (-8.668, -6.501, -2.167) 11.049 
J_iso:  0.0001 
----------------------------------------------------------------------------------------
   Fe1   Fe1   (  1,  -1,   2) -0.0010   ( 8.668,  2.167,  6.501) 11.049 
J_iso: -0.0010 
----------------------------------------------------------------------------------------
   Fe1   Fe1   (  1,   2,  -1) -0.0009   ( 2.167,  8.668,  6.501) 11.049 
J_iso: -0.0009 
----------------------------------------------------------------------------------------
   Fe1   Fe1   (  2,  -1,   1) -0.0004   ( 6.501,  2.167,  8.668) 11.049 
J_iso: -0.0004 
----------------------------------------------------------------------------------------
   Fe1   Fe1   (  2,   1,  -1) -0.0008   ( 2.167,  6.501,  8.668) 11.049 
J_iso: -0.0008 
----------------------------------------------------------------------------------------
   Fe2   Fe2   ( -1,   1,   2)  0.0001   ( 8.668,  6.501,  2.167) 11.049 
J_iso:  0.0001 
----------------------------------------------------------------------------------------
   Fe2   Fe2   ( -1,   2,   1) -0.0003   ( 6.501,  8.668,  2.167) 11.049 
J_iso: -0.0003 
----------------------------------------------------------------------------------------
   Fe2   Fe2   (  1,  -1,   2) -0.0002   ( 8.668,  2.167,  6.501) 11.049 
J_iso: -0.0002 
----------------------------------------------------------------------------------------
   Fe2   Fe2   (  1,   2,  -1) -0.0004   ( 2.167,  8.668,  6.501) 11.049 
J_iso: -0.0004 
----------------------------------------------------------------------------------------
   Fe2   Fe2   (  2,  -1,   1) -0.0001   ( 6.501,  2.167,  8.668) 11.049 
J_iso: -0.0001 
----------------------------------------------------------------------------------------
   Fe2   Fe2   (  2,   1,  -1) -0.0002   ( 2.167,  6.501,  8.668) 11.049 
J_iso: -0.0002 
----------------------------------------------------------------------------------------
   Fe1   Fe1   ( -2,   2,  -2)  0.0005   (-8.668,  0.000, -8.668) 12.258 
J_iso:  0.0005 
----------------------------------------------------------------------------------------
   Fe2   Fe2   ( -2,   2,  -2)  0.0012   (-8.668,  0.000, -8.668) 12.258 
J_iso:  0.0012 
----------------------------------------------------------------------------------------
   Fe1   Fe1   ( -2,   2,   2) -0.0004   ( 8.668,  8.668,  0.000) 12.258 
J_iso: -0.0004 
----------------------------------------------------------------------------------------
   Fe1   Fe1   (  2,  -2,  -2) -0.0004   (-8.668, -8.668,  0.000) 12.258 
J_iso: -0.0004 
----------------------------------------------------------------------------------------
   Fe2   Fe2   (  2,  -2,  -2)  0.0008   (-8.668, -8.668,  0.000) 12.258 
J_iso:  0.0008 
----------------------------------------------------------------------------------------
   Fe1   Fe1   (  2,  -2,   2)  0.0005   ( 8.668,  0.000,  8.668) 12.258 
J_iso:  0.0005 
----------------------------------------------------------------------------------------
   Fe1   Fe1   ( -2,  -2,   2)  0.0008   ( 0.000, -8.668, -8.668) 12.258 
J_iso:  0.0008 
----------------------------------------------------------------------------------------
   Fe2   Fe2   ( -2,  -2,   2)  0.0015   ( 0.000, -8.668, -8.668) 12.258 
J_iso:  0.0015 
----------------------------------------------------------------------------------------
   Fe2   Fe2   ( -2,   2,   2)  0.0008   ( 8.668,  8.668,  0.000) 12.258 
J_iso:  0.0008 
----------------------------------------------------------------------------------------
   Fe2   Fe2   (  2,  -2,   2)  0.0012   ( 8.668,  0.000,  8.668) 12.258 
J_iso:  0.0012 
----------------------------------------------------------------------------------------
   Fe1   Fe1   (  2,   2,  -2)  0.0008   ( 0.000,  8.668,  8.668) 12.258 
J_iso:  0.0008 
----------------------------------------------------------------------------------------
   Fe2   Fe2   (  2,   2,  -2)  0.0015   ( 0.000,  8.668,  8.668) 12.258 
J_iso:  0.0015 
----------------------------------------------------------------------------------------
   Fe1   Fe2   ( -1,  -2,  -1) -0.0005   (-6.501, -8.668, -6.501) 12.636 
J_iso: -0.0005 
----------------------------------------------------------------------------------------
   Fe2   Fe1   (  1,   2,   1) -0.0005   ( 6.501,  8.668,  6.501) 12.636 
J_iso: -0.0005 
----------------------------------------------------------------------------------------
   Fe1   Fe2   ( -2,  -1,  -1) -0.0002   (-6.501, -6.501, -8.668) 12.636 
J_iso: -0.0002 
----------------------------------------------------------------------------------------
   Fe2   Fe1   (  2,   1,   1) -0.0002   ( 6.501,  6.501,  8.668) 12.636 
J_iso: -0.0002 
----------------------------------------------------------------------------------------
   Fe1   Fe2   ( -1,  -1,  -2)  0.0000   (-8.668, -6.501, -6.501) 12.636 
J_iso:  0.0000 
----------------------------------------------------------------------------------------
   Fe2   Fe1   ( -1,   0,   0)  0.0002   (-6.501, -6.501, -8.668) 12.636 
J_iso:  0.0002 
----------------------------------------------------------------------------------------
   Fe2   Fe1   (  0,  -1,   0) -0.0001   (-6.501, -8.668, -6.501) 12.636 
J_iso: -0.0001 
----------------------------------------------------------------------------------------
   Fe2   Fe1   (  0,   0,  -1) -0.0002   (-8.668, -6.501, -6.501) 12.636 
J_iso: -0.0002 
----------------------------------------------------------------------------------------
   Fe1   Fe2   (  0,   0,   1) -0.0002   ( 8.668,  6.501,  6.501) 12.636 
J_iso: -0.0002 
----------------------------------------------------------------------------------------
   Fe1   Fe2   (  0,   1,   0) -0.0001   ( 6.501,  8.668,  6.501) 12.636 
J_iso: -0.0001 
----------------------------------------------------------------------------------------
   Fe1   Fe2   (  1,   0,   0)  0.0002   ( 6.501,  6.501,  8.668) 12.636 
J_iso:  0.0002 
----------------------------------------------------------------------------------------
   Fe2   Fe1   (  1,   1,   2)  0.0000   ( 8.668,  6.501,  6.501) 12.636 
J_iso:  0.0000 
----------------------------------------------------------------------------------------
   Fe2   Fe1   ( -1,   1,  -1)  0.0011   (-8.668, -4.334, -8.668) 13.002 
J_iso:  0.0011 
----------------------------------------------------------------------------------------
   Fe1   Fe2   ( -1,   1,   1)  0.0005   ( 8.668,  8.668,  4.334) 13.002 
J_iso:  0.0005 
----------------------------------------------------------------------------------------
   Fe2   Fe1   (  1,  -1,  -1)  0.0005   (-8.668, -8.668, -4.334) 13.002 
J_iso:  0.0005 
----------------------------------------------------------------------------------------
   Fe1   Fe2   (  1,  -1,   1)  0.0011   ( 8.668,  4.334,  8.668) 13.002 
J_iso:  0.0011 
----------------------------------------------------------------------------------------
   Fe1   Fe2   ( -2,  -2,   0) -0.0018   (-4.334, -8.668, -8.668) 13.002 
J_iso: -0.0018 
----------------------------------------------------------------------------------------
   Fe1   Fe2   ( -2,   0,  -2) -0.0013   (-8.668, -4.334, -8.668) 13.002 
J_iso: -0.0013 
----------------------------------------------------------------------------------------
   Fe2   Fe1   ( -1,  -1,   1)  0.0007   (-4.334, -8.668, -8.668) 13.002 
J_iso:  0.0007 
----------------------------------------------------------------------------------------
   Fe1   Fe2   (  0,  -2,  -2) -0.0014   (-8.668, -8.668, -4.334) 13.002 
J_iso: -0.0014 
----------------------------------------------------------------------------------------
   Fe2   Fe1   (  0,   2,   2) -0.0014   ( 8.668,  8.668,  4.334) 13.002 
J_iso: -0.0014 
----------------------------------------------------------------------------------------
   Fe1   Fe2   (  1,   1,  -1)  0.0007   ( 4.334,  8.668,  8.668) 13.002 
J_iso:  0.0007 
----------------------------------------------------------------------------------------
   Fe2   Fe1   (  2,   0,   2) -0.0013   ( 8.668,  4.334,  8.668) 13.002 
J_iso: -0.0013 
----------------------------------------------------------------------------------------
   Fe2   Fe1   (  2,   2,   0) -0.0018   ( 4.334,  8.668,  8.668) 13.002 
J_iso: -0.0018 
----------------------------------------------------------------------------------------
   Fe2   Fe1   ( -2,   0,   1) -0.0015   (-4.334, -6.501, -10.835) 13.358 
J_iso: -0.0015 
----------------------------------------------------------------------------------------
   Fe2   Fe1   ( -2,   1,   0) -0.0017   (-6.501, -4.334, -10.835) 13.358 
J_iso: -0.0017 
----------------------------------------------------------------------------------------
   Fe1   Fe2   ( -1,   0,   2) -0.0010   (10.835,  6.501,  4.334) 13.358 
J_iso: -0.0010 
----------------------------------------------------------------------------------------
   Fe1   Fe2   ( -1,   2,   0) -0.0012   ( 6.501, 10.835,  4.334) 13.358 
J_iso: -0.0012 
----------------------------------------------------------------------------------------
   Fe2   Fe1   (  0,  -2,   1) -0.0013   (-4.334, -10.835, -6.501) 13.358 
J_iso: -0.0013 
----------------------------------------------------------------------------------------
   Fe1   Fe2   (  0,  -1,   2) -0.0007   (10.835,  4.334,  6.501) 13.358 
J_iso: -0.0007 
----------------------------------------------------------------------------------------
   Fe2   Fe1   (  0,   1,  -2) -0.0007   (-10.835, -4.334, -6.501) 13.358 
J_iso: -0.0007 
----------------------------------------------------------------------------------------
   Fe1   Fe2   (  0,   2,  -1) -0.0013   ( 4.334, 10.835,  6.501) 13.358 
J_iso: -0.0013 
----------------------------------------------------------------------------------------
   Fe2   Fe1   (  1,  -2,   0) -0.0012   (-6.501, -10.835, -4.334) 13.358 
J_iso: -0.0012 
----------------------------------------------------------------------------------------
   Fe2   Fe1   (  1,   0,  -2) -0.0010   (-10.835, -6.501, -4.334) 13.358 
J_iso: -0.0010 
----------------------------------------------------------------------------------------
   Fe1   Fe2   (  2,  -1,   0) -0.0017   ( 6.501,  4.334, 10.835) 13.358 
J_iso: -0.0017 
----------------------------------------------------------------------------------------
   Fe1   Fe2   (  2,   0,  -1) -0.0015   ( 4.334,  6.501, 10.835) 13.358 
J_iso: -0.0015 
----------------------------------------------------------------------------------------
   Fe2   Fe1   ( -2,  -1,   2) -0.0002   (-2.167, -8.668, -10.835) 14.044 
J_iso: -0.0002 
----------------------------------------------------------------------------------------
   Fe1   Fe2   ( -2,   1,   2)  0.0003   (10.835,  8.668,  2.167) 14.044 
J_iso:  0.0003 
----------------------------------------------------------------------------------------
   Fe2   Fe1   ( -2,   2,  -1) -0.0000   (-8.668, -2.167, -10.835) 14.044 
J_iso: -0.0000 
----------------------------------------------------------------------------------------
   Fe1   Fe2   ( -2,   2,   1) -0.0003   ( 8.668, 10.835,  2.167) 14.044 
J_iso: -0.0003 
----------------------------------------------------------------------------------------
   Fe2   Fe1   ( -1,  -2,   2) -0.0001   (-2.167, -10.835, -8.668) 14.044 
J_iso: -0.0001 
----------------------------------------------------------------------------------------
   Fe2   Fe1   ( -1,   2,  -2) -0.0002   (-10.835, -2.167, -8.668) 14.044 
J_iso: -0.0002 
----------------------------------------------------------------------------------------
   Fe1   Fe2   (  1,  -2,   2) -0.0002   (10.835,  2.167,  8.668) 14.044 
J_iso: -0.0002 
----------------------------------------------------------------------------------------
   Fe1   Fe2   (  1,   2,  -2) -0.0001   ( 2.167, 10.835,  8.668) 14.044 
J_iso: -0.0001 
----------------------------------------------------------------------------------------
   Fe2   Fe1   (  2,  -2,  -1) -0.0003   (-8.668, -10.835, -2.167) 14.044 
J_iso: -0.0003 
----------------------------------------------------------------------------------------
   Fe1   Fe2   (  2,  -2,   1) -0.0000   ( 8.668,  2.167, 10.835) 14.044 
J_iso: -0.0000 
----------------------------------------------------------------------------------------
   Fe2   Fe1   (  2,  -1,  -2)  0.0003   (-10.835, -8.668, -2.167) 14.044 
J_iso:  0.0003 
----------------------------------------------------------------------------------------
   Fe1   Fe2   (  2,   1,  -2) -0.0002   ( 2.167,  8.668, 10.835) 14.044 
J_iso: -0.0002 
----------------------------------------------------------------------------------------
   Fe1   Fe1   ( -1,  -1,  -1)  0.0001   (-8.668, -8.668, -8.668) 15.013 
J_iso:  0.0001 
----------------------------------------------------------------------------------------
   Fe2   Fe2   ( -1,  -1,  -1)  0.0002   (-8.668, -8.668, -8.668) 15.013 
J_iso:  0.0002 
----------------------------------------------------------------------------------------
   Fe1   Fe1   (  1,   1,   1)  0.0001   ( 8.668,  8.668,  8.668) 15.013 
J_iso:  0.0001 
----------------------------------------------------------------------------------------
   Fe2   Fe2   (  1,   1,   1)  0.0002   ( 8.668,  8.668,  8.668) 15.013 
J_iso:  0.0002 
----------------------------------------------------------------------------------------
   Fe1   Fe1   ( -2,  -1,   0) -0.0006   (-6.501, -8.668, -10.835) 15.323 
J_iso: -0.0006 
----------------------------------------------------------------------------------------
   Fe2   Fe2   ( -2,  -1,   0) -0.0004   (-6.501, -8.668, -10.835) 15.323 
J_iso: -0.0004 
----------------------------------------------------------------------------------------
   Fe1   Fe1   ( -2,   0,  -1) -0.0003   (-8.668, -6.501, -10.835) 15.323 
J_iso: -0.0003 
----------------------------------------------------------------------------------------
   Fe2   Fe2   ( -2,   0,  -1) -0.0005   (-8.668, -6.501, -10.835) 15.323 
J_iso: -0.0005 
----------------------------------------------------------------------------------------
   Fe1   Fe1   ( -1,  -2,   0) -0.0002   (-6.501, -10.835, -8.668) 15.323 
J_iso: -0.0002 
----------------------------------------------------------------------------------------
   Fe2   Fe2   ( -1,  -2,   0) -0.0004   (-6.501, -10.835, -8.668) 15.323 
J_iso: -0.0004 
----------------------------------------------------------------------------------------
   Fe1   Fe1   ( -1,   0,  -2) -0.0005   (-10.835, -6.501, -8.668) 15.323 
J_iso: -0.0005 
----------------------------------------------------------------------------------------
   Fe2   Fe2   ( -1,   0,  -2) -0.0002   (-10.835, -6.501, -8.668) 15.323 
J_iso: -0.0002 
----------------------------------------------------------------------------------------
   Fe1   Fe1   (  0,  -2,  -1) -0.0005   (-8.668, -10.835, -6.501) 15.323 
J_iso: -0.0005 
----------------------------------------------------------------------------------------
   Fe2   Fe2   (  0,  -2,  -1) -0.0007   (-8.668, -10.835, -6.501) 15.323 
J_iso: -0.0007 
----------------------------------------------------------------------------------------
   Fe1   Fe1   (  0,  -1,  -2) -0.0007   (-10.835, -8.668, -6.501) 15.323 
J_iso: -0.0007 
----------------------------------------------------------------------------------------
   Fe2   Fe2   (  0,  -1,  -2) -0.0005   (-10.835, -8.668, -6.501) 15.323 
J_iso: -0.0005 
----------------------------------------------------------------------------------------
   Fe1   Fe1   (  0,   1,   2) -0.0007   (10.835,  8.668,  6.501) 15.323 
J_iso: -0.0007 
----------------------------------------------------------------------------------------
   Fe2   Fe2   (  0,   1,   2) -0.0005   (10.835,  8.668,  6.501) 15.323 
J_iso: -0.0005 
----------------------------------------------------------------------------------------
   Fe1   Fe1   (  0,   2,   1) -0.0005   ( 8.668, 10.835,  6.501) 15.323 
J_iso: -0.0005 
----------------------------------------------------------------------------------------
   Fe2   Fe2   (  0,   2,   1) -0.0007   ( 8.668, 10.835,  6.501) 15.323 
J_iso: -0.0007 
----------------------------------------------------------------------------------------
   Fe1   Fe1   (  1,   0,   2) -0.0005   (10.835,  6.501,  8.668) 15.323 
J_iso: -0.0005 
----------------------------------------------------------------------------------------
   Fe2   Fe2   (  1,   0,   2) -0.0002   (10.835,  6.501,  8.668) 15.323 
J_iso: -0.0002 
----------------------------------------------------------------------------------------
   Fe1   Fe1   (  1,   2,   0) -0.0002   ( 6.501, 10.835,  8.668) 15.323 
J_iso: -0.0002 
----------------------------------------------------------------------------------------
   Fe2   Fe2   (  1,   2,   0) -0.0004   ( 6.501, 10.835,  8.668) 15.323 
J_iso: -0.0004 
----------------------------------------------------------------------------------------
   Fe1   Fe1   (  2,   0,   1) -0.0003   ( 8.668,  6.501, 10.835) 15.323 
J_iso: -0.0003 
----------------------------------------------------------------------------------------
   Fe2   Fe2   (  2,   0,   1) -0.0005   ( 8.668,  6.501, 10.835) 15.323 
J_iso: -0.0005 
----------------------------------------------------------------------------------------
   Fe1   Fe1   (  2,   1,   0) -0.0006   ( 6.501,  8.668, 10.835) 15.323 
J_iso: -0.0006 
----------------------------------------------------------------------------------------
   Fe2   Fe2   (  2,   1,   0) -0.0004   ( 6.501,  8.668, 10.835) 15.323 
J_iso: -0.0004 
----------------------------------------------------------------------------------------
   Fe1   Fe1   ( -2,   1,  -2) -0.0004   (-10.835, -4.334, -10.835) 15.924 
J_iso: -0.0004 
----------------------------------------------------------------------------------------
   Fe2   Fe2   ( -2,   1,  -2) -0.0001   (-10.835, -4.334, -10.835) 15.924 
J_iso: -0.0001 
----------------------------------------------------------------------------------------
   Fe1   Fe1   ( -1,   2,   2) -0.0010   (10.835, 10.835,  4.334) 15.924 
J_iso: -0.0010 
----------------------------------------------------------------------------------------
   Fe2   Fe2   ( -1,   2,   2) -0.0002   (10.835, 10.835,  4.334) 15.924 
J_iso: -0.0002 
----------------------------------------------------------------------------------------
   Fe1   Fe1   (  1,  -2,  -2) -0.0010   (-10.835, -10.835, -4.334) 15.924 
J_iso: -0.0010 
----------------------------------------------------------------------------------------
   Fe2   Fe2   (  1,  -2,  -2) -0.0002   (-10.835, -10.835, -4.334) 15.924 
J_iso: -0.0002 
----------------------------------------------------------------------------------------
   Fe1   Fe1   (  2,  -1,   2) -0.0004   (10.835,  4.334, 10.835) 15.924 
J_iso: -0.0004 
----------------------------------------------------------------------------------------
   Fe2   Fe2   (  2,  -1,   2) -0.0001   (10.835,  4.334, 10.835) 15.924 
J_iso: -0.0001 
----------------------------------------------------------------------------------------
   Fe1   Fe1   ( -2,  -2,   1) -0.0016   (-4.334, -10.835, -10.835) 15.924 
J_iso: -0.0016 
----------------------------------------------------------------------------------------
   Fe2   Fe2   ( -2,  -2,   1) -0.0004   (-4.334, -10.835, -10.835) 15.924 
J_iso: -0.0004 
----------------------------------------------------------------------------------------
   Fe1   Fe1   (  2,   2,  -1) -0.0016   ( 4.334, 10.835, 10.835) 15.924 
J_iso: -0.0016 
----------------------------------------------------------------------------------------
   Fe2   Fe2   (  2,   2,  -1) -0.0004   ( 4.334, 10.835, 10.835) 15.924 
J_iso: -0.0004 
----------------------------------------------------------------------------------------
   Fe1   Fe2   ( -2,  -2,  -1) -0.0004   (-8.668, -10.835, -10.835) 17.605 
J_iso: -0.0004 
----------------------------------------------------------------------------------------
   Fe1   Fe2   ( -2,  -1,  -2) -0.0008   (-10.835, -8.668, -10.835) 17.605 
J_iso: -0.0008 
----------------------------------------------------------------------------------------
   Fe1   Fe2   ( -1,  -2,  -2) -0.0004   (-10.835, -10.835, -8.668) 17.605 
J_iso: -0.0004 
----------------------------------------------------------------------------------------
   Fe2   Fe1   ( -1,  -1,   0)  0.0023   (-8.668, -10.835, -10.835) 17.605 
J_iso:  0.0023 
----------------------------------------------------------------------------------------
   Fe2   Fe1   ( -1,   0,  -1)  0.0019   (-10.835, -8.668, -10.835) 17.605 
J_iso:  0.0019 
----------------------------------------------------------------------------------------
   Fe2   Fe1   (  0,  -1,  -1)  0.0028   (-10.835, -10.835, -8.668) 17.605 
J_iso:  0.0028 
----------------------------------------------------------------------------------------
   Fe1   Fe2   (  0,   1,   1)  0.0028   (10.835, 10.835,  8.668) 17.605 
J_iso:  0.0028 
----------------------------------------------------------------------------------------
   Fe1   Fe2   (  1,   0,   1)  0.0019   (10.835,  8.668, 10.835) 17.605 
J_iso:  0.0019 
----------------------------------------------------------------------------------------
   Fe1   Fe2   (  1,   1,   0)  0.0023   ( 8.668, 10.835, 10.835) 17.605 
J_iso:  0.0023 
----------------------------------------------------------------------------------------
   Fe2   Fe1   (  1,   2,   2) -0.0004   (10.835, 10.835,  8.668) 17.605 
J_iso: -0.0004 
----------------------------------------------------------------------------------------
   Fe2   Fe1   (  2,   1,   2) -0.0008   (10.835,  8.668, 10.835) 17.605 
J_iso: -0.0008 
----------------------------------------------------------------------------------------
   Fe2   Fe1   (  2,   2,   1) -0.0004   ( 8.668, 10.835, 10.835) 17.605 
J_iso: -0.0004 
----------------------------------------------------------------------------------------
   Fe2   Fe1   ( -2,   0,   0) -0.0062   (-8.668, -8.668, -13.002) 17.869 
J_iso: -0.0062 
----------------------------------------------------------------------------------------
   Fe2   Fe1   (  0,  -2,   0) -0.0065   (-8.668, -13.002, -8.668) 17.869 
J_iso: -0.0065 
----------------------------------------------------------------------------------------
   Fe2   Fe1   (  0,   0,  -2) -0.0063   (-13.002, -8.668, -8.668) 17.869 
J_iso: -0.0063 
----------------------------------------------------------------------------------------
   Fe1   Fe2   (  0,   0,   2) -0.0063   (13.002,  8.668,  8.668) 17.869 
J_iso: -0.0063 
----------------------------------------------------------------------------------------
   Fe1   Fe2   (  0,   2,   0) -0.0065   ( 8.668, 13.002,  8.668) 17.869 
J_iso: -0.0065 
----------------------------------------------------------------------------------------
   Fe1   Fe2   (  2,   0,   0) -0.0062   ( 8.668,  8.668, 13.002) 17.869 
J_iso: -0.0062 
----------------------------------------------------------------------------------------
   Fe2   Fe1   ( -2,  -1,   1)  0.0008   (-6.501, -10.835, -13.002) 18.130 
J_iso:  0.0008 
----------------------------------------------------------------------------------------
   Fe2   Fe1   ( -2,   1,  -1) -0.0010   (-10.835, -6.501, -13.002) 18.130 
J_iso: -0.0010 
----------------------------------------------------------------------------------------
   Fe1   Fe2   (  2,  -1,   1) -0.0010   (10.835,  6.501, 13.002) 18.130 
J_iso: -0.0010 
----------------------------------------------------------------------------------------
   Fe1   Fe2   (  2,   1,  -1)  0.0008   ( 6.501, 10.835, 13.002) 18.130 
J_iso:  0.0008 
----------------------------------------------------------------------------------------
   Fe2   Fe1   ( -1,  -2,   1) -0.0009   (-6.501, -13.002, -10.835) 18.130 
J_iso: -0.0009 
----------------------------------------------------------------------------------------
   Fe2   Fe1   ( -1,   1,  -2) -0.0008   (-13.002, -6.501, -10.835) 18.130 
J_iso: -0.0008 
----------------------------------------------------------------------------------------
   Fe1   Fe2   ( -1,   1,   2) -0.0029   (13.002, 10.835,  6.501) 18.130 
J_iso: -0.0029 
----------------------------------------------------------------------------------------
   Fe1   Fe2   ( -1,   2,   1)  0.0010   (10.835, 13.002,  6.501) 18.130 
J_iso:  0.0010 
----------------------------------------------------------------------------------------
   Fe2   Fe1   (  1,  -2,  -1)  0.0010   (-10.835, -13.002, -6.501) 18.130 
J_iso:  0.0010 
----------------------------------------------------------------------------------------
   Fe2   Fe1   (  1,  -1,  -2) -0.0029   (-13.002, -10.835, -6.501) 18.130 
J_iso: -0.0029 
----------------------------------------------------------------------------------------
   Fe1   Fe2   (  1,  -1,   2) -0.0008   (13.002,  6.501, 10.835) 18.130 
J_iso: -0.0008 
----------------------------------------------------------------------------------------
   Fe1   Fe2   (  1,   2,  -1) -0.0009   ( 6.501, 13.002, 10.835) 18.130 
J_iso: -0.0009 
----------------------------------------------------------------------------------------
   Fe2   Fe1   ( -2,  -2,   2) -0.0015   (-4.334, -13.002, -13.002) 18.891 
J_iso: -0.0015 
----------------------------------------------------------------------------------------
   Fe2   Fe1   ( -2,   2,  -2) -0.0010   (-13.002, -4.334, -13.002) 18.891 
J_iso: -0.0010 
----------------------------------------------------------------------------------------
   Fe1   Fe2   ( -2,   2,   2) -0.0013   (13.002, 13.002,  4.334) 18.891 
J_iso: -0.0013 
----------------------------------------------------------------------------------------
   Fe2   Fe1   (  2,  -2,  -2) -0.0013   (-13.002, -13.002, -4.334) 18.891 
J_iso: -0.0013 
----------------------------------------------------------------------------------------
   Fe1   Fe2   (  2,  -2,   2) -0.0010   (13.002,  4.334, 13.002) 18.891 
J_iso: -0.0010 
----------------------------------------------------------------------------------------
   Fe1   Fe2   (  2,   2,  -2) -0.0015   ( 4.334, 13.002, 13.002) 18.891 
J_iso: -0.0015 
----------------------------------------------------------------------------------------
   Fe1   Fe1   ( -2,  -1,  -1)  0.1722   (-10.835, -10.835, -13.002) 20.096 
J_iso:  0.1722 
----------------------------------------------------------------------------------------
   Fe2   Fe2   ( -2,  -1,  -1)  0.1667   (-10.835, -10.835, -13.002) 20.096 
J_iso:  0.1667 
----------------------------------------------------------------------------------------
   Fe1   Fe1   ( -1,  -2,  -1)  0.1713   (-10.835, -13.002, -10.835) 20.096 
J_iso:  0.1713 
----------------------------------------------------------------------------------------
   Fe2   Fe2   ( -1,  -2,  -1)  0.1710   (-10.835, -13.002, -10.835) 20.096 
J_iso:  0.1710 
----------------------------------------------------------------------------------------
   Fe1   Fe1   (  1,   2,   1)  0.1713   (10.835, 13.002, 10.835) 20.096 
J_iso:  0.1713 
----------------------------------------------------------------------------------------
   Fe1   Fe1   (  2,   1,   1)  0.1722   (10.835, 10.835, 13.002) 20.096 
J_iso:  0.1722 
----------------------------------------------------------------------------------------
   Fe2   Fe2   (  2,   1,   1)  0.1667   (10.835, 10.835, 13.002) 20.096 
J_iso:  0.1667 
----------------------------------------------------------------------------------------
   Fe1   Fe1   ( -1,  -1,  -2)  0.1713   (-13.002, -10.835, -10.835) 20.096 
J_iso:  0.1713 
----------------------------------------------------------------------------------------
   Fe2   Fe2   ( -1,  -1,  -2)  0.1718   (-13.002, -10.835, -10.835) 20.096 
J_iso:  0.1718 
----------------------------------------------------------------------------------------
   Fe1   Fe1   (  1,   1,   2)  0.1713   (13.002, 10.835, 10.835) 20.096 
J_iso:  0.1713 
----------------------------------------------------------------------------------------
   Fe2   Fe2   (  1,   1,   2)  0.1718   (13.002, 10.835, 10.835) 20.096 
J_iso:  0.1718 
----------------------------------------------------------------------------------------
   Fe2   Fe2   (  1,   2,   1)  0.1710   (10.835, 13.002, 10.835) 20.096 
J_iso:  0.1710 
----------------------------------------------------------------------------------------
   Fe1   Fe1   ( -2,  -2,   0) -0.0044   (-8.668, -13.002, -13.002) 20.328 
J_iso: -0.0044 
----------------------------------------------------------------------------------------
   Fe2   Fe2   ( -2,  -2,   0) -0.0085   (-8.668, -13.002, -13.002) 20.328 
J_iso: -0.0085 
----------------------------------------------------------------------------------------
   Fe1   Fe1   ( -2,   0,  -2) -0.0039   (-13.002, -8.668, -13.002) 20.328 
J_iso: -0.0039 
----------------------------------------------------------------------------------------
   Fe2   Fe2   ( -2,   0,  -2) -0.0083   (-13.002, -8.668, -13.002) 20.328 
J_iso: -0.0083 
----------------------------------------------------------------------------------------
   Fe1   Fe1   (  0,  -2,  -2) -0.0047   (-13.002, -13.002, -8.668) 20.328 
J_iso: -0.0047 
----------------------------------------------------------------------------------------
   Fe2   Fe2   (  0,  -2,  -2) -0.0084   (-13.002, -13.002, -8.668) 20.328 
J_iso: -0.0084 
----------------------------------------------------------------------------------------
   Fe1   Fe1   (  0,   2,   2) -0.0047   (13.002, 13.002,  8.668) 20.328 
J_iso: -0.0047 
----------------------------------------------------------------------------------------
   Fe2   Fe2   (  0,   2,   2) -0.0084   (13.002, 13.002,  8.668) 20.328 
J_iso: -0.0084 
----------------------------------------------------------------------------------------
   Fe1   Fe1   (  2,   0,   2) -0.0039   (13.002,  8.668, 13.002) 20.328 
J_iso: -0.0039 
----------------------------------------------------------------------------------------
   Fe2   Fe2   (  2,   0,   2) -0.0083   (13.002,  8.668, 13.002) 20.328 
J_iso: -0.0083 
----------------------------------------------------------------------------------------
   Fe1   Fe1   (  2,   2,   0) -0.0044   ( 8.668, 13.002, 13.002) 20.328 
J_iso: -0.0044 
----------------------------------------------------------------------------------------
   Fe2   Fe2   (  2,   2,   0) -0.0085   ( 8.668, 13.002, 13.002) 20.328 
J_iso: -0.0085 
----------------------------------------------------------------------------------------
   Fe1   Fe2   ( -2,  -2,  -2) -0.0092   (-13.002, -13.002, -13.002) 22.520 
J_iso: -0.0092 
----------------------------------------------------------------------------------------
   Fe2   Fe1   ( -1,  -1,  -1) -0.0072   (-13.002, -13.002, -13.002) 22.520 
J_iso: -0.0072 
----------------------------------------------------------------------------------------
   Fe1   Fe2   (  1,   1,   1) -0.0072   (13.002, 13.002, 13.002) 22.520 
J_iso: -0.0072 
----------------------------------------------------------------------------------------
   Fe2   Fe1   (  2,   2,   2) -0.0092   (13.002, 13.002, 13.002) 22.520 
J_iso: -0.0092 
----------------------------------------------------------------------------------------
   Fe2   Fe1   (  0,  -2,  -1) -0.0573   (-13.002, -15.169, -10.835) 22.727 
J_iso: -0.0573 
----------------------------------------------------------------------------------------
   Fe2   Fe1   (  0,  -1,  -2) -0.0606   (-15.169, -13.002, -10.835) 22.727 
J_iso: -0.0606 
----------------------------------------------------------------------------------------
   Fe1   Fe2   (  0,   1,   2) -0.0606   (15.169, 13.002, 10.835) 22.727 
J_iso: -0.0606 
----------------------------------------------------------------------------------------
   Fe1   Fe2   (  0,   2,   1) -0.0573   (13.002, 15.169, 10.835) 22.727 
J_iso: -0.0573 
----------------------------------------------------------------------------------------
   Fe2   Fe1   ( -2,  -1,   0) -0.0581   (-10.835, -13.002, -15.169) 22.727 
J_iso: -0.0581 
----------------------------------------------------------------------------------------
   Fe2   Fe1   ( -2,   0,  -1) -0.0572   (-13.002, -10.835, -15.169) 22.727 
J_iso: -0.0572 
----------------------------------------------------------------------------------------
   Fe2   Fe1   ( -1,  -2,   0) -0.0561   (-10.835, -15.169, -13.002) 22.727 
J_iso: -0.0561 
----------------------------------------------------------------------------------------
   Fe2   Fe1   ( -1,   0,  -2) -0.0560   (-15.169, -10.835, -13.002) 22.727 
J_iso: -0.0560 
----------------------------------------------------------------------------------------
   Fe1   Fe2   (  1,   0,   2) -0.0560   (15.169, 10.835, 13.002) 22.727 
J_iso: -0.0560 
----------------------------------------------------------------------------------------
   Fe1   Fe2   (  1,   2,   0) -0.0561   (10.835, 15.169, 13.002) 22.727 
J_iso: -0.0561 
----------------------------------------------------------------------------------------
   Fe1   Fe2   (  2,   0,   1) -0.0572   (13.002, 10.835, 15.169) 22.727 
J_iso: -0.0572 
----------------------------------------------------------------------------------------
   Fe1   Fe2   (  2,   1,   0) -0.0581   (10.835, 13.002, 15.169) 22.727 
J_iso: -0.0581 
----------------------------------------------------------------------------------------
   Fe2   Fe1   ( -2,   1,  -2) -0.0101   (-15.169, -8.668, -15.169) 23.137 
J_iso: -0.0101 
----------------------------------------------------------------------------------------
   Fe1   Fe2   ( -1,   2,   2) -0.0099   (15.169, 15.169,  8.668) 23.137 
J_iso: -0.0099 
----------------------------------------------------------------------------------------
   Fe2   Fe1   (  1,  -2,  -2) -0.0099   (-15.169, -15.169, -8.668) 23.137 
J_iso: -0.0099 
----------------------------------------------------------------------------------------
   Fe1   Fe2   (  2,  -1,   2) -0.0101   (15.169,  8.668, 15.169) 23.137 
J_iso: -0.0101 
----------------------------------------------------------------------------------------
   Fe2   Fe1   ( -2,  -2,   1) -0.0102   (-8.668, -15.169, -15.169) 23.137 
J_iso: -0.0102 
----------------------------------------------------------------------------------------
   Fe1   Fe2   (  2,   2,  -1) -0.0102   ( 8.668, 15.169, 15.169) 23.137 
J_iso: -0.0102 
----------------------------------------------------------------------------------------
   Fe1   Fe1   ( -2,  -2,  -1) -0.0123   (-13.002, -15.169, -15.169) 25.085 
J_iso: -0.0123 
----------------------------------------------------------------------------------------
   Fe2   Fe2   ( -2,  -2,  -1) -0.0143   (-13.002, -15.169, -15.169) 25.085 
J_iso: -0.0143 
----------------------------------------------------------------------------------------
   Fe1   Fe1   ( -2,  -1,  -2) -0.0131   (-15.169, -13.002, -15.169) 25.085 
J_iso: -0.0131 
----------------------------------------------------------------------------------------
   Fe2   Fe2   ( -2,  -1,  -2) -0.0150   (-15.169, -13.002, -15.169) 25.085 
J_iso: -0.0150 
----------------------------------------------------------------------------------------
   Fe1   Fe1   ( -1,  -2,  -2) -0.0116   (-15.169, -15.169, -13.002) 25.085 
J_iso: -0.0116 
----------------------------------------------------------------------------------------
   Fe2   Fe2   ( -1,  -2,  -2) -0.0139   (-15.169, -15.169, -13.002) 25.085 
J_iso: -0.0139 
----------------------------------------------------------------------------------------
   Fe1   Fe1   (  1,   2,   2) -0.0116   (15.169, 15.169, 13.002) 25.085 
J_iso: -0.0116 
----------------------------------------------------------------------------------------
   Fe2   Fe2   (  1,   2,   2) -0.0139   (15.169, 15.169, 13.002) 25.085 
J_iso: -0.0139 
----------------------------------------------------------------------------------------
   Fe1   Fe1   (  2,   1,   2) -0.0131   (15.169, 13.002, 15.169) 25.085 
J_iso: -0.0131 
----------------------------------------------------------------------------------------
   Fe2   Fe2   (  2,   1,   2) -0.0150   (15.169, 13.002, 15.169) 25.085 
J_iso: -0.0150 
----------------------------------------------------------------------------------------
   Fe1   Fe1   (  2,   2,   1) -0.0123   (13.002, 15.169, 15.169) 25.085 
J_iso: -0.0123 
----------------------------------------------------------------------------------------
   Fe2   Fe2   (  2,   2,   1) -0.0143   (13.002, 15.169, 15.169) 25.085 
J_iso: -0.0143 
----------------------------------------------------------------------------------------
   Fe2   Fe1   ( -2,  -1,  -1) -0.0060   (-15.169, -15.169, -17.336) 27.581 
J_iso: -0.0060 
----------------------------------------------------------------------------------------
   Fe2   Fe1   ( -1,  -2,  -1) -0.0056   (-15.169, -17.336, -15.169) 27.581 
J_iso: -0.0056 
----------------------------------------------------------------------------------------
   Fe2   Fe1   ( -1,  -1,  -2) -0.0054   (-17.336, -15.169, -15.169) 27.581 
J_iso: -0.0054 
----------------------------------------------------------------------------------------
   Fe1   Fe2   (  1,   1,   2) -0.0054   (17.336, 15.169, 15.169) 27.581 
J_iso: -0.0054 
----------------------------------------------------------------------------------------
   Fe1   Fe2   (  1,   2,   1) -0.0056   (15.169, 17.336, 15.169) 27.581 
J_iso: -0.0056 
----------------------------------------------------------------------------------------
   Fe1   Fe2   (  2,   1,   1) -0.0060   (15.169, 15.169, 17.336) 27.581 
J_iso: -0.0060 
----------------------------------------------------------------------------------------
   Fe2   Fe1   ( -2,  -2,   0) -0.0088   (-13.002, -17.336, -17.336) 27.751 
J_iso: -0.0088 
----------------------------------------------------------------------------------------
   Fe2   Fe1   ( -2,   0,  -2) -0.0091   (-17.336, -13.002, -17.336) 27.751 
J_iso: -0.0091 
----------------------------------------------------------------------------------------
   Fe2   Fe1   (  0,  -2,  -2) -0.0098   (-17.336, -17.336, -13.002) 27.751 
J_iso: -0.0098 
----------------------------------------------------------------------------------------
   Fe1   Fe2   (  0,   2,   2) -0.0098   (17.336, 17.336, 13.002) 27.751 
J_iso: -0.0098 
----------------------------------------------------------------------------------------
   Fe1   Fe2   (  2,   0,   2) -0.0091   (17.336, 13.002, 17.336) 27.751 
J_iso: -0.0091 
----------------------------------------------------------------------------------------
   Fe1   Fe2   (  2,   2,   0) -0.0088   (13.002, 17.336, 17.336) 27.751 
J_iso: -0.0088 
----------------------------------------------------------------------------------------
   Fe1   Fe1   ( -2,  -2,  -2) -0.0015   (-17.336, -17.336, -17.336) 30.027 
J_iso: -0.0015 
----------------------------------------------------------------------------------------
   Fe2   Fe2   ( -2,  -2,  -2) -0.0024   (-17.336, -17.336, -17.336) 30.027 
J_iso: -0.0024 
----------------------------------------------------------------------------------------
   Fe1   Fe1   (  2,   2,   2) -0.0015   (17.336, 17.336, 17.336) 30.027 
J_iso: -0.0015 
----------------------------------------------------------------------------------------
   Fe2   Fe2   (  2,   2,   2) -0.0024   (17.336, 17.336, 17.336) 30.027 
J_iso: -0.0024 
----------------------------------------------------------------------------------------
   Fe2   Fe1   ( -2,  -2,  -1) -0.0001   (-17.336, -19.503, -19.503) 32.577 
J_iso: -0.0001 
----------------------------------------------------------------------------------------
   Fe2   Fe1   ( -2,  -1,  -2) -0.0006   (-19.503, -17.336, -19.503) 32.577 
J_iso: -0.0006 
----------------------------------------------------------------------------------------
   Fe2   Fe1   ( -1,  -2,  -2) -0.0009   (-19.503, -19.503, -17.336) 32.577 
J_iso: -0.0009 
----------------------------------------------------------------------------------------
   Fe1   Fe2   (  1,   2,   2) -0.0009   (19.503, 19.503, 17.336) 32.577 
J_iso: -0.0009 
----------------------------------------------------------------------------------------
   Fe1   Fe2   (  2,   1,   2) -0.0006   (19.503, 17.336, 19.503) 32.577 
J_iso: -0.0006 
----------------------------------------------------------------------------------------
   Fe1   Fe2   (  2,   2,   1) -0.0001   (17.336, 19.503, 19.503) 32.577 
J_iso: -0.0001 
----------------------------------------------------------------------------------------
   Fe2   Fe1   ( -2,  -2,  -2) -0.0003   (-21.670, -21.670, -21.670) 37.533 
J_iso: -0.0003 
----------------------------------------------------------------------------------------
   Fe1   Fe2   (  2,   2,   2) -0.0003   (21.670, 21.670, 21.670) 37.533 
J_iso: -0.0003 
