==========================================================================================
Information: 
Exchange parameters generated by TB2J 0.8.2.3
Generation time: 24/03/14 20:23:01
 Input from collinear Wannier90 data.
 Tight binding data from ./. 
 Prefix of wannier function files:up/cri3_up and dn/cri3_dn.
Warning: Please check if the noise level of Wannier function Hamiltonian to make sure it is much smaller than the exchange values.

==========================================================================================
Cell (Angstrom):
6.81714342  0.00000000  0.00000000
-3.40857171  5.90381938  0.00000000
0.00000000  0.00000000  20.07837375

==========================================================================================
Atoms:  
(Note: charge and magmoms only count the wannier functions.)
Atom number        x             y             z       w_charge  w_magmom 
Cr1            -0.00000000    3.93587959    0.00000000    5.2674    3.1983
Cr2             3.40857171    1.96793979    0.00000000    5.2706    3.1977
I1             -1.20700161    2.09058812    1.54465550    5.2766   -0.0655
I2             -2.20157010    3.81323127   -1.54465490    5.1258   -0.0693
I3              1.20700161    2.09058812   -1.54465490    5.1193   -0.0697
I4              2.20157010    3.81323127    1.54465550    5.2792   -0.0649
I5              2.41400322    0.00000000    1.54465550    5.2068   -0.0774
I6              4.40314020    0.00000000   -1.54465490    5.4219   -0.0525
Total                                                    41.9675    5.9968

==========================================================================================
Orbitals used in decomposition: 
The name of the orbitals for the decomposition: 
Cr1 : ['orb_1', 'orb_2', 'orb_3', 'orb_4', 'orb_5', 'orb_6']
Cr2 : ['orb_1', 'orb_2', 'orb_3', 'orb_4', 'orb_5', 'orb_6']

==========================================================================================
Exchange: 
    i      j          R        J_iso(meV)          vector          distance(A) 
----------------------------------------------------------------------------------------
   Cr1   Cr2   (  0,   1,   0)  1.2055   ( 0.000,  3.936,  0.000)  3.936 
J_iso:  1.2055 
----------------------------------------------------------------------------------------
   Cr2   Cr1   (  0,  -1,   0)  1.2055   (-0.000, -3.936,  0.000)  3.936 
J_iso:  1.2055 
----------------------------------------------------------------------------------------
   Cr1   Cr2   ( -1,   0,   0)  1.3509   (-3.409, -1.968,  0.000)  3.936 
J_iso:  1.3509 
----------------------------------------------------------------------------------------
   Cr2   Cr1   (  1,   0,   0)  1.3509   ( 3.409,  1.968,  0.000)  3.936 
J_iso:  1.3509 
----------------------------------------------------------------------------------------
   Cr1   Cr2   (  0,   0,   0)  1.3792   ( 3.409, -1.968,  0.000)  3.936 
J_iso:  1.3792 
----------------------------------------------------------------------------------------
   Cr2   Cr1   (  0,   0,   0)  1.3792   (-3.409,  1.968,  0.000)  3.936 
J_iso:  1.3792 
----------------------------------------------------------------------------------------
   Cr1   Cr1   (  0,  -1,   0)  0.8991   ( 3.409, -5.904,  0.000)  6.817 
J_iso:  0.8991 
----------------------------------------------------------------------------------------
   Cr1   Cr1   (  0,   1,   0)  0.8991   (-3.409,  5.904,  0.000)  6.817 
J_iso:  0.8991 
----------------------------------------------------------------------------------------
   Cr2   Cr2   (  0,   1,   0)  0.8816   (-3.409,  5.904,  0.000)  6.817 
J_iso:  0.8816 
----------------------------------------------------------------------------------------
   Cr2   Cr2   (  0,  -1,   0)  0.8816   ( 3.409, -5.904,  0.000)  6.817 
J_iso:  0.8816 
----------------------------------------------------------------------------------------
   Cr2   Cr2   (  1,   0,   0)  0.9004   ( 6.817,  0.000,  0.000)  6.817 
J_iso:  0.9004 
----------------------------------------------------------------------------------------
   Cr1   Cr1   ( -1,   0,   0)  0.8972   (-6.817,  0.000,  0.000)  6.817 
J_iso:  0.8972 
----------------------------------------------------------------------------------------
   Cr2   Cr2   ( -1,   0,   0)  0.9004   (-6.817,  0.000,  0.000)  6.817 
J_iso:  0.9004 
----------------------------------------------------------------------------------------
   Cr1   Cr1   (  1,   0,   0)  0.8972   ( 6.817,  0.000,  0.000)  6.817 
J_iso:  0.8972 
----------------------------------------------------------------------------------------
   Cr1   Cr1   ( -1,  -1,   0)  0.8830   (-3.409, -5.904,  0.000)  6.817 
J_iso:  0.8830 
----------------------------------------------------------------------------------------
   Cr2   Cr2   ( -1,  -1,   0)  0.8972   (-3.409, -5.904,  0.000)  6.817 
J_iso:  0.8972 
----------------------------------------------------------------------------------------
   Cr1   Cr1   (  1,   1,   0)  0.8830   ( 3.409,  5.904,  0.000)  6.817 
J_iso:  0.8830 
----------------------------------------------------------------------------------------
   Cr2   Cr2   (  1,   1,   0)  0.8972   ( 3.409,  5.904,  0.000)  6.817 
J_iso:  0.8972 
----------------------------------------------------------------------------------------
   Cr1   Cr2   ( -1,   1,   0) -0.1819   (-6.817,  3.936,  0.000)  7.872 
J_iso: -0.1819 
----------------------------------------------------------------------------------------
   Cr2   Cr1   (  1,  -1,   0) -0.1819   ( 6.817, -3.936,  0.000)  7.872 
J_iso: -0.1819 
----------------------------------------------------------------------------------------
   Cr1   Cr2   ( -1,  -1,   0) -0.1807   ( 0.000, -7.872,  0.000)  7.872 
J_iso: -0.1807 
----------------------------------------------------------------------------------------
   Cr2   Cr1   (  1,   1,   0) -0.1807   (-0.000,  7.872,  0.000)  7.872 
J_iso: -0.1807 
----------------------------------------------------------------------------------------
   Cr2   Cr1   ( -1,  -1,   0) -0.1825   (-6.817, -3.936,  0.000)  7.872 
J_iso: -0.1825 
----------------------------------------------------------------------------------------
   Cr1   Cr2   (  1,   1,   0) -0.1825   ( 6.817,  3.936,  0.000)  7.872 
J_iso: -0.1825 
----------------------------------------------------------------------------------------
   Cr2   Cr1   (  0,  -2,   0) -0.0002   ( 3.409, -9.840,  0.000) 10.413 
J_iso: -0.0002 
----------------------------------------------------------------------------------------
   Cr1   Cr2   (  0,   2,   0) -0.0002   (-3.409,  9.840,  0.000) 10.413 
J_iso: -0.0002 
----------------------------------------------------------------------------------------
   Cr1   Cr2   ( -2,   0,   0)  0.0033   (-10.226, -1.968,  0.000) 10.413 
J_iso:  0.0033 
----------------------------------------------------------------------------------------
   Cr2   Cr1   (  2,   0,   0)  0.0033   (10.226,  1.968,  0.000) 10.413 
J_iso:  0.0033 
----------------------------------------------------------------------------------------
   Cr2   Cr1   ( -1,  -2,   0)  0.0000   (-3.409, -9.840,  0.000) 10.413 
J_iso:  0.0000 
----------------------------------------------------------------------------------------
   Cr1   Cr2   (  1,   2,   0)  0.0000   ( 3.409,  9.840,  0.000) 10.413 
J_iso:  0.0000 
----------------------------------------------------------------------------------------
   Cr1   Cr2   ( -2,  -1,   0) -0.0022   (-6.817, -7.872,  0.000) 10.413 
J_iso: -0.0022 
----------------------------------------------------------------------------------------
   Cr2   Cr1   (  2,   1,   0) -0.0022   ( 6.817,  7.872,  0.000) 10.413 
J_iso: -0.0022 
----------------------------------------------------------------------------------------
   Cr1   Cr2   (  0,  -1,   0) -0.0019   ( 6.817, -7.872,  0.000) 10.413 
J_iso: -0.0019 
----------------------------------------------------------------------------------------
   Cr2   Cr1   (  0,   1,   0) -0.0019   (-6.817,  7.872,  0.000) 10.413 
J_iso: -0.0019 
----------------------------------------------------------------------------------------
   Cr2   Cr1   ( -1,   0,   0)  0.0033   (-10.226,  1.968,  0.000) 10.413 
J_iso:  0.0033 
----------------------------------------------------------------------------------------
   Cr1   Cr2   (  1,   0,   0)  0.0033   (10.226, -1.968,  0.000) 10.413 
J_iso:  0.0033 
----------------------------------------------------------------------------------------
   Cr1   Cr1   ( -1,   1,   0) -0.0297   (-10.226,  5.904,  0.000) 11.808 
J_iso: -0.0297 
----------------------------------------------------------------------------------------
   Cr2   Cr2   ( -1,   1,   0) -0.0299   (-10.226,  5.904,  0.000) 11.808 
J_iso: -0.0299 
----------------------------------------------------------------------------------------
   Cr2   Cr2   (  1,  -1,   0) -0.0299   (10.226, -5.904,  0.000) 11.808 
J_iso: -0.0299 
----------------------------------------------------------------------------------------
   Cr1   Cr1   (  1,  -1,   0) -0.0297   (10.226, -5.904,  0.000) 11.808 
J_iso: -0.0297 
----------------------------------------------------------------------------------------
   Cr1   Cr1   ( -1,  -2,   0) -0.0322   (-0.000, -11.808,  0.000) 11.808 
J_iso: -0.0322 
----------------------------------------------------------------------------------------
   Cr2   Cr2   ( -1,  -2,   0) -0.0321   (-0.000, -11.808,  0.000) 11.808 
J_iso: -0.0321 
----------------------------------------------------------------------------------------
   Cr1   Cr1   (  1,   2,   0) -0.0322   ( 0.000, 11.808,  0.000) 11.808 
J_iso: -0.0322 
----------------------------------------------------------------------------------------
   Cr2   Cr2   (  1,   2,   0) -0.0321   ( 0.000, 11.808,  0.000) 11.808 
J_iso: -0.0321 
----------------------------------------------------------------------------------------
   Cr1   Cr1   ( -2,  -1,   0) -0.0300   (-10.226, -5.904,  0.000) 11.808 
J_iso: -0.0300 
----------------------------------------------------------------------------------------
   Cr2   Cr2   ( -2,  -1,   0) -0.0297   (-10.226, -5.904,  0.000) 11.808 
J_iso: -0.0297 
----------------------------------------------------------------------------------------
   Cr1   Cr1   (  2,   1,   0) -0.0300   (10.226,  5.904,  0.000) 11.808 
J_iso: -0.0300 
----------------------------------------------------------------------------------------
   Cr2   Cr2   (  2,   1,   0) -0.0297   (10.226,  5.904,  0.000) 11.808 
J_iso: -0.0297 
----------------------------------------------------------------------------------------
   Cr1   Cr1   (  0,  -2,   0) -0.0080   ( 6.817, -11.808,  0.000) 13.634 
J_iso: -0.0080 
----------------------------------------------------------------------------------------
   Cr2   Cr2   (  0,  -2,   0) -0.0086   ( 6.817, -11.808,  0.000) 13.634 
J_iso: -0.0086 
----------------------------------------------------------------------------------------
   Cr1   Cr1   (  0,   2,   0) -0.0080   (-6.817, 11.808,  0.000) 13.634 
J_iso: -0.0080 
----------------------------------------------------------------------------------------
   Cr2   Cr2   (  0,   2,   0) -0.0086   (-6.817, 11.808,  0.000) 13.634 
J_iso: -0.0086 
----------------------------------------------------------------------------------------
   Cr1   Cr1   ( -2,   0,   0) -0.0086   (-13.634,  0.000,  0.000) 13.634 
J_iso: -0.0086 
----------------------------------------------------------------------------------------
   Cr2   Cr2   ( -2,   0,   0) -0.0086   (-13.634,  0.000,  0.000) 13.634 
J_iso: -0.0086 
----------------------------------------------------------------------------------------
   Cr2   Cr2   (  2,   0,   0) -0.0086   (13.634,  0.000,  0.000) 13.634 
J_iso: -0.0086 
----------------------------------------------------------------------------------------
   Cr1   Cr1   (  2,   0,   0) -0.0086   (13.634,  0.000,  0.000) 13.634 
J_iso: -0.0086 
----------------------------------------------------------------------------------------
   Cr2   Cr2   (  2,   2,   0) -0.0080   ( 6.817, 11.808,  0.000) 13.634 
J_iso: -0.0080 
----------------------------------------------------------------------------------------
   Cr1   Cr1   ( -2,  -2,   0) -0.0086   (-6.817, -11.808,  0.000) 13.634 
J_iso: -0.0086 
----------------------------------------------------------------------------------------
   Cr2   Cr2   ( -2,  -2,   0) -0.0080   (-6.817, -11.808,  0.000) 13.634 
J_iso: -0.0080 
----------------------------------------------------------------------------------------
   Cr1   Cr1   (  2,   2,   0) -0.0086   ( 6.817, 11.808,  0.000) 13.634 
J_iso: -0.0086 
----------------------------------------------------------------------------------------
   Cr1   Cr2   ( -1,   2,   0)  0.0001   (-10.226,  9.840,  0.000) 14.191 
J_iso:  0.0001 
----------------------------------------------------------------------------------------
   Cr2   Cr1   (  1,  -2,   0)  0.0001   (10.226, -9.840,  0.000) 14.191 
J_iso:  0.0001 
----------------------------------------------------------------------------------------
   Cr2   Cr1   (  2,  -1,   0)  0.0001   (13.634, -3.936,  0.000) 14.191 
J_iso:  0.0001 
----------------------------------------------------------------------------------------
   Cr1   Cr2   ( -2,   1,   0)  0.0001   (-13.634,  3.936,  0.000) 14.191 
J_iso:  0.0001 
----------------------------------------------------------------------------------------
   Cr1   Cr2   ( -1,  -2,   0)  0.0002   ( 3.409, -13.776,  0.000) 14.191 
J_iso:  0.0002 
----------------------------------------------------------------------------------------
   Cr2   Cr1   (  1,   2,   0)  0.0002   (-3.409, 13.776,  0.000) 14.191 
J_iso:  0.0002 
----------------------------------------------------------------------------------------
   Cr1   Cr2   ( -2,  -2,   0)  0.0002   (-3.409, -13.776,  0.000) 14.191 
J_iso:  0.0002 
----------------------------------------------------------------------------------------
   Cr2   Cr1   (  2,   2,   0)  0.0002   ( 3.409, 13.776,  0.000) 14.191 
J_iso:  0.0002 
----------------------------------------------------------------------------------------
   Cr2   Cr1   ( -2,  -2,   0)  0.0001   (-10.226, -9.840,  0.000) 14.191 
J_iso:  0.0001 
----------------------------------------------------------------------------------------
   Cr1   Cr2   (  2,   2,   0)  0.0001   (10.226,  9.840,  0.000) 14.191 
J_iso:  0.0001 
----------------------------------------------------------------------------------------
   Cr2   Cr1   ( -2,  -1,   0)  0.0001   (-13.634, -3.936,  0.000) 14.191 
J_iso:  0.0001 
----------------------------------------------------------------------------------------
   Cr1   Cr2   (  2,   1,   0)  0.0001   (13.634,  3.936,  0.000) 14.191 
J_iso:  0.0001 
----------------------------------------------------------------------------------------
   Cr2   Cr1   ( -1,  -3,   0) -0.0069   (-0.000, -15.744,  0.000) 15.744 
J_iso: -0.0069 
----------------------------------------------------------------------------------------
   Cr1   Cr2   (  1,   3,   0) -0.0069   ( 0.000, 15.744,  0.000) 15.744 
J_iso: -0.0069 
----------------------------------------------------------------------------------------
   Cr2   Cr1   (  3,   1,   0) -0.0065   (13.634,  7.872,  0.000) 15.744 
J_iso: -0.0065 
----------------------------------------------------------------------------------------
   Cr1   Cr2   ( -3,  -1,   0) -0.0065   (-13.634, -7.872,  0.000) 15.744 
J_iso: -0.0065 
----------------------------------------------------------------------------------------
   Cr2   Cr1   ( -1,   1,   0) -0.0065   (-13.634,  7.872,  0.000) 15.744 
J_iso: -0.0065 
----------------------------------------------------------------------------------------
   Cr1   Cr2   (  1,  -1,   0) -0.0065   (13.634, -7.872,  0.000) 15.744 
J_iso: -0.0065 
----------------------------------------------------------------------------------------
   Cr2   Cr1   (  0,  -3,   0) -0.0008   ( 6.817, -15.744,  0.000) 17.156 
J_iso: -0.0008 
----------------------------------------------------------------------------------------
   Cr1   Cr2   (  0,   3,   0) -0.0008   (-6.817, 15.744,  0.000) 17.156 
J_iso: -0.0008 
----------------------------------------------------------------------------------------
   Cr1   Cr2   ( -3,   0,   0) -0.0008   (-17.043, -1.968,  0.000) 17.156 
J_iso: -0.0008 
----------------------------------------------------------------------------------------
   Cr2   Cr1   (  3,   0,   0) -0.0008   (17.043,  1.968,  0.000) 17.156 
J_iso: -0.0008 
----------------------------------------------------------------------------------------
   Cr1   Cr2   (  0,  -2,   0) -0.0008   (10.226, -13.776,  0.000) 17.156 
J_iso: -0.0008 
----------------------------------------------------------------------------------------
   Cr2   Cr1   (  0,   2,   0) -0.0008   (-10.226, 13.776,  0.000) 17.156 
J_iso: -0.0008 
----------------------------------------------------------------------------------------
   Cr2   Cr1   ( -2,  -3,   0) -0.0008   (-6.817, -15.744,  0.000) 17.156 
J_iso: -0.0008 
----------------------------------------------------------------------------------------
   Cr1   Cr2   (  2,   3,   0) -0.0008   ( 6.817, 15.744,  0.000) 17.156 
J_iso: -0.0008 
----------------------------------------------------------------------------------------
   Cr1   Cr2   ( -3,  -2,   0) -0.0008   (-10.226, -13.776,  0.000) 17.156 
J_iso: -0.0008 
----------------------------------------------------------------------------------------
   Cr2   Cr1   (  3,   2,   0) -0.0008   (10.226, 13.776,  0.000) 17.156 
J_iso: -0.0008 
----------------------------------------------------------------------------------------
   Cr2   Cr1   ( -2,   0,   0) -0.0008   (-17.043,  1.968,  0.000) 17.156 
J_iso: -0.0008 
----------------------------------------------------------------------------------------
   Cr1   Cr2   (  2,   0,   0) -0.0008   (17.043, -1.968,  0.000) 17.156 
J_iso: -0.0008 
----------------------------------------------------------------------------------------
   Cr1   Cr1   ( -1,   2,   0)  0.0001   (-13.634, 11.808,  0.000) 18.036 
J_iso:  0.0001 
----------------------------------------------------------------------------------------
   Cr2   Cr2   ( -1,   2,   0)  0.0001   (-13.634, 11.808,  0.000) 18.036 
J_iso:  0.0001 
----------------------------------------------------------------------------------------
   Cr1   Cr1   (  1,  -2,   0)  0.0001   (13.634, -11.808,  0.000) 18.036 
J_iso:  0.0001 
----------------------------------------------------------------------------------------
   Cr2   Cr2   (  1,  -2,   0)  0.0001   (13.634, -11.808,  0.000) 18.036 
J_iso:  0.0001 
----------------------------------------------------------------------------------------
   Cr1   Cr1   ( -1,  -3,   0)  0.0001   ( 3.409, -17.711,  0.000) 18.036 
J_iso:  0.0001 
----------------------------------------------------------------------------------------
   Cr2   Cr2   ( -1,  -3,   0)  0.0001   ( 3.409, -17.711,  0.000) 18.036 
J_iso:  0.0001 
----------------------------------------------------------------------------------------
   Cr1   Cr1   (  1,   3,   0)  0.0001   (-3.409, 17.711,  0.000) 18.036 
J_iso:  0.0001 
----------------------------------------------------------------------------------------
   Cr2   Cr2   (  1,   3,   0)  0.0001   (-3.409, 17.711,  0.000) 18.036 
J_iso:  0.0001 
----------------------------------------------------------------------------------------
   Cr1   Cr1   ( -2,   1,   0)  0.0001   (-17.043,  5.904,  0.000) 18.036 
J_iso:  0.0001 
----------------------------------------------------------------------------------------
   Cr2   Cr2   ( -2,   1,   0)  0.0001   (-17.043,  5.904,  0.000) 18.036 
J_iso:  0.0001 
----------------------------------------------------------------------------------------
   Cr1   Cr1   (  2,  -1,   0)  0.0001   (17.043, -5.904,  0.000) 18.036 
J_iso:  0.0001 
----------------------------------------------------------------------------------------
   Cr2   Cr2   (  2,  -1,   0)  0.0001   (17.043, -5.904,  0.000) 18.036 
J_iso:  0.0001 
----------------------------------------------------------------------------------------
   Cr1   Cr1   ( -2,  -3,   0)  0.0001   (-3.409, -17.711,  0.000) 18.036 
J_iso:  0.0001 
----------------------------------------------------------------------------------------
   Cr2   Cr2   ( -2,  -3,   0)  0.0001   (-3.409, -17.711,  0.000) 18.036 
J_iso:  0.0001 
----------------------------------------------------------------------------------------
   Cr1   Cr1   (  2,   3,   0)  0.0001   ( 3.409, 17.711,  0.000) 18.036 
J_iso:  0.0001 
----------------------------------------------------------------------------------------
   Cr2   Cr2   (  2,   3,   0)  0.0001   ( 3.409, 17.711,  0.000) 18.036 
J_iso:  0.0001 
----------------------------------------------------------------------------------------
   Cr1   Cr1   ( -3,  -1,   0)  0.0001   (-17.043, -5.904,  0.000) 18.036 
J_iso:  0.0001 
----------------------------------------------------------------------------------------
   Cr2   Cr2   ( -3,  -1,   0)  0.0001   (-17.043, -5.904,  0.000) 18.036 
J_iso:  0.0001 
----------------------------------------------------------------------------------------
   Cr1   Cr1   (  3,   1,   0)  0.0001   (17.043,  5.904,  0.000) 18.036 
J_iso:  0.0001 
----------------------------------------------------------------------------------------
   Cr2   Cr2   (  3,   1,   0)  0.0001   (17.043,  5.904,  0.000) 18.036 
J_iso:  0.0001 
----------------------------------------------------------------------------------------
   Cr1   Cr1   ( -3,  -2,   0)  0.0001   (-13.634, -11.808,  0.000) 18.036 
J_iso:  0.0001 
----------------------------------------------------------------------------------------
   Cr2   Cr2   ( -3,  -2,   0)  0.0001   (-13.634, -11.808,  0.000) 18.036 
J_iso:  0.0001 
----------------------------------------------------------------------------------------
   Cr1   Cr1   (  3,   2,   0)  0.0001   (13.634, 11.808,  0.000) 18.036 
J_iso:  0.0001 
----------------------------------------------------------------------------------------
   Cr2   Cr2   (  3,   2,   0)  0.0001   (13.634, 11.808,  0.000) 18.036 
J_iso:  0.0001 
----------------------------------------------------------------------------------------
   Cr1   Cr2   ( -2,   2,   0)  0.0001   (-17.043,  9.840,  0.000) 19.679 
J_iso:  0.0001 
----------------------------------------------------------------------------------------
   Cr2   Cr1   (  2,  -2,   0)  0.0001   (17.043, -9.840,  0.000) 19.679 
J_iso:  0.0001 
----------------------------------------------------------------------------------------
   Cr1   Cr2   ( -2,  -3,   0)  0.0001   (-0.000, -19.679,  0.000) 19.679 
J_iso:  0.0001 
----------------------------------------------------------------------------------------
   Cr2   Cr1   (  2,   3,   0)  0.0001   ( 0.000, 19.679,  0.000) 19.679 
J_iso:  0.0001 
----------------------------------------------------------------------------------------
   Cr2   Cr1   ( -3,  -2,   0)  0.0001   (-17.043, -9.840,  0.000) 19.679 
J_iso:  0.0001 
----------------------------------------------------------------------------------------
   Cr1   Cr2   (  3,   2,   0)  0.0001   (17.043,  9.840,  0.000) 19.679 
J_iso:  0.0001 
----------------------------------------------------------------------------------------
   Cr1   Cr1   (  0,  -3,   0) -0.0001   (10.226, -17.711,  0.000) 20.451 
J_iso: -0.0001 
----------------------------------------------------------------------------------------
   Cr2   Cr2   (  0,  -3,   0) -0.0001   (10.226, -17.711,  0.000) 20.451 
J_iso: -0.0001 
----------------------------------------------------------------------------------------
   Cr1   Cr1   (  0,   3,   0) -0.0001   (-10.226, 17.711,  0.000) 20.451 
J_iso: -0.0001 
----------------------------------------------------------------------------------------
   Cr2   Cr2   (  0,   3,   0) -0.0001   (-10.226, 17.711,  0.000) 20.451 
J_iso: -0.0001 
----------------------------------------------------------------------------------------
   Cr1   Cr1   ( -3,   0,   0) -0.0001   (-20.451,  0.000,  0.000) 20.451 
J_iso: -0.0001 
----------------------------------------------------------------------------------------
   Cr2   Cr2   ( -3,   0,   0) -0.0001   (-20.451,  0.000,  0.000) 20.451 
J_iso: -0.0001 
----------------------------------------------------------------------------------------
   Cr1   Cr1   (  3,   0,   0) -0.0001   (20.451,  0.000,  0.000) 20.451 
J_iso: -0.0001 
----------------------------------------------------------------------------------------
   Cr2   Cr2   (  3,   0,   0) -0.0001   (20.451,  0.000,  0.000) 20.451 
J_iso: -0.0001 
----------------------------------------------------------------------------------------
   Cr1   Cr1   ( -3,  -3,   0) -0.0001   (-10.226, -17.711,  0.000) 20.451 
J_iso: -0.0001 
----------------------------------------------------------------------------------------
   Cr2   Cr2   ( -3,  -3,   0) -0.0001   (-10.226, -17.711,  0.000) 20.451 
J_iso: -0.0001 
----------------------------------------------------------------------------------------
   Cr2   Cr2   (  3,   3,   0) -0.0001   (10.226, 17.711,  0.000) 20.451 
J_iso: -0.0001 
----------------------------------------------------------------------------------------
   Cr1   Cr1   (  3,   3,   0) -0.0001   (10.226, 17.711,  0.000) 20.451 
J_iso: -0.0001 
----------------------------------------------------------------------------------------
   Cr2   Cr1   (  1,  -3,   0) -0.0001   (13.634, -15.744,  0.000) 20.827 
J_iso: -0.0001 
----------------------------------------------------------------------------------------
   Cr1   Cr2   ( -1,   3,   0) -0.0001   (-13.634, 15.744,  0.000) 20.827 
J_iso: -0.0001 
----------------------------------------------------------------------------------------
   Cr1   Cr2   ( -3,   1,   0) -0.0001   (-20.451,  3.936,  0.000) 20.827 
J_iso: -0.0001 
----------------------------------------------------------------------------------------
   Cr2   Cr1   (  3,  -1,   0) -0.0001   (20.451, -3.936,  0.000) 20.827 
J_iso: -0.0001 
----------------------------------------------------------------------------------------
   Cr1   Cr2   ( -1,  -3,   0) -0.0001   ( 6.817, -19.679,  0.000) 20.827 
J_iso: -0.0001 
----------------------------------------------------------------------------------------
   Cr2   Cr1   (  1,   3,   0) -0.0001   (-6.817, 19.679,  0.000) 20.827 
J_iso: -0.0001 
----------------------------------------------------------------------------------------
   Cr1   Cr2   ( -3,  -3,   0) -0.0001   (-6.817, -19.679,  0.000) 20.827 
J_iso: -0.0001 
----------------------------------------------------------------------------------------
   Cr2   Cr1   (  3,   3,   0) -0.0001   ( 6.817, 19.679,  0.000) 20.827 
J_iso: -0.0001 
----------------------------------------------------------------------------------------
   Cr2   Cr1   ( -3,  -3,   0) -0.0001   (-13.634, -15.744,  0.000) 20.827 
J_iso: -0.0001 
----------------------------------------------------------------------------------------
   Cr1   Cr2   (  3,   3,   0) -0.0001   (13.634, 15.744,  0.000) 20.827 
J_iso: -0.0001 
----------------------------------------------------------------------------------------
   Cr2   Cr1   ( -3,  -1,   0) -0.0001   (-20.451, -3.936,  0.000) 20.827 
J_iso: -0.0001 
----------------------------------------------------------------------------------------
   Cr1   Cr2   (  3,   1,   0) -0.0001   (20.451,  3.936,  0.000) 20.827 
J_iso: -0.0001 
----------------------------------------------------------------------------------------
   Cr2   Cr1   ( -1,   2,   0)  0.0000   (-17.043, 13.776,  0.000) 21.914 
J_iso:  0.0000 
----------------------------------------------------------------------------------------
   Cr1   Cr2   (  1,  -2,   0)  0.0000   (17.043, -13.776,  0.000) 21.914 
J_iso:  0.0000 
----------------------------------------------------------------------------------------
   Cr2   Cr1   ( -2,   1,   0)  0.0000   (-20.451,  7.872,  0.000) 21.914 
J_iso:  0.0000 
----------------------------------------------------------------------------------------
   Cr1   Cr2   (  2,  -1,   0)  0.0000   (20.451, -7.872,  0.000) 21.914 
J_iso:  0.0000 
----------------------------------------------------------------------------------------
   Cr1   Cr1   ( -2,   2,   0)  0.0000   (-20.451, 11.808,  0.000) 23.615 
J_iso:  0.0000 
----------------------------------------------------------------------------------------
   Cr2   Cr2   ( -2,   2,   0)  0.0000   (-20.451, 11.808,  0.000) 23.615 
J_iso:  0.0000 
----------------------------------------------------------------------------------------
   Cr1   Cr1   (  2,  -2,   0)  0.0000   (20.451, -11.808,  0.000) 23.615 
J_iso:  0.0000 
----------------------------------------------------------------------------------------
   Cr2   Cr2   (  2,  -2,   0)  0.0000   (20.451, -11.808,  0.000) 23.615 
J_iso:  0.0000 
----------------------------------------------------------------------------------------
   Cr2   Cr1   (  0,   3,   0)  0.0000   (-13.634, 19.679,  0.000) 23.941 
J_iso:  0.0000 
----------------------------------------------------------------------------------------
   Cr1   Cr2   (  0,  -3,   0)  0.0000   (13.634, -19.679,  0.000) 23.941 
J_iso:  0.0000 
----------------------------------------------------------------------------------------
   Cr2   Cr1   ( -3,   0,   0)  0.0000   (-23.860,  1.968,  0.000) 23.941 
J_iso:  0.0000 
----------------------------------------------------------------------------------------
   Cr1   Cr2   (  3,   0,   0)  0.0000   (23.860, -1.968,  0.000) 23.941 
J_iso:  0.0000 
----------------------------------------------------------------------------------------
   Cr1   Cr1   ( -1,   3,   0)  0.0000   (-17.043, 17.711,  0.000) 24.580 
J_iso:  0.0000 
----------------------------------------------------------------------------------------
   Cr2   Cr2   ( -1,   3,   0)  0.0000   (-17.043, 17.711,  0.000) 24.580 
J_iso:  0.0000 
----------------------------------------------------------------------------------------
   Cr1   Cr1   (  1,  -3,   0)  0.0000   (17.043, -17.711,  0.000) 24.580 
J_iso:  0.0000 
----------------------------------------------------------------------------------------
   Cr2   Cr2   (  1,  -3,   0)  0.0000   (17.043, -17.711,  0.000) 24.580 
J_iso:  0.0000 
----------------------------------------------------------------------------------------
   Cr1   Cr1   ( -3,   1,   0)  0.0000   (-23.860,  5.904,  0.000) 24.580 
J_iso:  0.0000 
----------------------------------------------------------------------------------------
   Cr2   Cr2   ( -3,   1,   0)  0.0000   (-23.860,  5.904,  0.000) 24.580 
J_iso:  0.0000 
----------------------------------------------------------------------------------------
   Cr1   Cr1   (  3,  -1,   0)  0.0000   (23.860, -5.904,  0.000) 24.580 
J_iso:  0.0000 
----------------------------------------------------------------------------------------
   Cr2   Cr2   (  3,  -1,   0)  0.0000   (23.860, -5.904,  0.000) 24.580 
J_iso:  0.0000 
----------------------------------------------------------------------------------------
   Cr1   Cr2   ( -2,   3,   0)  0.0000   (-20.451, 15.744,  0.000) 25.809 
J_iso:  0.0000 
----------------------------------------------------------------------------------------
   Cr2   Cr1   (  2,  -3,   0)  0.0000   (20.451, -15.744,  0.000) 25.809 
J_iso:  0.0000 
----------------------------------------------------------------------------------------
   Cr1   Cr2   ( -3,   2,   0)  0.0000   (-23.860,  9.840,  0.000) 25.809 
J_iso:  0.0000 
----------------------------------------------------------------------------------------
   Cr2   Cr1   (  3,  -2,   0)  0.0000   (23.860, -9.840,  0.000) 25.809 
J_iso:  0.0000 
----------------------------------------------------------------------------------------
   Cr2   Cr1   ( -2,   2,   0) -0.0000   (-23.860, 13.776,  0.000) 27.551 
J_iso: -0.0000 
----------------------------------------------------------------------------------------
   Cr1   Cr2   (  2,  -2,   0) -0.0000   (23.860, -13.776,  0.000) 27.551 
J_iso: -0.0000 
----------------------------------------------------------------------------------------
   Cr2   Cr1   ( -1,   3,   0)  0.0000   (-20.451, 19.679,  0.000) 28.382 
J_iso:  0.0000 
----------------------------------------------------------------------------------------
   Cr1   Cr2   (  1,  -3,   0)  0.0000   (20.451, -19.679,  0.000) 28.382 
J_iso:  0.0000 
----------------------------------------------------------------------------------------
   Cr2   Cr1   ( -3,   1,   0)  0.0000   (-27.269,  7.872,  0.000) 28.382 
J_iso:  0.0000 
----------------------------------------------------------------------------------------
   Cr1   Cr2   (  3,  -1,   0)  0.0000   (27.269, -7.872,  0.000) 28.382 
J_iso:  0.0000 
----------------------------------------------------------------------------------------
   Cr1   Cr1   ( -2,   3,   0)  0.0000   (-23.860, 17.711,  0.000) 29.715 
J_iso:  0.0000 
----------------------------------------------------------------------------------------
   Cr2   Cr2   ( -2,   3,   0)  0.0000   (-23.860, 17.711,  0.000) 29.715 
J_iso:  0.0000 
----------------------------------------------------------------------------------------
   Cr1   Cr1   (  2,  -3,   0)  0.0000   (23.860, -17.711,  0.000) 29.715 
J_iso:  0.0000 
----------------------------------------------------------------------------------------
   Cr2   Cr2   (  2,  -3,   0)  0.0000   (23.860, -17.711,  0.000) 29.715 
J_iso:  0.0000 
----------------------------------------------------------------------------------------
   Cr1   Cr1   ( -3,   2,   0)  0.0000   (-27.269, 11.808,  0.000) 29.715 
J_iso:  0.0000 
----------------------------------------------------------------------------------------
   Cr2   Cr2   ( -3,   2,   0)  0.0000   (-27.269, 11.808,  0.000) 29.715 
J_iso:  0.0000 
----------------------------------------------------------------------------------------
   Cr1   Cr1   (  3,  -2,   0)  0.0000   (27.269, -11.808,  0.000) 29.715 
J_iso:  0.0000 
----------------------------------------------------------------------------------------
   Cr2   Cr2   (  3,  -2,   0)  0.0000   (27.269, -11.808,  0.000) 29.715 
J_iso:  0.0000 
----------------------------------------------------------------------------------------
   Cr1   Cr2   ( -3,   3,   0)  0.0000   (-27.269, 15.744,  0.000) 31.487 
J_iso:  0.0000 
----------------------------------------------------------------------------------------
   Cr2   Cr1   (  3,  -3,   0)  0.0000   (27.269, -15.744,  0.000) 31.487 
J_iso:  0.0000 
----------------------------------------------------------------------------------------
   Cr2   Cr1   ( -2,   3,   0)  0.0000   (-27.269, 19.679,  0.000) 33.628 
J_iso:  0.0000 
----------------------------------------------------------------------------------------
   Cr1   Cr2   (  2,  -3,   0)  0.0000   (27.269, -19.679,  0.000) 33.628 
J_iso:  0.0000 
----------------------------------------------------------------------------------------
   Cr2   Cr1   ( -3,   2,   0)  0.0000   (-30.677, 13.776,  0.000) 33.628 
J_iso:  0.0000 
----------------------------------------------------------------------------------------
   Cr1   Cr2   (  3,  -2,   0)  0.0000   (30.677, -13.776,  0.000) 33.628 
J_iso:  0.0000 
----------------------------------------------------------------------------------------
   Cr1   Cr1   ( -3,   3,   0)  0.0000   (-30.677, 17.711,  0.000) 35.423 
J_iso:  0.0000 
----------------------------------------------------------------------------------------
   Cr2   Cr2   ( -3,   3,   0)  0.0000   (-30.677, 17.711,  0.000) 35.423 
J_iso:  0.0000 
----------------------------------------------------------------------------------------
   Cr1   Cr1   (  3,  -3,   0)  0.0000   (30.677, -17.711,  0.000) 35.423 
J_iso:  0.0000 
----------------------------------------------------------------------------------------
   Cr2   Cr2   (  3,  -3,   0)  0.0000   (30.677, -17.711,  0.000) 35.423 
J_iso:  0.0000 
----------------------------------------------------------------------------------------
   Cr2   Cr1   ( -3,   3,   0)  0.0000   (-34.086, 19.679,  0.000) 39.359 
J_iso:  0.0000 
----------------------------------------------------------------------------------------
   Cr1   Cr2   (  3,  -3,   0)  0.0000   (34.086, -19.679,  0.000) 39.359 
J_iso:  0.0000 
